[2025-01-31T11:28:52.420+0000] {taskinstance.py:1159} INFO - Dependencies all met for dep_context=non-requeueable deps ti=<TaskInstance: stock_price_pipeline_intraday.start_producer_intraday manual__2025-01-31T11:28:47.008523+00:00 [queued]>
[2025-01-31T11:28:52.428+0000] {taskinstance.py:1159} INFO - Dependencies all met for dep_context=requeueable deps ti=<TaskInstance: stock_price_pipeline_intraday.start_producer_intraday manual__2025-01-31T11:28:47.008523+00:00 [queued]>
[2025-01-31T11:28:52.429+0000] {taskinstance.py:1361} INFO - Starting attempt 1 of 2
[2025-01-31T11:28:52.455+0000] {taskinstance.py:1382} INFO - Executing <Task(BashOperator): start_producer_intraday> on 2025-01-31 11:28:47.008523+00:00
[2025-01-31T11:28:52.461+0000] {standard_task_runner.py:57} INFO - Started process 57 to run task
[2025-01-31T11:28:52.472+0000] {standard_task_runner.py:84} INFO - Running: ['airflow', 'tasks', 'run', 'stock_price_pipeline_intraday', 'start_producer_intraday', 'manual__2025-01-31T11:28:47.008523+00:00', '--job-id', '2', '--raw', '--subdir', 'DAGS_FOLDER/stock_pipeline_dag.py', '--cfg-path', '/tmp/tmpa33fq1oa']
[2025-01-31T11:28:52.476+0000] {standard_task_runner.py:85} INFO - Job 2: Subtask start_producer_intraday
[2025-01-31T11:28:52.567+0000] {task_command.py:415} INFO - Running <TaskInstance: stock_price_pipeline_intraday.start_producer_intraday manual__2025-01-31T11:28:47.008523+00:00 [running]> on host 7ab75990c697
[2025-01-31T11:28:53.350+0000] {taskinstance.py:1660} INFO - Exporting env vars: AIRFLOW_CTX_DAG_OWNER='airflow' AIRFLOW_CTX_DAG_ID='stock_price_pipeline_intraday' AIRFLOW_CTX_TASK_ID='start_producer_intraday' AIRFLOW_CTX_EXECUTION_DATE='2025-01-31T11:28:47.008523+00:00' AIRFLOW_CTX_TRY_NUMBER='1' AIRFLOW_CTX_DAG_RUN_ID='manual__2025-01-31T11:28:47.008523+00:00'
[2025-01-31T11:28:53.351+0000] {subprocess.py:63} INFO - Tmp dir root location: /tmp
[2025-01-31T11:28:53.352+0000] {subprocess.py:75} INFO - Running command: ['/bin/bash', '-c', 'docker exec producer-5min python kafka_producer_5min.py']
[2025-01-31T11:28:53.365+0000] {subprocess.py:86} INFO - Output:
[2025-01-31T11:28:54.531+0000] {subprocess.py:93} INFO - INFO:kafka.conn:<BrokerConnection node_id=bootstrap-0 host=kafka:9092 <connecting> [IPv4 ('172.18.0.4', 9092)]>: connecting to kafka:9092 [('172.18.0.4', 9092) IPv4]
[2025-01-31T11:28:54.532+0000] {subprocess.py:93} INFO - INFO:kafka.conn:Probing node bootstrap-0 broker version
[2025-01-31T11:28:54.532+0000] {subprocess.py:93} INFO - INFO:kafka.conn:<BrokerConnection node_id=bootstrap-0 host=kafka:9092 <connecting> [IPv4 ('172.18.0.4', 9092)]>: Connection complete.
[2025-01-31T11:28:54.637+0000] {subprocess.py:93} INFO - INFO:kafka.conn:Broker version identified as 2.5.0
[2025-01-31T11:28:54.638+0000] {subprocess.py:93} INFO - INFO:kafka.conn:Set configuration api_version=(2, 5, 0) to skip auto check_version requests on startup
[2025-01-31T11:28:54.641+0000] {subprocess.py:93} INFO - INFO:__main__:Fetching data for symbol: AAPL
[2025-01-31T11:28:55.414+0000] {subprocess.py:93} INFO - INFO:kafka.conn:<BrokerConnection node_id=1001 host=kafka:9092 <connecting> [IPv4 ('172.18.0.4', 9092)]>: connecting to kafka:9092 [('172.18.0.4', 9092) IPv4]
[2025-01-31T11:28:55.415+0000] {subprocess.py:93} INFO - INFO:kafka.conn:<BrokerConnection node_id=1001 host=kafka:9092 <connecting> [IPv4 ('172.18.0.4', 9092)]>: Connection complete.
[2025-01-31T11:28:55.415+0000] {subprocess.py:93} INFO - INFO:kafka.conn:<BrokerConnection node_id=bootstrap-0 host=kafka:9092 <connected> [IPv4 ('172.18.0.4', 9092)]>: Closing connection.
[2025-01-31T11:28:55.818+0000] {subprocess.py:93} INFO - INFO:__main__:Sent data for symbol: AAPL, timestamp: 2025-01-30 19:55:00
[2025-01-31T11:28:55.820+0000] {subprocess.py:93} INFO - INFO:__main__:Sent data for symbol: AAPL, timestamp: 2025-01-30 19:50:00
[2025-01-31T11:28:55.820+0000] {subprocess.py:93} INFO - INFO:__main__:Sent data for symbol: AAPL, timestamp: 2025-01-30 19:45:00
[2025-01-31T11:28:55.821+0000] {subprocess.py:93} INFO - INFO:__main__:Sent data for symbol: AAPL, timestamp: 2025-01-30 19:40:00
[2025-01-31T11:28:55.824+0000] {subprocess.py:93} INFO - INFO:__main__:Sent data for symbol: AAPL, timestamp: 2025-01-30 19:35:00
[2025-01-31T11:28:55.825+0000] {subprocess.py:93} INFO - INFO:__main__:Sent data for symbol: AAPL, timestamp: 2025-01-30 19:30:00
[2025-01-31T11:28:55.828+0000] {subprocess.py:93} INFO - INFO:__main__:Sent data for symbol: AAPL, timestamp: 2025-01-30 19:25:00
[2025-01-31T11:28:55.830+0000] {subprocess.py:93} INFO - INFO:__main__:Sent data for symbol: AAPL, timestamp: 2025-01-30 19:20:00
[2025-01-31T11:28:55.830+0000] {subprocess.py:93} INFO - INFO:__main__:Sent data for symbol: AAPL, timestamp: 2025-01-30 19:15:00
[2025-01-31T11:28:55.831+0000] {subprocess.py:93} INFO - INFO:__main__:Sent data for symbol: AAPL, timestamp: 2025-01-30 19:10:00
[2025-01-31T11:28:55.832+0000] {subprocess.py:93} INFO - INFO:__main__:Sent data for symbol: AAPL, timestamp: 2025-01-30 19:05:00
[2025-01-31T11:28:55.834+0000] {subprocess.py:93} INFO - INFO:__main__:Sent data for symbol: AAPL, timestamp: 2025-01-30 19:00:00
[2025-01-31T11:28:55.835+0000] {subprocess.py:93} INFO - INFO:__main__:Sent data for symbol: AAPL, timestamp: 2025-01-30 18:55:00
[2025-01-31T11:28:55.837+0000] {subprocess.py:93} INFO - INFO:__main__:Sent data for symbol: AAPL, timestamp: 2025-01-30 18:50:00
[2025-01-31T11:28:55.839+0000] {subprocess.py:93} INFO - INFO:__main__:Sent data for symbol: AAPL, timestamp: 2025-01-30 18:45:00
[2025-01-31T11:28:55.839+0000] {subprocess.py:93} INFO - INFO:__main__:Sent data for symbol: AAPL, timestamp: 2025-01-30 18:40:00
[2025-01-31T11:28:55.840+0000] {subprocess.py:93} INFO - INFO:__main__:Sent data for symbol: AAPL, timestamp: 2025-01-30 18:35:00
[2025-01-31T11:28:55.841+0000] {subprocess.py:93} INFO - INFO:__main__:Sent data for symbol: AAPL, timestamp: 2025-01-30 18:30:00
[2025-01-31T11:28:55.841+0000] {subprocess.py:93} INFO - INFO:__main__:Sent data for symbol: AAPL, timestamp: 2025-01-30 18:25:00
[2025-01-31T11:28:55.842+0000] {subprocess.py:93} INFO - INFO:__main__:Sent data for symbol: AAPL, timestamp: 2025-01-30 18:20:00
[2025-01-31T11:28:55.842+0000] {subprocess.py:93} INFO - INFO:__main__:Sent data for symbol: AAPL, timestamp: 2025-01-30 18:15:00
[2025-01-31T11:28:55.843+0000] {subprocess.py:93} INFO - INFO:__main__:Sent data for symbol: AAPL, timestamp: 2025-01-30 18:10:00
[2025-01-31T11:28:55.844+0000] {subprocess.py:93} INFO - INFO:__main__:Sent data for symbol: AAPL, timestamp: 2025-01-30 18:05:00
[2025-01-31T11:28:55.845+0000] {subprocess.py:93} INFO - INFO:__main__:Sent data for symbol: AAPL, timestamp: 2025-01-30 18:00:00
[2025-01-31T11:28:55.846+0000] {subprocess.py:93} INFO - INFO:__main__:Sent data for symbol: AAPL, timestamp: 2025-01-30 17:55:00
[2025-01-31T11:28:55.846+0000] {subprocess.py:93} INFO - INFO:__main__:Sent data for symbol: AAPL, timestamp: 2025-01-30 17:50:00
[2025-01-31T11:28:55.847+0000] {subprocess.py:93} INFO - INFO:__main__:Sent data for symbol: AAPL, timestamp: 2025-01-30 17:45:00
[2025-01-31T11:28:55.848+0000] {subprocess.py:93} INFO - INFO:__main__:Sent data for symbol: AAPL, timestamp: 2025-01-30 17:40:00
[2025-01-31T11:28:55.849+0000] {subprocess.py:93} INFO - INFO:__main__:Sent data for symbol: AAPL, timestamp: 2025-01-30 17:35:00
[2025-01-31T11:28:55.849+0000] {subprocess.py:93} INFO - INFO:__main__:Sent data for symbol: AAPL, timestamp: 2025-01-30 17:30:00
[2025-01-31T11:28:55.850+0000] {subprocess.py:93} INFO - INFO:__main__:Sent data for symbol: AAPL, timestamp: 2025-01-30 17:25:00
[2025-01-31T11:28:55.851+0000] {subprocess.py:93} INFO - INFO:__main__:Sent data for symbol: AAPL, timestamp: 2025-01-30 17:20:00
[2025-01-31T11:28:55.852+0000] {subprocess.py:93} INFO - INFO:__main__:Sent data for symbol: AAPL, timestamp: 2025-01-30 17:15:00
[2025-01-31T11:28:55.853+0000] {subprocess.py:93} INFO - INFO:__main__:Sent data for symbol: AAPL, timestamp: 2025-01-30 17:10:00
[2025-01-31T11:28:55.854+0000] {subprocess.py:93} INFO - INFO:__main__:Sent data for symbol: AAPL, timestamp: 2025-01-30 17:05:00
[2025-01-31T11:28:55.855+0000] {subprocess.py:93} INFO - INFO:__main__:Sent data for symbol: AAPL, timestamp: 2025-01-30 17:00:00
[2025-01-31T11:28:55.856+0000] {subprocess.py:93} INFO - INFO:__main__:Sent data for symbol: AAPL, timestamp: 2025-01-30 16:55:00
[2025-01-31T11:28:55.856+0000] {subprocess.py:93} INFO - INFO:__main__:Sent data for symbol: AAPL, timestamp: 2025-01-30 16:50:00
[2025-01-31T11:28:55.857+0000] {subprocess.py:93} INFO - INFO:__main__:Sent data for symbol: AAPL, timestamp: 2025-01-30 16:45:00
[2025-01-31T11:28:55.858+0000] {subprocess.py:93} INFO - INFO:__main__:Sent data for symbol: AAPL, timestamp: 2025-01-30 16:40:00
[2025-01-31T11:28:55.859+0000] {subprocess.py:93} INFO - INFO:__main__:Sent data for symbol: AAPL, timestamp: 2025-01-30 16:35:00
[2025-01-31T11:28:55.860+0000] {subprocess.py:93} INFO - INFO:__main__:Sent data for symbol: AAPL, timestamp: 2025-01-30 16:30:00
[2025-01-31T11:28:55.860+0000] {subprocess.py:93} INFO - INFO:__main__:Sent data for symbol: AAPL, timestamp: 2025-01-30 16:25:00
[2025-01-31T11:28:55.861+0000] {subprocess.py:93} INFO - INFO:__main__:Sent data for symbol: AAPL, timestamp: 2025-01-30 16:20:00
[2025-01-31T11:28:55.862+0000] {subprocess.py:93} INFO - INFO:__main__:Sent data for symbol: AAPL, timestamp: 2025-01-30 16:15:00
[2025-01-31T11:28:55.863+0000] {subprocess.py:93} INFO - INFO:__main__:Sent data for symbol: AAPL, timestamp: 2025-01-30 16:10:00
[2025-01-31T11:28:55.863+0000] {subprocess.py:93} INFO - INFO:__main__:Sent data for symbol: AAPL, timestamp: 2025-01-30 16:05:00
[2025-01-31T11:28:55.864+0000] {subprocess.py:93} INFO - INFO:__main__:Sent data for symbol: AAPL, timestamp: 2025-01-30 16:00:00
[2025-01-31T11:28:55.866+0000] {subprocess.py:93} INFO - INFO:__main__:Sent data for symbol: AAPL, timestamp: 2025-01-30 15:55:00
[2025-01-31T11:28:55.867+0000] {subprocess.py:93} INFO - INFO:__main__:Sent data for symbol: AAPL, timestamp: 2025-01-30 15:50:00
[2025-01-31T11:28:55.868+0000] {subprocess.py:93} INFO - INFO:__main__:Sent data for symbol: AAPL, timestamp: 2025-01-30 15:45:00
[2025-01-31T11:28:55.868+0000] {subprocess.py:93} INFO - INFO:__main__:Sent data for symbol: AAPL, timestamp: 2025-01-30 15:40:00
[2025-01-31T11:28:55.870+0000] {subprocess.py:93} INFO - INFO:__main__:Sent data for symbol: AAPL, timestamp: 2025-01-30 15:35:00
[2025-01-31T11:28:55.871+0000] {subprocess.py:93} INFO - INFO:__main__:Sent data for symbol: AAPL, timestamp: 2025-01-30 15:30:00
[2025-01-31T11:28:55.872+0000] {subprocess.py:93} INFO - INFO:__main__:Sent data for symbol: AAPL, timestamp: 2025-01-30 15:25:00
[2025-01-31T11:28:55.872+0000] {subprocess.py:93} INFO - INFO:__main__:Sent data for symbol: AAPL, timestamp: 2025-01-30 15:20:00
[2025-01-31T11:28:55.873+0000] {subprocess.py:93} INFO - INFO:__main__:Sent data for symbol: AAPL, timestamp: 2025-01-30 15:15:00
[2025-01-31T11:28:55.874+0000] {subprocess.py:93} INFO - INFO:__main__:Sent data for symbol: AAPL, timestamp: 2025-01-30 15:10:00
[2025-01-31T11:28:55.875+0000] {subprocess.py:93} INFO - INFO:__main__:Sent data for symbol: AAPL, timestamp: 2025-01-30 15:05:00
[2025-01-31T11:28:55.876+0000] {subprocess.py:93} INFO - INFO:__main__:Sent data for symbol: AAPL, timestamp: 2025-01-30 15:00:00
[2025-01-31T11:28:55.876+0000] {subprocess.py:93} INFO - INFO:__main__:Sent data for symbol: AAPL, timestamp: 2025-01-30 14:55:00
[2025-01-31T11:28:55.877+0000] {subprocess.py:93} INFO - INFO:__main__:Sent data for symbol: AAPL, timestamp: 2025-01-30 14:50:00
[2025-01-31T11:28:55.877+0000] {subprocess.py:93} INFO - INFO:__main__:Sent data for symbol: AAPL, timestamp: 2025-01-30 14:45:00
[2025-01-31T11:28:55.878+0000] {subprocess.py:93} INFO - INFO:__main__:Sent data for symbol: AAPL, timestamp: 2025-01-30 14:40:00
[2025-01-31T11:28:55.878+0000] {subprocess.py:93} INFO - INFO:__main__:Sent data for symbol: AAPL, timestamp: 2025-01-30 14:35:00
[2025-01-31T11:28:55.879+0000] {subprocess.py:93} INFO - INFO:__main__:Sent data for symbol: AAPL, timestamp: 2025-01-30 14:30:00
[2025-01-31T11:28:55.880+0000] {subprocess.py:93} INFO - INFO:__main__:Sent data for symbol: AAPL, timestamp: 2025-01-30 14:25:00
[2025-01-31T11:28:55.881+0000] {subprocess.py:93} INFO - INFO:__main__:Sent data for symbol: AAPL, timestamp: 2025-01-30 14:20:00
[2025-01-31T11:28:55.882+0000] {subprocess.py:93} INFO - INFO:__main__:Sent data for symbol: AAPL, timestamp: 2025-01-30 14:15:00
[2025-01-31T11:28:55.883+0000] {subprocess.py:93} INFO - INFO:__main__:Sent data for symbol: AAPL, timestamp: 2025-01-30 14:10:00
[2025-01-31T11:28:55.884+0000] {subprocess.py:93} INFO - INFO:__main__:Sent data for symbol: AAPL, timestamp: 2025-01-30 14:05:00
[2025-01-31T11:28:55.885+0000] {subprocess.py:93} INFO - INFO:__main__:Sent data for symbol: AAPL, timestamp: 2025-01-30 14:00:00
[2025-01-31T11:28:55.886+0000] {subprocess.py:93} INFO - INFO:__main__:Sent data for symbol: AAPL, timestamp: 2025-01-30 13:55:00
[2025-01-31T11:28:55.887+0000] {subprocess.py:93} INFO - INFO:__main__:Sent data for symbol: AAPL, timestamp: 2025-01-30 13:50:00
[2025-01-31T11:28:55.887+0000] {subprocess.py:93} INFO - INFO:__main__:Sent data for symbol: AAPL, timestamp: 2025-01-30 13:45:00
[2025-01-31T11:28:55.888+0000] {subprocess.py:93} INFO - INFO:__main__:Sent data for symbol: AAPL, timestamp: 2025-01-30 13:40:00
[2025-01-31T11:28:55.889+0000] {subprocess.py:93} INFO - INFO:__main__:Sent data for symbol: AAPL, timestamp: 2025-01-30 13:35:00
[2025-01-31T11:28:55.889+0000] {subprocess.py:93} INFO - INFO:__main__:Sent data for symbol: AAPL, timestamp: 2025-01-30 13:30:00
[2025-01-31T11:28:55.890+0000] {subprocess.py:93} INFO - INFO:__main__:Sent data for symbol: AAPL, timestamp: 2025-01-30 13:25:00
[2025-01-31T11:28:55.891+0000] {subprocess.py:93} INFO - INFO:__main__:Sent data for symbol: AAPL, timestamp: 2025-01-30 13:20:00
[2025-01-31T11:28:55.891+0000] {subprocess.py:93} INFO - INFO:__main__:Sent data for symbol: AAPL, timestamp: 2025-01-30 13:15:00
[2025-01-31T11:28:55.892+0000] {subprocess.py:93} INFO - INFO:__main__:Sent data for symbol: AAPL, timestamp: 2025-01-30 13:10:00
[2025-01-31T11:28:55.892+0000] {subprocess.py:93} INFO - INFO:__main__:Sent data for symbol: AAPL, timestamp: 2025-01-30 13:05:00
[2025-01-31T11:28:55.892+0000] {subprocess.py:93} INFO - INFO:__main__:Sent data for symbol: AAPL, timestamp: 2025-01-30 13:00:00
[2025-01-31T11:28:55.893+0000] {subprocess.py:93} INFO - INFO:__main__:Sent data for symbol: AAPL, timestamp: 2025-01-30 12:55:00
[2025-01-31T11:28:55.893+0000] {subprocess.py:93} INFO - INFO:__main__:Sent data for symbol: AAPL, timestamp: 2025-01-30 12:50:00
[2025-01-31T11:28:55.894+0000] {subprocess.py:93} INFO - INFO:__main__:Sent data for symbol: AAPL, timestamp: 2025-01-30 12:45:00
[2025-01-31T11:28:55.894+0000] {subprocess.py:93} INFO - INFO:__main__:Sent data for symbol: AAPL, timestamp: 2025-01-30 12:40:00
[2025-01-31T11:28:55.895+0000] {subprocess.py:93} INFO - INFO:__main__:Sent data for symbol: AAPL, timestamp: 2025-01-30 12:35:00
[2025-01-31T11:28:55.895+0000] {subprocess.py:93} INFO - INFO:__main__:Sent data for symbol: AAPL, timestamp: 2025-01-30 12:30:00
[2025-01-31T11:28:55.895+0000] {subprocess.py:93} INFO - INFO:__main__:Sent data for symbol: AAPL, timestamp: 2025-01-30 12:25:00
[2025-01-31T11:28:55.896+0000] {subprocess.py:93} INFO - INFO:__main__:Sent data for symbol: AAPL, timestamp: 2025-01-30 12:20:00
[2025-01-31T11:28:55.896+0000] {subprocess.py:93} INFO - INFO:__main__:Sent data for symbol: AAPL, timestamp: 2025-01-30 12:15:00
[2025-01-31T11:28:55.897+0000] {subprocess.py:93} INFO - INFO:__main__:Sent data for symbol: AAPL, timestamp: 2025-01-30 12:10:00
[2025-01-31T11:28:55.898+0000] {subprocess.py:93} INFO - INFO:__main__:Sent data for symbol: AAPL, timestamp: 2025-01-30 12:05:00
[2025-01-31T11:28:55.898+0000] {subprocess.py:93} INFO - INFO:__main__:Sent data for symbol: AAPL, timestamp: 2025-01-30 12:00:00
[2025-01-31T11:28:55.899+0000] {subprocess.py:93} INFO - INFO:__main__:Sent data for symbol: AAPL, timestamp: 2025-01-30 11:55:00
[2025-01-31T11:28:55.900+0000] {subprocess.py:93} INFO - INFO:__main__:Sent data for symbol: AAPL, timestamp: 2025-01-30 11:50:00
[2025-01-31T11:28:55.901+0000] {subprocess.py:93} INFO - INFO:__main__:Sent data for symbol: AAPL, timestamp: 2025-01-30 11:45:00
[2025-01-31T11:28:55.902+0000] {subprocess.py:93} INFO - INFO:__main__:Sent data for symbol: AAPL, timestamp: 2025-01-30 11:40:00
[2025-01-31T11:28:55.903+0000] {subprocess.py:93} INFO - INFO:__main__:Fetching data for symbol: GOOGL
[2025-01-31T11:28:56.538+0000] {subprocess.py:93} INFO - INFO:__main__:Sent data for symbol: GOOGL, timestamp: 2025-01-30 19:55:00
[2025-01-31T11:28:56.539+0000] {subprocess.py:93} INFO - INFO:__main__:Sent data for symbol: GOOGL, timestamp: 2025-01-30 19:50:00
[2025-01-31T11:28:56.539+0000] {subprocess.py:93} INFO - INFO:__main__:Sent data for symbol: GOOGL, timestamp: 2025-01-30 19:45:00
[2025-01-31T11:28:56.541+0000] {subprocess.py:93} INFO - INFO:__main__:Sent data for symbol: GOOGL, timestamp: 2025-01-30 19:40:00
[2025-01-31T11:28:56.543+0000] {subprocess.py:93} INFO - INFO:__main__:Sent data for symbol: GOOGL, timestamp: 2025-01-30 19:35:00
[2025-01-31T11:28:56.544+0000] {subprocess.py:93} INFO - INFO:__main__:Sent data for symbol: GOOGL, timestamp: 2025-01-30 19:30:00
[2025-01-31T11:28:56.545+0000] {subprocess.py:93} INFO - INFO:__main__:Sent data for symbol: GOOGL, timestamp: 2025-01-30 19:25:00
[2025-01-31T11:28:56.545+0000] {subprocess.py:93} INFO - INFO:__main__:Sent data for symbol: GOOGL, timestamp: 2025-01-30 19:20:00
[2025-01-31T11:28:56.546+0000] {subprocess.py:93} INFO - INFO:__main__:Sent data for symbol: GOOGL, timestamp: 2025-01-30 19:15:00
[2025-01-31T11:28:56.546+0000] {subprocess.py:93} INFO - INFO:__main__:Sent data for symbol: GOOGL, timestamp: 2025-01-30 19:10:00
[2025-01-31T11:28:56.546+0000] {subprocess.py:93} INFO - INFO:__main__:Sent data for symbol: GOOGL, timestamp: 2025-01-30 19:05:00
[2025-01-31T11:28:56.547+0000] {subprocess.py:93} INFO - INFO:__main__:Sent data for symbol: GOOGL, timestamp: 2025-01-30 19:00:00
[2025-01-31T11:28:56.547+0000] {subprocess.py:93} INFO - INFO:__main__:Sent data for symbol: GOOGL, timestamp: 2025-01-30 18:55:00
[2025-01-31T11:28:56.549+0000] {subprocess.py:93} INFO - INFO:__main__:Sent data for symbol: GOOGL, timestamp: 2025-01-30 18:50:00
[2025-01-31T11:28:56.549+0000] {subprocess.py:93} INFO - INFO:__main__:Sent data for symbol: GOOGL, timestamp: 2025-01-30 18:45:00
[2025-01-31T11:28:56.550+0000] {subprocess.py:93} INFO - INFO:__main__:Sent data for symbol: GOOGL, timestamp: 2025-01-30 18:40:00
[2025-01-31T11:28:56.550+0000] {subprocess.py:93} INFO - INFO:__main__:Sent data for symbol: GOOGL, timestamp: 2025-01-30 18:35:00
[2025-01-31T11:28:56.553+0000] {subprocess.py:93} INFO - INFO:__main__:Sent data for symbol: GOOGL, timestamp: 2025-01-30 18:30:00
[2025-01-31T11:28:56.553+0000] {subprocess.py:93} INFO - INFO:__main__:Sent data for symbol: GOOGL, timestamp: 2025-01-30 18:25:00
[2025-01-31T11:28:56.554+0000] {subprocess.py:93} INFO - INFO:__main__:Sent data for symbol: GOOGL, timestamp: 2025-01-30 18:20:00
[2025-01-31T11:28:56.554+0000] {subprocess.py:93} INFO - INFO:__main__:Sent data for symbol: GOOGL, timestamp: 2025-01-30 18:15:00
[2025-01-31T11:28:56.555+0000] {subprocess.py:93} INFO - INFO:__main__:Sent data for symbol: GOOGL, timestamp: 2025-01-30 18:10:00
[2025-01-31T11:28:56.557+0000] {subprocess.py:93} INFO - INFO:__main__:Sent data for symbol: GOOGL, timestamp: 2025-01-30 18:05:00
[2025-01-31T11:28:56.558+0000] {subprocess.py:93} INFO - INFO:__main__:Sent data for symbol: GOOGL, timestamp: 2025-01-30 18:00:00
[2025-01-31T11:28:56.558+0000] {subprocess.py:93} INFO - INFO:__main__:Sent data for symbol: GOOGL, timestamp: 2025-01-30 17:55:00
[2025-01-31T11:28:56.562+0000] {subprocess.py:93} INFO - INFO:__main__:Sent data for symbol: GOOGL, timestamp: 2025-01-30 17:50:00
[2025-01-31T11:28:56.563+0000] {subprocess.py:93} INFO - INFO:__main__:Sent data for symbol: GOOGL, timestamp: 2025-01-30 17:45:00
[2025-01-31T11:28:56.566+0000] {subprocess.py:93} INFO - INFO:__main__:Sent data for symbol: GOOGL, timestamp: 2025-01-30 17:40:00
[2025-01-31T11:28:56.567+0000] {subprocess.py:93} INFO - INFO:__main__:Sent data for symbol: GOOGL, timestamp: 2025-01-30 17:35:00
[2025-01-31T11:28:56.568+0000] {subprocess.py:93} INFO - INFO:__main__:Sent data for symbol: GOOGL, timestamp: 2025-01-30 17:30:00
[2025-01-31T11:28:56.568+0000] {subprocess.py:93} INFO - INFO:__main__:Sent data for symbol: GOOGL, timestamp: 2025-01-30 17:25:00
[2025-01-31T11:28:56.569+0000] {subprocess.py:93} INFO - INFO:__main__:Sent data for symbol: GOOGL, timestamp: 2025-01-30 17:20:00
[2025-01-31T11:28:56.570+0000] {subprocess.py:93} INFO - INFO:__main__:Sent data for symbol: GOOGL, timestamp: 2025-01-30 17:15:00
[2025-01-31T11:28:56.570+0000] {subprocess.py:93} INFO - INFO:__main__:Sent data for symbol: GOOGL, timestamp: 2025-01-30 17:10:00
[2025-01-31T11:28:56.572+0000] {subprocess.py:93} INFO - INFO:__main__:Sent data for symbol: GOOGL, timestamp: 2025-01-30 17:05:00
[2025-01-31T11:28:56.573+0000] {subprocess.py:93} INFO - INFO:__main__:Sent data for symbol: GOOGL, timestamp: 2025-01-30 17:00:00
[2025-01-31T11:28:56.574+0000] {subprocess.py:93} INFO - INFO:__main__:Sent data for symbol: GOOGL, timestamp: 2025-01-30 16:55:00
[2025-01-31T11:28:56.575+0000] {subprocess.py:93} INFO - INFO:__main__:Sent data for symbol: GOOGL, timestamp: 2025-01-30 16:50:00
[2025-01-31T11:28:56.575+0000] {subprocess.py:93} INFO - INFO:__main__:Sent data for symbol: GOOGL, timestamp: 2025-01-30 16:45:00
[2025-01-31T11:28:56.576+0000] {subprocess.py:93} INFO - INFO:__main__:Sent data for symbol: GOOGL, timestamp: 2025-01-30 16:40:00
[2025-01-31T11:28:56.577+0000] {subprocess.py:93} INFO - INFO:__main__:Sent data for symbol: GOOGL, timestamp: 2025-01-30 16:35:00
[2025-01-31T11:28:56.580+0000] {subprocess.py:93} INFO - INFO:__main__:Sent data for symbol: GOOGL, timestamp: 2025-01-30 16:30:00
[2025-01-31T11:28:56.584+0000] {subprocess.py:93} INFO - INFO:__main__:Sent data for symbol: GOOGL, timestamp: 2025-01-30 16:25:00
[2025-01-31T11:28:56.587+0000] {subprocess.py:93} INFO - INFO:__main__:Sent data for symbol: GOOGL, timestamp: 2025-01-30 16:20:00
[2025-01-31T11:28:56.589+0000] {subprocess.py:93} INFO - INFO:__main__:Sent data for symbol: GOOGL, timestamp: 2025-01-30 16:15:00
[2025-01-31T11:28:56.591+0000] {subprocess.py:93} INFO - INFO:__main__:Sent data for symbol: GOOGL, timestamp: 2025-01-30 16:10:00
[2025-01-31T11:28:56.592+0000] {subprocess.py:93} INFO - INFO:__main__:Sent data for symbol: GOOGL, timestamp: 2025-01-30 16:05:00
[2025-01-31T11:28:56.592+0000] {subprocess.py:93} INFO - INFO:__main__:Sent data for symbol: GOOGL, timestamp: 2025-01-30 16:00:00
[2025-01-31T11:28:56.593+0000] {subprocess.py:93} INFO - INFO:__main__:Sent data for symbol: GOOGL, timestamp: 2025-01-30 15:55:00
[2025-01-31T11:28:56.594+0000] {subprocess.py:93} INFO - INFO:__main__:Sent data for symbol: GOOGL, timestamp: 2025-01-30 15:50:00
[2025-01-31T11:28:56.594+0000] {subprocess.py:93} INFO - INFO:__main__:Sent data for symbol: GOOGL, timestamp: 2025-01-30 15:45:00
[2025-01-31T11:28:56.595+0000] {subprocess.py:93} INFO - INFO:__main__:Sent data for symbol: GOOGL, timestamp: 2025-01-30 15:40:00
[2025-01-31T11:28:56.598+0000] {subprocess.py:93} INFO - INFO:__main__:Sent data for symbol: GOOGL, timestamp: 2025-01-30 15:35:00
[2025-01-31T11:28:56.599+0000] {subprocess.py:93} INFO - INFO:__main__:Sent data for symbol: GOOGL, timestamp: 2025-01-30 15:30:00
[2025-01-31T11:28:56.600+0000] {subprocess.py:93} INFO - INFO:__main__:Sent data for symbol: GOOGL, timestamp: 2025-01-30 15:25:00
[2025-01-31T11:28:56.602+0000] {subprocess.py:93} INFO - INFO:__main__:Sent data for symbol: GOOGL, timestamp: 2025-01-30 15:20:00
[2025-01-31T11:28:56.603+0000] {subprocess.py:93} INFO - INFO:__main__:Sent data for symbol: GOOGL, timestamp: 2025-01-30 15:15:00
[2025-01-31T11:28:56.605+0000] {subprocess.py:93} INFO - INFO:__main__:Sent data for symbol: GOOGL, timestamp: 2025-01-30 15:10:00
[2025-01-31T11:28:56.607+0000] {subprocess.py:93} INFO - INFO:__main__:Sent data for symbol: GOOGL, timestamp: 2025-01-30 15:05:00
[2025-01-31T11:28:56.607+0000] {subprocess.py:93} INFO - INFO:__main__:Sent data for symbol: GOOGL, timestamp: 2025-01-30 15:00:00
[2025-01-31T11:28:56.607+0000] {subprocess.py:93} INFO - INFO:__main__:Sent data for symbol: GOOGL, timestamp: 2025-01-30 14:55:00
[2025-01-31T11:28:56.608+0000] {subprocess.py:93} INFO - INFO:__main__:Sent data for symbol: GOOGL, timestamp: 2025-01-30 14:50:00
[2025-01-31T11:28:56.609+0000] {subprocess.py:93} INFO - INFO:__main__:Sent data for symbol: GOOGL, timestamp: 2025-01-30 14:45:00
[2025-01-31T11:28:56.609+0000] {subprocess.py:93} INFO - INFO:__main__:Sent data for symbol: GOOGL, timestamp: 2025-01-30 14:40:00
[2025-01-31T11:28:56.610+0000] {subprocess.py:93} INFO - INFO:__main__:Sent data for symbol: GOOGL, timestamp: 2025-01-30 14:35:00
[2025-01-31T11:28:56.611+0000] {subprocess.py:93} INFO - INFO:__main__:Sent data for symbol: GOOGL, timestamp: 2025-01-30 14:30:00
[2025-01-31T11:28:56.612+0000] {subprocess.py:93} INFO - INFO:__main__:Sent data for symbol: GOOGL, timestamp: 2025-01-30 14:25:00
[2025-01-31T11:28:56.613+0000] {subprocess.py:93} INFO - INFO:__main__:Sent data for symbol: GOOGL, timestamp: 2025-01-30 14:20:00
[2025-01-31T11:28:56.617+0000] {subprocess.py:93} INFO - INFO:__main__:Sent data for symbol: GOOGL, timestamp: 2025-01-30 14:15:00
[2025-01-31T11:28:56.623+0000] {subprocess.py:93} INFO - INFO:__main__:Sent data for symbol: GOOGL, timestamp: 2025-01-30 14:10:00
[2025-01-31T11:28:56.626+0000] {subprocess.py:93} INFO - INFO:__main__:Sent data for symbol: GOOGL, timestamp: 2025-01-30 14:05:00
[2025-01-31T11:28:56.633+0000] {subprocess.py:93} INFO - INFO:__main__:Sent data for symbol: GOOGL, timestamp: 2025-01-30 14:00:00
[2025-01-31T11:28:56.634+0000] {subprocess.py:93} INFO - INFO:__main__:Sent data for symbol: GOOGL, timestamp: 2025-01-30 13:55:00
[2025-01-31T11:28:56.636+0000] {subprocess.py:93} INFO - INFO:__main__:Sent data for symbol: GOOGL, timestamp: 2025-01-30 13:50:00
[2025-01-31T11:28:56.638+0000] {subprocess.py:93} INFO - INFO:__main__:Sent data for symbol: GOOGL, timestamp: 2025-01-30 13:45:00
[2025-01-31T11:28:56.639+0000] {subprocess.py:93} INFO - INFO:__main__:Sent data for symbol: GOOGL, timestamp: 2025-01-30 13:40:00
[2025-01-31T11:28:56.640+0000] {subprocess.py:93} INFO - INFO:__main__:Sent data for symbol: GOOGL, timestamp: 2025-01-30 13:35:00
[2025-01-31T11:28:56.642+0000] {subprocess.py:93} INFO - INFO:__main__:Sent data for symbol: GOOGL, timestamp: 2025-01-30 13:30:00
[2025-01-31T11:28:56.643+0000] {subprocess.py:93} INFO - INFO:__main__:Sent data for symbol: GOOGL, timestamp: 2025-01-30 13:25:00
[2025-01-31T11:28:56.645+0000] {subprocess.py:93} INFO - INFO:__main__:Sent data for symbol: GOOGL, timestamp: 2025-01-30 13:20:00
[2025-01-31T11:28:56.646+0000] {subprocess.py:93} INFO - INFO:__main__:Sent data for symbol: GOOGL, timestamp: 2025-01-30 13:15:00
[2025-01-31T11:28:56.649+0000] {subprocess.py:93} INFO - INFO:__main__:Sent data for symbol: GOOGL, timestamp: 2025-01-30 13:10:00
[2025-01-31T11:28:56.650+0000] {subprocess.py:93} INFO - INFO:__main__:Sent data for symbol: GOOGL, timestamp: 2025-01-30 13:05:00
[2025-01-31T11:28:56.650+0000] {subprocess.py:93} INFO - INFO:__main__:Sent data for symbol: GOOGL, timestamp: 2025-01-30 13:00:00
[2025-01-31T11:28:56.651+0000] {subprocess.py:93} INFO - INFO:__main__:Sent data for symbol: GOOGL, timestamp: 2025-01-30 12:55:00
[2025-01-31T11:28:56.651+0000] {subprocess.py:93} INFO - INFO:__main__:Sent data for symbol: GOOGL, timestamp: 2025-01-30 12:50:00
[2025-01-31T11:28:56.652+0000] {subprocess.py:93} INFO - INFO:__main__:Sent data for symbol: GOOGL, timestamp: 2025-01-30 12:45:00
[2025-01-31T11:28:56.653+0000] {subprocess.py:93} INFO - INFO:__main__:Sent data for symbol: GOOGL, timestamp: 2025-01-30 12:40:00
[2025-01-31T11:28:56.653+0000] {subprocess.py:93} INFO - INFO:__main__:Sent data for symbol: GOOGL, timestamp: 2025-01-30 12:35:00
[2025-01-31T11:28:56.654+0000] {subprocess.py:93} INFO - INFO:__main__:Sent data for symbol: GOOGL, timestamp: 2025-01-30 12:30:00
[2025-01-31T11:28:56.655+0000] {subprocess.py:93} INFO - INFO:__main__:Sent data for symbol: GOOGL, timestamp: 2025-01-30 12:25:00
[2025-01-31T11:28:56.655+0000] {subprocess.py:93} INFO - INFO:__main__:Sent data for symbol: GOOGL, timestamp: 2025-01-30 12:20:00
[2025-01-31T11:28:56.656+0000] {subprocess.py:93} INFO - INFO:__main__:Sent data for symbol: GOOGL, timestamp: 2025-01-30 12:15:00
[2025-01-31T11:28:56.657+0000] {subprocess.py:93} INFO - INFO:__main__:Sent data for symbol: GOOGL, timestamp: 2025-01-30 12:10:00
[2025-01-31T11:28:56.657+0000] {subprocess.py:93} INFO - INFO:__main__:Sent data for symbol: GOOGL, timestamp: 2025-01-30 12:05:00
[2025-01-31T11:28:56.658+0000] {subprocess.py:93} INFO - INFO:__main__:Sent data for symbol: GOOGL, timestamp: 2025-01-30 12:00:00
[2025-01-31T11:28:56.658+0000] {subprocess.py:93} INFO - INFO:__main__:Sent data for symbol: GOOGL, timestamp: 2025-01-30 11:55:00
[2025-01-31T11:28:56.659+0000] {subprocess.py:93} INFO - INFO:__main__:Sent data for symbol: GOOGL, timestamp: 2025-01-30 11:50:00
[2025-01-31T11:28:56.659+0000] {subprocess.py:93} INFO - INFO:__main__:Sent data for symbol: GOOGL, timestamp: 2025-01-30 11:45:00
[2025-01-31T11:28:56.659+0000] {subprocess.py:93} INFO - INFO:__main__:Sent data for symbol: GOOGL, timestamp: 2025-01-30 11:40:00
[2025-01-31T11:28:56.660+0000] {subprocess.py:93} INFO - INFO:__main__:Fetching data for symbol: MSFT
[2025-01-31T11:28:57.128+0000] {subprocess.py:93} INFO - INFO:__main__:Sent data for symbol: MSFT, timestamp: 2025-01-30 19:55:00
[2025-01-31T11:28:57.129+0000] {subprocess.py:93} INFO - INFO:__main__:Sent data for symbol: MSFT, timestamp: 2025-01-30 19:50:00
[2025-01-31T11:28:57.129+0000] {subprocess.py:93} INFO - INFO:__main__:Sent data for symbol: MSFT, timestamp: 2025-01-30 19:45:00
[2025-01-31T11:28:57.130+0000] {subprocess.py:93} INFO - INFO:__main__:Sent data for symbol: MSFT, timestamp: 2025-01-30 19:40:00
[2025-01-31T11:28:57.132+0000] {subprocess.py:93} INFO - INFO:__main__:Sent data for symbol: MSFT, timestamp: 2025-01-30 19:35:00
[2025-01-31T11:28:57.133+0000] {subprocess.py:93} INFO - INFO:__main__:Sent data for symbol: MSFT, timestamp: 2025-01-30 19:30:00
[2025-01-31T11:28:57.134+0000] {subprocess.py:93} INFO - INFO:__main__:Sent data for symbol: MSFT, timestamp: 2025-01-30 19:25:00
[2025-01-31T11:28:57.134+0000] {subprocess.py:93} INFO - INFO:__main__:Sent data for symbol: MSFT, timestamp: 2025-01-30 19:20:00
[2025-01-31T11:28:57.135+0000] {subprocess.py:93} INFO - INFO:__main__:Sent data for symbol: MSFT, timestamp: 2025-01-30 19:15:00
[2025-01-31T11:28:57.137+0000] {subprocess.py:93} INFO - INFO:__main__:Sent data for symbol: MSFT, timestamp: 2025-01-30 19:10:00
[2025-01-31T11:28:57.138+0000] {subprocess.py:93} INFO - INFO:__main__:Sent data for symbol: MSFT, timestamp: 2025-01-30 19:05:00
[2025-01-31T11:28:57.141+0000] {subprocess.py:93} INFO - INFO:__main__:Sent data for symbol: MSFT, timestamp: 2025-01-30 19:00:00
[2025-01-31T11:28:57.144+0000] {subprocess.py:93} INFO - INFO:__main__:Sent data for symbol: MSFT, timestamp: 2025-01-30 18:55:00
[2025-01-31T11:28:57.145+0000] {subprocess.py:93} INFO - INFO:__main__:Sent data for symbol: MSFT, timestamp: 2025-01-30 18:50:00
[2025-01-31T11:28:57.145+0000] {subprocess.py:93} INFO - INFO:__main__:Sent data for symbol: MSFT, timestamp: 2025-01-30 18:45:00
[2025-01-31T11:28:57.146+0000] {subprocess.py:93} INFO - INFO:__main__:Sent data for symbol: MSFT, timestamp: 2025-01-30 18:40:00
[2025-01-31T11:28:57.149+0000] {subprocess.py:93} INFO - INFO:__main__:Sent data for symbol: MSFT, timestamp: 2025-01-30 18:35:00
[2025-01-31T11:28:57.151+0000] {subprocess.py:93} INFO - INFO:__main__:Sent data for symbol: MSFT, timestamp: 2025-01-30 18:30:00
[2025-01-31T11:28:57.152+0000] {subprocess.py:93} INFO - INFO:__main__:Sent data for symbol: MSFT, timestamp: 2025-01-30 18:25:00
[2025-01-31T11:28:57.152+0000] {subprocess.py:93} INFO - INFO:__main__:Sent data for symbol: MSFT, timestamp: 2025-01-30 18:20:00
[2025-01-31T11:28:57.155+0000] {subprocess.py:93} INFO - INFO:__main__:Sent data for symbol: MSFT, timestamp: 2025-01-30 18:15:00
[2025-01-31T11:28:57.157+0000] {subprocess.py:93} INFO - INFO:__main__:Sent data for symbol: MSFT, timestamp: 2025-01-30 18:10:00
[2025-01-31T11:28:57.162+0000] {subprocess.py:93} INFO - INFO:__main__:Sent data for symbol: MSFT, timestamp: 2025-01-30 18:05:00
[2025-01-31T11:28:57.163+0000] {subprocess.py:93} INFO - INFO:__main__:Sent data for symbol: MSFT, timestamp: 2025-01-30 18:00:00
[2025-01-31T11:28:57.163+0000] {subprocess.py:93} INFO - INFO:__main__:Sent data for symbol: MSFT, timestamp: 2025-01-30 17:55:00
[2025-01-31T11:28:57.164+0000] {subprocess.py:93} INFO - INFO:__main__:Sent data for symbol: MSFT, timestamp: 2025-01-30 17:50:00
[2025-01-31T11:28:57.168+0000] {subprocess.py:93} INFO - INFO:__main__:Sent data for symbol: MSFT, timestamp: 2025-01-30 17:45:00
[2025-01-31T11:28:57.169+0000] {subprocess.py:93} INFO - INFO:__main__:Sent data for symbol: MSFT, timestamp: 2025-01-30 17:40:00
[2025-01-31T11:28:57.169+0000] {subprocess.py:93} INFO - INFO:__main__:Sent data for symbol: MSFT, timestamp: 2025-01-30 17:35:00
[2025-01-31T11:28:57.170+0000] {subprocess.py:93} INFO - INFO:__main__:Sent data for symbol: MSFT, timestamp: 2025-01-30 17:30:00
[2025-01-31T11:28:57.172+0000] {subprocess.py:93} INFO - INFO:__main__:Sent data for symbol: MSFT, timestamp: 2025-01-30 17:25:00
[2025-01-31T11:28:57.173+0000] {subprocess.py:93} INFO - INFO:__main__:Sent data for symbol: MSFT, timestamp: 2025-01-30 17:20:00
[2025-01-31T11:28:57.174+0000] {subprocess.py:93} INFO - INFO:__main__:Sent data for symbol: MSFT, timestamp: 2025-01-30 17:15:00
[2025-01-31T11:28:57.174+0000] {subprocess.py:93} INFO - INFO:__main__:Sent data for symbol: MSFT, timestamp: 2025-01-30 17:10:00
[2025-01-31T11:28:57.174+0000] {subprocess.py:93} INFO - INFO:__main__:Sent data for symbol: MSFT, timestamp: 2025-01-30 17:05:00
[2025-01-31T11:28:57.175+0000] {subprocess.py:93} INFO - INFO:__main__:Sent data for symbol: MSFT, timestamp: 2025-01-30 17:00:00
[2025-01-31T11:28:57.177+0000] {subprocess.py:93} INFO - INFO:__main__:Sent data for symbol: MSFT, timestamp: 2025-01-30 16:55:00
[2025-01-31T11:28:57.178+0000] {subprocess.py:93} INFO - INFO:__main__:Sent data for symbol: MSFT, timestamp: 2025-01-30 16:50:00
[2025-01-31T11:28:57.179+0000] {subprocess.py:93} INFO - INFO:__main__:Sent data for symbol: MSFT, timestamp: 2025-01-30 16:45:00
[2025-01-31T11:28:57.180+0000] {subprocess.py:93} INFO - INFO:__main__:Sent data for symbol: MSFT, timestamp: 2025-01-30 16:40:00
[2025-01-31T11:28:57.181+0000] {subprocess.py:93} INFO - INFO:__main__:Sent data for symbol: MSFT, timestamp: 2025-01-30 16:35:00
[2025-01-31T11:28:57.182+0000] {subprocess.py:93} INFO - INFO:__main__:Sent data for symbol: MSFT, timestamp: 2025-01-30 16:30:00
[2025-01-31T11:28:57.183+0000] {subprocess.py:93} INFO - INFO:__main__:Sent data for symbol: MSFT, timestamp: 2025-01-30 16:25:00
[2025-01-31T11:28:57.184+0000] {subprocess.py:93} INFO - INFO:__main__:Sent data for symbol: MSFT, timestamp: 2025-01-30 16:20:00
[2025-01-31T11:28:57.184+0000] {subprocess.py:93} INFO - INFO:__main__:Sent data for symbol: MSFT, timestamp: 2025-01-30 16:15:00
[2025-01-31T11:28:57.185+0000] {subprocess.py:93} INFO - INFO:__main__:Sent data for symbol: MSFT, timestamp: 2025-01-30 16:10:00
[2025-01-31T11:28:57.185+0000] {subprocess.py:93} INFO - INFO:__main__:Sent data for symbol: MSFT, timestamp: 2025-01-30 16:05:00
[2025-01-31T11:28:57.186+0000] {subprocess.py:93} INFO - INFO:__main__:Sent data for symbol: MSFT, timestamp: 2025-01-30 16:00:00
[2025-01-31T11:28:57.186+0000] {subprocess.py:93} INFO - INFO:__main__:Sent data for symbol: MSFT, timestamp: 2025-01-30 15:55:00
[2025-01-31T11:28:57.187+0000] {subprocess.py:93} INFO - INFO:__main__:Sent data for symbol: MSFT, timestamp: 2025-01-30 15:50:00
[2025-01-31T11:28:57.187+0000] {subprocess.py:93} INFO - INFO:__main__:Sent data for symbol: MSFT, timestamp: 2025-01-30 15:45:00
[2025-01-31T11:28:57.188+0000] {subprocess.py:93} INFO - INFO:__main__:Sent data for symbol: MSFT, timestamp: 2025-01-30 15:40:00
[2025-01-31T11:28:57.189+0000] {subprocess.py:93} INFO - INFO:__main__:Sent data for symbol: MSFT, timestamp: 2025-01-30 15:35:00
[2025-01-31T11:28:57.190+0000] {subprocess.py:93} INFO - INFO:__main__:Sent data for symbol: MSFT, timestamp: 2025-01-30 15:30:00
[2025-01-31T11:28:57.191+0000] {subprocess.py:93} INFO - INFO:__main__:Sent data for symbol: MSFT, timestamp: 2025-01-30 15:25:00
[2025-01-31T11:28:57.192+0000] {subprocess.py:93} INFO - INFO:__main__:Sent data for symbol: MSFT, timestamp: 2025-01-30 15:20:00
[2025-01-31T11:28:57.192+0000] {subprocess.py:93} INFO - INFO:__main__:Sent data for symbol: MSFT, timestamp: 2025-01-30 15:15:00
[2025-01-31T11:28:57.193+0000] {subprocess.py:93} INFO - INFO:__main__:Sent data for symbol: MSFT, timestamp: 2025-01-30 15:10:00
[2025-01-31T11:28:57.194+0000] {subprocess.py:93} INFO - INFO:__main__:Sent data for symbol: MSFT, timestamp: 2025-01-30 15:05:00
[2025-01-31T11:28:57.194+0000] {subprocess.py:93} INFO - INFO:__main__:Sent data for symbol: MSFT, timestamp: 2025-01-30 15:00:00
[2025-01-31T11:28:57.195+0000] {subprocess.py:93} INFO - INFO:__main__:Sent data for symbol: MSFT, timestamp: 2025-01-30 14:55:00
[2025-01-31T11:28:57.196+0000] {subprocess.py:93} INFO - INFO:__main__:Sent data for symbol: MSFT, timestamp: 2025-01-30 14:50:00
[2025-01-31T11:28:57.196+0000] {subprocess.py:93} INFO - INFO:__main__:Sent data for symbol: MSFT, timestamp: 2025-01-30 14:45:00
[2025-01-31T11:28:57.197+0000] {subprocess.py:93} INFO - INFO:__main__:Sent data for symbol: MSFT, timestamp: 2025-01-30 14:40:00
[2025-01-31T11:28:57.198+0000] {subprocess.py:93} INFO - INFO:__main__:Sent data for symbol: MSFT, timestamp: 2025-01-30 14:35:00
[2025-01-31T11:28:57.199+0000] {subprocess.py:93} INFO - INFO:__main__:Sent data for symbol: MSFT, timestamp: 2025-01-30 14:30:00
[2025-01-31T11:28:57.199+0000] {subprocess.py:93} INFO - INFO:__main__:Sent data for symbol: MSFT, timestamp: 2025-01-30 14:25:00
[2025-01-31T11:28:57.201+0000] {subprocess.py:93} INFO - INFO:__main__:Sent data for symbol: MSFT, timestamp: 2025-01-30 14:20:00
[2025-01-31T11:28:57.203+0000] {subprocess.py:93} INFO - INFO:__main__:Sent data for symbol: MSFT, timestamp: 2025-01-30 14:15:00
[2025-01-31T11:28:57.204+0000] {subprocess.py:93} INFO - INFO:__main__:Sent data for symbol: MSFT, timestamp: 2025-01-30 14:10:00
[2025-01-31T11:28:57.207+0000] {subprocess.py:93} INFO - INFO:__main__:Sent data for symbol: MSFT, timestamp: 2025-01-30 14:05:00
[2025-01-31T11:28:57.207+0000] {subprocess.py:93} INFO - INFO:__main__:Sent data for symbol: MSFT, timestamp: 2025-01-30 14:00:00
[2025-01-31T11:28:57.210+0000] {subprocess.py:93} INFO - INFO:__main__:Sent data for symbol: MSFT, timestamp: 2025-01-30 13:55:00
[2025-01-31T11:28:57.210+0000] {subprocess.py:93} INFO - INFO:__main__:Sent data for symbol: MSFT, timestamp: 2025-01-30 13:50:00
[2025-01-31T11:28:57.213+0000] {subprocess.py:93} INFO - INFO:__main__:Sent data for symbol: MSFT, timestamp: 2025-01-30 13:45:00
[2025-01-31T11:28:57.214+0000] {subprocess.py:93} INFO - INFO:__main__:Sent data for symbol: MSFT, timestamp: 2025-01-30 13:40:00
[2025-01-31T11:28:57.215+0000] {subprocess.py:93} INFO - INFO:__main__:Sent data for symbol: MSFT, timestamp: 2025-01-30 13:35:00
[2025-01-31T11:28:57.218+0000] {subprocess.py:93} INFO - INFO:__main__:Sent data for symbol: MSFT, timestamp: 2025-01-30 13:30:00
[2025-01-31T11:28:57.218+0000] {subprocess.py:93} INFO - INFO:__main__:Sent data for symbol: MSFT, timestamp: 2025-01-30 13:25:00
[2025-01-31T11:28:57.220+0000] {subprocess.py:93} INFO - INFO:__main__:Sent data for symbol: MSFT, timestamp: 2025-01-30 13:20:00
[2025-01-31T11:28:57.220+0000] {subprocess.py:93} INFO - INFO:__main__:Sent data for symbol: MSFT, timestamp: 2025-01-30 13:15:00
[2025-01-31T11:28:57.221+0000] {subprocess.py:93} INFO - INFO:__main__:Sent data for symbol: MSFT, timestamp: 2025-01-30 13:10:00
[2025-01-31T11:28:57.222+0000] {subprocess.py:93} INFO - INFO:__main__:Sent data for symbol: MSFT, timestamp: 2025-01-30 13:05:00
[2025-01-31T11:28:57.222+0000] {subprocess.py:93} INFO - INFO:__main__:Sent data for symbol: MSFT, timestamp: 2025-01-30 13:00:00
[2025-01-31T11:28:57.223+0000] {subprocess.py:93} INFO - INFO:__main__:Sent data for symbol: MSFT, timestamp: 2025-01-30 12:55:00
[2025-01-31T11:28:57.223+0000] {subprocess.py:93} INFO - INFO:__main__:Sent data for symbol: MSFT, timestamp: 2025-01-30 12:50:00
[2025-01-31T11:28:57.224+0000] {subprocess.py:93} INFO - INFO:__main__:Sent data for symbol: MSFT, timestamp: 2025-01-30 12:45:00
[2025-01-31T11:28:57.225+0000] {subprocess.py:93} INFO - INFO:__main__:Sent data for symbol: MSFT, timestamp: 2025-01-30 12:40:00
[2025-01-31T11:28:57.225+0000] {subprocess.py:93} INFO - INFO:__main__:Sent data for symbol: MSFT, timestamp: 2025-01-30 12:35:00
[2025-01-31T11:28:57.226+0000] {subprocess.py:93} INFO - INFO:__main__:Sent data for symbol: MSFT, timestamp: 2025-01-30 12:30:00
[2025-01-31T11:28:57.228+0000] {subprocess.py:93} INFO - INFO:__main__:Sent data for symbol: MSFT, timestamp: 2025-01-30 12:25:00
[2025-01-31T11:28:57.228+0000] {subprocess.py:93} INFO - INFO:__main__:Sent data for symbol: MSFT, timestamp: 2025-01-30 12:20:00
[2025-01-31T11:28:57.229+0000] {subprocess.py:93} INFO - INFO:__main__:Sent data for symbol: MSFT, timestamp: 2025-01-30 12:15:00
[2025-01-31T11:28:57.232+0000] {subprocess.py:93} INFO - INFO:__main__:Sent data for symbol: MSFT, timestamp: 2025-01-30 12:10:00
[2025-01-31T11:28:57.233+0000] {subprocess.py:93} INFO - INFO:__main__:Sent data for symbol: MSFT, timestamp: 2025-01-30 12:05:00
[2025-01-31T11:28:57.234+0000] {subprocess.py:93} INFO - INFO:__main__:Sent data for symbol: MSFT, timestamp: 2025-01-30 12:00:00
[2025-01-31T11:28:57.236+0000] {subprocess.py:93} INFO - INFO:__main__:Sent data for symbol: MSFT, timestamp: 2025-01-30 11:55:00
[2025-01-31T11:28:57.241+0000] {subprocess.py:93} INFO - INFO:__main__:Sent data for symbol: MSFT, timestamp: 2025-01-30 11:50:00
[2025-01-31T11:28:57.242+0000] {subprocess.py:93} INFO - INFO:__main__:Sent data for symbol: MSFT, timestamp: 2025-01-30 11:45:00
[2025-01-31T11:28:57.242+0000] {subprocess.py:93} INFO - INFO:__main__:Sent data for symbol: MSFT, timestamp: 2025-01-30 11:40:00
[2025-01-31T11:28:57.248+0000] {subprocess.py:93} INFO - INFO:__main__:Flushing Kafka producer...
[2025-01-31T11:28:57.255+0000] {subprocess.py:93} INFO - INFO:__main__:Messages sent: 0
[2025-01-31T11:28:57.256+0000] {subprocess.py:93} INFO - INFO:__main__:Record errors: 0
[2025-01-31T11:28:57.256+0000] {subprocess.py:93} INFO - INFO:__main__:Average request latency: 18.155300617218018
[2025-01-31T11:28:57.257+0000] {subprocess.py:93} INFO - INFO:__main__:Closing Kafka producer...
[2025-01-31T11:28:57.257+0000] {subprocess.py:93} INFO - INFO:kafka.producer.kafka:Closing the Kafka producer with 9223372036.0 secs timeout.
[2025-01-31T11:28:57.258+0000] {subprocess.py:93} INFO - INFO:kafka.conn:<BrokerConnection node_id=1001 host=kafka:9092 <connected> [IPv4 ('172.18.0.4', 9092)]>: Closing connection.
[2025-01-31T11:28:57.258+0000] {subprocess.py:93} INFO - INFO:__main__:Producer executed and closed successfully.
[2025-01-31T11:28:57.319+0000] {subprocess.py:97} INFO - Command exited with return code 0
[2025-01-31T11:28:57.345+0000] {taskinstance.py:1400} INFO - Marking task as SUCCESS. dag_id=stock_price_pipeline_intraday, task_id=start_producer_intraday, execution_date=20250131T112847, start_date=20250131T112852, end_date=20250131T112857
[2025-01-31T11:28:57.391+0000] {local_task_job_runner.py:228} INFO - Task exited with return code 0
[2025-01-31T11:28:57.423+0000] {taskinstance.py:2784} INFO - 1 downstream tasks scheduled from follow-on schedule check
