[2025-01-31T13:01:45.467+0000] {taskinstance.py:1159} INFO - Dependencies all met for dep_context=non-requeueable deps ti=<TaskInstance: stock_price_pipeline_daily.start_producer_daily manual__2025-01-31T13:01:38.786845+00:00 [queued]>
[2025-01-31T13:01:45.477+0000] {taskinstance.py:1159} INFO - Dependencies all met for dep_context=requeueable deps ti=<TaskInstance: stock_price_pipeline_daily.start_producer_daily manual__2025-01-31T13:01:38.786845+00:00 [queued]>
[2025-01-31T13:01:45.477+0000] {taskinstance.py:1361} INFO - Starting attempt 1 of 2
[2025-01-31T13:01:45.501+0000] {taskinstance.py:1382} INFO - Executing <Task(BashOperator): start_producer_daily> on 2025-01-31 13:01:38.786845+00:00
[2025-01-31T13:01:45.507+0000] {standard_task_runner.py:57} INFO - Started process 57 to run task
[2025-01-31T13:01:45.516+0000] {standard_task_runner.py:84} INFO - Running: ['airflow', 'tasks', 'run', 'stock_price_pipeline_daily', 'start_producer_daily', 'manual__2025-01-31T13:01:38.786845+00:00', '--job-id', '2', '--raw', '--subdir', 'DAGS_FOLDER/stock_pipeline_dag.py', '--cfg-path', '/tmp/tmpxhltgo4f']
[2025-01-31T13:01:45.518+0000] {standard_task_runner.py:85} INFO - Job 2: Subtask start_producer_daily
[2025-01-31T13:01:45.569+0000] {task_command.py:415} INFO - Running <TaskInstance: stock_price_pipeline_daily.start_producer_daily manual__2025-01-31T13:01:38.786845+00:00 [running]> on host ad5f6203a644
[2025-01-31T13:01:46.560+0000] {taskinstance.py:1660} INFO - Exporting env vars: AIRFLOW_CTX_DAG_OWNER='airflow' AIRFLOW_CTX_DAG_ID='stock_price_pipeline_daily' AIRFLOW_CTX_TASK_ID='start_producer_daily' AIRFLOW_CTX_EXECUTION_DATE='2025-01-31T13:01:38.786845+00:00' AIRFLOW_CTX_TRY_NUMBER='1' AIRFLOW_CTX_DAG_RUN_ID='manual__2025-01-31T13:01:38.786845+00:00'
[2025-01-31T13:01:46.561+0000] {subprocess.py:63} INFO - Tmp dir root location: /tmp
[2025-01-31T13:01:46.562+0000] {subprocess.py:75} INFO - Running command: ['/bin/bash', '-c', 'docker exec producer-daily python kafka_producer_daily.py']
[2025-01-31T13:01:46.573+0000] {subprocess.py:86} INFO - Output:
[2025-01-31T13:01:47.716+0000] {subprocess.py:93} INFO - INFO:kafka.conn:<BrokerConnection node_id=bootstrap-0 host=kafka:9092 <connecting> [IPv4 ('172.18.0.4', 9092)]>: connecting to kafka:9092 [('172.18.0.4', 9092) IPv4]
[2025-01-31T13:01:47.717+0000] {subprocess.py:93} INFO - INFO:kafka.conn:Probing node bootstrap-0 broker version
[2025-01-31T13:01:47.718+0000] {subprocess.py:93} INFO - INFO:kafka.conn:<BrokerConnection node_id=bootstrap-0 host=kafka:9092 <connecting> [IPv4 ('172.18.0.4', 9092)]>: Connection complete.
[2025-01-31T13:01:47.824+0000] {subprocess.py:93} INFO - INFO:kafka.conn:Broker version identified as 2.5.0
[2025-01-31T13:01:47.825+0000] {subprocess.py:93} INFO - INFO:kafka.conn:Set configuration api_version=(2, 5, 0) to skip auto check_version requests on startup
[2025-01-31T13:01:47.826+0000] {subprocess.py:93} INFO - INFO:__main__:Fetching data for symbol: AAPL
[2025-01-31T13:01:48.356+0000] {subprocess.py:93} INFO - INFO:kafka.conn:<BrokerConnection node_id=1001 host=kafka:9092 <connecting> [IPv4 ('172.18.0.4', 9092)]>: connecting to kafka:9092 [('172.18.0.4', 9092) IPv4]
[2025-01-31T13:01:48.357+0000] {subprocess.py:93} INFO - INFO:kafka.conn:<BrokerConnection node_id=1001 host=kafka:9092 <connecting> [IPv4 ('172.18.0.4', 9092)]>: Connection complete.
[2025-01-31T13:01:48.357+0000] {subprocess.py:93} INFO - INFO:kafka.conn:<BrokerConnection node_id=bootstrap-0 host=kafka:9092 <connected> [IPv4 ('172.18.0.4', 9092)]>: Closing connection.
[2025-01-31T13:01:48.753+0000] {subprocess.py:93} INFO - INFO:__main__:Sent data for symbol: AAPL, date: 2025-01-30
[2025-01-31T13:01:48.754+0000] {subprocess.py:93} INFO - INFO:__main__:Processed messages for symbol: AAPL: 1
[2025-01-31T13:01:48.755+0000] {subprocess.py:93} INFO - INFO:__main__:Fetching data for symbol: GOOGL
[2025-01-31T13:01:49.211+0000] {subprocess.py:93} INFO - INFO:__main__:Sent data for symbol: GOOGL, date: 2025-01-30
[2025-01-31T13:01:49.212+0000] {subprocess.py:93} INFO - INFO:__main__:Processed messages for symbol: GOOGL: 2
[2025-01-31T13:01:49.212+0000] {subprocess.py:93} INFO - INFO:__main__:Fetching data for symbol: MSFT
[2025-01-31T13:01:49.751+0000] {subprocess.py:93} INFO - INFO:__main__:Sent data for symbol: MSFT, date: 2025-01-30
[2025-01-31T13:01:49.752+0000] {subprocess.py:93} INFO - INFO:__main__:Processed messages for symbol: MSFT: 3
[2025-01-31T13:01:49.756+0000] {subprocess.py:93} INFO - INFO:__main__:Flushing kafka producer...
[2025-01-31T13:01:49.761+0000] {subprocess.py:93} INFO - INFO:__main__:Messages sent: 3
[2025-01-31T13:01:49.761+0000] {subprocess.py:93} INFO - INFO:__main__:Record errors: 0
[2025-01-31T13:01:49.762+0000] {subprocess.py:93} INFO - INFO:__main__:Average request latency: 23.548364639282227
[2025-01-31T13:01:49.764+0000] {subprocess.py:93} INFO - INFO:__main__:Closing kafka producer...
[2025-01-31T13:01:49.765+0000] {subprocess.py:93} INFO - INFO:kafka.producer.kafka:Closing the Kafka producer with 9223372036.0 secs timeout.
[2025-01-31T13:01:49.765+0000] {subprocess.py:93} INFO - INFO:kafka.conn:<BrokerConnection node_id=1001 host=kafka:9092 <connected> [IPv4 ('172.18.0.4', 9092)]>: Closing connection.
[2025-01-31T13:01:49.766+0000] {subprocess.py:93} INFO - INFO:__main__:Producer executed and closed successfully.
[2025-01-31T13:01:49.814+0000] {subprocess.py:97} INFO - Command exited with return code 0
[2025-01-31T13:01:49.838+0000] {taskinstance.py:1400} INFO - Marking task as SUCCESS. dag_id=stock_price_pipeline_daily, task_id=start_producer_daily, execution_date=20250131T130138, start_date=20250131T130145, end_date=20250131T130149
[2025-01-31T13:01:49.857+0000] {local_task_job_runner.py:228} INFO - Task exited with return code 0
[2025-01-31T13:01:49.884+0000] {taskinstance.py:2784} INFO - 1 downstream tasks scheduled from follow-on schedule check
