[2025-01-31T12:43:17.691+0000] {taskinstance.py:1159} INFO - Dependencies all met for dep_context=non-requeueable deps ti=<TaskInstance: stock_price_pipeline_daily.start_producer_daily manual__2025-01-31T12:43:13.909970+00:00 [queued]>
[2025-01-31T12:43:17.700+0000] {taskinstance.py:1159} INFO - Dependencies all met for dep_context=requeueable deps ti=<TaskInstance: stock_price_pipeline_daily.start_producer_daily manual__2025-01-31T12:43:13.909970+00:00 [queued]>
[2025-01-31T12:43:17.700+0000] {taskinstance.py:1361} INFO - Starting attempt 1 of 2
[2025-01-31T12:43:17.721+0000] {taskinstance.py:1382} INFO - Executing <Task(BashOperator): start_producer_daily> on 2025-01-31 12:43:13.909970+00:00
[2025-01-31T12:43:17.727+0000] {standard_task_runner.py:57} INFO - Started process 57 to run task
[2025-01-31T12:43:17.739+0000] {standard_task_runner.py:84} INFO - Running: ['airflow', 'tasks', 'run', 'stock_price_pipeline_daily', 'start_producer_daily', 'manual__2025-01-31T12:43:13.909970+00:00', '--job-id', '2', '--raw', '--subdir', 'DAGS_FOLDER/stock_pipeline_dag.py', '--cfg-path', '/tmp/tmp64_wgpc8']
[2025-01-31T12:43:17.743+0000] {standard_task_runner.py:85} INFO - Job 2: Subtask start_producer_daily
[2025-01-31T12:43:17.836+0000] {task_command.py:415} INFO - Running <TaskInstance: stock_price_pipeline_daily.start_producer_daily manual__2025-01-31T12:43:13.909970+00:00 [running]> on host 0ffc706f1927
[2025-01-31T12:43:18.647+0000] {taskinstance.py:1660} INFO - Exporting env vars: AIRFLOW_CTX_DAG_OWNER='airflow' AIRFLOW_CTX_DAG_ID='stock_price_pipeline_daily' AIRFLOW_CTX_TASK_ID='start_producer_daily' AIRFLOW_CTX_EXECUTION_DATE='2025-01-31T12:43:13.909970+00:00' AIRFLOW_CTX_TRY_NUMBER='1' AIRFLOW_CTX_DAG_RUN_ID='manual__2025-01-31T12:43:13.909970+00:00'
[2025-01-31T12:43:18.649+0000] {subprocess.py:63} INFO - Tmp dir root location: /tmp
[2025-01-31T12:43:18.649+0000] {subprocess.py:75} INFO - Running command: ['/bin/bash', '-c', 'docker exec producer-daily python kafka_producer_daily.py']
[2025-01-31T12:43:18.660+0000] {subprocess.py:86} INFO - Output:
[2025-01-31T12:43:19.667+0000] {subprocess.py:93} INFO - INFO:kafka.conn:<BrokerConnection node_id=bootstrap-0 host=kafka:9092 <connecting> [IPv4 ('172.18.0.4', 9092)]>: connecting to kafka:9092 [('172.18.0.4', 9092) IPv4]
[2025-01-31T12:43:19.667+0000] {subprocess.py:93} INFO - INFO:kafka.conn:Probing node bootstrap-0 broker version
[2025-01-31T12:43:19.669+0000] {subprocess.py:93} INFO - INFO:kafka.conn:<BrokerConnection node_id=bootstrap-0 host=kafka:9092 <connecting> [IPv4 ('172.18.0.4', 9092)]>: Connection complete.
[2025-01-31T12:43:19.774+0000] {subprocess.py:93} INFO - INFO:kafka.conn:Broker version identified as 2.5.0
[2025-01-31T12:43:19.774+0000] {subprocess.py:93} INFO - INFO:kafka.conn:Set configuration api_version=(2, 5, 0) to skip auto check_version requests on startup
[2025-01-31T12:43:19.777+0000] {subprocess.py:93} INFO - INFO:__main__:Fetching data for symbol: AAPL
[2025-01-31T12:43:20.561+0000] {subprocess.py:93} INFO - INFO:kafka.conn:<BrokerConnection node_id=1001 host=kafka:9092 <connecting> [IPv4 ('172.18.0.4', 9092)]>: connecting to kafka:9092 [('172.18.0.4', 9092) IPv4]
[2025-01-31T12:43:20.562+0000] {subprocess.py:93} INFO - INFO:kafka.conn:<BrokerConnection node_id=1001 host=kafka:9092 <connecting> [IPv4 ('172.18.0.4', 9092)]>: Connection complete.
[2025-01-31T12:43:20.562+0000] {subprocess.py:93} INFO - INFO:kafka.conn:<BrokerConnection node_id=bootstrap-0 host=kafka:9092 <connected> [IPv4 ('172.18.0.4', 9092)]>: Closing connection.
[2025-01-31T12:43:21.006+0000] {subprocess.py:93} INFO - INFO:__main__:Sent data for symbol: AAPL, date: 2025-01-30
[2025-01-31T12:43:21.010+0000] {subprocess.py:93} INFO - ERROR:__main__:Error processing symbol AAPL: local variable 'message_counter' referenced before assignment
[2025-01-31T12:43:21.011+0000] {subprocess.py:93} INFO - INFO:__main__:Fetching data for symbol: GOOGL
[2025-01-31T12:43:21.665+0000] {subprocess.py:93} INFO - INFO:__main__:Sent data for symbol: GOOGL, date: 2025-01-30
[2025-01-31T12:43:21.665+0000] {subprocess.py:93} INFO - ERROR:__main__:Error processing symbol GOOGL: local variable 'message_counter' referenced before assignment
[2025-01-31T12:43:21.666+0000] {subprocess.py:93} INFO - INFO:__main__:Fetching data for symbol: MSFT
[2025-01-31T12:43:22.066+0000] {subprocess.py:93} INFO - INFO:__main__:Sent data for symbol: MSFT, date: 2025-01-30
[2025-01-31T12:43:22.069+0000] {subprocess.py:93} INFO - ERROR:__main__:Error processing symbol MSFT: local variable 'message_counter' referenced before assignment
[2025-01-31T12:43:22.071+0000] {subprocess.py:93} INFO - INFO:__main__:Flushing kafka producer...
[2025-01-31T12:43:22.078+0000] {subprocess.py:93} INFO - INFO:__main__:Messages sent: 0
[2025-01-31T12:43:22.079+0000] {subprocess.py:93} INFO - INFO:__main__:Record errors: 0
[2025-01-31T12:43:22.080+0000] {subprocess.py:93} INFO - INFO:__main__:Average request latency: 28.62856604836204
[2025-01-31T12:43:22.080+0000] {subprocess.py:93} INFO - INFO:__main__:Closing kafka producer...
[2025-01-31T12:43:22.081+0000] {subprocess.py:93} INFO - INFO:kafka.producer.kafka:Closing the Kafka producer with 9223372036.0 secs timeout.
[2025-01-31T12:43:22.082+0000] {subprocess.py:93} INFO - INFO:kafka.conn:<BrokerConnection node_id=1001 host=kafka:9092 <connected> [IPv4 ('172.18.0.4', 9092)]>: Closing connection.
[2025-01-31T12:43:22.082+0000] {subprocess.py:93} INFO - INFO:__main__:Producer executed and closed successfully.
[2025-01-31T12:43:22.142+0000] {subprocess.py:97} INFO - Command exited with return code 0
[2025-01-31T12:43:22.167+0000] {taskinstance.py:1400} INFO - Marking task as SUCCESS. dag_id=stock_price_pipeline_daily, task_id=start_producer_daily, execution_date=20250131T124313, start_date=20250131T124317, end_date=20250131T124322
[2025-01-31T12:43:22.202+0000] {local_task_job_runner.py:228} INFO - Task exited with return code 0
[2025-01-31T12:43:22.230+0000] {taskinstance.py:2784} INFO - 1 downstream tasks scheduled from follow-on schedule check
