[2025-01-28T13:55:21.370+0000] {taskinstance.py:1159} INFO - Dependencies all met for dep_context=non-requeueable deps ti=<TaskInstance: stock_price_pipeline_intraday.start_consumer_intraday manual__2025-01-28T13:55:01.759588+00:00 [queued]>
[2025-01-28T13:55:21.379+0000] {taskinstance.py:1159} INFO - Dependencies all met for dep_context=requeueable deps ti=<TaskInstance: stock_price_pipeline_intraday.start_consumer_intraday manual__2025-01-28T13:55:01.759588+00:00 [queued]>
[2025-01-28T13:55:21.380+0000] {taskinstance.py:1361} INFO - Starting attempt 1 of 2
[2025-01-28T13:55:21.403+0000] {taskinstance.py:1382} INFO - Executing <Task(BashOperator): start_consumer_intraday> on 2025-01-28 13:55:01.759588+00:00
[2025-01-28T13:55:21.407+0000] {standard_task_runner.py:57} INFO - Started process 103 to run task
[2025-01-28T13:55:21.412+0000] {standard_task_runner.py:84} INFO - Running: ['airflow', 'tasks', 'run', 'stock_price_pipeline_intraday', 'start_consumer_intraday', 'manual__2025-01-28T13:55:01.759588+00:00', '--job-id', '4', '--raw', '--subdir', 'DAGS_FOLDER/stock_pipeline_dag.py', '--cfg-path', '/tmp/tmpicc8eug2']
[2025-01-28T13:55:21.414+0000] {standard_task_runner.py:85} INFO - Job 4: Subtask start_consumer_intraday
[2025-01-28T13:55:21.473+0000] {task_command.py:415} INFO - Running <TaskInstance: stock_price_pipeline_intraday.start_consumer_intraday manual__2025-01-28T13:55:01.759588+00:00 [running]> on host de523050746b
[2025-01-28T13:55:22.095+0000] {taskinstance.py:1660} INFO - Exporting env vars: AIRFLOW_CTX_DAG_OWNER='airflow' AIRFLOW_CTX_DAG_ID='stock_price_pipeline_intraday' AIRFLOW_CTX_TASK_ID='start_consumer_intraday' AIRFLOW_CTX_EXECUTION_DATE='2025-01-28T13:55:01.759588+00:00' AIRFLOW_CTX_TRY_NUMBER='1' AIRFLOW_CTX_DAG_RUN_ID='manual__2025-01-28T13:55:01.759588+00:00'
[2025-01-28T13:55:22.097+0000] {subprocess.py:63} INFO - Tmp dir root location: /tmp
[2025-01-28T13:55:22.097+0000] {subprocess.py:75} INFO - Running command: ['/bin/bash', '-c', 'docker exec consumer-5min python kafka_consumer_5min.py']
[2025-01-28T13:55:22.107+0000] {subprocess.py:86} INFO - Output:
[2025-01-28T13:55:24.382+0000] {subprocess.py:93} INFO - INFO:kafka.conn:<BrokerConnection node_id=bootstrap-0 host=kafka:9092 <connecting> [IPv4 ('172.18.0.4', 9092)]>: connecting to kafka:9092 [('172.18.0.4', 9092) IPv4]
[2025-01-28T13:55:24.386+0000] {subprocess.py:93} INFO - INFO:kafka.conn:Probing node bootstrap-0 broker version
[2025-01-28T13:55:24.387+0000] {subprocess.py:93} INFO - INFO:kafka.conn:<BrokerConnection node_id=bootstrap-0 host=kafka:9092 <connecting> [IPv4 ('172.18.0.4', 9092)]>: Connection complete.
[2025-01-28T13:55:24.493+0000] {subprocess.py:93} INFO - INFO:kafka.conn:Broker version identified as 2.5.0
[2025-01-28T13:55:24.494+0000] {subprocess.py:93} INFO - INFO:kafka.conn:Set configuration api_version=(2, 5, 0) to skip auto check_version requests on startup
[2025-01-28T13:55:24.495+0000] {subprocess.py:93} INFO - INFO:kafka.consumer.subscription_state:Updating subscribed topics to: ('stock_prices_5min',)
[2025-01-28T13:55:24.755+0000] {subprocess.py:93} INFO - INFO:kafka.conn:<BrokerConnection node_id=1001 host=kafka:9092 <connecting> [IPv4 ('172.18.0.4', 9092)]>: connecting to kafka:9092 [('172.18.0.4', 9092) IPv4]
[2025-01-28T13:55:24.757+0000] {subprocess.py:93} INFO - INFO:kafka.conn:<BrokerConnection node_id=1001 host=kafka:9092 <connecting> [IPv4 ('172.18.0.4', 9092)]>: Connection complete.
[2025-01-28T13:55:24.760+0000] {subprocess.py:93} INFO - INFO:kafka.conn:<BrokerConnection node_id=bootstrap-0 host=kafka:9092 <connected> [IPv4 ('172.18.0.4', 9092)]>: Closing connection.
[2025-01-28T13:55:25.864+0000] {subprocess.py:93} INFO - INFO:kafka.cluster:Group coordinator for stock_pipeline_5min is BrokerMetadata(nodeId='coordinator-1001', host='kafka', port=9092, rack=None)
[2025-01-28T13:55:25.866+0000] {subprocess.py:93} INFO - INFO:kafka.coordinator:Discovered coordinator coordinator-1001 for group stock_pipeline_5min
[2025-01-28T13:55:25.866+0000] {subprocess.py:93} INFO - INFO:kafka.coordinator:Starting new heartbeat thread
[2025-01-28T13:55:25.867+0000] {subprocess.py:93} INFO - INFO:kafka.coordinator.consumer:Revoking previously assigned partitions set() for group stock_pipeline_5min
[2025-01-28T13:55:25.867+0000] {subprocess.py:93} INFO - INFO:kafka.conn:<BrokerConnection node_id=coordinator-1001 host=kafka:9092 <connecting> [IPv4 ('172.18.0.4', 9092)]>: connecting to kafka:9092 [('172.18.0.4', 9092) IPv4]
[2025-01-28T13:55:25.868+0000] {subprocess.py:93} INFO - INFO:kafka.conn:<BrokerConnection node_id=coordinator-1001 host=kafka:9092 <connecting> [IPv4 ('172.18.0.4', 9092)]>: Connection complete.
[2025-01-28T13:55:25.970+0000] {subprocess.py:93} INFO - INFO:kafka.coordinator:(Re-)joining group stock_pipeline_5min
[2025-01-28T13:55:29.025+0000] {subprocess.py:93} INFO - INFO:kafka.coordinator:Elected group leader -- performing partition assignments using range
[2025-01-28T13:55:29.066+0000] {subprocess.py:93} INFO - INFO:kafka.coordinator:Successfully joined group stock_pipeline_5min with generation 1
[2025-01-28T13:55:29.067+0000] {subprocess.py:93} INFO - INFO:kafka.consumer.subscription_state:Updated partition assignment: [TopicPartition(topic='stock_prices_5min', partition=0)]
[2025-01-28T13:55:29.067+0000] {subprocess.py:93} INFO - INFO:kafka.coordinator.consumer:Setting newly assigned partitions {TopicPartition(topic='stock_prices_5min', partition=0)} for group stock_pipeline_5min
[2025-01-28T13:55:29.478+0000] {subprocess.py:93} INFO - INFO:__main__:Inserted Intraday data for symbol: AAPL into RAW TABLE
[2025-01-28T13:55:29.524+0000] {subprocess.py:93} INFO - INFO:__main__:Inserted Intraday data for symbol: AAPL into STAGING TABLE
[2025-01-28T13:55:29.600+0000] {subprocess.py:93} INFO - INFO:__main__:Inserted Intraday data for symbol: GOOGL into RAW TABLE
[2025-01-28T13:55:29.645+0000] {subprocess.py:93} INFO - INFO:__main__:Inserted Intraday data for symbol: GOOGL into STAGING TABLE
[2025-01-28T13:55:29.724+0000] {subprocess.py:93} INFO - INFO:__main__:Inserted Intraday data for symbol: MSFT into RAW TABLE
[2025-01-28T13:55:29.771+0000] {subprocess.py:93} INFO - INFO:__main__:Inserted Intraday data for symbol: MSFT into STAGING TABLE
[2025-01-28T14:12:24.328+0000] {local_task_job_runner.py:274} WARNING - Recorded pid 142 does not match the current pid 103
[2025-01-28T14:12:24.330+0000] {process_utils.py:131} INFO - Sending Signals.SIGTERM to group 103. PIDs of all processes in the group: [104, 103]
[2025-01-28T14:12:24.331+0000] {process_utils.py:86} INFO - Sending the signal Signals.SIGTERM to group 103
[2025-01-28T14:12:24.331+0000] {taskinstance.py:1632} ERROR - Received SIGTERM. Terminating subprocesses.
[2025-01-28T14:12:24.332+0000] {subprocess.py:104} INFO - Sending SIGTERM signal to process group
[2025-01-28T14:12:24.341+0000] {taskinstance.py:1943} ERROR - Task failed with exception
Traceback (most recent call last):
  File "/home/airflow/.local/lib/python3.8/site-packages/airflow/operators/bash.py", line 201, in execute
    result = self.subprocess_hook.run_command(
  File "/home/airflow/.local/lib/python3.8/site-packages/airflow/hooks/subprocess.py", line 91, in run_command
    for raw_line in iter(self.sub_process.stdout.readline, b""):
  File "/home/airflow/.local/lib/python3.8/site-packages/airflow/models/taskinstance.py", line 1634, in signal_handler
    raise AirflowException("Task received SIGTERM signal")
airflow.exceptions.AirflowException: Task received SIGTERM signal
[2025-01-28T14:12:24.348+0000] {taskinstance.py:1400} INFO - Marking task as FAILED. dag_id=stock_price_pipeline_intraday, task_id=start_consumer_intraday, execution_date=20250128T135501, start_date=20250128T141223, end_date=20250128T141224
[2025-01-28T14:12:24.365+0000] {standard_task_runner.py:104} ERROR - Failed to execute job 4 for task start_consumer_intraday (Task received SIGTERM signal; 103)
[2025-01-28T14:12:24.388+0000] {process_utils.py:79} INFO - Process psutil.Process(pid=104, status='terminated', started='13:55:21') (104) terminated with exit code None
[2025-01-28T14:12:24.390+0000] {process_utils.py:79} INFO - Process psutil.Process(pid=103, status='terminated', exitcode=1, started='13:55:20') (103) terminated with exit code 1
