[2025-01-31T09:41:03.992+0000] {processor.py:157} INFO - Started process (PID=30) to work on /opt/airflow/dags/stock_pipeline_dag.py
[2025-01-31T09:41:03.996+0000] {processor.py:829} INFO - Processing file /opt/airflow/dags/stock_pipeline_dag.py for tasks to queue
[2025-01-31T09:41:04.001+0000] {logging_mixin.py:151} INFO - [2025-01-31T09:41:03.999+0000] {dagbag.py:539} INFO - Filling up the DagBag from /opt/airflow/dags/stock_pipeline_dag.py
[2025-01-31T09:41:04.063+0000] {processor.py:839} INFO - DAG(s) dict_keys(['stock_price_pipeline_daily', 'stock_price_pipeline_intraday']) retrieved from /opt/airflow/dags/stock_pipeline_dag.py
[2025-01-31T09:41:04.444+0000] {logging_mixin.py:151} INFO - [2025-01-31T09:41:04.443+0000] {manager.py:501} INFO - Created Permission View: can edit on DAG:stock_price_pipeline_daily
[2025-01-31T09:41:04.465+0000] {logging_mixin.py:151} INFO - [2025-01-31T09:41:04.464+0000] {manager.py:501} INFO - Created Permission View: can read on DAG:stock_price_pipeline_daily
[2025-01-31T09:41:04.496+0000] {logging_mixin.py:151} INFO - [2025-01-31T09:41:04.495+0000] {manager.py:501} INFO - Created Permission View: can delete on DAG:stock_price_pipeline_daily
[2025-01-31T09:41:04.598+0000] {logging_mixin.py:151} INFO - [2025-01-31T09:41:04.597+0000] {manager.py:501} INFO - Created Permission View: can edit on DAG:stock_price_pipeline_intraday
[2025-01-31T09:41:04.610+0000] {logging_mixin.py:151} INFO - [2025-01-31T09:41:04.609+0000] {manager.py:501} INFO - Created Permission View: can read on DAG:stock_price_pipeline_intraday
[2025-01-31T09:41:04.623+0000] {logging_mixin.py:151} INFO - [2025-01-31T09:41:04.622+0000] {manager.py:501} INFO - Created Permission View: can delete on DAG:stock_price_pipeline_intraday
[2025-01-31T09:41:04.631+0000] {logging_mixin.py:151} INFO - [2025-01-31T09:41:04.630+0000] {dag.py:2907} INFO - Sync 2 DAGs
[2025-01-31T09:41:04.650+0000] {logging_mixin.py:151} INFO - [2025-01-31T09:41:04.650+0000] {dag.py:2929} INFO - Creating ORM DAG for stock_price_pipeline_daily
[2025-01-31T09:41:04.651+0000] {logging_mixin.py:151} INFO - [2025-01-31T09:41:04.651+0000] {dag.py:2929} INFO - Creating ORM DAG for stock_price_pipeline_intraday
[2025-01-31T09:41:04.674+0000] {logging_mixin.py:151} INFO - [2025-01-31T09:41:04.673+0000] {dag.py:3677} INFO - Setting next_dagrun for stock_price_pipeline_daily to 2025-02-01T00:00:00+00:00, run_after=2025-02-02T00:00:00+00:00
[2025-01-31T09:41:04.678+0000] {logging_mixin.py:151} INFO - [2025-01-31T09:41:04.678+0000] {dag.py:3677} INFO - Setting next_dagrun for stock_price_pipeline_intraday to 2025-01-31T10:00:00+00:00, run_after=2025-01-31T11:00:00+00:00
[2025-01-31T09:41:04.713+0000] {processor.py:179} INFO - Processing /opt/airflow/dags/stock_pipeline_dag.py took 0.737 seconds
[2025-01-31T09:41:35.209+0000] {processor.py:157} INFO - Started process (PID=40) to work on /opt/airflow/dags/stock_pipeline_dag.py
[2025-01-31T09:41:35.211+0000] {processor.py:829} INFO - Processing file /opt/airflow/dags/stock_pipeline_dag.py for tasks to queue
[2025-01-31T09:41:35.212+0000] {logging_mixin.py:151} INFO - [2025-01-31T09:41:35.212+0000] {dagbag.py:539} INFO - Filling up the DagBag from /opt/airflow/dags/stock_pipeline_dag.py
[2025-01-31T09:41:35.249+0000] {processor.py:839} INFO - DAG(s) dict_keys(['stock_price_pipeline_daily', 'stock_price_pipeline_intraday']) retrieved from /opt/airflow/dags/stock_pipeline_dag.py
[2025-01-31T09:41:35.478+0000] {logging_mixin.py:151} INFO - [2025-01-31T09:41:35.478+0000] {dag.py:2907} INFO - Sync 2 DAGs
[2025-01-31T09:41:35.517+0000] {logging_mixin.py:151} INFO - [2025-01-31T09:41:35.516+0000] {dag.py:3677} INFO - Setting next_dagrun for stock_price_pipeline_daily to 2025-02-01T00:00:00+00:00, run_after=2025-02-02T00:00:00+00:00
[2025-01-31T09:41:35.523+0000] {logging_mixin.py:151} INFO - [2025-01-31T09:41:35.523+0000] {dag.py:3677} INFO - Setting next_dagrun for stock_price_pipeline_intraday to 2025-01-31T10:00:00+00:00, run_after=2025-01-31T11:00:00+00:00
[2025-01-31T09:41:35.575+0000] {processor.py:179} INFO - Processing /opt/airflow/dags/stock_pipeline_dag.py took 0.371 seconds
[2025-01-31T09:42:06.609+0000] {processor.py:157} INFO - Started process (PID=47) to work on /opt/airflow/dags/stock_pipeline_dag.py
[2025-01-31T09:42:06.610+0000] {processor.py:829} INFO - Processing file /opt/airflow/dags/stock_pipeline_dag.py for tasks to queue
[2025-01-31T09:42:06.612+0000] {logging_mixin.py:151} INFO - [2025-01-31T09:42:06.611+0000] {dagbag.py:539} INFO - Filling up the DagBag from /opt/airflow/dags/stock_pipeline_dag.py
[2025-01-31T09:42:06.639+0000] {processor.py:839} INFO - DAG(s) dict_keys(['stock_price_pipeline_daily', 'stock_price_pipeline_intraday']) retrieved from /opt/airflow/dags/stock_pipeline_dag.py
[2025-01-31T09:42:06.843+0000] {logging_mixin.py:151} INFO - [2025-01-31T09:42:06.842+0000] {dag.py:2907} INFO - Sync 2 DAGs
[2025-01-31T09:42:06.872+0000] {logging_mixin.py:151} INFO - [2025-01-31T09:42:06.872+0000] {dag.py:3677} INFO - Setting next_dagrun for stock_price_pipeline_daily to 2025-02-01T00:00:00+00:00, run_after=2025-02-02T00:00:00+00:00
[2025-01-31T09:42:06.878+0000] {logging_mixin.py:151} INFO - [2025-01-31T09:42:06.877+0000] {dag.py:3677} INFO - Setting next_dagrun for stock_price_pipeline_intraday to 2025-01-31T10:00:00+00:00, run_after=2025-01-31T11:00:00+00:00
[2025-01-31T09:42:06.911+0000] {processor.py:179} INFO - Processing /opt/airflow/dags/stock_pipeline_dag.py took 0.308 seconds
[2025-01-31T09:42:38.036+0000] {processor.py:157} INFO - Started process (PID=48) to work on /opt/airflow/dags/stock_pipeline_dag.py
[2025-01-31T09:42:38.038+0000] {processor.py:829} INFO - Processing file /opt/airflow/dags/stock_pipeline_dag.py for tasks to queue
[2025-01-31T09:42:38.039+0000] {logging_mixin.py:151} INFO - [2025-01-31T09:42:38.039+0000] {dagbag.py:539} INFO - Filling up the DagBag from /opt/airflow/dags/stock_pipeline_dag.py
[2025-01-31T09:42:38.066+0000] {processor.py:839} INFO - DAG(s) dict_keys(['stock_price_pipeline_intraday', 'stock_price_pipeline_daily']) retrieved from /opt/airflow/dags/stock_pipeline_dag.py
[2025-01-31T09:42:38.253+0000] {logging_mixin.py:151} INFO - [2025-01-31T09:42:38.253+0000] {dag.py:2907} INFO - Sync 2 DAGs
[2025-01-31T09:42:38.284+0000] {logging_mixin.py:151} INFO - [2025-01-31T09:42:38.284+0000] {dag.py:3677} INFO - Setting next_dagrun for stock_price_pipeline_daily to 2025-02-01T00:00:00+00:00, run_after=2025-02-02T00:00:00+00:00
[2025-01-31T09:42:38.290+0000] {logging_mixin.py:151} INFO - [2025-01-31T09:42:38.289+0000] {dag.py:3677} INFO - Setting next_dagrun for stock_price_pipeline_intraday to 2025-01-31T10:00:00+00:00, run_after=2025-01-31T11:00:00+00:00
[2025-01-31T09:42:38.324+0000] {processor.py:179} INFO - Processing /opt/airflow/dags/stock_pipeline_dag.py took 0.292 seconds
[2025-01-31T09:43:15.078+0000] {processor.py:157} INFO - Started process (PID=110) to work on /opt/airflow/dags/stock_pipeline_dag.py
[2025-01-31T09:43:15.079+0000] {processor.py:829} INFO - Processing file /opt/airflow/dags/stock_pipeline_dag.py for tasks to queue
[2025-01-31T09:43:15.082+0000] {logging_mixin.py:151} INFO - [2025-01-31T09:43:15.081+0000] {dagbag.py:539} INFO - Filling up the DagBag from /opt/airflow/dags/stock_pipeline_dag.py
[2025-01-31T09:43:15.111+0000] {processor.py:839} INFO - DAG(s) dict_keys(['stock_price_pipeline_intraday', 'stock_price_pipeline_daily']) retrieved from /opt/airflow/dags/stock_pipeline_dag.py
[2025-01-31T09:43:15.322+0000] {logging_mixin.py:151} INFO - [2025-01-31T09:43:15.321+0000] {dag.py:2907} INFO - Sync 2 DAGs
[2025-01-31T09:43:15.357+0000] {logging_mixin.py:151} INFO - [2025-01-31T09:43:15.357+0000] {dag.py:3677} INFO - Setting next_dagrun for stock_price_pipeline_daily to 2025-02-01T00:00:00+00:00, run_after=2025-02-02T00:00:00+00:00
[2025-01-31T09:43:15.365+0000] {logging_mixin.py:151} INFO - [2025-01-31T09:43:15.365+0000] {dag.py:3677} INFO - Setting next_dagrun for stock_price_pipeline_intraday to 2025-01-31T10:00:00+00:00, run_after=2025-01-31T11:00:00+00:00
[2025-01-31T09:43:15.406+0000] {processor.py:179} INFO - Processing /opt/airflow/dags/stock_pipeline_dag.py took 0.334 seconds
[2025-01-31T09:43:45.588+0000] {processor.py:157} INFO - Started process (PID=132) to work on /opt/airflow/dags/stock_pipeline_dag.py
[2025-01-31T09:43:45.590+0000] {processor.py:829} INFO - Processing file /opt/airflow/dags/stock_pipeline_dag.py for tasks to queue
[2025-01-31T09:43:45.591+0000] {logging_mixin.py:151} INFO - [2025-01-31T09:43:45.591+0000] {dagbag.py:539} INFO - Filling up the DagBag from /opt/airflow/dags/stock_pipeline_dag.py
[2025-01-31T09:43:45.620+0000] {processor.py:839} INFO - DAG(s) dict_keys(['stock_price_pipeline_intraday', 'stock_price_pipeline_daily']) retrieved from /opt/airflow/dags/stock_pipeline_dag.py
[2025-01-31T09:43:45.822+0000] {logging_mixin.py:151} INFO - [2025-01-31T09:43:45.822+0000] {dag.py:2907} INFO - Sync 2 DAGs
[2025-01-31T09:43:45.855+0000] {logging_mixin.py:151} INFO - [2025-01-31T09:43:45.855+0000] {dag.py:3677} INFO - Setting next_dagrun for stock_price_pipeline_daily to 2025-02-01T00:00:00+00:00, run_after=2025-02-02T00:00:00+00:00
[2025-01-31T09:43:45.861+0000] {logging_mixin.py:151} INFO - [2025-01-31T09:43:45.861+0000] {dag.py:3677} INFO - Setting next_dagrun for stock_price_pipeline_intraday to 2025-01-31T10:00:00+00:00, run_after=2025-01-31T11:00:00+00:00
[2025-01-31T09:43:45.892+0000] {processor.py:179} INFO - Processing /opt/airflow/dags/stock_pipeline_dag.py took 0.311 seconds
[2025-01-31T09:44:16.233+0000] {processor.py:157} INFO - Started process (PID=133) to work on /opt/airflow/dags/stock_pipeline_dag.py
[2025-01-31T09:44:16.234+0000] {processor.py:829} INFO - Processing file /opt/airflow/dags/stock_pipeline_dag.py for tasks to queue
[2025-01-31T09:44:16.236+0000] {logging_mixin.py:151} INFO - [2025-01-31T09:44:16.235+0000] {dagbag.py:539} INFO - Filling up the DagBag from /opt/airflow/dags/stock_pipeline_dag.py
[2025-01-31T09:44:16.266+0000] {processor.py:839} INFO - DAG(s) dict_keys(['stock_price_pipeline_intraday', 'stock_price_pipeline_daily']) retrieved from /opt/airflow/dags/stock_pipeline_dag.py
[2025-01-31T09:44:16.469+0000] {logging_mixin.py:151} INFO - [2025-01-31T09:44:16.468+0000] {dag.py:2907} INFO - Sync 2 DAGs
[2025-01-31T09:44:16.501+0000] {logging_mixin.py:151} INFO - [2025-01-31T09:44:16.501+0000] {dag.py:3677} INFO - Setting next_dagrun for stock_price_pipeline_daily to 2025-02-01T00:00:00+00:00, run_after=2025-02-02T00:00:00+00:00
[2025-01-31T09:44:16.508+0000] {logging_mixin.py:151} INFO - [2025-01-31T09:44:16.508+0000] {dag.py:3677} INFO - Setting next_dagrun for stock_price_pipeline_intraday to 2025-01-31T10:00:00+00:00, run_after=2025-01-31T11:00:00+00:00
[2025-01-31T09:44:16.541+0000] {processor.py:179} INFO - Processing /opt/airflow/dags/stock_pipeline_dag.py took 0.313 seconds
[2025-01-31T09:44:46.942+0000] {processor.py:157} INFO - Started process (PID=134) to work on /opt/airflow/dags/stock_pipeline_dag.py
[2025-01-31T09:44:46.944+0000] {processor.py:829} INFO - Processing file /opt/airflow/dags/stock_pipeline_dag.py for tasks to queue
[2025-01-31T09:44:46.945+0000] {logging_mixin.py:151} INFO - [2025-01-31T09:44:46.945+0000] {dagbag.py:539} INFO - Filling up the DagBag from /opt/airflow/dags/stock_pipeline_dag.py
[2025-01-31T09:44:46.973+0000] {processor.py:839} INFO - DAG(s) dict_keys(['stock_price_pipeline_daily', 'stock_price_pipeline_intraday']) retrieved from /opt/airflow/dags/stock_pipeline_dag.py
[2025-01-31T09:44:47.171+0000] {logging_mixin.py:151} INFO - [2025-01-31T09:44:47.170+0000] {dag.py:2907} INFO - Sync 2 DAGs
[2025-01-31T09:44:47.206+0000] {logging_mixin.py:151} INFO - [2025-01-31T09:44:47.205+0000] {dag.py:3677} INFO - Setting next_dagrun for stock_price_pipeline_daily to 2025-02-01T00:00:00+00:00, run_after=2025-02-02T00:00:00+00:00
[2025-01-31T09:44:47.211+0000] {logging_mixin.py:151} INFO - [2025-01-31T09:44:47.211+0000] {dag.py:3677} INFO - Setting next_dagrun for stock_price_pipeline_intraday to 2025-01-31T10:00:00+00:00, run_after=2025-01-31T11:00:00+00:00
[2025-01-31T09:44:47.250+0000] {processor.py:179} INFO - Processing /opt/airflow/dags/stock_pipeline_dag.py took 0.312 seconds
[2025-01-31T09:45:17.670+0000] {processor.py:157} INFO - Started process (PID=135) to work on /opt/airflow/dags/stock_pipeline_dag.py
[2025-01-31T09:45:17.673+0000] {processor.py:829} INFO - Processing file /opt/airflow/dags/stock_pipeline_dag.py for tasks to queue
[2025-01-31T09:45:17.676+0000] {logging_mixin.py:151} INFO - [2025-01-31T09:45:17.675+0000] {dagbag.py:539} INFO - Filling up the DagBag from /opt/airflow/dags/stock_pipeline_dag.py
[2025-01-31T09:45:17.809+0000] {processor.py:839} INFO - DAG(s) dict_keys(['stock_price_pipeline_daily', 'stock_price_pipeline_intraday']) retrieved from /opt/airflow/dags/stock_pipeline_dag.py
[2025-01-31T09:45:18.117+0000] {logging_mixin.py:151} INFO - [2025-01-31T09:45:18.117+0000] {dag.py:2907} INFO - Sync 2 DAGs
[2025-01-31T09:45:18.149+0000] {logging_mixin.py:151} INFO - [2025-01-31T09:45:18.149+0000] {dag.py:3677} INFO - Setting next_dagrun for stock_price_pipeline_daily to 2025-02-01T00:00:00+00:00, run_after=2025-02-02T00:00:00+00:00
[2025-01-31T09:45:18.155+0000] {logging_mixin.py:151} INFO - [2025-01-31T09:45:18.155+0000] {dag.py:3677} INFO - Setting next_dagrun for stock_price_pipeline_intraday to 2025-01-31T10:00:00+00:00, run_after=2025-01-31T11:00:00+00:00
[2025-01-31T09:45:18.206+0000] {processor.py:179} INFO - Processing /opt/airflow/dags/stock_pipeline_dag.py took 0.543 seconds
[2025-01-31T09:45:48.522+0000] {processor.py:157} INFO - Started process (PID=136) to work on /opt/airflow/dags/stock_pipeline_dag.py
[2025-01-31T09:45:48.523+0000] {processor.py:829} INFO - Processing file /opt/airflow/dags/stock_pipeline_dag.py for tasks to queue
[2025-01-31T09:45:48.525+0000] {logging_mixin.py:151} INFO - [2025-01-31T09:45:48.524+0000] {dagbag.py:539} INFO - Filling up the DagBag from /opt/airflow/dags/stock_pipeline_dag.py
[2025-01-31T09:45:48.552+0000] {processor.py:839} INFO - DAG(s) dict_keys(['stock_price_pipeline_intraday', 'stock_price_pipeline_daily']) retrieved from /opt/airflow/dags/stock_pipeline_dag.py
[2025-01-31T09:45:48.731+0000] {logging_mixin.py:151} INFO - [2025-01-31T09:45:48.731+0000] {dag.py:2907} INFO - Sync 2 DAGs
[2025-01-31T09:45:48.759+0000] {logging_mixin.py:151} INFO - [2025-01-31T09:45:48.759+0000] {dag.py:3677} INFO - Setting next_dagrun for stock_price_pipeline_daily to 2025-02-01T00:00:00+00:00, run_after=2025-02-02T00:00:00+00:00
[2025-01-31T09:45:48.764+0000] {logging_mixin.py:151} INFO - [2025-01-31T09:45:48.764+0000] {dag.py:3677} INFO - Setting next_dagrun for stock_price_pipeline_intraday to 2025-01-31T10:00:00+00:00, run_after=2025-01-31T11:00:00+00:00
[2025-01-31T09:45:48.797+0000] {processor.py:179} INFO - Processing /opt/airflow/dags/stock_pipeline_dag.py took 0.280 seconds
[2025-01-31T09:46:19.034+0000] {processor.py:157} INFO - Started process (PID=137) to work on /opt/airflow/dags/stock_pipeline_dag.py
[2025-01-31T09:46:19.035+0000] {processor.py:829} INFO - Processing file /opt/airflow/dags/stock_pipeline_dag.py for tasks to queue
[2025-01-31T09:46:19.037+0000] {logging_mixin.py:151} INFO - [2025-01-31T09:46:19.036+0000] {dagbag.py:539} INFO - Filling up the DagBag from /opt/airflow/dags/stock_pipeline_dag.py
[2025-01-31T09:46:19.072+0000] {processor.py:839} INFO - DAG(s) dict_keys(['stock_price_pipeline_intraday', 'stock_price_pipeline_daily']) retrieved from /opt/airflow/dags/stock_pipeline_dag.py
[2025-01-31T09:46:19.256+0000] {logging_mixin.py:151} INFO - [2025-01-31T09:46:19.256+0000] {dag.py:2907} INFO - Sync 2 DAGs
[2025-01-31T09:46:19.283+0000] {logging_mixin.py:151} INFO - [2025-01-31T09:46:19.283+0000] {dag.py:3677} INFO - Setting next_dagrun for stock_price_pipeline_daily to 2025-02-01T00:00:00+00:00, run_after=2025-02-02T00:00:00+00:00
[2025-01-31T09:46:19.290+0000] {logging_mixin.py:151} INFO - [2025-01-31T09:46:19.289+0000] {dag.py:3677} INFO - Setting next_dagrun for stock_price_pipeline_intraday to 2025-01-31T10:00:00+00:00, run_after=2025-01-31T11:00:00+00:00
[2025-01-31T09:46:19.455+0000] {processor.py:179} INFO - Processing /opt/airflow/dags/stock_pipeline_dag.py took 0.427 seconds
[2025-01-31T09:46:49.784+0000] {processor.py:157} INFO - Started process (PID=138) to work on /opt/airflow/dags/stock_pipeline_dag.py
[2025-01-31T09:46:49.785+0000] {processor.py:829} INFO - Processing file /opt/airflow/dags/stock_pipeline_dag.py for tasks to queue
[2025-01-31T09:46:49.787+0000] {logging_mixin.py:151} INFO - [2025-01-31T09:46:49.786+0000] {dagbag.py:539} INFO - Filling up the DagBag from /opt/airflow/dags/stock_pipeline_dag.py
[2025-01-31T09:46:49.814+0000] {processor.py:839} INFO - DAG(s) dict_keys(['stock_price_pipeline_daily', 'stock_price_pipeline_intraday']) retrieved from /opt/airflow/dags/stock_pipeline_dag.py
[2025-01-31T09:46:50.009+0000] {logging_mixin.py:151} INFO - [2025-01-31T09:46:50.008+0000] {dag.py:2907} INFO - Sync 2 DAGs
[2025-01-31T09:46:50.037+0000] {logging_mixin.py:151} INFO - [2025-01-31T09:46:50.037+0000] {dag.py:3677} INFO - Setting next_dagrun for stock_price_pipeline_daily to 2025-02-01T00:00:00+00:00, run_after=2025-02-02T00:00:00+00:00
[2025-01-31T09:46:50.180+0000] {logging_mixin.py:151} INFO - [2025-01-31T09:46:50.179+0000] {dag.py:3677} INFO - Setting next_dagrun for stock_price_pipeline_intraday to 2025-01-31T10:00:00+00:00, run_after=2025-01-31T11:00:00+00:00
[2025-01-31T09:46:50.212+0000] {processor.py:179} INFO - Processing /opt/airflow/dags/stock_pipeline_dag.py took 0.433 seconds
[2025-01-31T09:47:20.403+0000] {processor.py:157} INFO - Started process (PID=139) to work on /opt/airflow/dags/stock_pipeline_dag.py
[2025-01-31T09:47:20.405+0000] {processor.py:829} INFO - Processing file /opt/airflow/dags/stock_pipeline_dag.py for tasks to queue
[2025-01-31T09:47:20.407+0000] {logging_mixin.py:151} INFO - [2025-01-31T09:47:20.406+0000] {dagbag.py:539} INFO - Filling up the DagBag from /opt/airflow/dags/stock_pipeline_dag.py
[2025-01-31T09:47:20.435+0000] {processor.py:839} INFO - DAG(s) dict_keys(['stock_price_pipeline_daily', 'stock_price_pipeline_intraday']) retrieved from /opt/airflow/dags/stock_pipeline_dag.py
[2025-01-31T09:47:20.610+0000] {logging_mixin.py:151} INFO - [2025-01-31T09:47:20.609+0000] {dag.py:2907} INFO - Sync 2 DAGs
[2025-01-31T09:47:20.772+0000] {logging_mixin.py:151} INFO - [2025-01-31T09:47:20.772+0000] {dag.py:3677} INFO - Setting next_dagrun for stock_price_pipeline_daily to 2025-02-01T00:00:00+00:00, run_after=2025-02-02T00:00:00+00:00
[2025-01-31T09:47:20.777+0000] {logging_mixin.py:151} INFO - [2025-01-31T09:47:20.777+0000] {dag.py:3677} INFO - Setting next_dagrun for stock_price_pipeline_intraday to 2025-01-31T10:00:00+00:00, run_after=2025-01-31T11:00:00+00:00
[2025-01-31T09:47:20.808+0000] {processor.py:179} INFO - Processing /opt/airflow/dags/stock_pipeline_dag.py took 0.410 seconds
[2025-01-31T09:47:51.234+0000] {processor.py:157} INFO - Started process (PID=140) to work on /opt/airflow/dags/stock_pipeline_dag.py
[2025-01-31T09:47:51.237+0000] {processor.py:829} INFO - Processing file /opt/airflow/dags/stock_pipeline_dag.py for tasks to queue
[2025-01-31T09:47:51.238+0000] {logging_mixin.py:151} INFO - [2025-01-31T09:47:51.238+0000] {dagbag.py:539} INFO - Filling up the DagBag from /opt/airflow/dags/stock_pipeline_dag.py
[2025-01-31T09:47:51.268+0000] {processor.py:839} INFO - DAG(s) dict_keys(['stock_price_pipeline_intraday', 'stock_price_pipeline_daily']) retrieved from /opt/airflow/dags/stock_pipeline_dag.py
[2025-01-31T09:47:51.451+0000] {logging_mixin.py:151} INFO - [2025-01-31T09:47:51.451+0000] {dag.py:2907} INFO - Sync 2 DAGs
[2025-01-31T09:47:51.629+0000] {logging_mixin.py:151} INFO - [2025-01-31T09:47:51.629+0000] {dag.py:3677} INFO - Setting next_dagrun for stock_price_pipeline_daily to 2025-02-01T00:00:00+00:00, run_after=2025-02-02T00:00:00+00:00
[2025-01-31T09:47:51.633+0000] {logging_mixin.py:151} INFO - [2025-01-31T09:47:51.633+0000] {dag.py:3677} INFO - Setting next_dagrun for stock_price_pipeline_intraday to 2025-01-31T10:00:00+00:00, run_after=2025-01-31T11:00:00+00:00
[2025-01-31T09:47:51.669+0000] {processor.py:179} INFO - Processing /opt/airflow/dags/stock_pipeline_dag.py took 0.440 seconds
[2025-01-31T09:48:27.023+0000] {processor.py:157} INFO - Started process (PID=162) to work on /opt/airflow/dags/stock_pipeline_dag.py
[2025-01-31T09:48:27.025+0000] {processor.py:829} INFO - Processing file /opt/airflow/dags/stock_pipeline_dag.py for tasks to queue
[2025-01-31T09:48:27.026+0000] {logging_mixin.py:151} INFO - [2025-01-31T09:48:27.026+0000] {dagbag.py:539} INFO - Filling up the DagBag from /opt/airflow/dags/stock_pipeline_dag.py
[2025-01-31T09:48:27.054+0000] {processor.py:839} INFO - DAG(s) dict_keys(['stock_price_pipeline_daily', 'stock_price_pipeline_intraday']) retrieved from /opt/airflow/dags/stock_pipeline_dag.py
[2025-01-31T09:48:27.234+0000] {logging_mixin.py:151} INFO - [2025-01-31T09:48:27.234+0000] {dag.py:2907} INFO - Sync 2 DAGs
[2025-01-31T09:48:27.399+0000] {logging_mixin.py:151} INFO - [2025-01-31T09:48:27.398+0000] {dag.py:3677} INFO - Setting next_dagrun for stock_price_pipeline_daily to 2025-02-01T00:00:00+00:00, run_after=2025-02-02T00:00:00+00:00
[2025-01-31T09:48:27.403+0000] {logging_mixin.py:151} INFO - [2025-01-31T09:48:27.403+0000] {dag.py:3677} INFO - Setting next_dagrun for stock_price_pipeline_intraday to 2025-01-31T10:00:00+00:00, run_after=2025-01-31T11:00:00+00:00
[2025-01-31T09:48:27.429+0000] {processor.py:179} INFO - Processing /opt/airflow/dags/stock_pipeline_dag.py took 0.410 seconds
[2025-01-31T09:48:58.153+0000] {processor.py:157} INFO - Started process (PID=202) to work on /opt/airflow/dags/stock_pipeline_dag.py
[2025-01-31T09:48:58.155+0000] {processor.py:829} INFO - Processing file /opt/airflow/dags/stock_pipeline_dag.py for tasks to queue
[2025-01-31T09:48:58.156+0000] {logging_mixin.py:151} INFO - [2025-01-31T09:48:58.156+0000] {dagbag.py:539} INFO - Filling up the DagBag from /opt/airflow/dags/stock_pipeline_dag.py
[2025-01-31T09:48:58.184+0000] {processor.py:839} INFO - DAG(s) dict_keys(['stock_price_pipeline_daily', 'stock_price_pipeline_intraday']) retrieved from /opt/airflow/dags/stock_pipeline_dag.py
[2025-01-31T09:48:58.494+0000] {logging_mixin.py:151} INFO - [2025-01-31T09:48:58.494+0000] {dag.py:2907} INFO - Sync 2 DAGs
[2025-01-31T09:48:58.521+0000] {logging_mixin.py:151} INFO - [2025-01-31T09:48:58.521+0000] {dag.py:3677} INFO - Setting next_dagrun for stock_price_pipeline_daily to 2025-02-01T00:00:00+00:00, run_after=2025-02-02T00:00:00+00:00
[2025-01-31T09:48:58.526+0000] {logging_mixin.py:151} INFO - [2025-01-31T09:48:58.526+0000] {dag.py:3677} INFO - Setting next_dagrun for stock_price_pipeline_intraday to 2025-01-31T10:00:00+00:00, run_after=2025-01-31T11:00:00+00:00
[2025-01-31T09:48:58.557+0000] {processor.py:179} INFO - Processing /opt/airflow/dags/stock_pipeline_dag.py took 0.409 seconds
[2025-01-31T09:49:28.761+0000] {processor.py:157} INFO - Started process (PID=203) to work on /opt/airflow/dags/stock_pipeline_dag.py
[2025-01-31T09:49:28.762+0000] {processor.py:829} INFO - Processing file /opt/airflow/dags/stock_pipeline_dag.py for tasks to queue
[2025-01-31T09:49:28.764+0000] {logging_mixin.py:151} INFO - [2025-01-31T09:49:28.763+0000] {dagbag.py:539} INFO - Filling up the DagBag from /opt/airflow/dags/stock_pipeline_dag.py
[2025-01-31T09:49:28.791+0000] {processor.py:839} INFO - DAG(s) dict_keys(['stock_price_pipeline_intraday', 'stock_price_pipeline_daily']) retrieved from /opt/airflow/dags/stock_pipeline_dag.py
[2025-01-31T09:49:29.104+0000] {logging_mixin.py:151} INFO - [2025-01-31T09:49:29.104+0000] {dag.py:2907} INFO - Sync 2 DAGs
[2025-01-31T09:49:29.129+0000] {logging_mixin.py:151} INFO - [2025-01-31T09:49:29.129+0000] {dag.py:3677} INFO - Setting next_dagrun for stock_price_pipeline_daily to 2025-02-01T00:00:00+00:00, run_after=2025-02-02T00:00:00+00:00
[2025-01-31T09:49:29.134+0000] {logging_mixin.py:151} INFO - [2025-01-31T09:49:29.134+0000] {dag.py:3677} INFO - Setting next_dagrun for stock_price_pipeline_intraday to 2025-01-31T10:00:00+00:00, run_after=2025-01-31T11:00:00+00:00
[2025-01-31T09:49:29.164+0000] {processor.py:179} INFO - Processing /opt/airflow/dags/stock_pipeline_dag.py took 0.408 seconds
[2025-01-31T09:49:59.375+0000] {processor.py:157} INFO - Started process (PID=204) to work on /opt/airflow/dags/stock_pipeline_dag.py
[2025-01-31T09:49:59.377+0000] {processor.py:829} INFO - Processing file /opt/airflow/dags/stock_pipeline_dag.py for tasks to queue
[2025-01-31T09:49:59.379+0000] {logging_mixin.py:151} INFO - [2025-01-31T09:49:59.378+0000] {dagbag.py:539} INFO - Filling up the DagBag from /opt/airflow/dags/stock_pipeline_dag.py
[2025-01-31T09:49:59.410+0000] {processor.py:839} INFO - DAG(s) dict_keys(['stock_price_pipeline_intraday', 'stock_price_pipeline_daily']) retrieved from /opt/airflow/dags/stock_pipeline_dag.py
[2025-01-31T09:49:59.743+0000] {logging_mixin.py:151} INFO - [2025-01-31T09:49:59.743+0000] {dag.py:2907} INFO - Sync 2 DAGs
[2025-01-31T09:49:59.767+0000] {logging_mixin.py:151} INFO - [2025-01-31T09:49:59.767+0000] {dag.py:3677} INFO - Setting next_dagrun for stock_price_pipeline_daily to 2025-02-01T00:00:00+00:00, run_after=2025-02-02T00:00:00+00:00
[2025-01-31T09:49:59.771+0000] {logging_mixin.py:151} INFO - [2025-01-31T09:49:59.771+0000] {dag.py:3677} INFO - Setting next_dagrun for stock_price_pipeline_intraday to 2025-01-31T10:00:00+00:00, run_after=2025-01-31T11:00:00+00:00
[2025-01-31T09:49:59.802+0000] {processor.py:179} INFO - Processing /opt/airflow/dags/stock_pipeline_dag.py took 0.432 seconds
[2025-01-31T09:50:29.987+0000] {processor.py:157} INFO - Started process (PID=205) to work on /opt/airflow/dags/stock_pipeline_dag.py
[2025-01-31T09:50:29.989+0000] {processor.py:829} INFO - Processing file /opt/airflow/dags/stock_pipeline_dag.py for tasks to queue
[2025-01-31T09:50:29.991+0000] {logging_mixin.py:151} INFO - [2025-01-31T09:50:29.990+0000] {dagbag.py:539} INFO - Filling up the DagBag from /opt/airflow/dags/stock_pipeline_dag.py
[2025-01-31T09:50:30.023+0000] {processor.py:839} INFO - DAG(s) dict_keys(['stock_price_pipeline_daily', 'stock_price_pipeline_intraday']) retrieved from /opt/airflow/dags/stock_pipeline_dag.py
[2025-01-31T09:50:30.403+0000] {logging_mixin.py:151} INFO - [2025-01-31T09:50:30.403+0000] {dag.py:2907} INFO - Sync 2 DAGs
[2025-01-31T09:50:30.428+0000] {logging_mixin.py:151} INFO - [2025-01-31T09:50:30.428+0000] {dag.py:3677} INFO - Setting next_dagrun for stock_price_pipeline_daily to 2025-02-01T00:00:00+00:00, run_after=2025-02-02T00:00:00+00:00
[2025-01-31T09:50:30.442+0000] {logging_mixin.py:151} INFO - [2025-01-31T09:50:30.442+0000] {dag.py:3677} INFO - Setting next_dagrun for stock_price_pipeline_intraday to 2025-01-31T10:00:00+00:00, run_after=2025-01-31T11:00:00+00:00
[2025-01-31T09:50:30.479+0000] {processor.py:179} INFO - Processing /opt/airflow/dags/stock_pipeline_dag.py took 0.497 seconds
[2025-01-31T09:51:00.619+0000] {processor.py:157} INFO - Started process (PID=206) to work on /opt/airflow/dags/stock_pipeline_dag.py
[2025-01-31T09:51:00.621+0000] {processor.py:829} INFO - Processing file /opt/airflow/dags/stock_pipeline_dag.py for tasks to queue
[2025-01-31T09:51:00.622+0000] {logging_mixin.py:151} INFO - [2025-01-31T09:51:00.622+0000] {dagbag.py:539} INFO - Filling up the DagBag from /opt/airflow/dags/stock_pipeline_dag.py
[2025-01-31T09:51:00.650+0000] {processor.py:839} INFO - DAG(s) dict_keys(['stock_price_pipeline_intraday', 'stock_price_pipeline_daily']) retrieved from /opt/airflow/dags/stock_pipeline_dag.py
[2025-01-31T09:51:00.967+0000] {logging_mixin.py:151} INFO - [2025-01-31T09:51:00.967+0000] {dag.py:2907} INFO - Sync 2 DAGs
[2025-01-31T09:51:00.991+0000] {logging_mixin.py:151} INFO - [2025-01-31T09:51:00.991+0000] {dag.py:3677} INFO - Setting next_dagrun for stock_price_pipeline_daily to 2025-02-01T00:00:00+00:00, run_after=2025-02-02T00:00:00+00:00
[2025-01-31T09:51:00.996+0000] {logging_mixin.py:151} INFO - [2025-01-31T09:51:00.996+0000] {dag.py:3677} INFO - Setting next_dagrun for stock_price_pipeline_intraday to 2025-01-31T10:00:00+00:00, run_after=2025-01-31T11:00:00+00:00
[2025-01-31T09:51:01.027+0000] {processor.py:179} INFO - Processing /opt/airflow/dags/stock_pipeline_dag.py took 0.413 seconds
[2025-01-31T09:51:31.235+0000] {processor.py:157} INFO - Started process (PID=207) to work on /opt/airflow/dags/stock_pipeline_dag.py
[2025-01-31T09:51:31.237+0000] {processor.py:829} INFO - Processing file /opt/airflow/dags/stock_pipeline_dag.py for tasks to queue
[2025-01-31T09:51:31.239+0000] {logging_mixin.py:151} INFO - [2025-01-31T09:51:31.238+0000] {dagbag.py:539} INFO - Filling up the DagBag from /opt/airflow/dags/stock_pipeline_dag.py
[2025-01-31T09:51:31.269+0000] {processor.py:839} INFO - DAG(s) dict_keys(['stock_price_pipeline_intraday', 'stock_price_pipeline_daily']) retrieved from /opt/airflow/dags/stock_pipeline_dag.py
[2025-01-31T09:51:31.447+0000] {logging_mixin.py:151} INFO - [2025-01-31T09:51:31.446+0000] {dag.py:2907} INFO - Sync 2 DAGs
[2025-01-31T09:51:31.475+0000] {logging_mixin.py:151} INFO - [2025-01-31T09:51:31.475+0000] {dag.py:3677} INFO - Setting next_dagrun for stock_price_pipeline_daily to 2025-02-01T00:00:00+00:00, run_after=2025-02-02T00:00:00+00:00
[2025-01-31T09:51:31.614+0000] {logging_mixin.py:151} INFO - [2025-01-31T09:51:31.614+0000] {dag.py:3677} INFO - Setting next_dagrun for stock_price_pipeline_intraday to 2025-01-31T10:00:00+00:00, run_after=2025-01-31T11:00:00+00:00
[2025-01-31T09:51:31.655+0000] {processor.py:179} INFO - Processing /opt/airflow/dags/stock_pipeline_dag.py took 0.424 seconds
[2025-01-31T09:52:01.842+0000] {processor.py:157} INFO - Started process (PID=208) to work on /opt/airflow/dags/stock_pipeline_dag.py
[2025-01-31T09:52:01.844+0000] {processor.py:829} INFO - Processing file /opt/airflow/dags/stock_pipeline_dag.py for tasks to queue
[2025-01-31T09:52:01.847+0000] {logging_mixin.py:151} INFO - [2025-01-31T09:52:01.846+0000] {dagbag.py:539} INFO - Filling up the DagBag from /opt/airflow/dags/stock_pipeline_dag.py
[2025-01-31T09:52:01.881+0000] {processor.py:839} INFO - DAG(s) dict_keys(['stock_price_pipeline_daily', 'stock_price_pipeline_intraday']) retrieved from /opt/airflow/dags/stock_pipeline_dag.py
[2025-01-31T09:52:02.070+0000] {logging_mixin.py:151} INFO - [2025-01-31T09:52:02.070+0000] {dag.py:2907} INFO - Sync 2 DAGs
[2025-01-31T09:52:02.259+0000] {logging_mixin.py:151} INFO - [2025-01-31T09:52:02.259+0000] {dag.py:3677} INFO - Setting next_dagrun for stock_price_pipeline_daily to 2025-02-01T00:00:00+00:00, run_after=2025-02-02T00:00:00+00:00
[2025-01-31T09:52:02.266+0000] {logging_mixin.py:151} INFO - [2025-01-31T09:52:02.266+0000] {dag.py:3677} INFO - Setting next_dagrun for stock_price_pipeline_intraday to 2025-01-31T10:00:00+00:00, run_after=2025-01-31T11:00:00+00:00
[2025-01-31T09:52:02.296+0000] {processor.py:179} INFO - Processing /opt/airflow/dags/stock_pipeline_dag.py took 0.459 seconds
[2025-01-31T09:52:32.452+0000] {processor.py:157} INFO - Started process (PID=209) to work on /opt/airflow/dags/stock_pipeline_dag.py
[2025-01-31T09:52:32.454+0000] {processor.py:829} INFO - Processing file /opt/airflow/dags/stock_pipeline_dag.py for tasks to queue
[2025-01-31T09:52:32.455+0000] {logging_mixin.py:151} INFO - [2025-01-31T09:52:32.455+0000] {dagbag.py:539} INFO - Filling up the DagBag from /opt/airflow/dags/stock_pipeline_dag.py
[2025-01-31T09:52:32.483+0000] {processor.py:839} INFO - DAG(s) dict_keys(['stock_price_pipeline_daily', 'stock_price_pipeline_intraday']) retrieved from /opt/airflow/dags/stock_pipeline_dag.py
[2025-01-31T09:52:32.692+0000] {logging_mixin.py:151} INFO - [2025-01-31T09:52:32.691+0000] {dag.py:2907} INFO - Sync 2 DAGs
[2025-01-31T09:52:32.927+0000] {logging_mixin.py:151} INFO - [2025-01-31T09:52:32.926+0000] {dag.py:3677} INFO - Setting next_dagrun for stock_price_pipeline_daily to 2025-02-01T00:00:00+00:00, run_after=2025-02-02T00:00:00+00:00
[2025-01-31T09:52:32.934+0000] {logging_mixin.py:151} INFO - [2025-01-31T09:52:32.933+0000] {dag.py:3677} INFO - Setting next_dagrun for stock_price_pipeline_intraday to 2025-01-31T10:00:00+00:00, run_after=2025-01-31T11:00:00+00:00
[2025-01-31T09:52:32.972+0000] {processor.py:179} INFO - Processing /opt/airflow/dags/stock_pipeline_dag.py took 0.525 seconds
[2025-01-31T09:53:03.195+0000] {processor.py:157} INFO - Started process (PID=210) to work on /opt/airflow/dags/stock_pipeline_dag.py
[2025-01-31T09:53:03.197+0000] {processor.py:829} INFO - Processing file /opt/airflow/dags/stock_pipeline_dag.py for tasks to queue
[2025-01-31T09:53:03.198+0000] {logging_mixin.py:151} INFO - [2025-01-31T09:53:03.198+0000] {dagbag.py:539} INFO - Filling up the DagBag from /opt/airflow/dags/stock_pipeline_dag.py
[2025-01-31T09:53:03.226+0000] {processor.py:839} INFO - DAG(s) dict_keys(['stock_price_pipeline_daily', 'stock_price_pipeline_intraday']) retrieved from /opt/airflow/dags/stock_pipeline_dag.py
[2025-01-31T09:53:03.403+0000] {logging_mixin.py:151} INFO - [2025-01-31T09:53:03.403+0000] {dag.py:2907} INFO - Sync 2 DAGs
[2025-01-31T09:53:03.568+0000] {logging_mixin.py:151} INFO - [2025-01-31T09:53:03.568+0000] {dag.py:3677} INFO - Setting next_dagrun for stock_price_pipeline_daily to 2025-02-01T00:00:00+00:00, run_after=2025-02-02T00:00:00+00:00
[2025-01-31T09:53:03.573+0000] {logging_mixin.py:151} INFO - [2025-01-31T09:53:03.573+0000] {dag.py:3677} INFO - Setting next_dagrun for stock_price_pipeline_intraday to 2025-01-31T10:00:00+00:00, run_after=2025-01-31T11:00:00+00:00
[2025-01-31T09:53:03.605+0000] {processor.py:179} INFO - Processing /opt/airflow/dags/stock_pipeline_dag.py took 0.414 seconds
[2025-01-31T09:53:33.824+0000] {processor.py:157} INFO - Started process (PID=211) to work on /opt/airflow/dags/stock_pipeline_dag.py
[2025-01-31T09:53:33.827+0000] {processor.py:829} INFO - Processing file /opt/airflow/dags/stock_pipeline_dag.py for tasks to queue
[2025-01-31T09:53:33.829+0000] {logging_mixin.py:151} INFO - [2025-01-31T09:53:33.828+0000] {dagbag.py:539} INFO - Filling up the DagBag from /opt/airflow/dags/stock_pipeline_dag.py
[2025-01-31T09:53:33.870+0000] {processor.py:839} INFO - DAG(s) dict_keys(['stock_price_pipeline_intraday', 'stock_price_pipeline_daily']) retrieved from /opt/airflow/dags/stock_pipeline_dag.py
[2025-01-31T09:53:34.279+0000] {logging_mixin.py:151} INFO - [2025-01-31T09:53:34.278+0000] {dag.py:2907} INFO - Sync 2 DAGs
[2025-01-31T09:53:34.316+0000] {logging_mixin.py:151} INFO - [2025-01-31T09:53:34.315+0000] {dag.py:3677} INFO - Setting next_dagrun for stock_price_pipeline_daily to 2025-02-01T00:00:00+00:00, run_after=2025-02-02T00:00:00+00:00
[2025-01-31T09:53:34.322+0000] {logging_mixin.py:151} INFO - [2025-01-31T09:53:34.321+0000] {dag.py:3677} INFO - Setting next_dagrun for stock_price_pipeline_intraday to 2025-01-31T10:00:00+00:00, run_after=2025-01-31T11:00:00+00:00
[2025-01-31T09:53:34.363+0000] {processor.py:179} INFO - Processing /opt/airflow/dags/stock_pipeline_dag.py took 0.546 seconds
[2025-01-31T09:54:04.668+0000] {processor.py:157} INFO - Started process (PID=212) to work on /opt/airflow/dags/stock_pipeline_dag.py
[2025-01-31T09:54:04.669+0000] {processor.py:829} INFO - Processing file /opt/airflow/dags/stock_pipeline_dag.py for tasks to queue
[2025-01-31T09:54:04.671+0000] {logging_mixin.py:151} INFO - [2025-01-31T09:54:04.671+0000] {dagbag.py:539} INFO - Filling up the DagBag from /opt/airflow/dags/stock_pipeline_dag.py
[2025-01-31T09:54:04.727+0000] {processor.py:839} INFO - DAG(s) dict_keys(['stock_price_pipeline_intraday', 'stock_price_pipeline_daily']) retrieved from /opt/airflow/dags/stock_pipeline_dag.py
[2025-01-31T09:54:05.095+0000] {logging_mixin.py:151} INFO - [2025-01-31T09:54:05.095+0000] {dag.py:2907} INFO - Sync 2 DAGs
[2025-01-31T09:54:05.123+0000] {logging_mixin.py:151} INFO - [2025-01-31T09:54:05.123+0000] {dag.py:3677} INFO - Setting next_dagrun for stock_price_pipeline_daily to 2025-02-01T00:00:00+00:00, run_after=2025-02-02T00:00:00+00:00
[2025-01-31T09:54:05.129+0000] {logging_mixin.py:151} INFO - [2025-01-31T09:54:05.129+0000] {dag.py:3677} INFO - Setting next_dagrun for stock_price_pipeline_intraday to 2025-01-31T10:00:00+00:00, run_after=2025-01-31T11:00:00+00:00
[2025-01-31T09:54:05.165+0000] {processor.py:179} INFO - Processing /opt/airflow/dags/stock_pipeline_dag.py took 0.501 seconds
[2025-01-31T09:54:35.370+0000] {processor.py:157} INFO - Started process (PID=213) to work on /opt/airflow/dags/stock_pipeline_dag.py
[2025-01-31T09:54:35.371+0000] {processor.py:829} INFO - Processing file /opt/airflow/dags/stock_pipeline_dag.py for tasks to queue
[2025-01-31T09:54:35.373+0000] {logging_mixin.py:151} INFO - [2025-01-31T09:54:35.372+0000] {dagbag.py:539} INFO - Filling up the DagBag from /opt/airflow/dags/stock_pipeline_dag.py
[2025-01-31T09:54:35.405+0000] {processor.py:839} INFO - DAG(s) dict_keys(['stock_price_pipeline_intraday', 'stock_price_pipeline_daily']) retrieved from /opt/airflow/dags/stock_pipeline_dag.py
[2025-01-31T09:54:35.741+0000] {logging_mixin.py:151} INFO - [2025-01-31T09:54:35.741+0000] {dag.py:2907} INFO - Sync 2 DAGs
[2025-01-31T09:54:35.765+0000] {logging_mixin.py:151} INFO - [2025-01-31T09:54:35.764+0000] {dag.py:3677} INFO - Setting next_dagrun for stock_price_pipeline_daily to 2025-02-01T00:00:00+00:00, run_after=2025-02-02T00:00:00+00:00
[2025-01-31T09:54:35.770+0000] {logging_mixin.py:151} INFO - [2025-01-31T09:54:35.769+0000] {dag.py:3677} INFO - Setting next_dagrun for stock_price_pipeline_intraday to 2025-01-31T10:00:00+00:00, run_after=2025-01-31T11:00:00+00:00
[2025-01-31T09:54:35.801+0000] {processor.py:179} INFO - Processing /opt/airflow/dags/stock_pipeline_dag.py took 0.436 seconds
[2025-01-31T09:55:05.977+0000] {processor.py:157} INFO - Started process (PID=214) to work on /opt/airflow/dags/stock_pipeline_dag.py
[2025-01-31T09:55:05.979+0000] {processor.py:829} INFO - Processing file /opt/airflow/dags/stock_pipeline_dag.py for tasks to queue
[2025-01-31T09:55:05.980+0000] {logging_mixin.py:151} INFO - [2025-01-31T09:55:05.980+0000] {dagbag.py:539} INFO - Filling up the DagBag from /opt/airflow/dags/stock_pipeline_dag.py
[2025-01-31T09:55:06.009+0000] {processor.py:839} INFO - DAG(s) dict_keys(['stock_price_pipeline_intraday', 'stock_price_pipeline_daily']) retrieved from /opt/airflow/dags/stock_pipeline_dag.py
[2025-01-31T09:55:06.338+0000] {logging_mixin.py:151} INFO - [2025-01-31T09:55:06.338+0000] {dag.py:2907} INFO - Sync 2 DAGs
[2025-01-31T09:55:06.362+0000] {logging_mixin.py:151} INFO - [2025-01-31T09:55:06.362+0000] {dag.py:3677} INFO - Setting next_dagrun for stock_price_pipeline_daily to 2025-02-01T00:00:00+00:00, run_after=2025-02-02T00:00:00+00:00
[2025-01-31T09:55:06.366+0000] {logging_mixin.py:151} INFO - [2025-01-31T09:55:06.366+0000] {dag.py:3677} INFO - Setting next_dagrun for stock_price_pipeline_intraday to 2025-01-31T10:00:00+00:00, run_after=2025-01-31T11:00:00+00:00
[2025-01-31T09:55:06.401+0000] {processor.py:179} INFO - Processing /opt/airflow/dags/stock_pipeline_dag.py took 0.430 seconds
[2025-01-31T09:55:36.579+0000] {processor.py:157} INFO - Started process (PID=215) to work on /opt/airflow/dags/stock_pipeline_dag.py
[2025-01-31T09:55:36.581+0000] {processor.py:829} INFO - Processing file /opt/airflow/dags/stock_pipeline_dag.py for tasks to queue
[2025-01-31T09:55:36.582+0000] {logging_mixin.py:151} INFO - [2025-01-31T09:55:36.582+0000] {dagbag.py:539} INFO - Filling up the DagBag from /opt/airflow/dags/stock_pipeline_dag.py
[2025-01-31T09:55:36.610+0000] {processor.py:839} INFO - DAG(s) dict_keys(['stock_price_pipeline_intraday', 'stock_price_pipeline_daily']) retrieved from /opt/airflow/dags/stock_pipeline_dag.py
[2025-01-31T09:55:36.793+0000] {logging_mixin.py:151} INFO - [2025-01-31T09:55:36.793+0000] {dag.py:2907} INFO - Sync 2 DAGs
[2025-01-31T09:55:36.821+0000] {logging_mixin.py:151} INFO - [2025-01-31T09:55:36.821+0000] {dag.py:3677} INFO - Setting next_dagrun for stock_price_pipeline_daily to 2025-02-01T00:00:00+00:00, run_after=2025-02-02T00:00:00+00:00
[2025-01-31T09:55:36.826+0000] {logging_mixin.py:151} INFO - [2025-01-31T09:55:36.825+0000] {dag.py:3677} INFO - Setting next_dagrun for stock_price_pipeline_intraday to 2025-01-31T10:00:00+00:00, run_after=2025-01-31T11:00:00+00:00
[2025-01-31T09:55:36.991+0000] {processor.py:179} INFO - Processing /opt/airflow/dags/stock_pipeline_dag.py took 0.416 seconds
[2025-01-31T09:56:07.188+0000] {processor.py:157} INFO - Started process (PID=216) to work on /opt/airflow/dags/stock_pipeline_dag.py
[2025-01-31T09:56:07.191+0000] {processor.py:829} INFO - Processing file /opt/airflow/dags/stock_pipeline_dag.py for tasks to queue
[2025-01-31T09:56:07.194+0000] {logging_mixin.py:151} INFO - [2025-01-31T09:56:07.194+0000] {dagbag.py:539} INFO - Filling up the DagBag from /opt/airflow/dags/stock_pipeline_dag.py
[2025-01-31T09:56:07.237+0000] {processor.py:839} INFO - DAG(s) dict_keys(['stock_price_pipeline_intraday', 'stock_price_pipeline_daily']) retrieved from /opt/airflow/dags/stock_pipeline_dag.py
[2025-01-31T09:56:07.575+0000] {logging_mixin.py:151} INFO - [2025-01-31T09:56:07.574+0000] {dag.py:2907} INFO - Sync 2 DAGs
[2025-01-31T09:56:07.841+0000] {logging_mixin.py:151} INFO - [2025-01-31T09:56:07.841+0000] {dag.py:3677} INFO - Setting next_dagrun for stock_price_pipeline_daily to 2025-02-01T00:00:00+00:00, run_after=2025-02-02T00:00:00+00:00
[2025-01-31T09:56:07.850+0000] {logging_mixin.py:151} INFO - [2025-01-31T09:56:07.849+0000] {dag.py:3677} INFO - Setting next_dagrun for stock_price_pipeline_intraday to 2025-01-31T10:00:00+00:00, run_after=2025-01-31T11:00:00+00:00
[2025-01-31T09:56:07.899+0000] {processor.py:179} INFO - Processing /opt/airflow/dags/stock_pipeline_dag.py took 0.717 seconds
[2025-01-31T09:56:38.127+0000] {processor.py:157} INFO - Started process (PID=217) to work on /opt/airflow/dags/stock_pipeline_dag.py
[2025-01-31T09:56:38.129+0000] {processor.py:829} INFO - Processing file /opt/airflow/dags/stock_pipeline_dag.py for tasks to queue
[2025-01-31T09:56:38.130+0000] {logging_mixin.py:151} INFO - [2025-01-31T09:56:38.130+0000] {dagbag.py:539} INFO - Filling up the DagBag from /opt/airflow/dags/stock_pipeline_dag.py
[2025-01-31T09:56:38.162+0000] {processor.py:839} INFO - DAG(s) dict_keys(['stock_price_pipeline_daily', 'stock_price_pipeline_intraday']) retrieved from /opt/airflow/dags/stock_pipeline_dag.py
[2025-01-31T09:56:38.372+0000] {logging_mixin.py:151} INFO - [2025-01-31T09:56:38.372+0000] {dag.py:2907} INFO - Sync 2 DAGs
[2025-01-31T09:56:38.558+0000] {logging_mixin.py:151} INFO - [2025-01-31T09:56:38.558+0000] {dag.py:3677} INFO - Setting next_dagrun for stock_price_pipeline_daily to 2025-02-01T00:00:00+00:00, run_after=2025-02-02T00:00:00+00:00
[2025-01-31T09:56:38.563+0000] {logging_mixin.py:151} INFO - [2025-01-31T09:56:38.563+0000] {dag.py:3677} INFO - Setting next_dagrun for stock_price_pipeline_intraday to 2025-01-31T10:00:00+00:00, run_after=2025-01-31T11:00:00+00:00
[2025-01-31T09:56:38.606+0000] {processor.py:179} INFO - Processing /opt/airflow/dags/stock_pipeline_dag.py took 0.485 seconds
[2025-01-31T09:57:08.772+0000] {processor.py:157} INFO - Started process (PID=218) to work on /opt/airflow/dags/stock_pipeline_dag.py
[2025-01-31T09:57:08.774+0000] {processor.py:829} INFO - Processing file /opt/airflow/dags/stock_pipeline_dag.py for tasks to queue
[2025-01-31T09:57:08.776+0000] {logging_mixin.py:151} INFO - [2025-01-31T09:57:08.775+0000] {dagbag.py:539} INFO - Filling up the DagBag from /opt/airflow/dags/stock_pipeline_dag.py
[2025-01-31T09:57:08.808+0000] {processor.py:839} INFO - DAG(s) dict_keys(['stock_price_pipeline_daily', 'stock_price_pipeline_intraday']) retrieved from /opt/airflow/dags/stock_pipeline_dag.py
[2025-01-31T09:57:09.018+0000] {logging_mixin.py:151} INFO - [2025-01-31T09:57:09.017+0000] {dag.py:2907} INFO - Sync 2 DAGs
[2025-01-31T09:57:09.204+0000] {logging_mixin.py:151} INFO - [2025-01-31T09:57:09.204+0000] {dag.py:3677} INFO - Setting next_dagrun for stock_price_pipeline_daily to 2025-02-01T00:00:00+00:00, run_after=2025-02-02T00:00:00+00:00
[2025-01-31T09:57:09.210+0000] {logging_mixin.py:151} INFO - [2025-01-31T09:57:09.210+0000] {dag.py:3677} INFO - Setting next_dagrun for stock_price_pipeline_intraday to 2025-01-31T10:00:00+00:00, run_after=2025-01-31T11:00:00+00:00
[2025-01-31T09:57:09.240+0000] {processor.py:179} INFO - Processing /opt/airflow/dags/stock_pipeline_dag.py took 0.474 seconds
[2025-01-31T09:57:39.388+0000] {processor.py:157} INFO - Started process (PID=219) to work on /opt/airflow/dags/stock_pipeline_dag.py
[2025-01-31T09:57:39.390+0000] {processor.py:829} INFO - Processing file /opt/airflow/dags/stock_pipeline_dag.py for tasks to queue
[2025-01-31T09:57:39.395+0000] {logging_mixin.py:151} INFO - [2025-01-31T09:57:39.395+0000] {dagbag.py:539} INFO - Filling up the DagBag from /opt/airflow/dags/stock_pipeline_dag.py
[2025-01-31T09:57:39.429+0000] {processor.py:839} INFO - DAG(s) dict_keys(['stock_price_pipeline_daily', 'stock_price_pipeline_intraday']) retrieved from /opt/airflow/dags/stock_pipeline_dag.py
[2025-01-31T09:57:39.885+0000] {logging_mixin.py:151} INFO - [2025-01-31T09:57:39.885+0000] {dag.py:2907} INFO - Sync 2 DAGs
[2025-01-31T09:57:39.925+0000] {logging_mixin.py:151} INFO - [2025-01-31T09:57:39.924+0000] {dag.py:3677} INFO - Setting next_dagrun for stock_price_pipeline_daily to 2025-02-01T00:00:00+00:00, run_after=2025-02-02T00:00:00+00:00
[2025-01-31T09:57:39.930+0000] {logging_mixin.py:151} INFO - [2025-01-31T09:57:39.930+0000] {dag.py:3677} INFO - Setting next_dagrun for stock_price_pipeline_intraday to 2025-01-31T10:00:00+00:00, run_after=2025-01-31T11:00:00+00:00
[2025-01-31T09:57:39.970+0000] {processor.py:179} INFO - Processing /opt/airflow/dags/stock_pipeline_dag.py took 0.587 seconds
[2025-01-31T09:58:10.125+0000] {processor.py:157} INFO - Started process (PID=220) to work on /opt/airflow/dags/stock_pipeline_dag.py
[2025-01-31T09:58:10.126+0000] {processor.py:829} INFO - Processing file /opt/airflow/dags/stock_pipeline_dag.py for tasks to queue
[2025-01-31T09:58:10.128+0000] {logging_mixin.py:151} INFO - [2025-01-31T09:58:10.127+0000] {dagbag.py:539} INFO - Filling up the DagBag from /opt/airflow/dags/stock_pipeline_dag.py
[2025-01-31T09:58:10.159+0000] {processor.py:839} INFO - DAG(s) dict_keys(['stock_price_pipeline_daily', 'stock_price_pipeline_intraday']) retrieved from /opt/airflow/dags/stock_pipeline_dag.py
[2025-01-31T09:58:10.475+0000] {logging_mixin.py:151} INFO - [2025-01-31T09:58:10.474+0000] {dag.py:2907} INFO - Sync 2 DAGs
[2025-01-31T09:58:10.499+0000] {logging_mixin.py:151} INFO - [2025-01-31T09:58:10.499+0000] {dag.py:3677} INFO - Setting next_dagrun for stock_price_pipeline_daily to 2025-02-01T00:00:00+00:00, run_after=2025-02-02T00:00:00+00:00
[2025-01-31T09:58:10.504+0000] {logging_mixin.py:151} INFO - [2025-01-31T09:58:10.504+0000] {dag.py:3677} INFO - Setting next_dagrun for stock_price_pipeline_intraday to 2025-01-31T10:00:00+00:00, run_after=2025-01-31T11:00:00+00:00
[2025-01-31T09:58:10.535+0000] {processor.py:179} INFO - Processing /opt/airflow/dags/stock_pipeline_dag.py took 0.415 seconds
[2025-01-31T11:27:54.999+0000] {processor.py:157} INFO - Started process (PID=31) to work on /opt/airflow/dags/stock_pipeline_dag.py
[2025-01-31T11:27:55.006+0000] {processor.py:829} INFO - Processing file /opt/airflow/dags/stock_pipeline_dag.py for tasks to queue
[2025-01-31T11:27:55.009+0000] {logging_mixin.py:151} INFO - [2025-01-31T11:27:55.008+0000] {dagbag.py:539} INFO - Filling up the DagBag from /opt/airflow/dags/stock_pipeline_dag.py
[2025-01-31T11:27:55.124+0000] {processor.py:839} INFO - DAG(s) dict_keys(['stock_price_pipeline_intraday', 'stock_price_pipeline_daily']) retrieved from /opt/airflow/dags/stock_pipeline_dag.py
[2025-01-31T11:27:56.176+0000] {logging_mixin.py:151} INFO - [2025-01-31T11:27:56.172+0000] {manager.py:501} INFO - Created Permission View: can delete on DAG:stock_price_pipeline_intraday
[2025-01-31T11:27:56.250+0000] {logging_mixin.py:151} INFO - [2025-01-31T11:27:56.249+0000] {manager.py:501} INFO - Created Permission View: can read on DAG:stock_price_pipeline_intraday
[2025-01-31T11:27:56.279+0000] {logging_mixin.py:151} INFO - [2025-01-31T11:27:56.278+0000] {manager.py:501} INFO - Created Permission View: can edit on DAG:stock_price_pipeline_intraday
[2025-01-31T11:27:56.358+0000] {logging_mixin.py:151} INFO - [2025-01-31T11:27:56.358+0000] {manager.py:501} INFO - Created Permission View: can delete on DAG:stock_price_pipeline_daily
[2025-01-31T11:27:56.375+0000] {logging_mixin.py:151} INFO - [2025-01-31T11:27:56.375+0000] {manager.py:501} INFO - Created Permission View: can read on DAG:stock_price_pipeline_daily
[2025-01-31T11:27:56.391+0000] {logging_mixin.py:151} INFO - [2025-01-31T11:27:56.391+0000] {manager.py:501} INFO - Created Permission View: can edit on DAG:stock_price_pipeline_daily
[2025-01-31T11:27:56.400+0000] {logging_mixin.py:151} INFO - [2025-01-31T11:27:56.400+0000] {dag.py:2907} INFO - Sync 2 DAGs
[2025-01-31T11:27:56.422+0000] {logging_mixin.py:151} INFO - [2025-01-31T11:27:56.421+0000] {dag.py:2929} INFO - Creating ORM DAG for stock_price_pipeline_daily
[2025-01-31T11:27:56.424+0000] {logging_mixin.py:151} INFO - [2025-01-31T11:27:56.423+0000] {dag.py:2929} INFO - Creating ORM DAG for stock_price_pipeline_intraday
[2025-01-31T11:27:56.455+0000] {logging_mixin.py:151} INFO - [2025-01-31T11:27:56.455+0000] {dag.py:3677} INFO - Setting next_dagrun for stock_price_pipeline_daily to 2025-02-01T00:00:00+00:00, run_after=2025-02-02T00:00:00+00:00
[2025-01-31T11:27:56.458+0000] {logging_mixin.py:151} INFO - [2025-01-31T11:27:56.458+0000] {dag.py:3677} INFO - Setting next_dagrun for stock_price_pipeline_intraday to 2025-01-31T12:00:00+00:00, run_after=2025-01-31T13:00:00+00:00
[2025-01-31T11:27:56.500+0000] {processor.py:179} INFO - Processing /opt/airflow/dags/stock_pipeline_dag.py took 1.557 seconds
[2025-01-31T11:28:26.985+0000] {processor.py:157} INFO - Started process (PID=41) to work on /opt/airflow/dags/stock_pipeline_dag.py
[2025-01-31T11:28:26.988+0000] {processor.py:829} INFO - Processing file /opt/airflow/dags/stock_pipeline_dag.py for tasks to queue
[2025-01-31T11:28:26.991+0000] {logging_mixin.py:151} INFO - [2025-01-31T11:28:26.990+0000] {dagbag.py:539} INFO - Filling up the DagBag from /opt/airflow/dags/stock_pipeline_dag.py
[2025-01-31T11:28:27.046+0000] {processor.py:839} INFO - DAG(s) dict_keys(['stock_price_pipeline_intraday', 'stock_price_pipeline_daily']) retrieved from /opt/airflow/dags/stock_pipeline_dag.py
[2025-01-31T11:28:27.295+0000] {logging_mixin.py:151} INFO - [2025-01-31T11:28:27.295+0000] {dag.py:2907} INFO - Sync 2 DAGs
[2025-01-31T11:28:27.332+0000] {logging_mixin.py:151} INFO - [2025-01-31T11:28:27.331+0000] {dag.py:3677} INFO - Setting next_dagrun for stock_price_pipeline_daily to 2025-02-01T00:00:00+00:00, run_after=2025-02-02T00:00:00+00:00
[2025-01-31T11:28:27.337+0000] {logging_mixin.py:151} INFO - [2025-01-31T11:28:27.337+0000] {dag.py:3677} INFO - Setting next_dagrun for stock_price_pipeline_intraday to 2025-01-31T12:00:00+00:00, run_after=2025-01-31T13:00:00+00:00
[2025-01-31T11:28:27.372+0000] {processor.py:179} INFO - Processing /opt/airflow/dags/stock_pipeline_dag.py took 0.393 seconds
[2025-01-31T11:28:57.904+0000] {processor.py:157} INFO - Started process (PID=68) to work on /opt/airflow/dags/stock_pipeline_dag.py
[2025-01-31T11:28:57.905+0000] {processor.py:829} INFO - Processing file /opt/airflow/dags/stock_pipeline_dag.py for tasks to queue
[2025-01-31T11:28:57.907+0000] {logging_mixin.py:151} INFO - [2025-01-31T11:28:57.907+0000] {dagbag.py:539} INFO - Filling up the DagBag from /opt/airflow/dags/stock_pipeline_dag.py
[2025-01-31T11:28:57.940+0000] {processor.py:839} INFO - DAG(s) dict_keys(['stock_price_pipeline_daily', 'stock_price_pipeline_intraday']) retrieved from /opt/airflow/dags/stock_pipeline_dag.py
[2025-01-31T11:28:58.140+0000] {logging_mixin.py:151} INFO - [2025-01-31T11:28:58.140+0000] {dag.py:2907} INFO - Sync 2 DAGs
[2025-01-31T11:28:58.172+0000] {logging_mixin.py:151} INFO - [2025-01-31T11:28:58.171+0000] {dag.py:3677} INFO - Setting next_dagrun for stock_price_pipeline_daily to 2025-02-01T00:00:00+00:00, run_after=2025-02-02T00:00:00+00:00
[2025-01-31T11:28:58.177+0000] {logging_mixin.py:151} INFO - [2025-01-31T11:28:58.177+0000] {dag.py:3677} INFO - Setting next_dagrun for stock_price_pipeline_intraday to 2025-01-31T12:00:00+00:00, run_after=2025-01-31T13:00:00+00:00
[2025-01-31T11:28:58.213+0000] {processor.py:179} INFO - Processing /opt/airflow/dags/stock_pipeline_dag.py took 0.314 seconds
[2025-01-31T12:42:21.698+0000] {processor.py:157} INFO - Started process (PID=31) to work on /opt/airflow/dags/stock_pipeline_dag.py
[2025-01-31T12:42:21.704+0000] {processor.py:829} INFO - Processing file /opt/airflow/dags/stock_pipeline_dag.py for tasks to queue
[2025-01-31T12:42:21.707+0000] {logging_mixin.py:151} INFO - [2025-01-31T12:42:21.706+0000] {dagbag.py:539} INFO - Filling up the DagBag from /opt/airflow/dags/stock_pipeline_dag.py
[2025-01-31T12:42:21.769+0000] {processor.py:839} INFO - DAG(s) dict_keys(['stock_price_pipeline_daily', 'stock_price_pipeline_intraday']) retrieved from /opt/airflow/dags/stock_pipeline_dag.py
[2025-01-31T12:42:22.367+0000] {logging_mixin.py:151} INFO - [2025-01-31T12:42:22.367+0000] {manager.py:501} INFO - Created Permission View: can edit on DAG:stock_price_pipeline_daily
[2025-01-31T12:42:22.406+0000] {logging_mixin.py:151} INFO - [2025-01-31T12:42:22.405+0000] {manager.py:501} INFO - Created Permission View: can delete on DAG:stock_price_pipeline_daily
[2025-01-31T12:42:22.424+0000] {logging_mixin.py:151} INFO - [2025-01-31T12:42:22.423+0000] {manager.py:501} INFO - Created Permission View: can read on DAG:stock_price_pipeline_daily
[2025-01-31T12:42:22.495+0000] {logging_mixin.py:151} INFO - [2025-01-31T12:42:22.495+0000] {manager.py:501} INFO - Created Permission View: can edit on DAG:stock_price_pipeline_intraday
[2025-01-31T12:42:22.515+0000] {logging_mixin.py:151} INFO - [2025-01-31T12:42:22.514+0000] {manager.py:501} INFO - Created Permission View: can delete on DAG:stock_price_pipeline_intraday
[2025-01-31T12:42:22.532+0000] {logging_mixin.py:151} INFO - [2025-01-31T12:42:22.531+0000] {manager.py:501} INFO - Created Permission View: can read on DAG:stock_price_pipeline_intraday
[2025-01-31T12:42:22.544+0000] {logging_mixin.py:151} INFO - [2025-01-31T12:42:22.544+0000] {dag.py:2907} INFO - Sync 2 DAGs
[2025-01-31T12:42:22.575+0000] {logging_mixin.py:151} INFO - [2025-01-31T12:42:22.575+0000] {dag.py:2929} INFO - Creating ORM DAG for stock_price_pipeline_daily
[2025-01-31T12:42:22.578+0000] {logging_mixin.py:151} INFO - [2025-01-31T12:42:22.577+0000] {dag.py:2929} INFO - Creating ORM DAG for stock_price_pipeline_intraday
[2025-01-31T12:42:22.613+0000] {logging_mixin.py:151} INFO - [2025-01-31T12:42:22.613+0000] {dag.py:3677} INFO - Setting next_dagrun for stock_price_pipeline_daily to 2025-02-01T00:00:00+00:00, run_after=2025-02-02T00:00:00+00:00
[2025-01-31T12:42:22.618+0000] {logging_mixin.py:151} INFO - [2025-01-31T12:42:22.617+0000] {dag.py:3677} INFO - Setting next_dagrun for stock_price_pipeline_intraday to 2025-01-31T13:00:00+00:00, run_after=2025-01-31T14:00:00+00:00
[2025-01-31T12:42:22.663+0000] {processor.py:179} INFO - Processing /opt/airflow/dags/stock_pipeline_dag.py took 0.976 seconds
[2025-01-31T12:42:52.780+0000] {processor.py:157} INFO - Started process (PID=46) to work on /opt/airflow/dags/stock_pipeline_dag.py
[2025-01-31T12:42:52.783+0000] {processor.py:829} INFO - Processing file /opt/airflow/dags/stock_pipeline_dag.py for tasks to queue
[2025-01-31T12:42:52.784+0000] {logging_mixin.py:151} INFO - [2025-01-31T12:42:52.783+0000] {dagbag.py:539} INFO - Filling up the DagBag from /opt/airflow/dags/stock_pipeline_dag.py
[2025-01-31T12:42:52.813+0000] {processor.py:839} INFO - DAG(s) dict_keys(['stock_price_pipeline_daily', 'stock_price_pipeline_intraday']) retrieved from /opt/airflow/dags/stock_pipeline_dag.py
[2025-01-31T12:42:52.994+0000] {logging_mixin.py:151} INFO - [2025-01-31T12:42:52.994+0000] {dag.py:2907} INFO - Sync 2 DAGs
[2025-01-31T12:42:53.024+0000] {logging_mixin.py:151} INFO - [2025-01-31T12:42:53.024+0000] {dag.py:3677} INFO - Setting next_dagrun for stock_price_pipeline_daily to 2025-02-01T00:00:00+00:00, run_after=2025-02-02T00:00:00+00:00
[2025-01-31T12:42:53.029+0000] {logging_mixin.py:151} INFO - [2025-01-31T12:42:53.029+0000] {dag.py:3677} INFO - Setting next_dagrun for stock_price_pipeline_intraday to 2025-01-31T13:00:00+00:00, run_after=2025-01-31T14:00:00+00:00
[2025-01-31T12:42:53.056+0000] {processor.py:179} INFO - Processing /opt/airflow/dags/stock_pipeline_dag.py took 0.288 seconds
[2025-01-31T12:43:42.678+0000] {processor.py:157} INFO - Started process (PID=89) to work on /opt/airflow/dags/stock_pipeline_dag.py
[2025-01-31T12:43:42.681+0000] {processor.py:829} INFO - Processing file /opt/airflow/dags/stock_pipeline_dag.py for tasks to queue
[2025-01-31T12:43:42.682+0000] {logging_mixin.py:151} INFO - [2025-01-31T12:43:42.682+0000] {dagbag.py:539} INFO - Filling up the DagBag from /opt/airflow/dags/stock_pipeline_dag.py
[2025-01-31T12:43:42.710+0000] {processor.py:839} INFO - DAG(s) dict_keys(['stock_price_pipeline_intraday', 'stock_price_pipeline_daily']) retrieved from /opt/airflow/dags/stock_pipeline_dag.py
[2025-01-31T12:43:42.883+0000] {logging_mixin.py:151} INFO - [2025-01-31T12:43:42.883+0000] {dag.py:2907} INFO - Sync 2 DAGs
[2025-01-31T12:43:42.911+0000] {logging_mixin.py:151} INFO - [2025-01-31T12:43:42.911+0000] {dag.py:3677} INFO - Setting next_dagrun for stock_price_pipeline_daily to 2025-02-01T00:00:00+00:00, run_after=2025-02-02T00:00:00+00:00
[2025-01-31T12:43:42.916+0000] {logging_mixin.py:151} INFO - [2025-01-31T12:43:42.915+0000] {dag.py:3677} INFO - Setting next_dagrun for stock_price_pipeline_intraday to 2025-01-31T13:00:00+00:00, run_after=2025-01-31T14:00:00+00:00
[2025-01-31T12:43:42.949+0000] {processor.py:179} INFO - Processing /opt/airflow/dags/stock_pipeline_dag.py took 0.275 seconds
[2025-01-31T12:44:13.027+0000] {processor.py:157} INFO - Started process (PID=100) to work on /opt/airflow/dags/stock_pipeline_dag.py
[2025-01-31T12:44:13.028+0000] {processor.py:829} INFO - Processing file /opt/airflow/dags/stock_pipeline_dag.py for tasks to queue
[2025-01-31T12:44:13.030+0000] {logging_mixin.py:151} INFO - [2025-01-31T12:44:13.029+0000] {dagbag.py:539} INFO - Filling up the DagBag from /opt/airflow/dags/stock_pipeline_dag.py
[2025-01-31T12:44:13.058+0000] {processor.py:839} INFO - DAG(s) dict_keys(['stock_price_pipeline_daily', 'stock_price_pipeline_intraday']) retrieved from /opt/airflow/dags/stock_pipeline_dag.py
[2025-01-31T12:44:13.250+0000] {logging_mixin.py:151} INFO - [2025-01-31T12:44:13.250+0000] {dag.py:2907} INFO - Sync 2 DAGs
[2025-01-31T12:44:13.280+0000] {logging_mixin.py:151} INFO - [2025-01-31T12:44:13.279+0000] {dag.py:3677} INFO - Setting next_dagrun for stock_price_pipeline_daily to 2025-02-01T00:00:00+00:00, run_after=2025-02-02T00:00:00+00:00
[2025-01-31T12:44:13.285+0000] {logging_mixin.py:151} INFO - [2025-01-31T12:44:13.285+0000] {dag.py:3677} INFO - Setting next_dagrun for stock_price_pipeline_intraday to 2025-01-31T13:00:00+00:00, run_after=2025-01-31T14:00:00+00:00
[2025-01-31T12:44:13.322+0000] {processor.py:179} INFO - Processing /opt/airflow/dags/stock_pipeline_dag.py took 0.300 seconds
[2025-01-31T12:44:43.823+0000] {processor.py:157} INFO - Started process (PID=101) to work on /opt/airflow/dags/stock_pipeline_dag.py
[2025-01-31T12:44:43.824+0000] {processor.py:829} INFO - Processing file /opt/airflow/dags/stock_pipeline_dag.py for tasks to queue
[2025-01-31T12:44:43.826+0000] {logging_mixin.py:151} INFO - [2025-01-31T12:44:43.825+0000] {dagbag.py:539} INFO - Filling up the DagBag from /opt/airflow/dags/stock_pipeline_dag.py
[2025-01-31T12:44:43.854+0000] {processor.py:839} INFO - DAG(s) dict_keys(['stock_price_pipeline_daily', 'stock_price_pipeline_intraday']) retrieved from /opt/airflow/dags/stock_pipeline_dag.py
[2025-01-31T12:44:44.038+0000] {logging_mixin.py:151} INFO - [2025-01-31T12:44:44.037+0000] {dag.py:2907} INFO - Sync 2 DAGs
[2025-01-31T12:44:44.072+0000] {logging_mixin.py:151} INFO - [2025-01-31T12:44:44.071+0000] {dag.py:3677} INFO - Setting next_dagrun for stock_price_pipeline_daily to 2025-02-01T00:00:00+00:00, run_after=2025-02-02T00:00:00+00:00
[2025-01-31T12:44:44.077+0000] {logging_mixin.py:151} INFO - [2025-01-31T12:44:44.077+0000] {dag.py:3677} INFO - Setting next_dagrun for stock_price_pipeline_intraday to 2025-01-31T13:00:00+00:00, run_after=2025-01-31T14:00:00+00:00
[2025-01-31T12:44:44.115+0000] {processor.py:179} INFO - Processing /opt/airflow/dags/stock_pipeline_dag.py took 0.297 seconds
[2025-01-31T12:45:14.584+0000] {processor.py:157} INFO - Started process (PID=102) to work on /opt/airflow/dags/stock_pipeline_dag.py
[2025-01-31T12:45:14.592+0000] {processor.py:829} INFO - Processing file /opt/airflow/dags/stock_pipeline_dag.py for tasks to queue
[2025-01-31T12:45:14.594+0000] {logging_mixin.py:151} INFO - [2025-01-31T12:45:14.593+0000] {dagbag.py:539} INFO - Filling up the DagBag from /opt/airflow/dags/stock_pipeline_dag.py
[2025-01-31T12:45:14.627+0000] {processor.py:839} INFO - DAG(s) dict_keys(['stock_price_pipeline_intraday', 'stock_price_pipeline_daily']) retrieved from /opt/airflow/dags/stock_pipeline_dag.py
[2025-01-31T12:45:14.802+0000] {logging_mixin.py:151} INFO - [2025-01-31T12:45:14.801+0000] {dag.py:2907} INFO - Sync 2 DAGs
[2025-01-31T12:45:14.828+0000] {logging_mixin.py:151} INFO - [2025-01-31T12:45:14.827+0000] {dag.py:3677} INFO - Setting next_dagrun for stock_price_pipeline_daily to 2025-02-01T00:00:00+00:00, run_after=2025-02-02T00:00:00+00:00
[2025-01-31T12:45:14.833+0000] {logging_mixin.py:151} INFO - [2025-01-31T12:45:14.832+0000] {dag.py:3677} INFO - Setting next_dagrun for stock_price_pipeline_intraday to 2025-01-31T13:00:00+00:00, run_after=2025-01-31T14:00:00+00:00
[2025-01-31T12:45:14.866+0000] {processor.py:179} INFO - Processing /opt/airflow/dags/stock_pipeline_dag.py took 0.286 seconds
[2025-01-31T12:45:45.259+0000] {processor.py:157} INFO - Started process (PID=103) to work on /opt/airflow/dags/stock_pipeline_dag.py
[2025-01-31T12:45:45.260+0000] {processor.py:829} INFO - Processing file /opt/airflow/dags/stock_pipeline_dag.py for tasks to queue
[2025-01-31T12:45:45.262+0000] {logging_mixin.py:151} INFO - [2025-01-31T12:45:45.261+0000] {dagbag.py:539} INFO - Filling up the DagBag from /opt/airflow/dags/stock_pipeline_dag.py
[2025-01-31T12:45:45.293+0000] {processor.py:839} INFO - DAG(s) dict_keys(['stock_price_pipeline_intraday', 'stock_price_pipeline_daily']) retrieved from /opt/airflow/dags/stock_pipeline_dag.py
[2025-01-31T12:45:45.489+0000] {logging_mixin.py:151} INFO - [2025-01-31T12:45:45.489+0000] {dag.py:2907} INFO - Sync 2 DAGs
[2025-01-31T12:45:45.518+0000] {logging_mixin.py:151} INFO - [2025-01-31T12:45:45.518+0000] {dag.py:3677} INFO - Setting next_dagrun for stock_price_pipeline_daily to 2025-02-01T00:00:00+00:00, run_after=2025-02-02T00:00:00+00:00
[2025-01-31T12:45:45.524+0000] {logging_mixin.py:151} INFO - [2025-01-31T12:45:45.523+0000] {dag.py:3677} INFO - Setting next_dagrun for stock_price_pipeline_intraday to 2025-01-31T13:00:00+00:00, run_after=2025-01-31T14:00:00+00:00
[2025-01-31T12:45:45.559+0000] {processor.py:179} INFO - Processing /opt/airflow/dags/stock_pipeline_dag.py took 0.305 seconds
[2025-01-31T12:46:16.020+0000] {processor.py:157} INFO - Started process (PID=104) to work on /opt/airflow/dags/stock_pipeline_dag.py
[2025-01-31T12:46:16.022+0000] {processor.py:829} INFO - Processing file /opt/airflow/dags/stock_pipeline_dag.py for tasks to queue
[2025-01-31T12:46:16.024+0000] {logging_mixin.py:151} INFO - [2025-01-31T12:46:16.023+0000] {dagbag.py:539} INFO - Filling up the DagBag from /opt/airflow/dags/stock_pipeline_dag.py
[2025-01-31T12:46:16.060+0000] {processor.py:839} INFO - DAG(s) dict_keys(['stock_price_pipeline_daily', 'stock_price_pipeline_intraday']) retrieved from /opt/airflow/dags/stock_pipeline_dag.py
[2025-01-31T12:46:16.304+0000] {logging_mixin.py:151} INFO - [2025-01-31T12:46:16.304+0000] {dag.py:2907} INFO - Sync 2 DAGs
[2025-01-31T12:46:16.336+0000] {logging_mixin.py:151} INFO - [2025-01-31T12:46:16.336+0000] {dag.py:3677} INFO - Setting next_dagrun for stock_price_pipeline_daily to 2025-02-01T00:00:00+00:00, run_after=2025-02-02T00:00:00+00:00
[2025-01-31T12:46:16.342+0000] {logging_mixin.py:151} INFO - [2025-01-31T12:46:16.342+0000] {dag.py:3677} INFO - Setting next_dagrun for stock_price_pipeline_intraday to 2025-01-31T13:00:00+00:00, run_after=2025-01-31T14:00:00+00:00
[2025-01-31T12:46:16.381+0000] {processor.py:179} INFO - Processing /opt/airflow/dags/stock_pipeline_dag.py took 0.365 seconds
[2025-01-31T13:00:51.078+0000] {processor.py:157} INFO - Started process (PID=31) to work on /opt/airflow/dags/stock_pipeline_dag.py
[2025-01-31T13:00:51.084+0000] {processor.py:829} INFO - Processing file /opt/airflow/dags/stock_pipeline_dag.py for tasks to queue
[2025-01-31T13:00:51.087+0000] {logging_mixin.py:151} INFO - [2025-01-31T13:00:51.086+0000] {dagbag.py:539} INFO - Filling up the DagBag from /opt/airflow/dags/stock_pipeline_dag.py
[2025-01-31T13:00:51.162+0000] {processor.py:839} INFO - DAG(s) dict_keys(['stock_price_pipeline_daily', 'stock_price_pipeline_intraday']) retrieved from /opt/airflow/dags/stock_pipeline_dag.py
[2025-01-31T13:00:51.630+0000] {logging_mixin.py:151} INFO - [2025-01-31T13:00:51.630+0000] {manager.py:501} INFO - Created Permission View: can read on DAG:stock_price_pipeline_daily
[2025-01-31T13:00:51.660+0000] {logging_mixin.py:151} INFO - [2025-01-31T13:00:51.659+0000] {manager.py:501} INFO - Created Permission View: can delete on DAG:stock_price_pipeline_daily
[2025-01-31T13:00:51.677+0000] {logging_mixin.py:151} INFO - [2025-01-31T13:00:51.677+0000] {manager.py:501} INFO - Created Permission View: can edit on DAG:stock_price_pipeline_daily
[2025-01-31T13:00:51.754+0000] {logging_mixin.py:151} INFO - [2025-01-31T13:00:51.753+0000] {manager.py:501} INFO - Created Permission View: can read on DAG:stock_price_pipeline_intraday
[2025-01-31T13:00:51.774+0000] {logging_mixin.py:151} INFO - [2025-01-31T13:00:51.773+0000] {manager.py:501} INFO - Created Permission View: can delete on DAG:stock_price_pipeline_intraday
[2025-01-31T13:00:51.790+0000] {logging_mixin.py:151} INFO - [2025-01-31T13:00:51.790+0000] {manager.py:501} INFO - Created Permission View: can edit on DAG:stock_price_pipeline_intraday
[2025-01-31T13:00:51.803+0000] {logging_mixin.py:151} INFO - [2025-01-31T13:00:51.803+0000] {dag.py:2907} INFO - Sync 2 DAGs
[2025-01-31T13:00:51.837+0000] {logging_mixin.py:151} INFO - [2025-01-31T13:00:51.836+0000] {dag.py:2929} INFO - Creating ORM DAG for stock_price_pipeline_daily
[2025-01-31T13:00:51.839+0000] {logging_mixin.py:151} INFO - [2025-01-31T13:00:51.838+0000] {dag.py:2929} INFO - Creating ORM DAG for stock_price_pipeline_intraday
[2025-01-31T13:00:51.868+0000] {logging_mixin.py:151} INFO - [2025-01-31T13:00:51.867+0000] {dag.py:3677} INFO - Setting next_dagrun for stock_price_pipeline_daily to 2025-02-01T00:00:00+00:00, run_after=2025-02-02T00:00:00+00:00
[2025-01-31T13:00:51.873+0000] {logging_mixin.py:151} INFO - [2025-01-31T13:00:51.873+0000] {dag.py:3677} INFO - Setting next_dagrun for stock_price_pipeline_intraday to 2025-01-31T14:00:00+00:00, run_after=2025-01-31T15:00:00+00:00
[2025-01-31T13:00:51.925+0000] {processor.py:179} INFO - Processing /opt/airflow/dags/stock_pipeline_dag.py took 0.861 seconds
[2025-01-31T13:01:22.176+0000] {processor.py:157} INFO - Started process (PID=46) to work on /opt/airflow/dags/stock_pipeline_dag.py
[2025-01-31T13:01:22.178+0000] {processor.py:829} INFO - Processing file /opt/airflow/dags/stock_pipeline_dag.py for tasks to queue
[2025-01-31T13:01:22.181+0000] {logging_mixin.py:151} INFO - [2025-01-31T13:01:22.180+0000] {dagbag.py:539} INFO - Filling up the DagBag from /opt/airflow/dags/stock_pipeline_dag.py
[2025-01-31T13:01:22.231+0000] {processor.py:839} INFO - DAG(s) dict_keys(['stock_price_pipeline_daily', 'stock_price_pipeline_intraday']) retrieved from /opt/airflow/dags/stock_pipeline_dag.py
[2025-01-31T13:01:22.455+0000] {logging_mixin.py:151} INFO - [2025-01-31T13:01:22.455+0000] {dag.py:2907} INFO - Sync 2 DAGs
[2025-01-31T13:01:22.490+0000] {logging_mixin.py:151} INFO - [2025-01-31T13:01:22.490+0000] {dag.py:3677} INFO - Setting next_dagrun for stock_price_pipeline_daily to 2025-02-01T00:00:00+00:00, run_after=2025-02-02T00:00:00+00:00
[2025-01-31T13:01:22.495+0000] {logging_mixin.py:151} INFO - [2025-01-31T13:01:22.495+0000] {dag.py:3677} INFO - Setting next_dagrun for stock_price_pipeline_intraday to 2025-01-31T14:00:00+00:00, run_after=2025-01-31T15:00:00+00:00
[2025-01-31T13:01:22.535+0000] {processor.py:179} INFO - Processing /opt/airflow/dags/stock_pipeline_dag.py took 0.364 seconds
[2025-01-31T13:02:02.197+0000] {processor.py:157} INFO - Started process (PID=88) to work on /opt/airflow/dags/stock_pipeline_dag.py
[2025-01-31T13:02:02.201+0000] {processor.py:829} INFO - Processing file /opt/airflow/dags/stock_pipeline_dag.py for tasks to queue
[2025-01-31T13:02:02.203+0000] {logging_mixin.py:151} INFO - [2025-01-31T13:02:02.202+0000] {dagbag.py:539} INFO - Filling up the DagBag from /opt/airflow/dags/stock_pipeline_dag.py
[2025-01-31T13:02:02.233+0000] {processor.py:839} INFO - DAG(s) dict_keys(['stock_price_pipeline_intraday', 'stock_price_pipeline_daily']) retrieved from /opt/airflow/dags/stock_pipeline_dag.py
[2025-01-31T13:02:02.420+0000] {logging_mixin.py:151} INFO - [2025-01-31T13:02:02.420+0000] {dag.py:2907} INFO - Sync 2 DAGs
[2025-01-31T13:02:02.451+0000] {logging_mixin.py:151} INFO - [2025-01-31T13:02:02.451+0000] {dag.py:3677} INFO - Setting next_dagrun for stock_price_pipeline_daily to 2025-02-01T00:00:00+00:00, run_after=2025-02-02T00:00:00+00:00
[2025-01-31T13:02:02.456+0000] {logging_mixin.py:151} INFO - [2025-01-31T13:02:02.456+0000] {dag.py:3677} INFO - Setting next_dagrun for stock_price_pipeline_intraday to 2025-01-31T14:00:00+00:00, run_after=2025-01-31T15:00:00+00:00
[2025-01-31T13:02:02.491+0000] {processor.py:179} INFO - Processing /opt/airflow/dags/stock_pipeline_dag.py took 0.299 seconds
[2025-01-31T13:02:33.574+0000] {processor.py:157} INFO - Started process (PID=99) to work on /opt/airflow/dags/stock_pipeline_dag.py
[2025-01-31T13:02:33.575+0000] {processor.py:829} INFO - Processing file /opt/airflow/dags/stock_pipeline_dag.py for tasks to queue
[2025-01-31T13:02:33.577+0000] {logging_mixin.py:151} INFO - [2025-01-31T13:02:33.577+0000] {dagbag.py:539} INFO - Filling up the DagBag from /opt/airflow/dags/stock_pipeline_dag.py
[2025-01-31T13:02:33.613+0000] {processor.py:839} INFO - DAG(s) dict_keys(['stock_price_pipeline_intraday', 'stock_price_pipeline_daily']) retrieved from /opt/airflow/dags/stock_pipeline_dag.py
[2025-01-31T13:02:33.820+0000] {logging_mixin.py:151} INFO - [2025-01-31T13:02:33.819+0000] {dag.py:2907} INFO - Sync 2 DAGs
[2025-01-31T13:02:33.852+0000] {logging_mixin.py:151} INFO - [2025-01-31T13:02:33.852+0000] {dag.py:3677} INFO - Setting next_dagrun for stock_price_pipeline_daily to 2025-02-01T00:00:00+00:00, run_after=2025-02-02T00:00:00+00:00
[2025-01-31T13:02:33.858+0000] {logging_mixin.py:151} INFO - [2025-01-31T13:02:33.857+0000] {dag.py:3677} INFO - Setting next_dagrun for stock_price_pipeline_intraday to 2025-01-31T14:00:00+00:00, run_after=2025-01-31T15:00:00+00:00
[2025-01-31T13:02:33.895+0000] {processor.py:179} INFO - Processing /opt/airflow/dags/stock_pipeline_dag.py took 0.327 seconds
[2025-01-31T13:03:04.951+0000] {processor.py:157} INFO - Started process (PID=100) to work on /opt/airflow/dags/stock_pipeline_dag.py
[2025-01-31T13:03:04.953+0000] {processor.py:829} INFO - Processing file /opt/airflow/dags/stock_pipeline_dag.py for tasks to queue
[2025-01-31T13:03:04.955+0000] {logging_mixin.py:151} INFO - [2025-01-31T13:03:04.955+0000] {dagbag.py:539} INFO - Filling up the DagBag from /opt/airflow/dags/stock_pipeline_dag.py
[2025-01-31T13:03:04.986+0000] {processor.py:839} INFO - DAG(s) dict_keys(['stock_price_pipeline_intraday', 'stock_price_pipeline_daily']) retrieved from /opt/airflow/dags/stock_pipeline_dag.py
[2025-01-31T13:03:05.186+0000] {logging_mixin.py:151} INFO - [2025-01-31T13:03:05.186+0000] {dag.py:2907} INFO - Sync 2 DAGs
[2025-01-31T13:03:05.214+0000] {logging_mixin.py:151} INFO - [2025-01-31T13:03:05.213+0000] {dag.py:3677} INFO - Setting next_dagrun for stock_price_pipeline_daily to 2025-02-01T00:00:00+00:00, run_after=2025-02-02T00:00:00+00:00
[2025-01-31T13:03:05.218+0000] {logging_mixin.py:151} INFO - [2025-01-31T13:03:05.218+0000] {dag.py:3677} INFO - Setting next_dagrun for stock_price_pipeline_intraday to 2025-01-31T14:00:00+00:00, run_after=2025-01-31T15:00:00+00:00
[2025-01-31T13:03:05.251+0000] {processor.py:179} INFO - Processing /opt/airflow/dags/stock_pipeline_dag.py took 0.305 seconds
[2025-01-31T13:03:36.301+0000] {processor.py:157} INFO - Started process (PID=101) to work on /opt/airflow/dags/stock_pipeline_dag.py
[2025-01-31T13:03:36.303+0000] {processor.py:829} INFO - Processing file /opt/airflow/dags/stock_pipeline_dag.py for tasks to queue
[2025-01-31T13:03:36.305+0000] {logging_mixin.py:151} INFO - [2025-01-31T13:03:36.304+0000] {dagbag.py:539} INFO - Filling up the DagBag from /opt/airflow/dags/stock_pipeline_dag.py
[2025-01-31T13:03:36.331+0000] {processor.py:839} INFO - DAG(s) dict_keys(['stock_price_pipeline_daily', 'stock_price_pipeline_intraday']) retrieved from /opt/airflow/dags/stock_pipeline_dag.py
[2025-01-31T13:03:36.467+0000] {logging_mixin.py:151} INFO - [2025-01-31T13:03:36.467+0000] {dag.py:2907} INFO - Sync 2 DAGs
[2025-01-31T13:03:36.488+0000] {logging_mixin.py:151} INFO - [2025-01-31T13:03:36.488+0000] {dag.py:3677} INFO - Setting next_dagrun for stock_price_pipeline_daily to 2025-02-01T00:00:00+00:00, run_after=2025-02-02T00:00:00+00:00
[2025-01-31T13:03:36.492+0000] {logging_mixin.py:151} INFO - [2025-01-31T13:03:36.491+0000] {dag.py:3677} INFO - Setting next_dagrun for stock_price_pipeline_intraday to 2025-01-31T14:00:00+00:00, run_after=2025-01-31T15:00:00+00:00
[2025-01-31T13:03:36.519+0000] {processor.py:179} INFO - Processing /opt/airflow/dags/stock_pipeline_dag.py took 0.223 seconds
[2025-01-31T13:04:06.645+0000] {processor.py:157} INFO - Started process (PID=102) to work on /opt/airflow/dags/stock_pipeline_dag.py
[2025-01-31T13:04:06.646+0000] {processor.py:829} INFO - Processing file /opt/airflow/dags/stock_pipeline_dag.py for tasks to queue
[2025-01-31T13:04:06.647+0000] {logging_mixin.py:151} INFO - [2025-01-31T13:04:06.647+0000] {dagbag.py:539} INFO - Filling up the DagBag from /opt/airflow/dags/stock_pipeline_dag.py
[2025-01-31T13:04:06.671+0000] {processor.py:839} INFO - DAG(s) dict_keys(['stock_price_pipeline_daily', 'stock_price_pipeline_intraday']) retrieved from /opt/airflow/dags/stock_pipeline_dag.py
[2025-01-31T13:04:06.802+0000] {logging_mixin.py:151} INFO - [2025-01-31T13:04:06.802+0000] {dag.py:2907} INFO - Sync 2 DAGs
[2025-01-31T13:04:06.822+0000] {logging_mixin.py:151} INFO - [2025-01-31T13:04:06.822+0000] {dag.py:3677} INFO - Setting next_dagrun for stock_price_pipeline_daily to 2025-02-01T00:00:00+00:00, run_after=2025-02-02T00:00:00+00:00
[2025-01-31T13:04:06.826+0000] {logging_mixin.py:151} INFO - [2025-01-31T13:04:06.826+0000] {dag.py:3677} INFO - Setting next_dagrun for stock_price_pipeline_intraday to 2025-01-31T14:00:00+00:00, run_after=2025-01-31T15:00:00+00:00
[2025-01-31T13:04:06.855+0000] {processor.py:179} INFO - Processing /opt/airflow/dags/stock_pipeline_dag.py took 0.213 seconds
[2025-01-31T13:04:37.970+0000] {processor.py:157} INFO - Started process (PID=103) to work on /opt/airflow/dags/stock_pipeline_dag.py
[2025-01-31T13:04:37.972+0000] {processor.py:829} INFO - Processing file /opt/airflow/dags/stock_pipeline_dag.py for tasks to queue
[2025-01-31T13:04:37.973+0000] {logging_mixin.py:151} INFO - [2025-01-31T13:04:37.973+0000] {dagbag.py:539} INFO - Filling up the DagBag from /opt/airflow/dags/stock_pipeline_dag.py
[2025-01-31T13:04:38.008+0000] {processor.py:839} INFO - DAG(s) dict_keys(['stock_price_pipeline_intraday', 'stock_price_pipeline_daily']) retrieved from /opt/airflow/dags/stock_pipeline_dag.py
[2025-01-31T13:04:38.248+0000] {logging_mixin.py:151} INFO - [2025-01-31T13:04:38.247+0000] {dag.py:2907} INFO - Sync 2 DAGs
[2025-01-31T13:04:38.281+0000] {logging_mixin.py:151} INFO - [2025-01-31T13:04:38.281+0000] {dag.py:3677} INFO - Setting next_dagrun for stock_price_pipeline_daily to 2025-02-01T00:00:00+00:00, run_after=2025-02-02T00:00:00+00:00
[2025-01-31T13:04:38.288+0000] {logging_mixin.py:151} INFO - [2025-01-31T13:04:38.288+0000] {dag.py:3677} INFO - Setting next_dagrun for stock_price_pipeline_intraday to 2025-01-31T14:00:00+00:00, run_after=2025-01-31T15:00:00+00:00
[2025-01-31T13:04:38.327+0000] {processor.py:179} INFO - Processing /opt/airflow/dags/stock_pipeline_dag.py took 0.363 seconds
[2025-01-31T13:05:09.164+0000] {processor.py:157} INFO - Started process (PID=104) to work on /opt/airflow/dags/stock_pipeline_dag.py
[2025-01-31T13:05:09.165+0000] {processor.py:829} INFO - Processing file /opt/airflow/dags/stock_pipeline_dag.py for tasks to queue
[2025-01-31T13:05:09.167+0000] {logging_mixin.py:151} INFO - [2025-01-31T13:05:09.167+0000] {dagbag.py:539} INFO - Filling up the DagBag from /opt/airflow/dags/stock_pipeline_dag.py
[2025-01-31T13:05:09.191+0000] {processor.py:839} INFO - DAG(s) dict_keys(['stock_price_pipeline_intraday', 'stock_price_pipeline_daily']) retrieved from /opt/airflow/dags/stock_pipeline_dag.py
[2025-01-31T13:05:09.334+0000] {logging_mixin.py:151} INFO - [2025-01-31T13:05:09.334+0000] {dag.py:2907} INFO - Sync 2 DAGs
[2025-01-31T13:05:09.354+0000] {logging_mixin.py:151} INFO - [2025-01-31T13:05:09.354+0000] {dag.py:3677} INFO - Setting next_dagrun for stock_price_pipeline_daily to 2025-02-01T00:00:00+00:00, run_after=2025-02-02T00:00:00+00:00
[2025-01-31T13:05:09.358+0000] {logging_mixin.py:151} INFO - [2025-01-31T13:05:09.358+0000] {dag.py:3677} INFO - Setting next_dagrun for stock_price_pipeline_intraday to 2025-01-31T14:00:00+00:00, run_after=2025-01-31T15:00:00+00:00
[2025-01-31T13:05:09.384+0000] {processor.py:179} INFO - Processing /opt/airflow/dags/stock_pipeline_dag.py took 0.224 seconds
[2025-01-31T13:05:39.782+0000] {processor.py:157} INFO - Started process (PID=105) to work on /opt/airflow/dags/stock_pipeline_dag.py
[2025-01-31T13:05:39.783+0000] {processor.py:829} INFO - Processing file /opt/airflow/dags/stock_pipeline_dag.py for tasks to queue
[2025-01-31T13:05:39.785+0000] {logging_mixin.py:151} INFO - [2025-01-31T13:05:39.784+0000] {dagbag.py:539} INFO - Filling up the DagBag from /opt/airflow/dags/stock_pipeline_dag.py
[2025-01-31T13:05:39.808+0000] {processor.py:839} INFO - DAG(s) dict_keys(['stock_price_pipeline_daily', 'stock_price_pipeline_intraday']) retrieved from /opt/airflow/dags/stock_pipeline_dag.py
[2025-01-31T13:05:39.947+0000] {logging_mixin.py:151} INFO - [2025-01-31T13:05:39.947+0000] {dag.py:2907} INFO - Sync 2 DAGs
[2025-01-31T13:05:39.968+0000] {logging_mixin.py:151} INFO - [2025-01-31T13:05:39.968+0000] {dag.py:3677} INFO - Setting next_dagrun for stock_price_pipeline_daily to 2025-02-01T00:00:00+00:00, run_after=2025-02-02T00:00:00+00:00
[2025-01-31T13:05:39.971+0000] {logging_mixin.py:151} INFO - [2025-01-31T13:05:39.971+0000] {dag.py:3677} INFO - Setting next_dagrun for stock_price_pipeline_intraday to 2025-01-31T14:00:00+00:00, run_after=2025-01-31T15:00:00+00:00
[2025-01-31T13:05:39.991+0000] {processor.py:179} INFO - Processing /opt/airflow/dags/stock_pipeline_dag.py took 0.214 seconds
[2025-01-31T13:06:10.377+0000] {processor.py:157} INFO - Started process (PID=106) to work on /opt/airflow/dags/stock_pipeline_dag.py
[2025-01-31T13:06:10.378+0000] {processor.py:829} INFO - Processing file /opt/airflow/dags/stock_pipeline_dag.py for tasks to queue
[2025-01-31T13:06:10.380+0000] {logging_mixin.py:151} INFO - [2025-01-31T13:06:10.379+0000] {dagbag.py:539} INFO - Filling up the DagBag from /opt/airflow/dags/stock_pipeline_dag.py
[2025-01-31T13:06:10.404+0000] {processor.py:839} INFO - DAG(s) dict_keys(['stock_price_pipeline_daily', 'stock_price_pipeline_intraday']) retrieved from /opt/airflow/dags/stock_pipeline_dag.py
[2025-01-31T13:06:10.541+0000] {logging_mixin.py:151} INFO - [2025-01-31T13:06:10.541+0000] {dag.py:2907} INFO - Sync 2 DAGs
[2025-01-31T13:06:10.561+0000] {logging_mixin.py:151} INFO - [2025-01-31T13:06:10.561+0000] {dag.py:3677} INFO - Setting next_dagrun for stock_price_pipeline_daily to 2025-02-01T00:00:00+00:00, run_after=2025-02-02T00:00:00+00:00
[2025-01-31T13:06:10.566+0000] {logging_mixin.py:151} INFO - [2025-01-31T13:06:10.566+0000] {dag.py:3677} INFO - Setting next_dagrun for stock_price_pipeline_intraday to 2025-01-31T14:00:00+00:00, run_after=2025-01-31T15:00:00+00:00
[2025-01-31T13:06:10.701+0000] {processor.py:179} INFO - Processing /opt/airflow/dags/stock_pipeline_dag.py took 0.329 seconds
[2025-01-31T13:06:41.085+0000] {processor.py:157} INFO - Started process (PID=107) to work on /opt/airflow/dags/stock_pipeline_dag.py
[2025-01-31T13:06:41.093+0000] {processor.py:829} INFO - Processing file /opt/airflow/dags/stock_pipeline_dag.py for tasks to queue
[2025-01-31T13:06:41.095+0000] {logging_mixin.py:151} INFO - [2025-01-31T13:06:41.095+0000] {dagbag.py:539} INFO - Filling up the DagBag from /opt/airflow/dags/stock_pipeline_dag.py
[2025-01-31T13:06:41.119+0000] {processor.py:839} INFO - DAG(s) dict_keys(['stock_price_pipeline_daily', 'stock_price_pipeline_intraday']) retrieved from /opt/airflow/dags/stock_pipeline_dag.py
[2025-01-31T13:06:41.250+0000] {logging_mixin.py:151} INFO - [2025-01-31T13:06:41.250+0000] {dag.py:2907} INFO - Sync 2 DAGs
[2025-01-31T13:06:41.399+0000] {logging_mixin.py:151} INFO - [2025-01-31T13:06:41.399+0000] {dag.py:3677} INFO - Setting next_dagrun for stock_price_pipeline_daily to 2025-02-01T00:00:00+00:00, run_after=2025-02-02T00:00:00+00:00
[2025-01-31T13:06:41.404+0000] {logging_mixin.py:151} INFO - [2025-01-31T13:06:41.404+0000] {dag.py:3677} INFO - Setting next_dagrun for stock_price_pipeline_intraday to 2025-01-31T14:00:00+00:00, run_after=2025-01-31T15:00:00+00:00
[2025-01-31T13:06:41.431+0000] {processor.py:179} INFO - Processing /opt/airflow/dags/stock_pipeline_dag.py took 0.351 seconds
[2025-01-31T13:07:11.825+0000] {processor.py:157} INFO - Started process (PID=108) to work on /opt/airflow/dags/stock_pipeline_dag.py
[2025-01-31T13:07:11.826+0000] {processor.py:829} INFO - Processing file /opt/airflow/dags/stock_pipeline_dag.py for tasks to queue
[2025-01-31T13:07:11.827+0000] {logging_mixin.py:151} INFO - [2025-01-31T13:07:11.827+0000] {dagbag.py:539} INFO - Filling up the DagBag from /opt/airflow/dags/stock_pipeline_dag.py
[2025-01-31T13:07:11.851+0000] {processor.py:839} INFO - DAG(s) dict_keys(['stock_price_pipeline_daily', 'stock_price_pipeline_intraday']) retrieved from /opt/airflow/dags/stock_pipeline_dag.py
[2025-01-31T13:07:11.993+0000] {logging_mixin.py:151} INFO - [2025-01-31T13:07:11.992+0000] {dag.py:2907} INFO - Sync 2 DAGs
[2025-01-31T13:07:12.170+0000] {logging_mixin.py:151} INFO - [2025-01-31T13:07:12.170+0000] {dag.py:3677} INFO - Setting next_dagrun for stock_price_pipeline_daily to 2025-02-01T00:00:00+00:00, run_after=2025-02-02T00:00:00+00:00
[2025-01-31T13:07:12.177+0000] {logging_mixin.py:151} INFO - [2025-01-31T13:07:12.177+0000] {dag.py:3677} INFO - Setting next_dagrun for stock_price_pipeline_intraday to 2025-01-31T14:00:00+00:00, run_after=2025-01-31T15:00:00+00:00
[2025-01-31T13:07:12.210+0000] {processor.py:179} INFO - Processing /opt/airflow/dags/stock_pipeline_dag.py took 0.389 seconds
[2025-01-31T13:07:57.087+0000] {processor.py:157} INFO - Started process (PID=149) to work on /opt/airflow/dags/stock_pipeline_dag.py
[2025-01-31T13:07:57.089+0000] {processor.py:829} INFO - Processing file /opt/airflow/dags/stock_pipeline_dag.py for tasks to queue
[2025-01-31T13:07:57.091+0000] {logging_mixin.py:151} INFO - [2025-01-31T13:07:57.090+0000] {dagbag.py:539} INFO - Filling up the DagBag from /opt/airflow/dags/stock_pipeline_dag.py
[2025-01-31T13:07:57.117+0000] {processor.py:839} INFO - DAG(s) dict_keys(['stock_price_pipeline_intraday', 'stock_price_pipeline_daily']) retrieved from /opt/airflow/dags/stock_pipeline_dag.py
[2025-01-31T13:07:57.270+0000] {logging_mixin.py:151} INFO - [2025-01-31T13:07:57.269+0000] {dag.py:2907} INFO - Sync 2 DAGs
[2025-01-31T13:07:57.419+0000] {logging_mixin.py:151} INFO - [2025-01-31T13:07:57.419+0000] {dag.py:3677} INFO - Setting next_dagrun for stock_price_pipeline_daily to 2025-02-01T00:00:00+00:00, run_after=2025-02-02T00:00:00+00:00
[2025-01-31T13:07:57.423+0000] {logging_mixin.py:151} INFO - [2025-01-31T13:07:57.423+0000] {dag.py:3677} INFO - Setting next_dagrun for stock_price_pipeline_intraday to 2025-01-31T14:00:00+00:00, run_after=2025-01-31T15:00:00+00:00
[2025-01-31T13:07:57.451+0000] {processor.py:179} INFO - Processing /opt/airflow/dags/stock_pipeline_dag.py took 0.369 seconds
[2025-01-31T13:08:28.413+0000] {processor.py:157} INFO - Started process (PID=160) to work on /opt/airflow/dags/stock_pipeline_dag.py
[2025-01-31T13:08:28.415+0000] {processor.py:829} INFO - Processing file /opt/airflow/dags/stock_pipeline_dag.py for tasks to queue
[2025-01-31T13:08:28.416+0000] {logging_mixin.py:151} INFO - [2025-01-31T13:08:28.416+0000] {dagbag.py:539} INFO - Filling up the DagBag from /opt/airflow/dags/stock_pipeline_dag.py
[2025-01-31T13:08:28.442+0000] {processor.py:839} INFO - DAG(s) dict_keys(['stock_price_pipeline_intraday', 'stock_price_pipeline_daily']) retrieved from /opt/airflow/dags/stock_pipeline_dag.py
[2025-01-31T13:08:28.574+0000] {logging_mixin.py:151} INFO - [2025-01-31T13:08:28.573+0000] {dag.py:2907} INFO - Sync 2 DAGs
[2025-01-31T13:08:28.718+0000] {logging_mixin.py:151} INFO - [2025-01-31T13:08:28.717+0000] {dag.py:3677} INFO - Setting next_dagrun for stock_price_pipeline_daily to 2025-02-01T00:00:00+00:00, run_after=2025-02-02T00:00:00+00:00
[2025-01-31T13:08:28.722+0000] {logging_mixin.py:151} INFO - [2025-01-31T13:08:28.722+0000] {dag.py:3677} INFO - Setting next_dagrun for stock_price_pipeline_intraday to 2025-01-31T14:00:00+00:00, run_after=2025-01-31T15:00:00+00:00
[2025-01-31T13:08:28.746+0000] {processor.py:179} INFO - Processing /opt/airflow/dags/stock_pipeline_dag.py took 0.337 seconds
[2025-01-31T13:08:59.741+0000] {processor.py:157} INFO - Started process (PID=161) to work on /opt/airflow/dags/stock_pipeline_dag.py
[2025-01-31T13:08:59.743+0000] {processor.py:829} INFO - Processing file /opt/airflow/dags/stock_pipeline_dag.py for tasks to queue
[2025-01-31T13:08:59.744+0000] {logging_mixin.py:151} INFO - [2025-01-31T13:08:59.743+0000] {dagbag.py:539} INFO - Filling up the DagBag from /opt/airflow/dags/stock_pipeline_dag.py
[2025-01-31T13:08:59.766+0000] {processor.py:839} INFO - DAG(s) dict_keys(['stock_price_pipeline_intraday', 'stock_price_pipeline_daily']) retrieved from /opt/airflow/dags/stock_pipeline_dag.py
[2025-01-31T13:09:00.066+0000] {logging_mixin.py:151} INFO - [2025-01-31T13:09:00.065+0000] {dag.py:2907} INFO - Sync 2 DAGs
[2025-01-31T13:09:00.090+0000] {logging_mixin.py:151} INFO - [2025-01-31T13:09:00.090+0000] {dag.py:3677} INFO - Setting next_dagrun for stock_price_pipeline_daily to 2025-02-01T00:00:00+00:00, run_after=2025-02-02T00:00:00+00:00
[2025-01-31T13:09:00.095+0000] {logging_mixin.py:151} INFO - [2025-01-31T13:09:00.095+0000] {dag.py:3677} INFO - Setting next_dagrun for stock_price_pipeline_intraday to 2025-01-31T14:00:00+00:00, run_after=2025-01-31T15:00:00+00:00
[2025-01-31T13:09:00.121+0000] {processor.py:179} INFO - Processing /opt/airflow/dags/stock_pipeline_dag.py took 0.384 seconds
[2025-01-31T13:09:31.084+0000] {processor.py:157} INFO - Started process (PID=162) to work on /opt/airflow/dags/stock_pipeline_dag.py
[2025-01-31T13:09:31.086+0000] {processor.py:829} INFO - Processing file /opt/airflow/dags/stock_pipeline_dag.py for tasks to queue
[2025-01-31T13:09:31.087+0000] {logging_mixin.py:151} INFO - [2025-01-31T13:09:31.086+0000] {dagbag.py:539} INFO - Filling up the DagBag from /opt/airflow/dags/stock_pipeline_dag.py
[2025-01-31T13:09:31.109+0000] {processor.py:839} INFO - DAG(s) dict_keys(['stock_price_pipeline_daily', 'stock_price_pipeline_intraday']) retrieved from /opt/airflow/dags/stock_pipeline_dag.py
[2025-01-31T13:09:31.374+0000] {logging_mixin.py:151} INFO - [2025-01-31T13:09:31.373+0000] {dag.py:2907} INFO - Sync 2 DAGs
[2025-01-31T13:09:31.396+0000] {logging_mixin.py:151} INFO - [2025-01-31T13:09:31.396+0000] {dag.py:3677} INFO - Setting next_dagrun for stock_price_pipeline_daily to 2025-02-01T00:00:00+00:00, run_after=2025-02-02T00:00:00+00:00
[2025-01-31T13:09:31.400+0000] {logging_mixin.py:151} INFO - [2025-01-31T13:09:31.400+0000] {dag.py:3677} INFO - Setting next_dagrun for stock_price_pipeline_intraday to 2025-01-31T14:00:00+00:00, run_after=2025-01-31T15:00:00+00:00
[2025-01-31T13:09:31.427+0000] {processor.py:179} INFO - Processing /opt/airflow/dags/stock_pipeline_dag.py took 0.348 seconds
[2025-01-31T13:10:02.472+0000] {processor.py:157} INFO - Started process (PID=163) to work on /opt/airflow/dags/stock_pipeline_dag.py
[2025-01-31T13:10:02.474+0000] {processor.py:829} INFO - Processing file /opt/airflow/dags/stock_pipeline_dag.py for tasks to queue
[2025-01-31T13:10:02.476+0000] {logging_mixin.py:151} INFO - [2025-01-31T13:10:02.475+0000] {dagbag.py:539} INFO - Filling up the DagBag from /opt/airflow/dags/stock_pipeline_dag.py
[2025-01-31T13:10:02.503+0000] {processor.py:839} INFO - DAG(s) dict_keys(['stock_price_pipeline_daily', 'stock_price_pipeline_intraday']) retrieved from /opt/airflow/dags/stock_pipeline_dag.py
[2025-01-31T13:10:02.787+0000] {logging_mixin.py:151} INFO - [2025-01-31T13:10:02.787+0000] {dag.py:2907} INFO - Sync 2 DAGs
[2025-01-31T13:10:02.808+0000] {logging_mixin.py:151} INFO - [2025-01-31T13:10:02.808+0000] {dag.py:3677} INFO - Setting next_dagrun for stock_price_pipeline_daily to 2025-02-01T00:00:00+00:00, run_after=2025-02-02T00:00:00+00:00
[2025-01-31T13:10:02.812+0000] {logging_mixin.py:151} INFO - [2025-01-31T13:10:02.812+0000] {dag.py:3677} INFO - Setting next_dagrun for stock_price_pipeline_intraday to 2025-01-31T14:00:00+00:00, run_after=2025-01-31T15:00:00+00:00
[2025-01-31T13:10:02.840+0000] {processor.py:179} INFO - Processing /opt/airflow/dags/stock_pipeline_dag.py took 0.373 seconds
[2025-01-31T13:10:33.656+0000] {processor.py:157} INFO - Started process (PID=164) to work on /opt/airflow/dags/stock_pipeline_dag.py
[2025-01-31T13:10:33.658+0000] {processor.py:829} INFO - Processing file /opt/airflow/dags/stock_pipeline_dag.py for tasks to queue
[2025-01-31T13:10:33.659+0000] {logging_mixin.py:151} INFO - [2025-01-31T13:10:33.659+0000] {dagbag.py:539} INFO - Filling up the DagBag from /opt/airflow/dags/stock_pipeline_dag.py
[2025-01-31T13:10:33.684+0000] {processor.py:839} INFO - DAG(s) dict_keys(['stock_price_pipeline_daily', 'stock_price_pipeline_intraday']) retrieved from /opt/airflow/dags/stock_pipeline_dag.py
[2025-01-31T13:10:33.957+0000] {logging_mixin.py:151} INFO - [2025-01-31T13:10:33.957+0000] {dag.py:2907} INFO - Sync 2 DAGs
[2025-01-31T13:10:33.977+0000] {logging_mixin.py:151} INFO - [2025-01-31T13:10:33.976+0000] {dag.py:3677} INFO - Setting next_dagrun for stock_price_pipeline_daily to 2025-02-01T00:00:00+00:00, run_after=2025-02-02T00:00:00+00:00
[2025-01-31T13:10:33.981+0000] {logging_mixin.py:151} INFO - [2025-01-31T13:10:33.980+0000] {dag.py:3677} INFO - Setting next_dagrun for stock_price_pipeline_intraday to 2025-01-31T14:00:00+00:00, run_after=2025-01-31T15:00:00+00:00
[2025-01-31T13:10:34.006+0000] {processor.py:179} INFO - Processing /opt/airflow/dags/stock_pipeline_dag.py took 0.353 seconds
[2025-01-31T13:11:04.384+0000] {processor.py:157} INFO - Started process (PID=165) to work on /opt/airflow/dags/stock_pipeline_dag.py
[2025-01-31T13:11:04.386+0000] {processor.py:829} INFO - Processing file /opt/airflow/dags/stock_pipeline_dag.py for tasks to queue
[2025-01-31T13:11:04.387+0000] {logging_mixin.py:151} INFO - [2025-01-31T13:11:04.387+0000] {dagbag.py:539} INFO - Filling up the DagBag from /opt/airflow/dags/stock_pipeline_dag.py
[2025-01-31T13:11:04.411+0000] {processor.py:839} INFO - DAG(s) dict_keys(['stock_price_pipeline_daily', 'stock_price_pipeline_intraday']) retrieved from /opt/airflow/dags/stock_pipeline_dag.py
[2025-01-31T13:11:04.543+0000] {logging_mixin.py:151} INFO - [2025-01-31T13:11:04.543+0000] {dag.py:2907} INFO - Sync 2 DAGs
[2025-01-31T13:11:04.564+0000] {logging_mixin.py:151} INFO - [2025-01-31T13:11:04.564+0000] {dag.py:3677} INFO - Setting next_dagrun for stock_price_pipeline_daily to 2025-02-01T00:00:00+00:00, run_after=2025-02-02T00:00:00+00:00
[2025-01-31T13:11:04.568+0000] {logging_mixin.py:151} INFO - [2025-01-31T13:11:04.568+0000] {dag.py:3677} INFO - Setting next_dagrun for stock_price_pipeline_intraday to 2025-01-31T14:00:00+00:00, run_after=2025-01-31T15:00:00+00:00
[2025-01-31T13:11:04.725+0000] {processor.py:179} INFO - Processing /opt/airflow/dags/stock_pipeline_dag.py took 0.346 seconds
[2025-01-31T13:11:35.115+0000] {processor.py:157} INFO - Started process (PID=166) to work on /opt/airflow/dags/stock_pipeline_dag.py
[2025-01-31T13:11:35.117+0000] {processor.py:829} INFO - Processing file /opt/airflow/dags/stock_pipeline_dag.py for tasks to queue
[2025-01-31T13:11:35.119+0000] {logging_mixin.py:151} INFO - [2025-01-31T13:11:35.118+0000] {dagbag.py:539} INFO - Filling up the DagBag from /opt/airflow/dags/stock_pipeline_dag.py
[2025-01-31T13:11:35.145+0000] {processor.py:839} INFO - DAG(s) dict_keys(['stock_price_pipeline_daily', 'stock_price_pipeline_intraday']) retrieved from /opt/airflow/dags/stock_pipeline_dag.py
[2025-01-31T13:11:35.274+0000] {logging_mixin.py:151} INFO - [2025-01-31T13:11:35.274+0000] {dag.py:2907} INFO - Sync 2 DAGs
[2025-01-31T13:11:35.425+0000] {logging_mixin.py:151} INFO - [2025-01-31T13:11:35.425+0000] {dag.py:3677} INFO - Setting next_dagrun for stock_price_pipeline_daily to 2025-02-01T00:00:00+00:00, run_after=2025-02-02T00:00:00+00:00
[2025-01-31T13:11:35.430+0000] {logging_mixin.py:151} INFO - [2025-01-31T13:11:35.430+0000] {dag.py:3677} INFO - Setting next_dagrun for stock_price_pipeline_intraday to 2025-01-31T14:00:00+00:00, run_after=2025-01-31T15:00:00+00:00
[2025-01-31T13:11:35.461+0000] {processor.py:179} INFO - Processing /opt/airflow/dags/stock_pipeline_dag.py took 0.351 seconds
[2025-01-31T13:12:05.844+0000] {processor.py:157} INFO - Started process (PID=167) to work on /opt/airflow/dags/stock_pipeline_dag.py
[2025-01-31T13:12:05.845+0000] {processor.py:829} INFO - Processing file /opt/airflow/dags/stock_pipeline_dag.py for tasks to queue
[2025-01-31T13:12:05.847+0000] {logging_mixin.py:151} INFO - [2025-01-31T13:12:05.846+0000] {dagbag.py:539} INFO - Filling up the DagBag from /opt/airflow/dags/stock_pipeline_dag.py
[2025-01-31T13:12:05.869+0000] {processor.py:839} INFO - DAG(s) dict_keys(['stock_price_pipeline_daily', 'stock_price_pipeline_intraday']) retrieved from /opt/airflow/dags/stock_pipeline_dag.py
[2025-01-31T13:12:06.008+0000] {logging_mixin.py:151} INFO - [2025-01-31T13:12:06.008+0000] {dag.py:2907} INFO - Sync 2 DAGs
[2025-01-31T13:12:06.162+0000] {logging_mixin.py:151} INFO - [2025-01-31T13:12:06.162+0000] {dag.py:3677} INFO - Setting next_dagrun for stock_price_pipeline_daily to 2025-02-01T00:00:00+00:00, run_after=2025-02-02T00:00:00+00:00
[2025-01-31T13:12:06.167+0000] {logging_mixin.py:151} INFO - [2025-01-31T13:12:06.167+0000] {dag.py:3677} INFO - Setting next_dagrun for stock_price_pipeline_intraday to 2025-01-31T14:00:00+00:00, run_after=2025-01-31T15:00:00+00:00
[2025-01-31T13:12:06.201+0000] {processor.py:179} INFO - Processing /opt/airflow/dags/stock_pipeline_dag.py took 0.361 seconds
[2025-01-31T13:12:36.577+0000] {processor.py:157} INFO - Started process (PID=168) to work on /opt/airflow/dags/stock_pipeline_dag.py
[2025-01-31T13:12:36.584+0000] {processor.py:829} INFO - Processing file /opt/airflow/dags/stock_pipeline_dag.py for tasks to queue
[2025-01-31T13:12:36.586+0000] {logging_mixin.py:151} INFO - [2025-01-31T13:12:36.585+0000] {dagbag.py:539} INFO - Filling up the DagBag from /opt/airflow/dags/stock_pipeline_dag.py
[2025-01-31T13:12:36.609+0000] {processor.py:839} INFO - DAG(s) dict_keys(['stock_price_pipeline_daily', 'stock_price_pipeline_intraday']) retrieved from /opt/airflow/dags/stock_pipeline_dag.py
[2025-01-31T13:12:36.739+0000] {logging_mixin.py:151} INFO - [2025-01-31T13:12:36.738+0000] {dag.py:2907} INFO - Sync 2 DAGs
[2025-01-31T13:12:36.895+0000] {logging_mixin.py:151} INFO - [2025-01-31T13:12:36.895+0000] {dag.py:3677} INFO - Setting next_dagrun for stock_price_pipeline_daily to 2025-02-01T00:00:00+00:00, run_after=2025-02-02T00:00:00+00:00
[2025-01-31T13:12:36.900+0000] {logging_mixin.py:151} INFO - [2025-01-31T13:12:36.899+0000] {dag.py:3677} INFO - Setting next_dagrun for stock_price_pipeline_intraday to 2025-01-31T14:00:00+00:00, run_after=2025-01-31T15:00:00+00:00
[2025-01-31T13:12:36.929+0000] {processor.py:179} INFO - Processing /opt/airflow/dags/stock_pipeline_dag.py took 0.356 seconds
