[2025-01-27T16:03:14.113+0000] {taskinstance.py:1159} INFO - Dependencies all met for dep_context=non-requeueable deps ti=<TaskInstance: stock_price_pipeline_daily.start_producer_daily manual__2025-01-27T16:03:10.524834+00:00 [queued]>
[2025-01-27T16:03:14.119+0000] {taskinstance.py:1159} INFO - Dependencies all met for dep_context=requeueable deps ti=<TaskInstance: stock_price_pipeline_daily.start_producer_daily manual__2025-01-27T16:03:10.524834+00:00 [queued]>
[2025-01-27T16:03:14.119+0000] {taskinstance.py:1361} INFO - Starting attempt 1 of 2
[2025-01-27T16:03:14.135+0000] {taskinstance.py:1382} INFO - Executing <Task(BashOperator): start_producer_daily> on 2025-01-27 16:03:10.524834+00:00
[2025-01-27T16:03:14.138+0000] {standard_task_runner.py:57} INFO - Started process 61 to run task
[2025-01-27T16:03:14.142+0000] {standard_task_runner.py:84} INFO - Running: ['airflow', 'tasks', 'run', 'stock_price_pipeline_daily', 'start_producer_daily', 'manual__2025-01-27T16:03:10.524834+00:00', '--job-id', '2', '--raw', '--subdir', 'DAGS_FOLDER/stock_pipeline_dag.py', '--cfg-path', '/tmp/tmpr927cdos']
[2025-01-27T16:03:14.143+0000] {standard_task_runner.py:85} INFO - Job 2: Subtask start_producer_daily
[2025-01-27T16:03:14.182+0000] {task_command.py:415} INFO - Running <TaskInstance: stock_price_pipeline_daily.start_producer_daily manual__2025-01-27T16:03:10.524834+00:00 [running]> on host 2f718d8427ce
[2025-01-27T16:03:14.629+0000] {taskinstance.py:1660} INFO - Exporting env vars: AIRFLOW_CTX_DAG_OWNER='airflow' AIRFLOW_CTX_DAG_ID='stock_price_pipeline_daily' AIRFLOW_CTX_TASK_ID='start_producer_daily' AIRFLOW_CTX_EXECUTION_DATE='2025-01-27T16:03:10.524834+00:00' AIRFLOW_CTX_TRY_NUMBER='1' AIRFLOW_CTX_DAG_RUN_ID='manual__2025-01-27T16:03:10.524834+00:00'
[2025-01-27T16:03:14.631+0000] {subprocess.py:63} INFO - Tmp dir root location: /tmp
[2025-01-27T16:03:14.631+0000] {subprocess.py:75} INFO - Running command: ['/bin/bash', '-c', 'docker exec producer-daily python /opt/airflow/dags/producers/kafka_producer_daily.py']
[2025-01-27T16:03:14.638+0000] {subprocess.py:86} INFO - Output:
[2025-01-27T16:03:14.744+0000] {subprocess.py:93} INFO - python: can't open file '/opt/airflow/dags/producers/kafka_producer_daily.py': [Errno 2] No such file or directory
[2025-01-27T16:03:14.752+0000] {subprocess.py:97} INFO - Command exited with return code 2
[2025-01-27T16:03:14.759+0000] {taskinstance.py:1943} ERROR - Task failed with exception
Traceback (most recent call last):
  File "/home/airflow/.local/lib/python3.8/site-packages/airflow/operators/bash.py", line 210, in execute
    raise AirflowException(
airflow.exceptions.AirflowException: Bash command failed. The command returned a non-zero exit code 2.
[2025-01-27T16:03:14.762+0000] {taskinstance.py:1400} INFO - Marking task as UP_FOR_RETRY. dag_id=stock_price_pipeline_daily, task_id=start_producer_daily, execution_date=20250127T160310, start_date=20250127T160314, end_date=20250127T160314
[2025-01-27T16:03:14.781+0000] {standard_task_runner.py:104} ERROR - Failed to execute job 2 for task start_producer_daily (Bash command failed. The command returned a non-zero exit code 2.; 61)
[2025-01-27T16:03:14.813+0000] {local_task_job_runner.py:228} INFO - Task exited with return code 1
[2025-01-27T16:03:14.835+0000] {taskinstance.py:2784} INFO - 0 downstream tasks scheduled from follow-on schedule check
