[2025-01-30T11:58:11.062+0000] {processor.py:157} INFO - Started process (PID=31) to work on /opt/airflow/dags/stock_pipeline_dag.py
[2025-01-30T11:58:11.066+0000] {processor.py:829} INFO - Processing file /opt/airflow/dags/stock_pipeline_dag.py for tasks to queue
[2025-01-30T11:58:11.068+0000] {logging_mixin.py:151} INFO - [2025-01-30T11:58:11.067+0000] {dagbag.py:539} INFO - Filling up the DagBag from /opt/airflow/dags/stock_pipeline_dag.py
[2025-01-30T11:58:11.164+0000] {processor.py:839} INFO - DAG(s) dict_keys(['stock_price_pipeline_intraday', 'stock_price_pipeline_daily']) retrieved from /opt/airflow/dags/stock_pipeline_dag.py
[2025-01-30T11:58:11.592+0000] {logging_mixin.py:151} INFO - [2025-01-30T11:58:11.592+0000] {manager.py:501} INFO - Created Permission View: can read on DAG:stock_price_pipeline_intraday
[2025-01-30T11:58:11.640+0000] {logging_mixin.py:151} INFO - [2025-01-30T11:58:11.640+0000] {manager.py:501} INFO - Created Permission View: can edit on DAG:stock_price_pipeline_intraday
[2025-01-30T11:58:11.659+0000] {logging_mixin.py:151} INFO - [2025-01-30T11:58:11.659+0000] {manager.py:501} INFO - Created Permission View: can delete on DAG:stock_price_pipeline_intraday
[2025-01-30T11:58:11.761+0000] {logging_mixin.py:151} INFO - [2025-01-30T11:58:11.760+0000] {manager.py:501} INFO - Created Permission View: can read on DAG:stock_price_pipeline_daily
[2025-01-30T11:58:11.807+0000] {logging_mixin.py:151} INFO - [2025-01-30T11:58:11.806+0000] {manager.py:501} INFO - Created Permission View: can edit on DAG:stock_price_pipeline_daily
[2025-01-30T11:58:11.878+0000] {logging_mixin.py:151} INFO - [2025-01-30T11:58:11.878+0000] {manager.py:501} INFO - Created Permission View: can delete on DAG:stock_price_pipeline_daily
[2025-01-30T11:58:11.898+0000] {logging_mixin.py:151} INFO - [2025-01-30T11:58:11.897+0000] {dag.py:2907} INFO - Sync 2 DAGs
[2025-01-30T11:58:11.949+0000] {logging_mixin.py:151} INFO - [2025-01-30T11:58:11.948+0000] {dag.py:2929} INFO - Creating ORM DAG for stock_price_pipeline_intraday
[2025-01-30T11:58:11.962+0000] {logging_mixin.py:151} INFO - [2025-01-30T11:58:11.962+0000] {dag.py:2929} INFO - Creating ORM DAG for stock_price_pipeline_daily
[2025-01-30T11:58:11.983+0000] {logging_mixin.py:151} INFO - [2025-01-30T11:58:11.982+0000] {dag.py:3677} INFO - Setting next_dagrun for stock_price_pipeline_daily to 2025-01-31T00:00:00+00:00, run_after=2025-02-01T00:00:00+00:00
[2025-01-30T11:58:11.988+0000] {logging_mixin.py:151} INFO - [2025-01-30T11:58:11.988+0000] {dag.py:3677} INFO - Setting next_dagrun for stock_price_pipeline_intraday to 2025-01-30T12:00:00+00:00, run_after=2025-01-30T13:00:00+00:00
[2025-01-30T11:58:12.029+0000] {processor.py:179} INFO - Processing /opt/airflow/dags/stock_pipeline_dag.py took 0.977 seconds
[2025-01-30T11:58:42.155+0000] {processor.py:157} INFO - Started process (PID=41) to work on /opt/airflow/dags/stock_pipeline_dag.py
[2025-01-30T11:58:42.157+0000] {processor.py:829} INFO - Processing file /opt/airflow/dags/stock_pipeline_dag.py for tasks to queue
[2025-01-30T11:58:42.159+0000] {logging_mixin.py:151} INFO - [2025-01-30T11:58:42.158+0000] {dagbag.py:539} INFO - Filling up the DagBag from /opt/airflow/dags/stock_pipeline_dag.py
[2025-01-30T11:58:42.186+0000] {processor.py:839} INFO - DAG(s) dict_keys(['stock_price_pipeline_daily', 'stock_price_pipeline_intraday']) retrieved from /opt/airflow/dags/stock_pipeline_dag.py
[2025-01-30T11:58:42.344+0000] {logging_mixin.py:151} INFO - [2025-01-30T11:58:42.344+0000] {dag.py:2907} INFO - Sync 2 DAGs
[2025-01-30T11:58:42.366+0000] {logging_mixin.py:151} INFO - [2025-01-30T11:58:42.366+0000] {dag.py:3677} INFO - Setting next_dagrun for stock_price_pipeline_daily to 2025-01-31T00:00:00+00:00, run_after=2025-02-01T00:00:00+00:00
[2025-01-30T11:58:42.370+0000] {logging_mixin.py:151} INFO - [2025-01-30T11:58:42.370+0000] {dag.py:3677} INFO - Setting next_dagrun for stock_price_pipeline_intraday to 2025-01-30T12:00:00+00:00, run_after=2025-01-30T13:00:00+00:00
[2025-01-30T11:58:42.395+0000] {processor.py:179} INFO - Processing /opt/airflow/dags/stock_pipeline_dag.py took 0.244 seconds
[2025-01-30T11:59:12.469+0000] {processor.py:157} INFO - Started process (PID=47) to work on /opt/airflow/dags/stock_pipeline_dag.py
[2025-01-30T11:59:12.471+0000] {processor.py:829} INFO - Processing file /opt/airflow/dags/stock_pipeline_dag.py for tasks to queue
[2025-01-30T11:59:12.473+0000] {logging_mixin.py:151} INFO - [2025-01-30T11:59:12.472+0000] {dagbag.py:539} INFO - Filling up the DagBag from /opt/airflow/dags/stock_pipeline_dag.py
[2025-01-30T11:59:12.498+0000] {processor.py:839} INFO - DAG(s) dict_keys(['stock_price_pipeline_daily', 'stock_price_pipeline_intraday']) retrieved from /opt/airflow/dags/stock_pipeline_dag.py
[2025-01-30T11:59:12.630+0000] {logging_mixin.py:151} INFO - [2025-01-30T11:59:12.630+0000] {dag.py:2907} INFO - Sync 2 DAGs
[2025-01-30T11:59:12.653+0000] {logging_mixin.py:151} INFO - [2025-01-30T11:59:12.652+0000] {dag.py:3677} INFO - Setting next_dagrun for stock_price_pipeline_daily to 2025-01-31T00:00:00+00:00, run_after=2025-02-01T00:00:00+00:00
[2025-01-30T11:59:12.656+0000] {logging_mixin.py:151} INFO - [2025-01-30T11:59:12.656+0000] {dag.py:3677} INFO - Setting next_dagrun for stock_price_pipeline_intraday to 2025-01-30T12:00:00+00:00, run_after=2025-01-30T13:00:00+00:00
[2025-01-30T11:59:12.684+0000] {processor.py:179} INFO - Processing /opt/airflow/dags/stock_pipeline_dag.py took 0.219 seconds
[2025-01-30T11:59:42.795+0000] {processor.py:157} INFO - Started process (PID=48) to work on /opt/airflow/dags/stock_pipeline_dag.py
[2025-01-30T11:59:42.796+0000] {processor.py:829} INFO - Processing file /opt/airflow/dags/stock_pipeline_dag.py for tasks to queue
[2025-01-30T11:59:42.798+0000] {logging_mixin.py:151} INFO - [2025-01-30T11:59:42.797+0000] {dagbag.py:539} INFO - Filling up the DagBag from /opt/airflow/dags/stock_pipeline_dag.py
[2025-01-30T11:59:42.827+0000] {processor.py:839} INFO - DAG(s) dict_keys(['stock_price_pipeline_daily', 'stock_price_pipeline_intraday']) retrieved from /opt/airflow/dags/stock_pipeline_dag.py
[2025-01-30T11:59:42.968+0000] {logging_mixin.py:151} INFO - [2025-01-30T11:59:42.967+0000] {dag.py:2907} INFO - Sync 2 DAGs
[2025-01-30T11:59:42.989+0000] {logging_mixin.py:151} INFO - [2025-01-30T11:59:42.989+0000] {dag.py:3677} INFO - Setting next_dagrun for stock_price_pipeline_daily to 2025-01-31T00:00:00+00:00, run_after=2025-02-01T00:00:00+00:00
[2025-01-30T11:59:42.993+0000] {logging_mixin.py:151} INFO - [2025-01-30T11:59:42.992+0000] {dag.py:3677} INFO - Setting next_dagrun for stock_price_pipeline_intraday to 2025-01-30T12:00:00+00:00, run_after=2025-01-30T13:00:00+00:00
[2025-01-30T11:59:43.021+0000] {processor.py:179} INFO - Processing /opt/airflow/dags/stock_pipeline_dag.py took 0.230 seconds
[2025-01-30T12:00:16.397+0000] {processor.py:157} INFO - Started process (PID=70) to work on /opt/airflow/dags/stock_pipeline_dag.py
[2025-01-30T12:00:16.399+0000] {processor.py:829} INFO - Processing file /opt/airflow/dags/stock_pipeline_dag.py for tasks to queue
[2025-01-30T12:00:16.400+0000] {logging_mixin.py:151} INFO - [2025-01-30T12:00:16.400+0000] {dagbag.py:539} INFO - Filling up the DagBag from /opt/airflow/dags/stock_pipeline_dag.py
[2025-01-30T12:00:16.428+0000] {processor.py:839} INFO - DAG(s) dict_keys(['stock_price_pipeline_intraday', 'stock_price_pipeline_daily']) retrieved from /opt/airflow/dags/stock_pipeline_dag.py
[2025-01-30T12:00:16.573+0000] {logging_mixin.py:151} INFO - [2025-01-30T12:00:16.572+0000] {dag.py:2907} INFO - Sync 2 DAGs
[2025-01-30T12:00:16.594+0000] {logging_mixin.py:151} INFO - [2025-01-30T12:00:16.594+0000] {dag.py:3677} INFO - Setting next_dagrun for stock_price_pipeline_daily to 2025-01-31T00:00:00+00:00, run_after=2025-02-01T00:00:00+00:00
[2025-01-30T12:00:16.598+0000] {logging_mixin.py:151} INFO - [2025-01-30T12:00:16.597+0000] {dag.py:3677} INFO - Setting next_dagrun for stock_price_pipeline_intraday to 2025-01-30T13:00:00+00:00, run_after=2025-01-30T14:00:00+00:00
[2025-01-30T12:00:16.626+0000] {processor.py:179} INFO - Processing /opt/airflow/dags/stock_pipeline_dag.py took 0.234 seconds
