[2025-01-28T14:17:28.213+0000] {taskinstance.py:1159} INFO - Dependencies all met for dep_context=non-requeueable deps ti=<TaskInstance: stock_price_pipeline_daily.start_consumer_daily manual__2025-01-28T13:55:04.582466+00:00 [queued]>
[2025-01-28T14:17:28.221+0000] {taskinstance.py:1159} INFO - Dependencies all met for dep_context=requeueable deps ti=<TaskInstance: stock_price_pipeline_daily.start_consumer_daily manual__2025-01-28T13:55:04.582466+00:00 [queued]>
[2025-01-28T14:17:28.221+0000] {taskinstance.py:1361} INFO - Starting attempt 2 of 2
[2025-01-28T14:17:28.241+0000] {taskinstance.py:1382} INFO - Executing <Task(BashOperator): start_consumer_daily> on 2025-01-28 13:55:04.582466+00:00
[2025-01-28T14:17:28.245+0000] {standard_task_runner.py:57} INFO - Started process 195 to run task
[2025-01-28T14:17:28.250+0000] {standard_task_runner.py:84} INFO - Running: ['airflow', 'tasks', 'run', 'stock_price_pipeline_daily', 'start_consumer_daily', 'manual__2025-01-28T13:55:04.582466+00:00', '--job-id', '8', '--raw', '--subdir', 'DAGS_FOLDER/stock_pipeline_dag.py', '--cfg-path', '/tmp/tmp5o1ijhgb']
[2025-01-28T14:17:28.252+0000] {standard_task_runner.py:85} INFO - Job 8: Subtask start_consumer_daily
[2025-01-28T14:17:28.302+0000] {task_command.py:415} INFO - Running <TaskInstance: stock_price_pipeline_daily.start_consumer_daily manual__2025-01-28T13:55:04.582466+00:00 [running]> on host de523050746b
[2025-01-28T14:17:28.894+0000] {taskinstance.py:1660} INFO - Exporting env vars: AIRFLOW_CTX_DAG_OWNER='airflow' AIRFLOW_CTX_DAG_ID='stock_price_pipeline_daily' AIRFLOW_CTX_TASK_ID='start_consumer_daily' AIRFLOW_CTX_EXECUTION_DATE='2025-01-28T13:55:04.582466+00:00' AIRFLOW_CTX_TRY_NUMBER='2' AIRFLOW_CTX_DAG_RUN_ID='manual__2025-01-28T13:55:04.582466+00:00'
[2025-01-28T14:17:28.895+0000] {subprocess.py:63} INFO - Tmp dir root location: /tmp
[2025-01-28T14:17:28.896+0000] {subprocess.py:75} INFO - Running command: ['/bin/bash', '-c', 'docker exec consumer-daily python kafka_consumer_daily.py']
[2025-01-28T14:17:28.905+0000] {subprocess.py:86} INFO - Output:
[2025-01-28T14:17:29.777+0000] {subprocess.py:93} INFO - INFO:kafka.conn:<BrokerConnection node_id=bootstrap-0 host=kafka:9092 <connecting> [IPv4 ('172.18.0.4', 9092)]>: connecting to kafka:9092 [('172.18.0.4', 9092) IPv4]
[2025-01-28T14:17:29.778+0000] {subprocess.py:93} INFO - INFO:kafka.conn:Probing node bootstrap-0 broker version
[2025-01-28T14:17:29.780+0000] {subprocess.py:93} INFO - INFO:kafka.conn:<BrokerConnection node_id=bootstrap-0 host=kafka:9092 <connecting> [IPv4 ('172.18.0.4', 9092)]>: Connection complete.
[2025-01-28T14:17:29.883+0000] {subprocess.py:93} INFO - INFO:kafka.conn:Broker version identified as 2.5.0
[2025-01-28T14:17:29.884+0000] {subprocess.py:93} INFO - INFO:kafka.conn:Set configuration api_version=(2, 5, 0) to skip auto check_version requests on startup
[2025-01-28T14:17:29.887+0000] {subprocess.py:93} INFO - INFO:kafka.consumer.subscription_state:Updating subscribed topics to: ('stock_prices_daily',)
[2025-01-28T14:17:29.888+0000] {subprocess.py:93} INFO - INFO:kafka.cluster:Group coordinator for stock_pipeline_daily is BrokerMetadata(nodeId='coordinator-1001', host='kafka', port=9092, rack=None)
[2025-01-28T14:17:29.889+0000] {subprocess.py:93} INFO - INFO:kafka.coordinator:Discovered coordinator coordinator-1001 for group stock_pipeline_daily
[2025-01-28T14:17:29.889+0000] {subprocess.py:93} INFO - INFO:kafka.coordinator:Starting new heartbeat thread
[2025-01-28T14:17:29.890+0000] {subprocess.py:93} INFO - INFO:kafka.coordinator.consumer:Revoking previously assigned partitions set() for group stock_pipeline_daily
[2025-01-28T14:17:29.891+0000] {subprocess.py:93} INFO - INFO:kafka.conn:<BrokerConnection node_id=coordinator-1001 host=kafka:9092 <connecting> [IPv4 ('172.18.0.4', 9092)]>: connecting to kafka:9092 [('172.18.0.4', 9092) IPv4]
[2025-01-28T14:17:29.893+0000] {subprocess.py:93} INFO - INFO:kafka.conn:<BrokerConnection node_id=coordinator-1001 host=kafka:9092 <connecting> [IPv4 ('172.18.0.4', 9092)]>: Connection complete.
[2025-01-28T14:17:29.893+0000] {subprocess.py:93} INFO - INFO:kafka.conn:<BrokerConnection node_id=bootstrap-0 host=kafka:9092 <connected> [IPv4 ('172.18.0.4', 9092)]>: Closing connection.
[2025-01-28T14:17:29.994+0000] {subprocess.py:93} INFO - INFO:kafka.coordinator:(Re-)joining group stock_pipeline_daily
[2025-01-28T14:17:31.953+0000] {subprocess.py:93} INFO - INFO:kafka.coordinator:Successfully joined group stock_pipeline_daily with generation 2
[2025-01-28T14:17:31.954+0000] {subprocess.py:93} INFO - INFO:kafka.consumer.subscription_state:Updated partition assignment: []
[2025-01-28T14:17:31.954+0000] {subprocess.py:93} INFO - INFO:kafka.coordinator.consumer:Setting newly assigned partitions set() for group stock_pipeline_daily
[2025-01-28T14:17:38.339+0000] {local_task_job_runner.py:294} WARNING - State of this instance has been externally set to failed. Terminating instance.
[2025-01-28T14:17:38.341+0000] {process_utils.py:131} INFO - Sending Signals.SIGTERM to group 195. PIDs of all processes in the group: [196, 195]
[2025-01-28T14:17:38.342+0000] {process_utils.py:86} INFO - Sending the signal Signals.SIGTERM to group 195
[2025-01-28T14:17:38.342+0000] {taskinstance.py:1632} ERROR - Received SIGTERM. Terminating subprocesses.
[2025-01-28T14:17:38.343+0000] {subprocess.py:104} INFO - Sending SIGTERM signal to process group
[2025-01-28T14:17:38.373+0000] {process_utils.py:79} INFO - Process psutil.Process(pid=196, status='terminated', started='14:17:28') (196) terminated with exit code None
[2025-01-28T14:17:38.374+0000] {process_utils.py:79} INFO - Process psutil.Process(pid=195, status='terminated', exitcode=0, started='14:17:27') (195) terminated with exit code 0
