[2025-01-28T14:12:36.813+0000] {taskinstance.py:1159} INFO - Dependencies all met for dep_context=non-requeueable deps ti=<TaskInstance: stock_price_pipeline_daily.start_consumer_daily manual__2025-01-28T13:55:04.582466+00:00 [queued]>
[2025-01-28T14:12:36.819+0000] {taskinstance.py:1159} INFO - Dependencies all met for dep_context=requeueable deps ti=<TaskInstance: stock_price_pipeline_daily.start_consumer_daily manual__2025-01-28T13:55:04.582466+00:00 [queued]>
[2025-01-28T14:12:36.819+0000] {taskinstance.py:1361} INFO - Starting attempt 1 of 2
[2025-01-28T14:12:36.837+0000] {taskinstance.py:1382} INFO - Executing <Task(BashOperator): start_consumer_daily> on 2025-01-28 13:55:04.582466+00:00
[2025-01-28T14:12:36.841+0000] {standard_task_runner.py:57} INFO - Started process 165 to run task
[2025-01-28T14:12:36.845+0000] {standard_task_runner.py:84} INFO - Running: ['airflow', 'tasks', 'run', 'stock_price_pipeline_daily', 'start_consumer_daily', 'manual__2025-01-28T13:55:04.582466+00:00', '--job-id', '7', '--raw', '--subdir', 'DAGS_FOLDER/stock_pipeline_dag.py', '--cfg-path', '/tmp/tmplpwq7l46']
[2025-01-28T14:12:36.846+0000] {standard_task_runner.py:85} INFO - Job 7: Subtask start_consumer_daily
[2025-01-28T14:12:36.886+0000] {task_command.py:415} INFO - Running <TaskInstance: stock_price_pipeline_daily.start_consumer_daily manual__2025-01-28T13:55:04.582466+00:00 [running]> on host de523050746b
[2025-01-28T14:12:37.324+0000] {taskinstance.py:1660} INFO - Exporting env vars: AIRFLOW_CTX_DAG_OWNER='airflow' AIRFLOW_CTX_DAG_ID='stock_price_pipeline_daily' AIRFLOW_CTX_TASK_ID='start_consumer_daily' AIRFLOW_CTX_EXECUTION_DATE='2025-01-28T13:55:04.582466+00:00' AIRFLOW_CTX_TRY_NUMBER='1' AIRFLOW_CTX_DAG_RUN_ID='manual__2025-01-28T13:55:04.582466+00:00'
[2025-01-28T14:12:37.325+0000] {subprocess.py:63} INFO - Tmp dir root location: /tmp
[2025-01-28T14:12:37.326+0000] {subprocess.py:75} INFO - Running command: ['/bin/bash', '-c', 'docker exec consumer-daily python kafka_consumer_daily.py']
[2025-01-28T14:12:37.333+0000] {subprocess.py:86} INFO - Output:
[2025-01-28T14:12:38.698+0000] {subprocess.py:93} INFO - INFO:kafka.conn:<BrokerConnection node_id=bootstrap-0 host=kafka:9092 <connecting> [IPv4 ('172.18.0.4', 9092)]>: connecting to kafka:9092 [('172.18.0.4', 9092) IPv4]
[2025-01-28T14:12:38.699+0000] {subprocess.py:93} INFO - INFO:kafka.conn:Probing node bootstrap-0 broker version
[2025-01-28T14:12:38.700+0000] {subprocess.py:93} INFO - INFO:kafka.conn:<BrokerConnection node_id=bootstrap-0 host=kafka:9092 <connecting> [IPv4 ('172.18.0.4', 9092)]>: Connection complete.
[2025-01-28T14:12:38.810+0000] {subprocess.py:93} INFO - INFO:kafka.conn:Broker version identified as 2.5.0
[2025-01-28T14:12:38.811+0000] {subprocess.py:93} INFO - INFO:kafka.conn:Set configuration api_version=(2, 5, 0) to skip auto check_version requests on startup
[2025-01-28T14:12:38.812+0000] {subprocess.py:93} INFO - INFO:kafka.consumer.subscription_state:Updating subscribed topics to: ('stock_prices_daily',)
[2025-01-28T14:12:38.813+0000] {subprocess.py:93} INFO - INFO:kafka.cluster:Group coordinator for stock_pipeline_daily is BrokerMetadata(nodeId='coordinator-1001', host='kafka', port=9092, rack=None)
[2025-01-28T14:12:38.814+0000] {subprocess.py:93} INFO - INFO:kafka.coordinator:Discovered coordinator coordinator-1001 for group stock_pipeline_daily
[2025-01-28T14:12:38.814+0000] {subprocess.py:93} INFO - INFO:kafka.coordinator:Starting new heartbeat thread
[2025-01-28T14:12:38.817+0000] {subprocess.py:93} INFO - INFO:kafka.coordinator.consumer:Revoking previously assigned partitions set() for group stock_pipeline_daily
[2025-01-28T14:12:38.817+0000] {subprocess.py:93} INFO - INFO:kafka.conn:<BrokerConnection node_id=coordinator-1001 host=kafka:9092 <connecting> [IPv4 ('172.18.0.4', 9092)]>: connecting to kafka:9092 [('172.18.0.4', 9092) IPv4]
[2025-01-28T14:12:38.818+0000] {subprocess.py:93} INFO - INFO:kafka.conn:<BrokerConnection node_id=coordinator-1001 host=kafka:9092 <connecting> [IPv4 ('172.18.0.4', 9092)]>: Connection complete.
[2025-01-28T14:12:38.818+0000] {subprocess.py:93} INFO - INFO:kafka.conn:<BrokerConnection node_id=bootstrap-0 host=kafka:9092 <connected> [IPv4 ('172.18.0.4', 9092)]>: Closing connection.
[2025-01-28T14:12:38.920+0000] {subprocess.py:93} INFO - INFO:kafka.coordinator:(Re-)joining group stock_pipeline_daily
[2025-01-28T14:12:41.926+0000] {subprocess.py:93} INFO - INFO:kafka.coordinator:Elected group leader -- performing partition assignments using range
[2025-01-28T14:12:41.929+0000] {subprocess.py:93} INFO - INFO:kafka.conn:<BrokerConnection node_id=1001 host=kafka:9092 <connecting> [IPv4 ('172.18.0.4', 9092)]>: connecting to kafka:9092 [('172.18.0.4', 9092) IPv4]
[2025-01-28T14:12:41.930+0000] {subprocess.py:93} INFO - INFO:kafka.conn:<BrokerConnection node_id=1001 host=kafka:9092 <connecting> [IPv4 ('172.18.0.4', 9092)]>: Connection complete.
[2025-01-28T14:12:41.931+0000] {subprocess.py:93} INFO - INFO:kafka.coordinator:Successfully joined group stock_pipeline_daily with generation 1
[2025-01-28T14:12:41.932+0000] {subprocess.py:93} INFO - INFO:kafka.consumer.subscription_state:Updated partition assignment: [TopicPartition(topic='stock_prices_daily', partition=0)]
[2025-01-28T14:12:41.932+0000] {subprocess.py:93} INFO - INFO:kafka.coordinator.consumer:Setting newly assigned partitions {TopicPartition(topic='stock_prices_daily', partition=0)} for group stock_pipeline_daily
[2025-01-28T14:12:42.144+0000] {subprocess.py:93} INFO - INFO:__main__:Inserted daily data for symbol: AAPL in RAW TABLE
[2025-01-28T14:12:42.178+0000] {subprocess.py:93} INFO - INFO:__main__:Inserted daily data for symbol: AAPL in STAGING TABLE
[2025-01-28T14:12:42.270+0000] {subprocess.py:93} INFO - INFO:__main__:Inserted daily data for symbol: GOOGL in RAW TABLE
[2025-01-28T14:12:42.300+0000] {subprocess.py:93} INFO - INFO:__main__:Inserted daily data for symbol: GOOGL in STAGING TABLE
[2025-01-28T14:12:42.349+0000] {subprocess.py:93} INFO - INFO:__main__:Inserted daily data for symbol: MSFT in RAW TABLE
[2025-01-28T14:12:42.383+0000] {subprocess.py:93} INFO - INFO:__main__:Inserted daily data for symbol: MSFT in STAGING TABLE
[2025-01-28T14:17:29.175+0000] {local_task_job_runner.py:274} WARNING - Recorded pid 195 does not match the current pid 165
[2025-01-28T14:17:29.178+0000] {process_utils.py:131} INFO - Sending Signals.SIGTERM to group 165. PIDs of all processes in the group: [166, 165]
[2025-01-28T14:17:29.178+0000] {process_utils.py:86} INFO - Sending the signal Signals.SIGTERM to group 165
[2025-01-28T14:17:29.179+0000] {taskinstance.py:1632} ERROR - Received SIGTERM. Terminating subprocesses.
[2025-01-28T14:17:29.180+0000] {subprocess.py:104} INFO - Sending SIGTERM signal to process group
[2025-01-28T14:17:29.194+0000] {taskinstance.py:1943} ERROR - Task failed with exception
Traceback (most recent call last):
  File "/home/airflow/.local/lib/python3.8/site-packages/airflow/operators/bash.py", line 201, in execute
    result = self.subprocess_hook.run_command(
  File "/home/airflow/.local/lib/python3.8/site-packages/airflow/hooks/subprocess.py", line 91, in run_command
    for raw_line in iter(self.sub_process.stdout.readline, b""):
  File "/home/airflow/.local/lib/python3.8/site-packages/airflow/models/taskinstance.py", line 1634, in signal_handler
    raise AirflowException("Task received SIGTERM signal")
airflow.exceptions.AirflowException: Task received SIGTERM signal
[2025-01-28T14:17:29.198+0000] {taskinstance.py:1400} INFO - Marking task as FAILED. dag_id=stock_price_pipeline_daily, task_id=start_consumer_daily, execution_date=20250128T135504, start_date=20250128T141728, end_date=20250128T141729
[2025-01-28T14:17:29.218+0000] {standard_task_runner.py:104} ERROR - Failed to execute job 7 for task start_consumer_daily (Task received SIGTERM signal; 165)
[2025-01-28T14:17:29.237+0000] {process_utils.py:79} INFO - Process psutil.Process(pid=166, status='terminated', started='14:12:36') (166) terminated with exit code None
[2025-01-28T14:17:29.238+0000] {process_utils.py:79} INFO - Process psutil.Process(pid=165, status='terminated', exitcode=1, started='14:12:35') (165) terminated with exit code 1
