[2025-01-31T13:07:37.490+0000] {taskinstance.py:1159} INFO - Dependencies all met for dep_context=non-requeueable deps ti=<TaskInstance: stock_price_pipeline_intraday.start_consumer_intraday manual__2025-01-31T13:07:26.283360+00:00 [queued]>
[2025-01-31T13:07:37.502+0000] {taskinstance.py:1159} INFO - Dependencies all met for dep_context=requeueable deps ti=<TaskInstance: stock_price_pipeline_intraday.start_consumer_intraday manual__2025-01-31T13:07:26.283360+00:00 [queued]>
[2025-01-31T13:07:37.502+0000] {taskinstance.py:1361} INFO - Starting attempt 1 of 2
[2025-01-31T13:07:37.533+0000] {taskinstance.py:1382} INFO - Executing <Task(BashOperator): start_consumer_intraday> on 2025-01-31 13:07:26.283360+00:00
[2025-01-31T13:07:37.538+0000] {standard_task_runner.py:57} INFO - Started process 138 to run task
[2025-01-31T13:07:37.544+0000] {standard_task_runner.py:84} INFO - Running: ['airflow', 'tasks', 'run', 'stock_price_pipeline_intraday', 'start_consumer_intraday', 'manual__2025-01-31T13:07:26.283360+00:00', '--job-id', '6', '--raw', '--subdir', 'DAGS_FOLDER/stock_pipeline_dag.py', '--cfg-path', '/tmp/tmppytt0q1h']
[2025-01-31T13:07:37.546+0000] {standard_task_runner.py:85} INFO - Job 6: Subtask start_consumer_intraday
[2025-01-31T13:07:37.595+0000] {task_command.py:415} INFO - Running <TaskInstance: stock_price_pipeline_intraday.start_consumer_intraday manual__2025-01-31T13:07:26.283360+00:00 [running]> on host ad5f6203a644
[2025-01-31T13:07:38.136+0000] {taskinstance.py:1660} INFO - Exporting env vars: AIRFLOW_CTX_DAG_OWNER='airflow' AIRFLOW_CTX_DAG_ID='stock_price_pipeline_intraday' AIRFLOW_CTX_TASK_ID='start_consumer_intraday' AIRFLOW_CTX_EXECUTION_DATE='2025-01-31T13:07:26.283360+00:00' AIRFLOW_CTX_TRY_NUMBER='1' AIRFLOW_CTX_DAG_RUN_ID='manual__2025-01-31T13:07:26.283360+00:00'
[2025-01-31T13:07:38.139+0000] {subprocess.py:63} INFO - Tmp dir root location: /tmp
[2025-01-31T13:07:38.140+0000] {subprocess.py:75} INFO - Running command: ['/bin/bash', '-c', 'docker exec consumer-5min python kafka_consumer_5min.py']
[2025-01-31T13:07:38.153+0000] {subprocess.py:86} INFO - Output:
[2025-01-31T13:07:39.672+0000] {subprocess.py:93} INFO - INFO:kafka.conn:<BrokerConnection node_id=bootstrap-0 host=kafka:9092 <connecting> [IPv4 ('172.18.0.4', 9092)]>: connecting to kafka:9092 [('172.18.0.4', 9092) IPv4]
[2025-01-31T13:07:39.672+0000] {subprocess.py:93} INFO - INFO:kafka.conn:Probing node bootstrap-0 broker version
[2025-01-31T13:07:39.673+0000] {subprocess.py:93} INFO - INFO:kafka.conn:<BrokerConnection node_id=bootstrap-0 host=kafka:9092 <connecting> [IPv4 ('172.18.0.4', 9092)]>: Connection complete.
[2025-01-31T13:07:39.780+0000] {subprocess.py:93} INFO - INFO:kafka.conn:Broker version identified as 2.5.0
[2025-01-31T13:07:39.781+0000] {subprocess.py:93} INFO - INFO:kafka.conn:Set configuration api_version=(2, 5, 0) to skip auto check_version requests on startup
[2025-01-31T13:07:39.781+0000] {subprocess.py:93} INFO - INFO:kafka.consumer.subscription_state:Updating subscribed topics to: ('stock_prices_5min',)
[2025-01-31T13:07:39.784+0000] {subprocess.py:93} INFO - INFO:kafka.cluster:Group coordinator for stock_pipeline_5min is BrokerMetadata(nodeId='coordinator-1001', host='kafka', port=9092, rack=None)
[2025-01-31T13:07:39.785+0000] {subprocess.py:93} INFO - INFO:kafka.coordinator:Discovered coordinator coordinator-1001 for group stock_pipeline_5min
[2025-01-31T13:07:39.785+0000] {subprocess.py:93} INFO - INFO:kafka.coordinator:Starting new heartbeat thread
[2025-01-31T13:07:39.786+0000] {subprocess.py:93} INFO - INFO:kafka.coordinator.consumer:Revoking previously assigned partitions set() for group stock_pipeline_5min
[2025-01-31T13:07:39.787+0000] {subprocess.py:93} INFO - INFO:kafka.conn:<BrokerConnection node_id=coordinator-1001 host=kafka:9092 <connecting> [IPv4 ('172.18.0.4', 9092)]>: connecting to kafka:9092 [('172.18.0.4', 9092) IPv4]
[2025-01-31T13:07:39.788+0000] {subprocess.py:93} INFO - INFO:kafka.conn:<BrokerConnection node_id=coordinator-1001 host=kafka:9092 <connecting> [IPv4 ('172.18.0.4', 9092)]>: Connection complete.
[2025-01-31T13:07:39.788+0000] {subprocess.py:93} INFO - INFO:kafka.conn:<BrokerConnection node_id=bootstrap-0 host=kafka:9092 <connected> [IPv4 ('172.18.0.4', 9092)]>: Closing connection.
[2025-01-31T13:07:39.890+0000] {subprocess.py:93} INFO - INFO:kafka.coordinator:(Re-)joining group stock_pipeline_5min
[2025-01-31T13:07:42.898+0000] {subprocess.py:93} INFO - INFO:kafka.coordinator:Elected group leader -- performing partition assignments using range
[2025-01-31T13:07:42.901+0000] {subprocess.py:93} INFO - INFO:kafka.conn:<BrokerConnection node_id=1001 host=kafka:9092 <connecting> [IPv4 ('172.18.0.4', 9092)]>: connecting to kafka:9092 [('172.18.0.4', 9092) IPv4]
[2025-01-31T13:07:42.901+0000] {subprocess.py:93} INFO - INFO:kafka.conn:<BrokerConnection node_id=1001 host=kafka:9092 <connecting> [IPv4 ('172.18.0.4', 9092)]>: Connection complete.
[2025-01-31T13:07:42.910+0000] {subprocess.py:93} INFO - INFO:kafka.coordinator:Successfully joined group stock_pipeline_5min with generation 1
[2025-01-31T13:07:42.911+0000] {subprocess.py:93} INFO - INFO:kafka.consumer.subscription_state:Updated partition assignment: [TopicPartition(topic='stock_prices_5min', partition=0)]
[2025-01-31T13:07:42.911+0000] {subprocess.py:93} INFO - INFO:kafka.coordinator.consumer:Setting newly assigned partitions {TopicPartition(topic='stock_prices_5min', partition=0)} for group stock_pipeline_5min
[2025-01-31T13:07:43.052+0000] {subprocess.py:93} INFO - INFO:__main__:Inserted 1 rows into raw table for symbol: AAPL
[2025-01-31T13:07:43.058+0000] {subprocess.py:93} INFO - INFO:__main__:Inserted 1 rows into staging table for symbol: AAPL
[2025-01-31T13:07:43.088+0000] {subprocess.py:93} INFO - INFO:__main__:Inserted 1 rows into raw table for symbol: AAPL
[2025-01-31T13:07:43.096+0000] {subprocess.py:93} INFO - INFO:__main__:Inserted 1 rows into staging table for symbol: AAPL
[2025-01-31T13:07:43.126+0000] {subprocess.py:93} INFO - INFO:__main__:Inserted 1 rows into raw table for symbol: AAPL
[2025-01-31T13:07:43.134+0000] {subprocess.py:93} INFO - INFO:__main__:Inserted 1 rows into staging table for symbol: AAPL
[2025-01-31T13:07:43.165+0000] {subprocess.py:93} INFO - INFO:__main__:Inserted 1 rows into raw table for symbol: AAPL
[2025-01-31T13:07:43.172+0000] {subprocess.py:93} INFO - INFO:__main__:Inserted 1 rows into staging table for symbol: AAPL
[2025-01-31T13:07:43.205+0000] {subprocess.py:93} INFO - INFO:__main__:Inserted 1 rows into raw table for symbol: AAPL
[2025-01-31T13:07:43.213+0000] {subprocess.py:93} INFO - INFO:__main__:Inserted 1 rows into staging table for symbol: AAPL
[2025-01-31T13:07:43.244+0000] {subprocess.py:93} INFO - INFO:__main__:Inserted 1 rows into raw table for symbol: AAPL
[2025-01-31T13:07:43.251+0000] {subprocess.py:93} INFO - INFO:__main__:Inserted 1 rows into staging table for symbol: AAPL
[2025-01-31T13:07:43.287+0000] {subprocess.py:93} INFO - INFO:__main__:Inserted 1 rows into raw table for symbol: AAPL
[2025-01-31T13:07:43.294+0000] {subprocess.py:93} INFO - INFO:__main__:Inserted 1 rows into staging table for symbol: AAPL
[2025-01-31T13:07:43.322+0000] {subprocess.py:93} INFO - INFO:__main__:Inserted 1 rows into raw table for symbol: AAPL
[2025-01-31T13:07:43.330+0000] {subprocess.py:93} INFO - INFO:__main__:Inserted 1 rows into staging table for symbol: AAPL
[2025-01-31T13:07:43.361+0000] {subprocess.py:93} INFO - INFO:__main__:Inserted 1 rows into raw table for symbol: AAPL
[2025-01-31T13:07:43.367+0000] {subprocess.py:93} INFO - INFO:__main__:Inserted 1 rows into staging table for symbol: AAPL
[2025-01-31T13:07:43.397+0000] {subprocess.py:93} INFO - INFO:__main__:Inserted 1 rows into raw table for symbol: AAPL
[2025-01-31T13:07:43.406+0000] {subprocess.py:93} INFO - INFO:__main__:Inserted 1 rows into staging table for symbol: AAPL
[2025-01-31T13:07:43.434+0000] {subprocess.py:93} INFO - INFO:__main__:Inserted 1 rows into raw table for symbol: AAPL
[2025-01-31T13:07:43.443+0000] {subprocess.py:93} INFO - INFO:__main__:Inserted 1 rows into staging table for symbol: AAPL
[2025-01-31T13:07:43.473+0000] {subprocess.py:93} INFO - INFO:__main__:Inserted 1 rows into raw table for symbol: AAPL
[2025-01-31T13:07:43.480+0000] {subprocess.py:93} INFO - INFO:__main__:Inserted 1 rows into staging table for symbol: AAPL
[2025-01-31T13:07:43.512+0000] {subprocess.py:93} INFO - INFO:__main__:Inserted 1 rows into raw table for symbol: AAPL
[2025-01-31T13:07:43.518+0000] {subprocess.py:93} INFO - INFO:__main__:Inserted 1 rows into staging table for symbol: AAPL
[2025-01-31T13:07:43.548+0000] {subprocess.py:93} INFO - INFO:__main__:Inserted 1 rows into raw table for symbol: AAPL
[2025-01-31T13:07:43.556+0000] {subprocess.py:93} INFO - INFO:__main__:Inserted 1 rows into staging table for symbol: AAPL
[2025-01-31T13:07:43.595+0000] {subprocess.py:93} INFO - INFO:__main__:Inserted 1 rows into raw table for symbol: AAPL
[2025-01-31T13:07:43.605+0000] {subprocess.py:93} INFO - INFO:__main__:Inserted 1 rows into staging table for symbol: AAPL
[2025-01-31T13:07:43.685+0000] {subprocess.py:93} INFO - INFO:__main__:Inserted 1 rows into raw table for symbol: AAPL
[2025-01-31T13:07:43.693+0000] {subprocess.py:93} INFO - INFO:__main__:Inserted 1 rows into staging table for symbol: AAPL
[2025-01-31T13:07:43.721+0000] {subprocess.py:93} INFO - INFO:__main__:Inserted 1 rows into raw table for symbol: AAPL
[2025-01-31T13:07:43.729+0000] {subprocess.py:93} INFO - INFO:__main__:Inserted 1 rows into staging table for symbol: AAPL
[2025-01-31T13:07:43.766+0000] {subprocess.py:93} INFO - INFO:__main__:Inserted 1 rows into raw table for symbol: AAPL
[2025-01-31T13:07:43.774+0000] {subprocess.py:93} INFO - INFO:__main__:Inserted 1 rows into staging table for symbol: AAPL
[2025-01-31T13:07:43.836+0000] {subprocess.py:93} INFO - INFO:__main__:Inserted 1 rows into raw table for symbol: AAPL
[2025-01-31T13:07:43.844+0000] {subprocess.py:93} INFO - INFO:__main__:Inserted 1 rows into staging table for symbol: AAPL
[2025-01-31T13:07:43.875+0000] {subprocess.py:93} INFO - INFO:__main__:Inserted 1 rows into raw table for symbol: AAPL
[2025-01-31T13:07:43.881+0000] {subprocess.py:93} INFO - INFO:__main__:Inserted 1 rows into staging table for symbol: AAPL
[2025-01-31T13:07:43.911+0000] {subprocess.py:93} INFO - INFO:__main__:Inserted 1 rows into raw table for symbol: AAPL
[2025-01-31T13:07:43.917+0000] {subprocess.py:93} INFO - INFO:__main__:Inserted 1 rows into staging table for symbol: AAPL
[2025-01-31T13:07:43.944+0000] {subprocess.py:93} INFO - INFO:__main__:Inserted 1 rows into raw table for symbol: AAPL
[2025-01-31T13:07:43.951+0000] {subprocess.py:93} INFO - INFO:__main__:Inserted 1 rows into staging table for symbol: AAPL
[2025-01-31T13:07:43.980+0000] {subprocess.py:93} INFO - INFO:__main__:Inserted 1 rows into raw table for symbol: AAPL
[2025-01-31T13:07:43.987+0000] {subprocess.py:93} INFO - INFO:__main__:Inserted 1 rows into staging table for symbol: AAPL
[2025-01-31T13:07:44.014+0000] {subprocess.py:93} INFO - INFO:__main__:Inserted 1 rows into raw table for symbol: AAPL
[2025-01-31T13:07:44.021+0000] {subprocess.py:93} INFO - INFO:__main__:Inserted 1 rows into staging table for symbol: AAPL
[2025-01-31T13:07:44.049+0000] {subprocess.py:93} INFO - INFO:__main__:Inserted 1 rows into raw table for symbol: AAPL
[2025-01-31T13:07:44.055+0000] {subprocess.py:93} INFO - INFO:__main__:Inserted 1 rows into staging table for symbol: AAPL
[2025-01-31T13:07:44.082+0000] {subprocess.py:93} INFO - INFO:__main__:Inserted 1 rows into raw table for symbol: AAPL
[2025-01-31T13:07:44.089+0000] {subprocess.py:93} INFO - INFO:__main__:Inserted 1 rows into staging table for symbol: AAPL
[2025-01-31T13:07:44.116+0000] {subprocess.py:93} INFO - INFO:__main__:Inserted 1 rows into raw table for symbol: AAPL
[2025-01-31T13:07:44.124+0000] {subprocess.py:93} INFO - INFO:__main__:Inserted 1 rows into staging table for symbol: AAPL
[2025-01-31T13:07:44.157+0000] {subprocess.py:93} INFO - INFO:__main__:Inserted 1 rows into raw table for symbol: AAPL
[2025-01-31T13:07:44.166+0000] {subprocess.py:93} INFO - INFO:__main__:Inserted 1 rows into staging table for symbol: AAPL
[2025-01-31T13:07:44.194+0000] {subprocess.py:93} INFO - INFO:__main__:Inserted 1 rows into raw table for symbol: AAPL
[2025-01-31T13:07:44.201+0000] {subprocess.py:93} INFO - INFO:__main__:Inserted 1 rows into staging table for symbol: AAPL
[2025-01-31T13:07:44.230+0000] {subprocess.py:93} INFO - INFO:__main__:Inserted 1 rows into raw table for symbol: AAPL
[2025-01-31T13:07:44.237+0000] {subprocess.py:93} INFO - INFO:__main__:Inserted 1 rows into staging table for symbol: AAPL
[2025-01-31T13:07:44.267+0000] {subprocess.py:93} INFO - INFO:__main__:Inserted 1 rows into raw table for symbol: AAPL
[2025-01-31T13:07:44.275+0000] {subprocess.py:93} INFO - INFO:__main__:Inserted 1 rows into staging table for symbol: AAPL
[2025-01-31T13:07:44.303+0000] {subprocess.py:93} INFO - INFO:__main__:Inserted 1 rows into raw table for symbol: AAPL
[2025-01-31T13:07:44.312+0000] {subprocess.py:93} INFO - INFO:__main__:Inserted 1 rows into staging table for symbol: AAPL
[2025-01-31T13:07:44.342+0000] {subprocess.py:93} INFO - INFO:__main__:Inserted 1 rows into raw table for symbol: AAPL
[2025-01-31T13:07:44.349+0000] {subprocess.py:93} INFO - INFO:__main__:Inserted 1 rows into staging table for symbol: AAPL
[2025-01-31T13:07:44.379+0000] {subprocess.py:93} INFO - INFO:__main__:Inserted 1 rows into raw table for symbol: AAPL
[2025-01-31T13:07:44.386+0000] {subprocess.py:93} INFO - INFO:__main__:Inserted 1 rows into staging table for symbol: AAPL
[2025-01-31T13:07:44.415+0000] {subprocess.py:93} INFO - INFO:__main__:Inserted 1 rows into raw table for symbol: AAPL
[2025-01-31T13:07:44.422+0000] {subprocess.py:93} INFO - INFO:__main__:Inserted 1 rows into staging table for symbol: AAPL
[2025-01-31T13:07:44.449+0000] {subprocess.py:93} INFO - INFO:__main__:Inserted 1 rows into raw table for symbol: AAPL
[2025-01-31T13:07:44.457+0000] {subprocess.py:93} INFO - INFO:__main__:Inserted 1 rows into staging table for symbol: AAPL
[2025-01-31T13:07:44.485+0000] {subprocess.py:93} INFO - INFO:__main__:Inserted 1 rows into raw table for symbol: AAPL
[2025-01-31T13:07:44.493+0000] {subprocess.py:93} INFO - INFO:__main__:Inserted 1 rows into staging table for symbol: AAPL
[2025-01-31T13:07:44.523+0000] {subprocess.py:93} INFO - INFO:__main__:Inserted 1 rows into raw table for symbol: AAPL
[2025-01-31T13:07:44.536+0000] {subprocess.py:93} INFO - INFO:__main__:Inserted 1 rows into staging table for symbol: AAPL
[2025-01-31T13:07:44.564+0000] {subprocess.py:93} INFO - INFO:__main__:Inserted 1 rows into raw table for symbol: AAPL
[2025-01-31T13:07:44.572+0000] {subprocess.py:93} INFO - INFO:__main__:Inserted 1 rows into staging table for symbol: AAPL
[2025-01-31T13:07:44.600+0000] {subprocess.py:93} INFO - INFO:__main__:Inserted 1 rows into raw table for symbol: AAPL
[2025-01-31T13:07:44.608+0000] {subprocess.py:93} INFO - INFO:__main__:Inserted 1 rows into staging table for symbol: AAPL
[2025-01-31T13:07:44.635+0000] {subprocess.py:93} INFO - INFO:__main__:Inserted 1 rows into raw table for symbol: AAPL
[2025-01-31T13:07:44.644+0000] {subprocess.py:93} INFO - INFO:__main__:Inserted 1 rows into staging table for symbol: AAPL
[2025-01-31T13:07:44.672+0000] {subprocess.py:93} INFO - INFO:__main__:Inserted 1 rows into raw table for symbol: AAPL
[2025-01-31T13:07:44.680+0000] {subprocess.py:93} INFO - INFO:__main__:Inserted 1 rows into staging table for symbol: AAPL
[2025-01-31T13:07:44.709+0000] {subprocess.py:93} INFO - INFO:__main__:Inserted 1 rows into raw table for symbol: AAPL
[2025-01-31T13:07:44.717+0000] {subprocess.py:93} INFO - INFO:__main__:Inserted 1 rows into staging table for symbol: AAPL
[2025-01-31T13:07:44.748+0000] {subprocess.py:93} INFO - INFO:__main__:Inserted 1 rows into raw table for symbol: AAPL
[2025-01-31T13:07:44.756+0000] {subprocess.py:93} INFO - INFO:__main__:Inserted 1 rows into staging table for symbol: AAPL
[2025-01-31T13:07:44.784+0000] {subprocess.py:93} INFO - INFO:__main__:Inserted 1 rows into raw table for symbol: AAPL
[2025-01-31T13:07:44.793+0000] {subprocess.py:93} INFO - INFO:__main__:Inserted 1 rows into staging table for symbol: AAPL
[2025-01-31T13:07:44.820+0000] {subprocess.py:93} INFO - INFO:__main__:Inserted 1 rows into raw table for symbol: AAPL
[2025-01-31T13:07:44.830+0000] {subprocess.py:93} INFO - INFO:__main__:Inserted 1 rows into staging table for symbol: AAPL
[2025-01-31T13:07:44.866+0000] {subprocess.py:93} INFO - INFO:__main__:Inserted 1 rows into raw table for symbol: AAPL
[2025-01-31T13:07:44.874+0000] {subprocess.py:93} INFO - INFO:__main__:Inserted 1 rows into staging table for symbol: AAPL
[2025-01-31T13:07:44.906+0000] {subprocess.py:93} INFO - INFO:__main__:Inserted 1 rows into raw table for symbol: AAPL
[2025-01-31T13:07:44.915+0000] {subprocess.py:93} INFO - INFO:__main__:Inserted 1 rows into staging table for symbol: AAPL
[2025-01-31T13:07:44.952+0000] {subprocess.py:93} INFO - INFO:__main__:Inserted 1 rows into raw table for symbol: AAPL
[2025-01-31T13:07:44.961+0000] {subprocess.py:93} INFO - INFO:__main__:Inserted 1 rows into staging table for symbol: AAPL
[2025-01-31T13:07:44.993+0000] {subprocess.py:93} INFO - INFO:__main__:Inserted 1 rows into raw table for symbol: AAPL
[2025-01-31T13:07:45.001+0000] {subprocess.py:93} INFO - INFO:__main__:Inserted 1 rows into staging table for symbol: AAPL
[2025-01-31T13:07:45.030+0000] {subprocess.py:93} INFO - INFO:__main__:Inserted 1 rows into raw table for symbol: AAPL
[2025-01-31T13:07:45.039+0000] {subprocess.py:93} INFO - INFO:__main__:Inserted 1 rows into staging table for symbol: AAPL
[2025-01-31T13:07:45.068+0000] {subprocess.py:93} INFO - INFO:__main__:Inserted 1 rows into raw table for symbol: AAPL
[2025-01-31T13:07:45.077+0000] {subprocess.py:93} INFO - INFO:__main__:Inserted 1 rows into staging table for symbol: AAPL
[2025-01-31T13:07:45.105+0000] {subprocess.py:93} INFO - INFO:__main__:Inserted 1 rows into raw table for symbol: AAPL
[2025-01-31T13:07:45.113+0000] {subprocess.py:93} INFO - INFO:__main__:Inserted 1 rows into staging table for symbol: AAPL
[2025-01-31T13:07:45.141+0000] {subprocess.py:93} INFO - INFO:__main__:Inserted 1 rows into raw table for symbol: AAPL
[2025-01-31T13:07:45.149+0000] {subprocess.py:93} INFO - INFO:__main__:Inserted 1 rows into staging table for symbol: AAPL
[2025-01-31T13:07:45.177+0000] {subprocess.py:93} INFO - INFO:__main__:Inserted 1 rows into raw table for symbol: AAPL
[2025-01-31T13:07:45.184+0000] {subprocess.py:93} INFO - INFO:__main__:Inserted 1 rows into staging table for symbol: AAPL
[2025-01-31T13:07:45.213+0000] {subprocess.py:93} INFO - INFO:__main__:Inserted 1 rows into raw table for symbol: AAPL
[2025-01-31T13:07:45.221+0000] {subprocess.py:93} INFO - INFO:__main__:Inserted 1 rows into staging table for symbol: AAPL
[2025-01-31T13:07:45.249+0000] {subprocess.py:93} INFO - INFO:__main__:Inserted 1 rows into raw table for symbol: AAPL
[2025-01-31T13:07:45.257+0000] {subprocess.py:93} INFO - INFO:__main__:Inserted 1 rows into staging table for symbol: AAPL
[2025-01-31T13:07:45.285+0000] {subprocess.py:93} INFO - INFO:__main__:Inserted 1 rows into raw table for symbol: AAPL
[2025-01-31T13:07:45.294+0000] {subprocess.py:93} INFO - INFO:__main__:Inserted 1 rows into staging table for symbol: AAPL
[2025-01-31T13:07:45.323+0000] {subprocess.py:93} INFO - INFO:__main__:Inserted 1 rows into raw table for symbol: AAPL
[2025-01-31T13:07:45.331+0000] {subprocess.py:93} INFO - INFO:__main__:Inserted 1 rows into staging table for symbol: AAPL
[2025-01-31T13:07:45.368+0000] {subprocess.py:93} INFO - INFO:__main__:Inserted 1 rows into raw table for symbol: AAPL
[2025-01-31T13:07:45.377+0000] {subprocess.py:93} INFO - INFO:__main__:Inserted 1 rows into staging table for symbol: AAPL
[2025-01-31T13:07:45.406+0000] {subprocess.py:93} INFO - INFO:__main__:Inserted 1 rows into raw table for symbol: AAPL
[2025-01-31T13:07:45.415+0000] {subprocess.py:93} INFO - INFO:__main__:Inserted 1 rows into staging table for symbol: AAPL
[2025-01-31T13:07:45.446+0000] {subprocess.py:93} INFO - INFO:__main__:Inserted 1 rows into raw table for symbol: AAPL
[2025-01-31T13:07:45.455+0000] {subprocess.py:93} INFO - INFO:__main__:Inserted 1 rows into staging table for symbol: AAPL
[2025-01-31T13:07:45.486+0000] {subprocess.py:93} INFO - INFO:__main__:Inserted 1 rows into raw table for symbol: AAPL
[2025-01-31T13:07:45.496+0000] {subprocess.py:93} INFO - INFO:__main__:Inserted 1 rows into staging table for symbol: AAPL
[2025-01-31T13:07:45.529+0000] {subprocess.py:93} INFO - INFO:__main__:Inserted 1 rows into raw table for symbol: AAPL
[2025-01-31T13:07:45.537+0000] {subprocess.py:93} INFO - INFO:__main__:Inserted 1 rows into staging table for symbol: AAPL
[2025-01-31T13:07:45.571+0000] {subprocess.py:93} INFO - INFO:__main__:Inserted 1 rows into raw table for symbol: AAPL
[2025-01-31T13:07:45.581+0000] {subprocess.py:93} INFO - INFO:__main__:Inserted 1 rows into staging table for symbol: AAPL
[2025-01-31T13:07:45.615+0000] {subprocess.py:93} INFO - INFO:__main__:Inserted 1 rows into raw table for symbol: AAPL
[2025-01-31T13:07:45.623+0000] {subprocess.py:93} INFO - INFO:__main__:Inserted 1 rows into staging table for symbol: AAPL
[2025-01-31T13:07:45.661+0000] {subprocess.py:93} INFO - INFO:__main__:Inserted 1 rows into raw table for symbol: AAPL
[2025-01-31T13:07:45.670+0000] {subprocess.py:93} INFO - INFO:__main__:Inserted 1 rows into staging table for symbol: AAPL
[2025-01-31T13:07:45.705+0000] {subprocess.py:93} INFO - INFO:__main__:Inserted 1 rows into raw table for symbol: AAPL
[2025-01-31T13:07:45.714+0000] {subprocess.py:93} INFO - INFO:__main__:Inserted 1 rows into staging table for symbol: AAPL
[2025-01-31T13:07:45.745+0000] {subprocess.py:93} INFO - INFO:__main__:Inserted 1 rows into raw table for symbol: AAPL
[2025-01-31T13:07:45.752+0000] {subprocess.py:93} INFO - INFO:__main__:Inserted 1 rows into staging table for symbol: AAPL
[2025-01-31T13:07:45.781+0000] {subprocess.py:93} INFO - INFO:__main__:Inserted 1 rows into raw table for symbol: AAPL
[2025-01-31T13:07:45.789+0000] {subprocess.py:93} INFO - INFO:__main__:Inserted 1 rows into staging table for symbol: AAPL
[2025-01-31T13:07:45.817+0000] {subprocess.py:93} INFO - INFO:__main__:Inserted 1 rows into raw table for symbol: AAPL
[2025-01-31T13:07:45.825+0000] {subprocess.py:93} INFO - INFO:__main__:Inserted 1 rows into staging table for symbol: AAPL
[2025-01-31T13:07:45.858+0000] {subprocess.py:93} INFO - INFO:__main__:Inserted 1 rows into raw table for symbol: AAPL
[2025-01-31T13:07:45.866+0000] {subprocess.py:93} INFO - INFO:__main__:Inserted 1 rows into staging table for symbol: AAPL
[2025-01-31T13:07:45.895+0000] {subprocess.py:93} INFO - INFO:__main__:Inserted 1 rows into raw table for symbol: AAPL
[2025-01-31T13:07:45.903+0000] {subprocess.py:93} INFO - INFO:__main__:Inserted 1 rows into staging table for symbol: AAPL
[2025-01-31T13:07:45.933+0000] {subprocess.py:93} INFO - INFO:__main__:Inserted 1 rows into raw table for symbol: AAPL
[2025-01-31T13:07:45.947+0000] {subprocess.py:93} INFO - INFO:__main__:Inserted 1 rows into staging table for symbol: AAPL
[2025-01-31T13:07:45.978+0000] {subprocess.py:93} INFO - INFO:__main__:Inserted 1 rows into raw table for symbol: AAPL
[2025-01-31T13:07:45.985+0000] {subprocess.py:93} INFO - INFO:__main__:Inserted 1 rows into staging table for symbol: AAPL
[2025-01-31T13:07:46.020+0000] {subprocess.py:93} INFO - INFO:__main__:Inserted 1 rows into raw table for symbol: AAPL
[2025-01-31T13:07:46.030+0000] {subprocess.py:93} INFO - INFO:__main__:Inserted 1 rows into staging table for symbol: AAPL
[2025-01-31T13:07:46.061+0000] {subprocess.py:93} INFO - INFO:__main__:Inserted 1 rows into raw table for symbol: AAPL
[2025-01-31T13:07:46.070+0000] {subprocess.py:93} INFO - INFO:__main__:Inserted 1 rows into staging table for symbol: AAPL
[2025-01-31T13:07:46.101+0000] {subprocess.py:93} INFO - INFO:__main__:Inserted 1 rows into raw table for symbol: AAPL
[2025-01-31T13:07:46.110+0000] {subprocess.py:93} INFO - INFO:__main__:Inserted 1 rows into staging table for symbol: AAPL
[2025-01-31T13:07:46.143+0000] {subprocess.py:93} INFO - INFO:__main__:Inserted 1 rows into raw table for symbol: AAPL
[2025-01-31T13:07:46.150+0000] {subprocess.py:93} INFO - INFO:__main__:Inserted 1 rows into staging table for symbol: AAPL
[2025-01-31T13:07:46.182+0000] {subprocess.py:93} INFO - INFO:__main__:Inserted 1 rows into raw table for symbol: AAPL
[2025-01-31T13:07:46.191+0000] {subprocess.py:93} INFO - INFO:__main__:Inserted 1 rows into staging table for symbol: AAPL
[2025-01-31T13:07:46.222+0000] {subprocess.py:93} INFO - INFO:__main__:Inserted 1 rows into raw table for symbol: AAPL
[2025-01-31T13:07:46.229+0000] {subprocess.py:93} INFO - INFO:__main__:Inserted 1 rows into staging table for symbol: AAPL
[2025-01-31T13:07:46.258+0000] {subprocess.py:93} INFO - INFO:__main__:Inserted 1 rows into raw table for symbol: AAPL
[2025-01-31T13:07:46.267+0000] {subprocess.py:93} INFO - INFO:__main__:Inserted 1 rows into staging table for symbol: AAPL
[2025-01-31T13:07:46.298+0000] {subprocess.py:93} INFO - INFO:__main__:Inserted 1 rows into raw table for symbol: AAPL
[2025-01-31T13:07:46.307+0000] {subprocess.py:93} INFO - INFO:__main__:Inserted 1 rows into staging table for symbol: AAPL
[2025-01-31T13:07:46.346+0000] {subprocess.py:93} INFO - INFO:__main__:Inserted 1 rows into raw table for symbol: AAPL
[2025-01-31T13:07:46.362+0000] {subprocess.py:93} INFO - INFO:__main__:Inserted 1 rows into staging table for symbol: AAPL
[2025-01-31T13:07:46.400+0000] {subprocess.py:93} INFO - INFO:__main__:Inserted 1 rows into raw table for symbol: AAPL
[2025-01-31T13:07:46.408+0000] {subprocess.py:93} INFO - INFO:__main__:Inserted 1 rows into staging table for symbol: AAPL
[2025-01-31T13:07:46.442+0000] {subprocess.py:93} INFO - INFO:__main__:Inserted 1 rows into raw table for symbol: AAPL
[2025-01-31T13:07:46.450+0000] {subprocess.py:93} INFO - INFO:__main__:Inserted 1 rows into staging table for symbol: AAPL
[2025-01-31T13:07:46.501+0000] {subprocess.py:93} INFO - INFO:__main__:Inserted 1 rows into raw table for symbol: AAPL
[2025-01-31T13:07:46.513+0000] {subprocess.py:93} INFO - INFO:__main__:Inserted 1 rows into staging table for symbol: AAPL
[2025-01-31T13:07:46.547+0000] {subprocess.py:93} INFO - INFO:__main__:Inserted 1 rows into raw table for symbol: AAPL
[2025-01-31T13:07:46.553+0000] {subprocess.py:93} INFO - INFO:__main__:Inserted 1 rows into staging table for symbol: AAPL
[2025-01-31T13:07:46.588+0000] {subprocess.py:93} INFO - INFO:__main__:Inserted 1 rows into raw table for symbol: AAPL
[2025-01-31T13:07:46.594+0000] {subprocess.py:93} INFO - INFO:__main__:Inserted 1 rows into staging table for symbol: AAPL
[2025-01-31T13:07:46.647+0000] {subprocess.py:93} INFO - INFO:__main__:Inserted 1 rows into raw table for symbol: AAPL
[2025-01-31T13:07:46.666+0000] {subprocess.py:93} INFO - INFO:__main__:Inserted 1 rows into staging table for symbol: AAPL
[2025-01-31T13:07:46.732+0000] {subprocess.py:93} INFO - INFO:__main__:Inserted 1 rows into raw table for symbol: AAPL
[2025-01-31T13:07:46.746+0000] {subprocess.py:93} INFO - INFO:__main__:Inserted 1 rows into staging table for symbol: AAPL
[2025-01-31T13:07:46.785+0000] {subprocess.py:93} INFO - INFO:__main__:Inserted 1 rows into raw table for symbol: AAPL
[2025-01-31T13:07:46.797+0000] {subprocess.py:93} INFO - INFO:__main__:Inserted 1 rows into staging table for symbol: AAPL
[2025-01-31T13:07:46.835+0000] {subprocess.py:93} INFO - INFO:__main__:Inserted 1 rows into raw table for symbol: AAPL
[2025-01-31T13:07:46.846+0000] {subprocess.py:93} INFO - INFO:__main__:Inserted 1 rows into staging table for symbol: AAPL
[2025-01-31T13:07:46.882+0000] {subprocess.py:93} INFO - INFO:__main__:Inserted 1 rows into raw table for symbol: AAPL
[2025-01-31T13:07:46.890+0000] {subprocess.py:93} INFO - INFO:__main__:Inserted 1 rows into staging table for symbol: AAPL
[2025-01-31T13:07:46.922+0000] {subprocess.py:93} INFO - INFO:__main__:Inserted 1 rows into raw table for symbol: AAPL
[2025-01-31T13:07:46.932+0000] {subprocess.py:93} INFO - INFO:__main__:Inserted 1 rows into staging table for symbol: AAPL
[2025-01-31T13:07:46.970+0000] {subprocess.py:93} INFO - INFO:__main__:Inserted 1 rows into raw table for symbol: AAPL
[2025-01-31T13:07:46.983+0000] {subprocess.py:93} INFO - INFO:__main__:Inserted 1 rows into staging table for symbol: AAPL
[2025-01-31T13:07:47.015+0000] {subprocess.py:93} INFO - INFO:__main__:Inserted 1 rows into raw table for symbol: AAPL
[2025-01-31T13:07:47.023+0000] {subprocess.py:93} INFO - INFO:__main__:Inserted 1 rows into staging table for symbol: AAPL
[2025-01-31T13:07:47.053+0000] {subprocess.py:93} INFO - INFO:__main__:Inserted 1 rows into raw table for symbol: AAPL
[2025-01-31T13:07:47.061+0000] {subprocess.py:93} INFO - INFO:__main__:Inserted 1 rows into staging table for symbol: AAPL
[2025-01-31T13:07:47.088+0000] {subprocess.py:93} INFO - INFO:__main__:Inserted 1 rows into raw table for symbol: AAPL
[2025-01-31T13:07:47.096+0000] {subprocess.py:93} INFO - INFO:__main__:Inserted 1 rows into staging table for symbol: AAPL
[2025-01-31T13:07:47.125+0000] {subprocess.py:93} INFO - INFO:__main__:Inserted 1 rows into raw table for symbol: AAPL
[2025-01-31T13:07:47.133+0000] {subprocess.py:93} INFO - INFO:__main__:Inserted 1 rows into staging table for symbol: AAPL
[2025-01-31T13:07:47.163+0000] {subprocess.py:93} INFO - INFO:__main__:Inserted 1 rows into raw table for symbol: GOOGL
[2025-01-31T13:07:47.170+0000] {subprocess.py:93} INFO - INFO:__main__:Inserted 1 rows into staging table for symbol: GOOGL
[2025-01-31T13:07:47.200+0000] {subprocess.py:93} INFO - INFO:__main__:Inserted 1 rows into raw table for symbol: GOOGL
[2025-01-31T13:07:47.210+0000] {subprocess.py:93} INFO - INFO:__main__:Inserted 1 rows into staging table for symbol: GOOGL
[2025-01-31T13:07:47.242+0000] {subprocess.py:93} INFO - INFO:__main__:Inserted 1 rows into raw table for symbol: GOOGL
[2025-01-31T13:07:47.251+0000] {subprocess.py:93} INFO - INFO:__main__:Inserted 1 rows into staging table for symbol: GOOGL
[2025-01-31T13:07:47.282+0000] {subprocess.py:93} INFO - INFO:__main__:Inserted 1 rows into raw table for symbol: GOOGL
[2025-01-31T13:07:47.290+0000] {subprocess.py:93} INFO - INFO:__main__:Inserted 1 rows into staging table for symbol: GOOGL
[2025-01-31T13:07:47.321+0000] {subprocess.py:93} INFO - INFO:__main__:Inserted 1 rows into raw table for symbol: GOOGL
[2025-01-31T13:07:47.330+0000] {subprocess.py:93} INFO - INFO:__main__:Inserted 1 rows into staging table for symbol: GOOGL
[2025-01-31T13:07:47.359+0000] {subprocess.py:93} INFO - INFO:__main__:Inserted 1 rows into raw table for symbol: GOOGL
[2025-01-31T13:07:47.368+0000] {subprocess.py:93} INFO - INFO:__main__:Inserted 1 rows into staging table for symbol: GOOGL
[2025-01-31T13:07:47.396+0000] {subprocess.py:93} INFO - INFO:__main__:Inserted 1 rows into raw table for symbol: GOOGL
[2025-01-31T13:07:47.404+0000] {subprocess.py:93} INFO - INFO:__main__:Inserted 1 rows into staging table for symbol: GOOGL
[2025-01-31T13:07:47.436+0000] {subprocess.py:93} INFO - INFO:__main__:Inserted 1 rows into raw table for symbol: GOOGL
[2025-01-31T13:07:47.445+0000] {subprocess.py:93} INFO - INFO:__main__:Inserted 1 rows into staging table for symbol: GOOGL
[2025-01-31T13:07:47.474+0000] {subprocess.py:93} INFO - INFO:__main__:Inserted 1 rows into raw table for symbol: GOOGL
[2025-01-31T13:07:47.481+0000] {subprocess.py:93} INFO - INFO:__main__:Inserted 1 rows into staging table for symbol: GOOGL
[2025-01-31T13:07:47.511+0000] {subprocess.py:93} INFO - INFO:__main__:Inserted 1 rows into raw table for symbol: GOOGL
[2025-01-31T13:07:47.516+0000] {subprocess.py:93} INFO - INFO:__main__:Inserted 1 rows into staging table for symbol: GOOGL
[2025-01-31T13:07:47.545+0000] {subprocess.py:93} INFO - INFO:__main__:Inserted 1 rows into raw table for symbol: GOOGL
[2025-01-31T13:07:47.552+0000] {subprocess.py:93} INFO - INFO:__main__:Inserted 1 rows into staging table for symbol: GOOGL
[2025-01-31T13:07:47.582+0000] {subprocess.py:93} INFO - INFO:__main__:Inserted 1 rows into raw table for symbol: GOOGL
[2025-01-31T13:07:47.590+0000] {subprocess.py:93} INFO - INFO:__main__:Inserted 1 rows into staging table for symbol: GOOGL
[2025-01-31T13:07:47.622+0000] {subprocess.py:93} INFO - INFO:__main__:Inserted 1 rows into raw table for symbol: GOOGL
[2025-01-31T13:07:47.632+0000] {subprocess.py:93} INFO - INFO:__main__:Inserted 1 rows into staging table for symbol: GOOGL
[2025-01-31T13:07:47.664+0000] {subprocess.py:93} INFO - INFO:__main__:Inserted 1 rows into raw table for symbol: GOOGL
[2025-01-31T13:07:47.673+0000] {subprocess.py:93} INFO - INFO:__main__:Inserted 1 rows into staging table for symbol: GOOGL
[2025-01-31T13:07:47.704+0000] {subprocess.py:93} INFO - INFO:__main__:Inserted 1 rows into raw table for symbol: GOOGL
[2025-01-31T13:07:47.713+0000] {subprocess.py:93} INFO - INFO:__main__:Inserted 1 rows into staging table for symbol: GOOGL
[2025-01-31T13:07:47.745+0000] {subprocess.py:93} INFO - INFO:__main__:Inserted 1 rows into raw table for symbol: GOOGL
[2025-01-31T13:07:47.753+0000] {subprocess.py:93} INFO - INFO:__main__:Inserted 1 rows into staging table for symbol: GOOGL
[2025-01-31T13:07:47.787+0000] {subprocess.py:93} INFO - INFO:__main__:Inserted 1 rows into raw table for symbol: GOOGL
[2025-01-31T13:07:47.795+0000] {subprocess.py:93} INFO - INFO:__main__:Inserted 1 rows into staging table for symbol: GOOGL
[2025-01-31T13:07:47.826+0000] {subprocess.py:93} INFO - INFO:__main__:Inserted 1 rows into raw table for symbol: GOOGL
[2025-01-31T13:07:47.834+0000] {subprocess.py:93} INFO - INFO:__main__:Inserted 1 rows into staging table for symbol: GOOGL
[2025-01-31T13:07:47.866+0000] {subprocess.py:93} INFO - INFO:__main__:Inserted 1 rows into raw table for symbol: GOOGL
[2025-01-31T13:07:47.876+0000] {subprocess.py:93} INFO - INFO:__main__:Inserted 1 rows into staging table for symbol: GOOGL
[2025-01-31T13:07:47.913+0000] {subprocess.py:93} INFO - INFO:__main__:Inserted 1 rows into raw table for symbol: GOOGL
[2025-01-31T13:07:47.922+0000] {subprocess.py:93} INFO - INFO:__main__:Inserted 1 rows into staging table for symbol: GOOGL
[2025-01-31T13:07:47.953+0000] {subprocess.py:93} INFO - INFO:__main__:Inserted 1 rows into raw table for symbol: GOOGL
[2025-01-31T13:07:47.963+0000] {subprocess.py:93} INFO - INFO:__main__:Inserted 1 rows into staging table for symbol: GOOGL
[2025-01-31T13:07:47.996+0000] {subprocess.py:93} INFO - INFO:__main__:Inserted 1 rows into raw table for symbol: GOOGL
[2025-01-31T13:07:48.003+0000] {subprocess.py:93} INFO - INFO:__main__:Inserted 1 rows into staging table for symbol: GOOGL
[2025-01-31T13:07:48.038+0000] {subprocess.py:93} INFO - INFO:__main__:Inserted 1 rows into raw table for symbol: GOOGL
[2025-01-31T13:07:48.047+0000] {subprocess.py:93} INFO - INFO:__main__:Inserted 1 rows into staging table for symbol: GOOGL
[2025-01-31T13:07:48.080+0000] {subprocess.py:93} INFO - INFO:__main__:Inserted 1 rows into raw table for symbol: GOOGL
[2025-01-31T13:07:48.089+0000] {subprocess.py:93} INFO - INFO:__main__:Inserted 1 rows into staging table for symbol: GOOGL
[2025-01-31T13:07:48.119+0000] {subprocess.py:93} INFO - INFO:__main__:Inserted 1 rows into raw table for symbol: GOOGL
[2025-01-31T13:07:48.129+0000] {subprocess.py:93} INFO - INFO:__main__:Inserted 1 rows into staging table for symbol: GOOGL
[2025-01-31T13:07:48.165+0000] {subprocess.py:93} INFO - INFO:__main__:Inserted 1 rows into raw table for symbol: GOOGL
[2025-01-31T13:07:48.174+0000] {subprocess.py:93} INFO - INFO:__main__:Inserted 1 rows into staging table for symbol: GOOGL
[2025-01-31T13:07:48.210+0000] {subprocess.py:93} INFO - INFO:__main__:Inserted 1 rows into raw table for symbol: GOOGL
[2025-01-31T13:07:48.223+0000] {subprocess.py:93} INFO - INFO:__main__:Inserted 1 rows into staging table for symbol: GOOGL
[2025-01-31T13:07:48.301+0000] {subprocess.py:93} INFO - INFO:__main__:Inserted 1 rows into raw table for symbol: GOOGL
[2025-01-31T13:07:48.319+0000] {subprocess.py:93} INFO - INFO:__main__:Inserted 1 rows into staging table for symbol: GOOGL
[2025-01-31T13:07:48.396+0000] {subprocess.py:93} INFO - INFO:__main__:Inserted 1 rows into raw table for symbol: GOOGL
[2025-01-31T13:07:48.410+0000] {subprocess.py:93} INFO - INFO:__main__:Inserted 1 rows into staging table for symbol: GOOGL
[2025-01-31T13:07:48.477+0000] {subprocess.py:93} INFO - INFO:__main__:Inserted 1 rows into raw table for symbol: GOOGL
[2025-01-31T13:07:48.494+0000] {subprocess.py:93} INFO - INFO:__main__:Inserted 1 rows into staging table for symbol: GOOGL
[2025-01-31T13:07:48.559+0000] {subprocess.py:93} INFO - INFO:__main__:Inserted 1 rows into raw table for symbol: GOOGL
[2025-01-31T13:07:48.576+0000] {subprocess.py:93} INFO - INFO:__main__:Inserted 1 rows into staging table for symbol: GOOGL
[2025-01-31T13:07:48.678+0000] {subprocess.py:93} INFO - INFO:__main__:Inserted 1 rows into raw table for symbol: GOOGL
[2025-01-31T13:07:48.727+0000] {subprocess.py:93} INFO - INFO:__main__:Inserted 1 rows into staging table for symbol: GOOGL
[2025-01-31T13:07:48.797+0000] {subprocess.py:93} INFO - INFO:__main__:Inserted 1 rows into raw table for symbol: GOOGL
[2025-01-31T13:07:48.812+0000] {subprocess.py:93} INFO - INFO:__main__:Inserted 1 rows into staging table for symbol: GOOGL
[2025-01-31T13:07:48.885+0000] {subprocess.py:93} INFO - INFO:__main__:Inserted 1 rows into raw table for symbol: GOOGL
[2025-01-31T13:07:48.901+0000] {subprocess.py:93} INFO - INFO:__main__:Inserted 1 rows into staging table for symbol: GOOGL
[2025-01-31T13:07:48.977+0000] {subprocess.py:93} INFO - INFO:__main__:Inserted 1 rows into raw table for symbol: GOOGL
[2025-01-31T13:07:48.995+0000] {subprocess.py:93} INFO - INFO:__main__:Inserted 1 rows into staging table for symbol: GOOGL
[2025-01-31T13:07:49.056+0000] {subprocess.py:93} INFO - INFO:__main__:Inserted 1 rows into raw table for symbol: GOOGL
[2025-01-31T13:07:49.067+0000] {subprocess.py:93} INFO - INFO:__main__:Inserted 1 rows into staging table for symbol: GOOGL
[2025-01-31T13:07:49.123+0000] {subprocess.py:93} INFO - INFO:__main__:Inserted 1 rows into raw table for symbol: GOOGL
[2025-01-31T13:07:49.141+0000] {subprocess.py:93} INFO - INFO:__main__:Inserted 1 rows into staging table for symbol: GOOGL
[2025-01-31T13:07:49.196+0000] {subprocess.py:93} INFO - INFO:__main__:Inserted 1 rows into raw table for symbol: GOOGL
[2025-01-31T13:07:49.209+0000] {subprocess.py:93} INFO - INFO:__main__:Inserted 1 rows into staging table for symbol: GOOGL
[2025-01-31T13:07:49.257+0000] {subprocess.py:93} INFO - INFO:__main__:Inserted 1 rows into raw table for symbol: GOOGL
[2025-01-31T13:07:49.272+0000] {subprocess.py:93} INFO - INFO:__main__:Inserted 1 rows into staging table for symbol: GOOGL
[2025-01-31T13:07:49.318+0000] {subprocess.py:93} INFO - INFO:__main__:Inserted 1 rows into raw table for symbol: GOOGL
[2025-01-31T13:07:49.327+0000] {subprocess.py:93} INFO - INFO:__main__:Inserted 1 rows into staging table for symbol: GOOGL
[2025-01-31T13:07:49.367+0000] {subprocess.py:93} INFO - INFO:__main__:Inserted 1 rows into raw table for symbol: GOOGL
[2025-01-31T13:07:49.377+0000] {subprocess.py:93} INFO - INFO:__main__:Inserted 1 rows into staging table for symbol: GOOGL
[2025-01-31T13:07:49.429+0000] {subprocess.py:93} INFO - INFO:__main__:Inserted 1 rows into raw table for symbol: GOOGL
[2025-01-31T13:07:49.523+0000] {subprocess.py:93} INFO - INFO:__main__:Inserted 1 rows into staging table for symbol: GOOGL
[2025-01-31T13:07:49.583+0000] {subprocess.py:93} INFO - INFO:__main__:Inserted 1 rows into raw table for symbol: GOOGL
[2025-01-31T13:07:49.596+0000] {subprocess.py:93} INFO - INFO:__main__:Inserted 1 rows into staging table for symbol: GOOGL
[2025-01-31T13:07:49.670+0000] {subprocess.py:93} INFO - INFO:__main__:Inserted 1 rows into raw table for symbol: GOOGL
[2025-01-31T13:07:49.686+0000] {subprocess.py:93} INFO - INFO:__main__:Inserted 1 rows into staging table for symbol: GOOGL
[2025-01-31T13:07:49.829+0000] {subprocess.py:93} INFO - INFO:__main__:Inserted 1 rows into raw table for symbol: GOOGL
[2025-01-31T13:07:49.843+0000] {subprocess.py:93} INFO - INFO:__main__:Inserted 1 rows into staging table for symbol: GOOGL
[2025-01-31T13:07:49.877+0000] {subprocess.py:93} INFO - INFO:__main__:Inserted 1 rows into raw table for symbol: GOOGL
[2025-01-31T13:07:49.887+0000] {subprocess.py:93} INFO - INFO:__main__:Inserted 1 rows into staging table for symbol: GOOGL
[2025-01-31T13:07:49.921+0000] {subprocess.py:93} INFO - INFO:__main__:Inserted 1 rows into raw table for symbol: GOOGL
[2025-01-31T13:07:49.930+0000] {subprocess.py:93} INFO - INFO:__main__:Inserted 1 rows into staging table for symbol: GOOGL
[2025-01-31T13:07:49.960+0000] {subprocess.py:93} INFO - INFO:__main__:Inserted 1 rows into raw table for symbol: GOOGL
[2025-01-31T13:07:49.968+0000] {subprocess.py:93} INFO - INFO:__main__:Inserted 1 rows into staging table for symbol: GOOGL
[2025-01-31T13:07:49.999+0000] {subprocess.py:93} INFO - INFO:__main__:Inserted 1 rows into raw table for symbol: GOOGL
[2025-01-31T13:07:50.008+0000] {subprocess.py:93} INFO - INFO:__main__:Inserted 1 rows into staging table for symbol: GOOGL
[2025-01-31T13:07:50.038+0000] {subprocess.py:93} INFO - INFO:__main__:Inserted 1 rows into raw table for symbol: GOOGL
[2025-01-31T13:07:50.047+0000] {subprocess.py:93} INFO - INFO:__main__:Inserted 1 rows into staging table for symbol: GOOGL
[2025-01-31T13:07:50.078+0000] {subprocess.py:93} INFO - INFO:__main__:Inserted 1 rows into raw table for symbol: GOOGL
[2025-01-31T13:07:50.087+0000] {subprocess.py:93} INFO - INFO:__main__:Inserted 1 rows into staging table for symbol: GOOGL
[2025-01-31T13:07:50.123+0000] {subprocess.py:93} INFO - INFO:__main__:Inserted 1 rows into raw table for symbol: GOOGL
[2025-01-31T13:07:50.133+0000] {subprocess.py:93} INFO - INFO:__main__:Inserted 1 rows into staging table for symbol: GOOGL
[2025-01-31T13:07:50.169+0000] {subprocess.py:93} INFO - INFO:__main__:Inserted 1 rows into raw table for symbol: GOOGL
[2025-01-31T13:07:50.180+0000] {subprocess.py:93} INFO - INFO:__main__:Inserted 1 rows into staging table for symbol: GOOGL
[2025-01-31T13:07:50.216+0000] {subprocess.py:93} INFO - INFO:__main__:Inserted 1 rows into raw table for symbol: GOOGL
[2025-01-31T13:07:50.227+0000] {subprocess.py:93} INFO - INFO:__main__:Inserted 1 rows into staging table for symbol: GOOGL
[2025-01-31T13:07:50.264+0000] {subprocess.py:93} INFO - INFO:__main__:Inserted 1 rows into raw table for symbol: GOOGL
[2025-01-31T13:07:50.274+0000] {subprocess.py:93} INFO - INFO:__main__:Inserted 1 rows into staging table for symbol: GOOGL
[2025-01-31T13:07:50.313+0000] {subprocess.py:93} INFO - INFO:__main__:Inserted 1 rows into raw table for symbol: GOOGL
[2025-01-31T13:07:50.323+0000] {subprocess.py:93} INFO - INFO:__main__:Inserted 1 rows into staging table for symbol: GOOGL
[2025-01-31T13:07:50.364+0000] {subprocess.py:93} INFO - INFO:__main__:Inserted 1 rows into raw table for symbol: GOOGL
[2025-01-31T13:07:50.375+0000] {subprocess.py:93} INFO - INFO:__main__:Inserted 1 rows into staging table for symbol: GOOGL
[2025-01-31T13:07:50.417+0000] {subprocess.py:93} INFO - INFO:__main__:Inserted 1 rows into raw table for symbol: GOOGL
[2025-01-31T13:07:50.428+0000] {subprocess.py:93} INFO - INFO:__main__:Inserted 1 rows into staging table for symbol: GOOGL
[2025-01-31T13:07:50.464+0000] {subprocess.py:93} INFO - INFO:__main__:Inserted 1 rows into raw table for symbol: GOOGL
[2025-01-31T13:07:50.472+0000] {subprocess.py:93} INFO - INFO:__main__:Inserted 1 rows into staging table for symbol: GOOGL
[2025-01-31T13:07:50.503+0000] {subprocess.py:93} INFO - INFO:__main__:Inserted 1 rows into raw table for symbol: GOOGL
[2025-01-31T13:07:50.512+0000] {subprocess.py:93} INFO - INFO:__main__:Inserted 1 rows into staging table for symbol: GOOGL
[2025-01-31T13:07:50.544+0000] {subprocess.py:93} INFO - INFO:__main__:Inserted 1 rows into raw table for symbol: GOOGL
[2025-01-31T13:07:50.550+0000] {subprocess.py:93} INFO - INFO:__main__:Inserted 1 rows into staging table for symbol: GOOGL
[2025-01-31T13:07:50.587+0000] {subprocess.py:93} INFO - INFO:__main__:Inserted 1 rows into raw table for symbol: GOOGL
[2025-01-31T13:07:50.593+0000] {subprocess.py:93} INFO - INFO:__main__:Inserted 1 rows into staging table for symbol: GOOGL
[2025-01-31T13:07:50.624+0000] {subprocess.py:93} INFO - INFO:__main__:Inserted 1 rows into raw table for symbol: GOOGL
[2025-01-31T13:07:50.633+0000] {subprocess.py:93} INFO - INFO:__main__:Inserted 1 rows into staging table for symbol: GOOGL
[2025-01-31T13:07:50.671+0000] {subprocess.py:93} INFO - INFO:__main__:Inserted 1 rows into raw table for symbol: GOOGL
[2025-01-31T13:07:50.684+0000] {subprocess.py:93} INFO - INFO:__main__:Inserted 1 rows into staging table for symbol: GOOGL
[2025-01-31T13:07:50.713+0000] {subprocess.py:93} INFO - INFO:__main__:Inserted 1 rows into raw table for symbol: GOOGL
[2025-01-31T13:07:50.720+0000] {subprocess.py:93} INFO - INFO:__main__:Inserted 1 rows into staging table for symbol: GOOGL
[2025-01-31T13:07:50.759+0000] {subprocess.py:93} INFO - INFO:__main__:Inserted 1 rows into raw table for symbol: GOOGL
[2025-01-31T13:07:50.768+0000] {subprocess.py:93} INFO - INFO:__main__:Inserted 1 rows into staging table for symbol: GOOGL
[2025-01-31T13:07:50.805+0000] {subprocess.py:93} INFO - INFO:__main__:Inserted 1 rows into raw table for symbol: GOOGL
[2025-01-31T13:07:50.813+0000] {subprocess.py:93} INFO - INFO:__main__:Inserted 1 rows into staging table for symbol: GOOGL
[2025-01-31T13:07:50.845+0000] {subprocess.py:93} INFO - INFO:__main__:Inserted 1 rows into raw table for symbol: GOOGL
[2025-01-31T13:07:50.852+0000] {subprocess.py:93} INFO - INFO:__main__:Inserted 1 rows into staging table for symbol: GOOGL
[2025-01-31T13:07:50.891+0000] {subprocess.py:93} INFO - INFO:__main__:Inserted 1 rows into raw table for symbol: GOOGL
[2025-01-31T13:07:50.898+0000] {subprocess.py:93} INFO - INFO:__main__:Inserted 1 rows into staging table for symbol: GOOGL
[2025-01-31T13:07:50.926+0000] {subprocess.py:93} INFO - INFO:__main__:Inserted 1 rows into raw table for symbol: GOOGL
[2025-01-31T13:07:50.933+0000] {subprocess.py:93} INFO - INFO:__main__:Inserted 1 rows into staging table for symbol: GOOGL
[2025-01-31T13:07:50.961+0000] {subprocess.py:93} INFO - INFO:__main__:Inserted 1 rows into raw table for symbol: GOOGL
[2025-01-31T13:07:50.969+0000] {subprocess.py:93} INFO - INFO:__main__:Inserted 1 rows into staging table for symbol: GOOGL
[2025-01-31T13:07:50.997+0000] {subprocess.py:93} INFO - INFO:__main__:Inserted 1 rows into raw table for symbol: GOOGL
[2025-01-31T13:07:51.004+0000] {subprocess.py:93} INFO - INFO:__main__:Inserted 1 rows into staging table for symbol: GOOGL
[2025-01-31T13:07:51.032+0000] {subprocess.py:93} INFO - INFO:__main__:Inserted 1 rows into raw table for symbol: GOOGL
[2025-01-31T13:07:51.039+0000] {subprocess.py:93} INFO - INFO:__main__:Inserted 1 rows into staging table for symbol: GOOGL
[2025-01-31T13:07:51.068+0000] {subprocess.py:93} INFO - INFO:__main__:Inserted 1 rows into raw table for symbol: GOOGL
[2025-01-31T13:07:51.076+0000] {subprocess.py:93} INFO - INFO:__main__:Inserted 1 rows into staging table for symbol: GOOGL
[2025-01-31T13:07:51.105+0000] {subprocess.py:93} INFO - INFO:__main__:Inserted 1 rows into raw table for symbol: GOOGL
[2025-01-31T13:07:51.114+0000] {subprocess.py:93} INFO - INFO:__main__:Inserted 1 rows into staging table for symbol: GOOGL
[2025-01-31T13:07:51.142+0000] {subprocess.py:93} INFO - INFO:__main__:Inserted 1 rows into raw table for symbol: GOOGL
[2025-01-31T13:07:51.152+0000] {subprocess.py:93} INFO - INFO:__main__:Inserted 1 rows into staging table for symbol: GOOGL
[2025-01-31T13:07:51.183+0000] {subprocess.py:93} INFO - INFO:__main__:Inserted 1 rows into raw table for symbol: GOOGL
[2025-01-31T13:07:51.191+0000] {subprocess.py:93} INFO - INFO:__main__:Inserted 1 rows into staging table for symbol: GOOGL
[2025-01-31T13:07:51.218+0000] {subprocess.py:93} INFO - INFO:__main__:Inserted 1 rows into raw table for symbol: GOOGL
[2025-01-31T13:07:51.226+0000] {subprocess.py:93} INFO - INFO:__main__:Inserted 1 rows into staging table for symbol: GOOGL
[2025-01-31T13:07:51.256+0000] {subprocess.py:93} INFO - INFO:__main__:Inserted 1 rows into raw table for symbol: GOOGL
[2025-01-31T13:07:51.265+0000] {subprocess.py:93} INFO - INFO:__main__:Inserted 1 rows into staging table for symbol: GOOGL
[2025-01-31T13:07:51.293+0000] {subprocess.py:93} INFO - INFO:__main__:Inserted 1 rows into raw table for symbol: GOOGL
[2025-01-31T13:07:51.304+0000] {subprocess.py:93} INFO - INFO:__main__:Inserted 1 rows into staging table for symbol: GOOGL
[2025-01-31T13:07:51.342+0000] {subprocess.py:93} INFO - INFO:__main__:Inserted 1 rows into raw table for symbol: GOOGL
[2025-01-31T13:07:51.350+0000] {subprocess.py:93} INFO - INFO:__main__:Inserted 1 rows into staging table for symbol: GOOGL
[2025-01-31T13:07:51.379+0000] {subprocess.py:93} INFO - INFO:__main__:Inserted 1 rows into raw table for symbol: GOOGL
[2025-01-31T13:07:51.387+0000] {subprocess.py:93} INFO - INFO:__main__:Inserted 1 rows into staging table for symbol: GOOGL
[2025-01-31T13:07:51.416+0000] {subprocess.py:93} INFO - INFO:__main__:Inserted 1 rows into raw table for symbol: GOOGL
[2025-01-31T13:07:51.423+0000] {subprocess.py:93} INFO - INFO:__main__:Inserted 1 rows into staging table for symbol: GOOGL
[2025-01-31T13:07:51.450+0000] {subprocess.py:93} INFO - INFO:__main__:Inserted 1 rows into raw table for symbol: GOOGL
[2025-01-31T13:07:51.458+0000] {subprocess.py:93} INFO - INFO:__main__:Inserted 1 rows into staging table for symbol: GOOGL
[2025-01-31T13:07:51.485+0000] {subprocess.py:93} INFO - INFO:__main__:Inserted 1 rows into raw table for symbol: GOOGL
[2025-01-31T13:07:51.494+0000] {subprocess.py:93} INFO - INFO:__main__:Inserted 1 rows into staging table for symbol: GOOGL
[2025-01-31T13:07:51.523+0000] {subprocess.py:93} INFO - INFO:__main__:Inserted 1 rows into raw table for symbol: GOOGL
[2025-01-31T13:07:51.529+0000] {subprocess.py:93} INFO - INFO:__main__:Inserted 1 rows into staging table for symbol: GOOGL
[2025-01-31T13:07:51.556+0000] {subprocess.py:93} INFO - INFO:__main__:Inserted 1 rows into raw table for symbol: GOOGL
[2025-01-31T13:07:51.565+0000] {subprocess.py:93} INFO - INFO:__main__:Inserted 1 rows into staging table for symbol: GOOGL
[2025-01-31T13:07:51.592+0000] {subprocess.py:93} INFO - INFO:__main__:Inserted 1 rows into raw table for symbol: GOOGL
[2025-01-31T13:07:51.599+0000] {subprocess.py:93} INFO - INFO:__main__:Inserted 1 rows into staging table for symbol: GOOGL
[2025-01-31T13:07:51.626+0000] {subprocess.py:93} INFO - INFO:__main__:Inserted 1 rows into raw table for symbol: GOOGL
[2025-01-31T13:07:51.634+0000] {subprocess.py:93} INFO - INFO:__main__:Inserted 1 rows into staging table for symbol: GOOGL
[2025-01-31T13:07:51.662+0000] {subprocess.py:93} INFO - INFO:__main__:Inserted 1 rows into raw table for symbol: GOOGL
[2025-01-31T13:07:51.669+0000] {subprocess.py:93} INFO - INFO:__main__:Inserted 1 rows into staging table for symbol: GOOGL
[2025-01-31T13:07:51.698+0000] {subprocess.py:93} INFO - INFO:__main__:Inserted 1 rows into raw table for symbol: GOOGL
[2025-01-31T13:07:51.706+0000] {subprocess.py:93} INFO - INFO:__main__:Inserted 1 rows into staging table for symbol: GOOGL
[2025-01-31T13:07:51.735+0000] {subprocess.py:93} INFO - INFO:__main__:Inserted 1 rows into raw table for symbol: GOOGL
[2025-01-31T13:07:51.743+0000] {subprocess.py:93} INFO - INFO:__main__:Inserted 1 rows into staging table for symbol: GOOGL
[2025-01-31T13:07:51.777+0000] {subprocess.py:93} INFO - INFO:__main__:Inserted 1 rows into raw table for symbol: GOOGL
[2025-01-31T13:07:51.786+0000] {subprocess.py:93} INFO - INFO:__main__:Inserted 1 rows into staging table for symbol: GOOGL
[2025-01-31T13:07:51.818+0000] {subprocess.py:93} INFO - INFO:__main__:Inserted 1 rows into raw table for symbol: GOOGL
[2025-01-31T13:07:51.827+0000] {subprocess.py:93} INFO - INFO:__main__:Inserted 1 rows into staging table for symbol: GOOGL
[2025-01-31T13:07:51.862+0000] {subprocess.py:93} INFO - INFO:__main__:Inserted 1 rows into raw table for symbol: GOOGL
[2025-01-31T13:07:51.872+0000] {subprocess.py:93} INFO - INFO:__main__:Inserted 1 rows into staging table for symbol: GOOGL
[2025-01-31T13:07:51.905+0000] {subprocess.py:93} INFO - INFO:__main__:Inserted 1 rows into raw table for symbol: GOOGL
[2025-01-31T13:07:51.916+0000] {subprocess.py:93} INFO - INFO:__main__:Inserted 1 rows into staging table for symbol: GOOGL
[2025-01-31T13:07:51.955+0000] {subprocess.py:93} INFO - INFO:__main__:Inserted 1 rows into raw table for symbol: GOOGL
[2025-01-31T13:07:51.965+0000] {subprocess.py:93} INFO - INFO:__main__:Inserted 1 rows into staging table for symbol: GOOGL
[2025-01-31T13:07:51.998+0000] {subprocess.py:93} INFO - INFO:__main__:Inserted 1 rows into raw table for symbol: GOOGL
[2025-01-31T13:07:52.007+0000] {subprocess.py:93} INFO - INFO:__main__:Inserted 1 rows into staging table for symbol: GOOGL
[2025-01-31T13:07:52.040+0000] {subprocess.py:93} INFO - INFO:__main__:Inserted 1 rows into raw table for symbol: GOOGL
[2025-01-31T13:07:52.049+0000] {subprocess.py:93} INFO - INFO:__main__:Inserted 1 rows into staging table for symbol: GOOGL
[2025-01-31T13:07:52.084+0000] {subprocess.py:93} INFO - INFO:__main__:Inserted 1 rows into raw table for symbol: GOOGL
[2025-01-31T13:07:52.094+0000] {subprocess.py:93} INFO - INFO:__main__:Inserted 1 rows into staging table for symbol: GOOGL
[2025-01-31T13:07:52.127+0000] {subprocess.py:93} INFO - INFO:__main__:Inserted 1 rows into raw table for symbol: MSFT
[2025-01-31T13:07:52.136+0000] {subprocess.py:93} INFO - INFO:__main__:Inserted 1 rows into staging table for symbol: MSFT
[2025-01-31T13:07:52.169+0000] {subprocess.py:93} INFO - INFO:__main__:Inserted 1 rows into raw table for symbol: MSFT
[2025-01-31T13:07:52.179+0000] {subprocess.py:93} INFO - INFO:__main__:Inserted 1 rows into staging table for symbol: MSFT
[2025-01-31T13:07:52.213+0000] {subprocess.py:93} INFO - INFO:__main__:Inserted 1 rows into raw table for symbol: MSFT
[2025-01-31T13:07:52.221+0000] {subprocess.py:93} INFO - INFO:__main__:Inserted 1 rows into staging table for symbol: MSFT
[2025-01-31T13:07:52.253+0000] {subprocess.py:93} INFO - INFO:__main__:Inserted 1 rows into raw table for symbol: MSFT
[2025-01-31T13:07:52.263+0000] {subprocess.py:93} INFO - INFO:__main__:Inserted 1 rows into staging table for symbol: MSFT
[2025-01-31T13:07:52.302+0000] {subprocess.py:93} INFO - INFO:__main__:Inserted 1 rows into raw table for symbol: MSFT
[2025-01-31T13:07:52.313+0000] {subprocess.py:93} INFO - INFO:__main__:Inserted 1 rows into staging table for symbol: MSFT
[2025-01-31T13:07:52.347+0000] {subprocess.py:93} INFO - INFO:__main__:Inserted 1 rows into raw table for symbol: MSFT
[2025-01-31T13:07:52.357+0000] {subprocess.py:93} INFO - INFO:__main__:Inserted 1 rows into staging table for symbol: MSFT
[2025-01-31T13:07:52.391+0000] {subprocess.py:93} INFO - INFO:__main__:Inserted 1 rows into raw table for symbol: MSFT
[2025-01-31T13:07:52.399+0000] {subprocess.py:93} INFO - INFO:__main__:Inserted 1 rows into staging table for symbol: MSFT
[2025-01-31T13:07:52.431+0000] {subprocess.py:93} INFO - INFO:__main__:Inserted 1 rows into raw table for symbol: MSFT
[2025-01-31T13:07:52.439+0000] {subprocess.py:93} INFO - INFO:__main__:Inserted 1 rows into staging table for symbol: MSFT
[2025-01-31T13:07:52.472+0000] {subprocess.py:93} INFO - INFO:__main__:Inserted 1 rows into raw table for symbol: MSFT
[2025-01-31T13:07:52.481+0000] {subprocess.py:93} INFO - INFO:__main__:Inserted 1 rows into staging table for symbol: MSFT
[2025-01-31T13:07:52.513+0000] {subprocess.py:93} INFO - INFO:__main__:Inserted 1 rows into raw table for symbol: MSFT
[2025-01-31T13:07:52.522+0000] {subprocess.py:93} INFO - INFO:__main__:Inserted 1 rows into staging table for symbol: MSFT
[2025-01-31T13:07:52.554+0000] {subprocess.py:93} INFO - INFO:__main__:Inserted 1 rows into raw table for symbol: MSFT
[2025-01-31T13:07:52.564+0000] {subprocess.py:93} INFO - INFO:__main__:Inserted 1 rows into staging table for symbol: MSFT
[2025-01-31T13:07:52.596+0000] {subprocess.py:93} INFO - INFO:__main__:Inserted 1 rows into raw table for symbol: MSFT
[2025-01-31T13:07:52.605+0000] {subprocess.py:93} INFO - INFO:__main__:Inserted 1 rows into staging table for symbol: MSFT
[2025-01-31T13:07:52.638+0000] {subprocess.py:93} INFO - INFO:__main__:Inserted 1 rows into raw table for symbol: MSFT
[2025-01-31T13:07:52.648+0000] {subprocess.py:93} INFO - INFO:__main__:Inserted 1 rows into staging table for symbol: MSFT
[2025-01-31T13:07:52.683+0000] {subprocess.py:93} INFO - INFO:__main__:Inserted 1 rows into raw table for symbol: MSFT
[2025-01-31T13:07:52.693+0000] {subprocess.py:93} INFO - INFO:__main__:Inserted 1 rows into staging table for symbol: MSFT
[2025-01-31T13:07:52.731+0000] {subprocess.py:93} INFO - INFO:__main__:Inserted 1 rows into raw table for symbol: MSFT
[2025-01-31T13:07:52.738+0000] {subprocess.py:93} INFO - INFO:__main__:Inserted 1 rows into staging table for symbol: MSFT
[2025-01-31T13:07:52.778+0000] {subprocess.py:93} INFO - INFO:__main__:Inserted 1 rows into raw table for symbol: MSFT
[2025-01-31T13:07:52.789+0000] {subprocess.py:93} INFO - INFO:__main__:Inserted 1 rows into staging table for symbol: MSFT
[2025-01-31T13:07:52.834+0000] {subprocess.py:93} INFO - INFO:__main__:Inserted 1 rows into raw table for symbol: MSFT
[2025-01-31T13:07:52.848+0000] {subprocess.py:93} INFO - INFO:__main__:Inserted 1 rows into staging table for symbol: MSFT
[2025-01-31T13:07:52.879+0000] {subprocess.py:93} INFO - INFO:__main__:Inserted 1 rows into raw table for symbol: MSFT
[2025-01-31T13:07:52.888+0000] {subprocess.py:93} INFO - INFO:__main__:Inserted 1 rows into staging table for symbol: MSFT
[2025-01-31T13:07:52.915+0000] {subprocess.py:93} INFO - INFO:__main__:Inserted 1 rows into raw table for symbol: MSFT
[2025-01-31T13:07:52.923+0000] {subprocess.py:93} INFO - INFO:__main__:Inserted 1 rows into staging table for symbol: MSFT
[2025-01-31T13:07:52.951+0000] {subprocess.py:93} INFO - INFO:__main__:Inserted 1 rows into raw table for symbol: MSFT
[2025-01-31T13:07:52.959+0000] {subprocess.py:93} INFO - INFO:__main__:Inserted 1 rows into staging table for symbol: MSFT
[2025-01-31T13:07:52.986+0000] {subprocess.py:93} INFO - INFO:__main__:Inserted 1 rows into raw table for symbol: MSFT
[2025-01-31T13:07:52.994+0000] {subprocess.py:93} INFO - INFO:__main__:Inserted 1 rows into staging table for symbol: MSFT
[2025-01-31T13:07:53.021+0000] {subprocess.py:93} INFO - INFO:__main__:Inserted 1 rows into raw table for symbol: MSFT
[2025-01-31T13:07:53.029+0000] {subprocess.py:93} INFO - INFO:__main__:Inserted 1 rows into staging table for symbol: MSFT
[2025-01-31T13:07:53.055+0000] {subprocess.py:93} INFO - INFO:__main__:Inserted 1 rows into raw table for symbol: MSFT
[2025-01-31T13:07:53.063+0000] {subprocess.py:93} INFO - INFO:__main__:Inserted 1 rows into staging table for symbol: MSFT
[2025-01-31T13:07:53.090+0000] {subprocess.py:93} INFO - INFO:__main__:Inserted 1 rows into raw table for symbol: MSFT
[2025-01-31T13:07:53.097+0000] {subprocess.py:93} INFO - INFO:__main__:Inserted 1 rows into staging table for symbol: MSFT
[2025-01-31T13:07:53.124+0000] {subprocess.py:93} INFO - INFO:__main__:Inserted 1 rows into raw table for symbol: MSFT
[2025-01-31T13:07:53.131+0000] {subprocess.py:93} INFO - INFO:__main__:Inserted 1 rows into staging table for symbol: MSFT
[2025-01-31T13:07:53.158+0000] {subprocess.py:93} INFO - INFO:__main__:Inserted 1 rows into raw table for symbol: MSFT
[2025-01-31T13:07:53.166+0000] {subprocess.py:93} INFO - INFO:__main__:Inserted 1 rows into staging table for symbol: MSFT
[2025-01-31T13:07:53.193+0000] {subprocess.py:93} INFO - INFO:__main__:Inserted 1 rows into raw table for symbol: MSFT
[2025-01-31T13:07:53.200+0000] {subprocess.py:93} INFO - INFO:__main__:Inserted 1 rows into staging table for symbol: MSFT
[2025-01-31T13:07:53.230+0000] {subprocess.py:93} INFO - INFO:__main__:Inserted 1 rows into raw table for symbol: MSFT
[2025-01-31T13:07:53.239+0000] {subprocess.py:93} INFO - INFO:__main__:Inserted 1 rows into staging table for symbol: MSFT
[2025-01-31T13:07:53.272+0000] {subprocess.py:93} INFO - INFO:__main__:Inserted 1 rows into raw table for symbol: MSFT
[2025-01-31T13:07:53.281+0000] {subprocess.py:93} INFO - INFO:__main__:Inserted 1 rows into staging table for symbol: MSFT
[2025-01-31T13:07:53.310+0000] {subprocess.py:93} INFO - INFO:__main__:Inserted 1 rows into raw table for symbol: MSFT
[2025-01-31T13:07:53.318+0000] {subprocess.py:93} INFO - INFO:__main__:Inserted 1 rows into staging table for symbol: MSFT
[2025-01-31T13:07:53.347+0000] {subprocess.py:93} INFO - INFO:__main__:Inserted 1 rows into raw table for symbol: MSFT
[2025-01-31T13:07:53.355+0000] {subprocess.py:93} INFO - INFO:__main__:Inserted 1 rows into staging table for symbol: MSFT
[2025-01-31T13:07:53.388+0000] {subprocess.py:93} INFO - INFO:__main__:Inserted 1 rows into raw table for symbol: MSFT
[2025-01-31T13:07:53.397+0000] {subprocess.py:93} INFO - INFO:__main__:Inserted 1 rows into staging table for symbol: MSFT
[2025-01-31T13:07:53.429+0000] {subprocess.py:93} INFO - INFO:__main__:Inserted 1 rows into raw table for symbol: MSFT
[2025-01-31T13:07:53.437+0000] {subprocess.py:93} INFO - INFO:__main__:Inserted 1 rows into staging table for symbol: MSFT
[2025-01-31T13:07:53.469+0000] {subprocess.py:93} INFO - INFO:__main__:Inserted 1 rows into raw table for symbol: MSFT
[2025-01-31T13:07:53.478+0000] {subprocess.py:93} INFO - INFO:__main__:Inserted 1 rows into staging table for symbol: MSFT
[2025-01-31T13:07:53.508+0000] {subprocess.py:93} INFO - INFO:__main__:Inserted 1 rows into raw table for symbol: MSFT
[2025-01-31T13:07:53.517+0000] {subprocess.py:93} INFO - INFO:__main__:Inserted 1 rows into staging table for symbol: MSFT
[2025-01-31T13:07:53.547+0000] {subprocess.py:93} INFO - INFO:__main__:Inserted 1 rows into raw table for symbol: MSFT
[2025-01-31T13:07:53.555+0000] {subprocess.py:93} INFO - INFO:__main__:Inserted 1 rows into staging table for symbol: MSFT
[2025-01-31T13:07:53.585+0000] {subprocess.py:93} INFO - INFO:__main__:Inserted 1 rows into raw table for symbol: MSFT
[2025-01-31T13:07:53.594+0000] {subprocess.py:93} INFO - INFO:__main__:Inserted 1 rows into staging table for symbol: MSFT
[2025-01-31T13:07:53.623+0000] {subprocess.py:93} INFO - INFO:__main__:Inserted 1 rows into raw table for symbol: MSFT
[2025-01-31T13:07:53.631+0000] {subprocess.py:93} INFO - INFO:__main__:Inserted 1 rows into staging table for symbol: MSFT
[2025-01-31T13:07:53.660+0000] {subprocess.py:93} INFO - INFO:__main__:Inserted 1 rows into raw table for symbol: MSFT
[2025-01-31T13:07:53.668+0000] {subprocess.py:93} INFO - INFO:__main__:Inserted 1 rows into staging table for symbol: MSFT
[2025-01-31T13:07:53.698+0000] {subprocess.py:93} INFO - INFO:__main__:Inserted 1 rows into raw table for symbol: MSFT
[2025-01-31T13:07:53.707+0000] {subprocess.py:93} INFO - INFO:__main__:Inserted 1 rows into staging table for symbol: MSFT
[2025-01-31T13:07:53.743+0000] {subprocess.py:93} INFO - INFO:__main__:Inserted 1 rows into raw table for symbol: MSFT
[2025-01-31T13:07:53.751+0000] {subprocess.py:93} INFO - INFO:__main__:Inserted 1 rows into staging table for symbol: MSFT
[2025-01-31T13:07:53.781+0000] {subprocess.py:93} INFO - INFO:__main__:Inserted 1 rows into raw table for symbol: MSFT
[2025-01-31T13:07:53.790+0000] {subprocess.py:93} INFO - INFO:__main__:Inserted 1 rows into staging table for symbol: MSFT
[2025-01-31T13:07:53.820+0000] {subprocess.py:93} INFO - INFO:__main__:Inserted 1 rows into raw table for symbol: MSFT
[2025-01-31T13:07:53.830+0000] {subprocess.py:93} INFO - INFO:__main__:Inserted 1 rows into staging table for symbol: MSFT
[2025-01-31T13:07:53.860+0000] {subprocess.py:93} INFO - INFO:__main__:Inserted 1 rows into raw table for symbol: MSFT
[2025-01-31T13:07:53.868+0000] {subprocess.py:93} INFO - INFO:__main__:Inserted 1 rows into staging table for symbol: MSFT
[2025-01-31T13:07:53.900+0000] {subprocess.py:93} INFO - INFO:__main__:Inserted 1 rows into raw table for symbol: MSFT
[2025-01-31T13:07:53.910+0000] {subprocess.py:93} INFO - INFO:__main__:Inserted 1 rows into staging table for symbol: MSFT
[2025-01-31T13:07:53.944+0000] {subprocess.py:93} INFO - INFO:__main__:Inserted 1 rows into raw table for symbol: MSFT
[2025-01-31T13:07:53.952+0000] {subprocess.py:93} INFO - INFO:__main__:Inserted 1 rows into staging table for symbol: MSFT
[2025-01-31T13:07:53.987+0000] {subprocess.py:93} INFO - INFO:__main__:Inserted 1 rows into raw table for symbol: MSFT
[2025-01-31T13:07:53.997+0000] {subprocess.py:93} INFO - INFO:__main__:Inserted 1 rows into staging table for symbol: MSFT
[2025-01-31T13:07:54.030+0000] {subprocess.py:93} INFO - INFO:__main__:Inserted 1 rows into raw table for symbol: MSFT
[2025-01-31T13:07:54.039+0000] {subprocess.py:93} INFO - INFO:__main__:Inserted 1 rows into staging table for symbol: MSFT
[2025-01-31T13:07:54.072+0000] {subprocess.py:93} INFO - INFO:__main__:Inserted 1 rows into raw table for symbol: MSFT
[2025-01-31T13:07:54.082+0000] {subprocess.py:93} INFO - INFO:__main__:Inserted 1 rows into staging table for symbol: MSFT
[2025-01-31T13:07:54.116+0000] {subprocess.py:93} INFO - INFO:__main__:Inserted 1 rows into raw table for symbol: MSFT
[2025-01-31T13:07:54.123+0000] {subprocess.py:93} INFO - INFO:__main__:Inserted 1 rows into staging table for symbol: MSFT
[2025-01-31T13:07:54.159+0000] {subprocess.py:93} INFO - INFO:__main__:Inserted 1 rows into raw table for symbol: MSFT
[2025-01-31T13:07:54.168+0000] {subprocess.py:93} INFO - INFO:__main__:Inserted 1 rows into staging table for symbol: MSFT
[2025-01-31T13:07:54.201+0000] {subprocess.py:93} INFO - INFO:__main__:Inserted 1 rows into raw table for symbol: MSFT
[2025-01-31T13:07:54.212+0000] {subprocess.py:93} INFO - INFO:__main__:Inserted 1 rows into staging table for symbol: MSFT
[2025-01-31T13:07:54.251+0000] {subprocess.py:93} INFO - INFO:__main__:Inserted 1 rows into raw table for symbol: MSFT
[2025-01-31T13:07:54.263+0000] {subprocess.py:93} INFO - INFO:__main__:Inserted 1 rows into staging table for symbol: MSFT
[2025-01-31T13:07:54.297+0000] {subprocess.py:93} INFO - INFO:__main__:Inserted 1 rows into raw table for symbol: MSFT
[2025-01-31T13:07:54.306+0000] {subprocess.py:93} INFO - INFO:__main__:Inserted 1 rows into staging table for symbol: MSFT
[2025-01-31T13:07:54.340+0000] {subprocess.py:93} INFO - INFO:__main__:Inserted 1 rows into raw table for symbol: MSFT
[2025-01-31T13:07:54.350+0000] {subprocess.py:93} INFO - INFO:__main__:Inserted 1 rows into staging table for symbol: MSFT
[2025-01-31T13:07:54.383+0000] {subprocess.py:93} INFO - INFO:__main__:Inserted 1 rows into raw table for symbol: MSFT
[2025-01-31T13:07:54.392+0000] {subprocess.py:93} INFO - INFO:__main__:Inserted 1 rows into staging table for symbol: MSFT
[2025-01-31T13:07:54.424+0000] {subprocess.py:93} INFO - INFO:__main__:Inserted 1 rows into raw table for symbol: MSFT
[2025-01-31T13:07:54.434+0000] {subprocess.py:93} INFO - INFO:__main__:Inserted 1 rows into staging table for symbol: MSFT
[2025-01-31T13:07:54.467+0000] {subprocess.py:93} INFO - INFO:__main__:Inserted 1 rows into raw table for symbol: MSFT
[2025-01-31T13:07:54.477+0000] {subprocess.py:93} INFO - INFO:__main__:Inserted 1 rows into staging table for symbol: MSFT
[2025-01-31T13:07:54.511+0000] {subprocess.py:93} INFO - INFO:__main__:Inserted 1 rows into raw table for symbol: MSFT
[2025-01-31T13:07:54.521+0000] {subprocess.py:93} INFO - INFO:__main__:Inserted 1 rows into staging table for symbol: MSFT
[2025-01-31T13:07:54.553+0000] {subprocess.py:93} INFO - INFO:__main__:Inserted 1 rows into raw table for symbol: MSFT
[2025-01-31T13:07:54.563+0000] {subprocess.py:93} INFO - INFO:__main__:Inserted 1 rows into staging table for symbol: MSFT
[2025-01-31T13:07:54.597+0000] {subprocess.py:93} INFO - INFO:__main__:Inserted 1 rows into raw table for symbol: MSFT
[2025-01-31T13:07:54.604+0000] {subprocess.py:93} INFO - INFO:__main__:Inserted 1 rows into staging table for symbol: MSFT
[2025-01-31T13:07:54.637+0000] {subprocess.py:93} INFO - INFO:__main__:Inserted 1 rows into raw table for symbol: MSFT
[2025-01-31T13:07:54.646+0000] {subprocess.py:93} INFO - INFO:__main__:Inserted 1 rows into staging table for symbol: MSFT
[2025-01-31T13:07:54.677+0000] {subprocess.py:93} INFO - INFO:__main__:Inserted 1 rows into raw table for symbol: MSFT
[2025-01-31T13:07:54.687+0000] {subprocess.py:93} INFO - INFO:__main__:Inserted 1 rows into staging table for symbol: MSFT
[2025-01-31T13:07:54.719+0000] {subprocess.py:93} INFO - INFO:__main__:Inserted 1 rows into raw table for symbol: MSFT
[2025-01-31T13:07:54.730+0000] {subprocess.py:93} INFO - INFO:__main__:Inserted 1 rows into staging table for symbol: MSFT
[2025-01-31T13:07:54.768+0000] {subprocess.py:93} INFO - INFO:__main__:Inserted 1 rows into raw table for symbol: MSFT
[2025-01-31T13:07:54.778+0000] {subprocess.py:93} INFO - INFO:__main__:Inserted 1 rows into staging table for symbol: MSFT
[2025-01-31T13:07:54.811+0000] {subprocess.py:93} INFO - INFO:__main__:Inserted 1 rows into raw table for symbol: MSFT
[2025-01-31T13:07:54.820+0000] {subprocess.py:93} INFO - INFO:__main__:Inserted 1 rows into staging table for symbol: MSFT
[2025-01-31T13:07:54.853+0000] {subprocess.py:93} INFO - INFO:__main__:Inserted 1 rows into raw table for symbol: MSFT
[2025-01-31T13:07:54.863+0000] {subprocess.py:93} INFO - INFO:__main__:Inserted 1 rows into staging table for symbol: MSFT
[2025-01-31T13:07:54.897+0000] {subprocess.py:93} INFO - INFO:__main__:Inserted 1 rows into raw table for symbol: MSFT
[2025-01-31T13:07:54.905+0000] {subprocess.py:93} INFO - INFO:__main__:Inserted 1 rows into staging table for symbol: MSFT
[2025-01-31T13:07:54.936+0000] {subprocess.py:93} INFO - INFO:__main__:Inserted 1 rows into raw table for symbol: MSFT
[2025-01-31T13:07:54.944+0000] {subprocess.py:93} INFO - INFO:__main__:Inserted 1 rows into staging table for symbol: MSFT
[2025-01-31T13:07:54.973+0000] {subprocess.py:93} INFO - INFO:__main__:Inserted 1 rows into raw table for symbol: MSFT
[2025-01-31T13:07:54.980+0000] {subprocess.py:93} INFO - INFO:__main__:Inserted 1 rows into staging table for symbol: MSFT
[2025-01-31T13:07:55.010+0000] {subprocess.py:93} INFO - INFO:__main__:Inserted 1 rows into raw table for symbol: MSFT
[2025-01-31T13:07:55.020+0000] {subprocess.py:93} INFO - INFO:__main__:Inserted 1 rows into staging table for symbol: MSFT
[2025-01-31T13:07:55.052+0000] {subprocess.py:93} INFO - INFO:__main__:Inserted 1 rows into raw table for symbol: MSFT
[2025-01-31T13:07:55.062+0000] {subprocess.py:93} INFO - INFO:__main__:Inserted 1 rows into staging table for symbol: MSFT
[2025-01-31T13:07:55.095+0000] {subprocess.py:93} INFO - INFO:__main__:Inserted 1 rows into raw table for symbol: MSFT
[2025-01-31T13:07:55.104+0000] {subprocess.py:93} INFO - INFO:__main__:Inserted 1 rows into staging table for symbol: MSFT
[2025-01-31T13:07:55.140+0000] {subprocess.py:93} INFO - INFO:__main__:Inserted 1 rows into raw table for symbol: MSFT
[2025-01-31T13:07:55.149+0000] {subprocess.py:93} INFO - INFO:__main__:Inserted 1 rows into staging table for symbol: MSFT
[2025-01-31T13:07:55.182+0000] {subprocess.py:93} INFO - INFO:__main__:Inserted 1 rows into raw table for symbol: MSFT
[2025-01-31T13:07:55.192+0000] {subprocess.py:93} INFO - INFO:__main__:Inserted 1 rows into staging table for symbol: MSFT
[2025-01-31T13:07:55.224+0000] {subprocess.py:93} INFO - INFO:__main__:Inserted 1 rows into raw table for symbol: MSFT
[2025-01-31T13:07:55.232+0000] {subprocess.py:93} INFO - INFO:__main__:Inserted 1 rows into staging table for symbol: MSFT
[2025-01-31T13:07:55.272+0000] {subprocess.py:93} INFO - INFO:__main__:Inserted 1 rows into raw table for symbol: MSFT
[2025-01-31T13:07:55.281+0000] {subprocess.py:93} INFO - INFO:__main__:Inserted 1 rows into staging table for symbol: MSFT
[2025-01-31T13:07:55.381+0000] {subprocess.py:93} INFO - INFO:__main__:Inserted 1 rows into raw table for symbol: MSFT
[2025-01-31T13:07:55.392+0000] {subprocess.py:93} INFO - INFO:__main__:Inserted 1 rows into staging table for symbol: MSFT
[2025-01-31T13:07:55.427+0000] {subprocess.py:93} INFO - INFO:__main__:Inserted 1 rows into raw table for symbol: MSFT
[2025-01-31T13:07:55.437+0000] {subprocess.py:93} INFO - INFO:__main__:Inserted 1 rows into staging table for symbol: MSFT
[2025-01-31T13:07:55.469+0000] {subprocess.py:93} INFO - INFO:__main__:Inserted 1 rows into raw table for symbol: MSFT
[2025-01-31T13:07:55.480+0000] {subprocess.py:93} INFO - INFO:__main__:Inserted 1 rows into staging table for symbol: MSFT
[2025-01-31T13:07:55.512+0000] {subprocess.py:93} INFO - INFO:__main__:Inserted 1 rows into raw table for symbol: MSFT
[2025-01-31T13:07:55.521+0000] {subprocess.py:93} INFO - INFO:__main__:Inserted 1 rows into staging table for symbol: MSFT
[2025-01-31T13:07:55.555+0000] {subprocess.py:93} INFO - INFO:__main__:Inserted 1 rows into raw table for symbol: MSFT
[2025-01-31T13:07:55.565+0000] {subprocess.py:93} INFO - INFO:__main__:Inserted 1 rows into staging table for symbol: MSFT
[2025-01-31T13:07:55.596+0000] {subprocess.py:93} INFO - INFO:__main__:Inserted 1 rows into raw table for symbol: MSFT
[2025-01-31T13:07:55.605+0000] {subprocess.py:93} INFO - INFO:__main__:Inserted 1 rows into staging table for symbol: MSFT
[2025-01-31T13:07:55.636+0000] {subprocess.py:93} INFO - INFO:__main__:Inserted 1 rows into raw table for symbol: MSFT
[2025-01-31T13:07:55.645+0000] {subprocess.py:93} INFO - INFO:__main__:Inserted 1 rows into staging table for symbol: MSFT
[2025-01-31T13:07:55.679+0000] {subprocess.py:93} INFO - INFO:__main__:Inserted 1 rows into raw table for symbol: MSFT
[2025-01-31T13:07:55.689+0000] {subprocess.py:93} INFO - INFO:__main__:Inserted 1 rows into staging table for symbol: MSFT
[2025-01-31T13:07:55.718+0000] {subprocess.py:93} INFO - INFO:__main__:Inserted 1 rows into raw table for symbol: MSFT
[2025-01-31T13:07:55.726+0000] {subprocess.py:93} INFO - INFO:__main__:Inserted 1 rows into staging table for symbol: MSFT
[2025-01-31T13:07:55.757+0000] {subprocess.py:93} INFO - INFO:__main__:Inserted 1 rows into raw table for symbol: MSFT
[2025-01-31T13:07:55.768+0000] {subprocess.py:93} INFO - INFO:__main__:Inserted 1 rows into staging table for symbol: MSFT
[2025-01-31T13:07:55.803+0000] {subprocess.py:93} INFO - INFO:__main__:Inserted 1 rows into raw table for symbol: MSFT
[2025-01-31T13:07:55.816+0000] {subprocess.py:93} INFO - INFO:__main__:Inserted 1 rows into staging table for symbol: MSFT
[2025-01-31T13:07:55.864+0000] {subprocess.py:93} INFO - INFO:__main__:Inserted 1 rows into raw table for symbol: MSFT
[2025-01-31T13:07:55.877+0000] {subprocess.py:93} INFO - INFO:__main__:Inserted 1 rows into staging table for symbol: MSFT
[2025-01-31T13:07:55.933+0000] {subprocess.py:93} INFO - INFO:__main__:Inserted 1 rows into raw table for symbol: MSFT
[2025-01-31T13:07:55.944+0000] {subprocess.py:93} INFO - INFO:__main__:Inserted 1 rows into staging table for symbol: MSFT
[2025-01-31T13:07:55.981+0000] {subprocess.py:93} INFO - INFO:__main__:Inserted 1 rows into raw table for symbol: MSFT
[2025-01-31T13:07:55.991+0000] {subprocess.py:93} INFO - INFO:__main__:Inserted 1 rows into staging table for symbol: MSFT
[2025-01-31T13:07:56.022+0000] {subprocess.py:93} INFO - INFO:__main__:Inserted 1 rows into raw table for symbol: MSFT
[2025-01-31T13:07:56.032+0000] {subprocess.py:93} INFO - INFO:__main__:Inserted 1 rows into staging table for symbol: MSFT
[2025-01-31T13:07:56.062+0000] {subprocess.py:93} INFO - INFO:__main__:Inserted 1 rows into raw table for symbol: MSFT
[2025-01-31T13:07:56.071+0000] {subprocess.py:93} INFO - INFO:__main__:Inserted 1 rows into staging table for symbol: MSFT
[2025-01-31T13:07:56.102+0000] {subprocess.py:93} INFO - INFO:__main__:Inserted 1 rows into raw table for symbol: MSFT
[2025-01-31T13:07:56.112+0000] {subprocess.py:93} INFO - INFO:__main__:Inserted 1 rows into staging table for symbol: MSFT
[2025-01-31T13:07:56.143+0000] {subprocess.py:93} INFO - INFO:__main__:Inserted 1 rows into raw table for symbol: MSFT
[2025-01-31T13:07:56.152+0000] {subprocess.py:93} INFO - INFO:__main__:Inserted 1 rows into staging table for symbol: MSFT
[2025-01-31T13:07:56.182+0000] {subprocess.py:93} INFO - INFO:__main__:Inserted 1 rows into raw table for symbol: MSFT
[2025-01-31T13:07:56.191+0000] {subprocess.py:93} INFO - INFO:__main__:Inserted 1 rows into staging table for symbol: MSFT
[2025-01-31T13:07:56.222+0000] {subprocess.py:93} INFO - INFO:__main__:Inserted 1 rows into raw table for symbol: MSFT
[2025-01-31T13:07:56.231+0000] {subprocess.py:93} INFO - INFO:__main__:Inserted 1 rows into staging table for symbol: MSFT
[2025-01-31T13:07:56.261+0000] {subprocess.py:93} INFO - INFO:__main__:Inserted 1 rows into raw table for symbol: MSFT
[2025-01-31T13:07:56.270+0000] {subprocess.py:93} INFO - INFO:__main__:Inserted 1 rows into staging table for symbol: MSFT
[2025-01-31T13:07:56.302+0000] {subprocess.py:93} INFO - INFO:__main__:Inserted 1 rows into raw table for symbol: MSFT
[2025-01-31T13:07:56.310+0000] {subprocess.py:93} INFO - INFO:__main__:Inserted 1 rows into staging table for symbol: MSFT
[2025-01-31T13:07:56.342+0000] {subprocess.py:93} INFO - INFO:__main__:Inserted 1 rows into raw table for symbol: MSFT
[2025-01-31T13:07:56.351+0000] {subprocess.py:93} INFO - INFO:__main__:Inserted 1 rows into staging table for symbol: MSFT
[2025-01-31T13:07:56.355+0000] {subprocess.py:93} INFO - INFO:__main__:Received termination signal: {'terminate': True}. Closing consumer.
[2025-01-31T13:07:56.355+0000] {subprocess.py:93} INFO - INFO:__main__:Consumer closing...
[2025-01-31T13:07:56.355+0000] {subprocess.py:93} INFO - INFO:kafka.coordinator:Stopping heartbeat thread
[2025-01-31T13:07:56.356+0000] {subprocess.py:93} INFO - INFO:kafka.coordinator:Leaving consumer group (stock_pipeline_5min).
[2025-01-31T13:07:56.361+0000] {subprocess.py:93} INFO - INFO:kafka.conn:<BrokerConnection node_id=coordinator-1001 host=kafka:9092 <connected> [IPv4 ('172.18.0.4', 9092)]>: Closing connection.
[2025-01-31T13:07:56.362+0000] {subprocess.py:93} INFO - INFO:kafka.conn:<BrokerConnection node_id=1001 host=kafka:9092 <connected> [IPv4 ('172.18.0.4', 9092)]>: Closing connection.
[2025-01-31T13:07:56.362+0000] {subprocess.py:93} INFO - INFO:__main__:Consumer closed. Total messages processed: 300
[2025-01-31T13:07:56.581+0000] {subprocess.py:97} INFO - Command exited with return code 0
[2025-01-31T13:07:56.603+0000] {taskinstance.py:1400} INFO - Marking task as SUCCESS. dag_id=stock_price_pipeline_intraday, task_id=start_consumer_intraday, execution_date=20250131T130726, start_date=20250131T130737, end_date=20250131T130756
[2025-01-31T13:07:56.658+0000] {local_task_job_runner.py:228} INFO - Task exited with return code 0
[2025-01-31T13:07:56.676+0000] {taskinstance.py:2784} INFO - 1 downstream tasks scheduled from follow-on schedule check
