[2025-01-28T09:10:37.640+0000] {taskinstance.py:1159} INFO - Dependencies all met for dep_context=non-requeueable deps ti=<TaskInstance: stock_price_pipeline_intraday.start_consumer_intraday manual__2025-01-28T09:10:26.052568+00:00 [queued]>
[2025-01-28T09:10:37.650+0000] {taskinstance.py:1159} INFO - Dependencies all met for dep_context=requeueable deps ti=<TaskInstance: stock_price_pipeline_intraday.start_consumer_intraday manual__2025-01-28T09:10:26.052568+00:00 [queued]>
[2025-01-28T09:10:37.651+0000] {taskinstance.py:1361} INFO - Starting attempt 1 of 2
[2025-01-28T09:10:37.673+0000] {taskinstance.py:1382} INFO - Executing <Task(BashOperator): start_consumer_intraday> on 2025-01-28 09:10:26.052568+00:00
[2025-01-28T09:10:37.678+0000] {standard_task_runner.py:57} INFO - Started process 82 to run task
[2025-01-28T09:10:37.683+0000] {standard_task_runner.py:84} INFO - Running: ['airflow', 'tasks', 'run', 'stock_price_pipeline_intraday', 'start_consumer_intraday', 'manual__2025-01-28T09:10:26.052568+00:00', '--job-id', '3', '--raw', '--subdir', 'DAGS_FOLDER/stock_pipeline_dag.py', '--cfg-path', '/tmp/tmpm9gs3j8o']
[2025-01-28T09:10:37.685+0000] {standard_task_runner.py:85} INFO - Job 3: Subtask start_consumer_intraday
[2025-01-28T09:10:37.741+0000] {task_command.py:415} INFO - Running <TaskInstance: stock_price_pipeline_intraday.start_consumer_intraday manual__2025-01-28T09:10:26.052568+00:00 [running]> on host 89f24e0b8219
[2025-01-28T09:10:38.412+0000] {taskinstance.py:1660} INFO - Exporting env vars: AIRFLOW_CTX_DAG_OWNER='airflow' AIRFLOW_CTX_DAG_ID='stock_price_pipeline_intraday' AIRFLOW_CTX_TASK_ID='start_consumer_intraday' AIRFLOW_CTX_EXECUTION_DATE='2025-01-28T09:10:26.052568+00:00' AIRFLOW_CTX_TRY_NUMBER='1' AIRFLOW_CTX_DAG_RUN_ID='manual__2025-01-28T09:10:26.052568+00:00'
[2025-01-28T09:10:38.414+0000] {subprocess.py:63} INFO - Tmp dir root location: /tmp
[2025-01-28T09:10:38.415+0000] {subprocess.py:75} INFO - Running command: ['/bin/bash', '-c', 'docker exec consumer-5min python kafka_consumer_5min.py']
[2025-01-28T09:10:38.426+0000] {subprocess.py:86} INFO - Output:
[2025-01-28T09:10:38.919+0000] {subprocess.py:93} INFO - INFO:kafka.conn:<BrokerConnection node_id=bootstrap-0 host=kafka:9092 <connecting> [IPv4 ('172.18.0.4', 9092)]>: connecting to kafka:9092 [('172.18.0.4', 9092) IPv4]
[2025-01-28T09:10:38.920+0000] {subprocess.py:93} INFO - INFO:kafka.conn:Probing node bootstrap-0 broker version
[2025-01-28T09:10:38.921+0000] {subprocess.py:93} INFO - INFO:kafka.conn:<BrokerConnection node_id=bootstrap-0 host=kafka:9092 <connecting> [IPv4 ('172.18.0.4', 9092)]>: Connection complete.
[2025-01-28T09:10:39.029+0000] {subprocess.py:93} INFO - INFO:kafka.conn:Broker version identified as 2.5.0
[2025-01-28T09:10:39.030+0000] {subprocess.py:93} INFO - INFO:kafka.conn:Set configuration api_version=(2, 5, 0) to skip auto check_version requests on startup
[2025-01-28T09:10:39.030+0000] {subprocess.py:93} INFO - INFO:kafka.consumer.subscription_state:Updating subscribed topics to: ('stock_prices_5min',)
[2025-01-28T09:10:39.309+0000] {subprocess.py:93} INFO - INFO:kafka.conn:<BrokerConnection node_id=1001 host=kafka:9092 <connecting> [IPv4 ('172.18.0.4', 9092)]>: connecting to kafka:9092 [('172.18.0.4', 9092) IPv4]
[2025-01-28T09:10:39.313+0000] {subprocess.py:93} INFO - INFO:kafka.conn:<BrokerConnection node_id=1001 host=kafka:9092 <connecting> [IPv4 ('172.18.0.4', 9092)]>: Connection complete.
[2025-01-28T09:10:39.314+0000] {subprocess.py:93} INFO - INFO:kafka.conn:<BrokerConnection node_id=bootstrap-0 host=kafka:9092 <connected> [IPv4 ('172.18.0.4', 9092)]>: Closing connection.
[2025-01-28T09:10:40.583+0000] {subprocess.py:93} INFO - INFO:kafka.cluster:Group coordinator for stock_pipeline_5min is BrokerMetadata(nodeId='coordinator-1001', host='kafka', port=9092, rack=None)
[2025-01-28T09:10:40.585+0000] {subprocess.py:93} INFO - INFO:kafka.coordinator:Discovered coordinator coordinator-1001 for group stock_pipeline_5min
[2025-01-28T09:10:40.588+0000] {subprocess.py:93} INFO - INFO:kafka.coordinator:Starting new heartbeat thread
[2025-01-28T09:10:40.590+0000] {subprocess.py:93} INFO - INFO:kafka.coordinator.consumer:Revoking previously assigned partitions set() for group stock_pipeline_5min
[2025-01-28T09:10:40.592+0000] {subprocess.py:93} INFO - INFO:kafka.conn:<BrokerConnection node_id=coordinator-1001 host=kafka:9092 <connecting> [IPv4 ('172.18.0.4', 9092)]>: connecting to kafka:9092 [('172.18.0.4', 9092) IPv4]
[2025-01-28T09:10:40.594+0000] {subprocess.py:93} INFO - INFO:kafka.conn:<BrokerConnection node_id=coordinator-1001 host=kafka:9092 <connecting> [IPv4 ('172.18.0.4', 9092)]>: Connection complete.
[2025-01-28T09:10:40.691+0000] {subprocess.py:93} INFO - INFO:kafka.coordinator:(Re-)joining group stock_pipeline_5min
[2025-01-28T09:10:43.732+0000] {subprocess.py:93} INFO - INFO:kafka.coordinator:Elected group leader -- performing partition assignments using range
[2025-01-28T09:10:43.770+0000] {subprocess.py:93} INFO - INFO:kafka.coordinator:Successfully joined group stock_pipeline_5min with generation 1
[2025-01-28T09:10:43.770+0000] {subprocess.py:93} INFO - INFO:kafka.consumer.subscription_state:Updated partition assignment: [TopicPartition(topic='stock_prices_5min', partition=0)]
[2025-01-28T09:10:43.771+0000] {subprocess.py:93} INFO - INFO:kafka.coordinator.consumer:Setting newly assigned partitions {TopicPartition(topic='stock_prices_5min', partition=0)} for group stock_pipeline_5min
[2025-01-28T09:10:43.859+0000] {subprocess.py:93} INFO - INFO:__main__:Inserted 5min data for symbol: AAPL, timestamp: 2025-01-27 19:55:00 in RAW TABLE
[2025-01-28T09:10:43.860+0000] {subprocess.py:93} INFO - INFO:__main__:Inserted 5min data for symbol: AAPL, timestamp: 2025-01-27 19:55:00 in STAGING TABLE
[2025-01-28T09:10:43.861+0000] {subprocess.py:93} INFO - INFO:__main__:Inserted 5min data for symbol: AAPL, timestamp: 2025-01-27 19:50:00 in RAW TABLE
[2025-01-28T09:10:43.862+0000] {subprocess.py:93} INFO - INFO:__main__:Inserted 5min data for symbol: AAPL, timestamp: 2025-01-27 19:50:00 in STAGING TABLE
[2025-01-28T09:10:43.862+0000] {subprocess.py:93} INFO - INFO:__main__:Inserted 5min data for symbol: AAPL, timestamp: 2025-01-27 19:45:00 in RAW TABLE
[2025-01-28T09:10:43.864+0000] {subprocess.py:93} INFO - INFO:__main__:Inserted 5min data for symbol: AAPL, timestamp: 2025-01-27 19:45:00 in STAGING TABLE
[2025-01-28T09:10:43.865+0000] {subprocess.py:93} INFO - INFO:__main__:Inserted 5min data for symbol: AAPL, timestamp: 2025-01-27 19:40:00 in RAW TABLE
[2025-01-28T09:10:43.866+0000] {subprocess.py:93} INFO - INFO:__main__:Inserted 5min data for symbol: AAPL, timestamp: 2025-01-27 19:40:00 in STAGING TABLE
[2025-01-28T09:10:43.867+0000] {subprocess.py:93} INFO - INFO:__main__:Inserted 5min data for symbol: AAPL, timestamp: 2025-01-27 19:35:00 in RAW TABLE
[2025-01-28T09:10:43.868+0000] {subprocess.py:93} INFO - INFO:__main__:Inserted 5min data for symbol: AAPL, timestamp: 2025-01-27 19:35:00 in STAGING TABLE
[2025-01-28T09:10:43.869+0000] {subprocess.py:93} INFO - INFO:__main__:Inserted 5min data for symbol: AAPL, timestamp: 2025-01-27 19:30:00 in RAW TABLE
[2025-01-28T09:10:43.870+0000] {subprocess.py:93} INFO - INFO:__main__:Inserted 5min data for symbol: AAPL, timestamp: 2025-01-27 19:30:00 in STAGING TABLE
[2025-01-28T09:10:43.871+0000] {subprocess.py:93} INFO - INFO:__main__:Inserted 5min data for symbol: AAPL, timestamp: 2025-01-27 19:25:00 in RAW TABLE
[2025-01-28T09:10:43.873+0000] {subprocess.py:93} INFO - INFO:__main__:Inserted 5min data for symbol: AAPL, timestamp: 2025-01-27 19:25:00 in STAGING TABLE
[2025-01-28T09:10:43.874+0000] {subprocess.py:93} INFO - INFO:__main__:Inserted 5min data for symbol: AAPL, timestamp: 2025-01-27 19:20:00 in RAW TABLE
[2025-01-28T09:10:43.875+0000] {subprocess.py:93} INFO - INFO:__main__:Inserted 5min data for symbol: AAPL, timestamp: 2025-01-27 19:20:00 in STAGING TABLE
[2025-01-28T09:10:43.875+0000] {subprocess.py:93} INFO - INFO:__main__:Inserted 5min data for symbol: AAPL, timestamp: 2025-01-27 19:15:00 in RAW TABLE
[2025-01-28T09:10:43.876+0000] {subprocess.py:93} INFO - INFO:__main__:Inserted 5min data for symbol: AAPL, timestamp: 2025-01-27 19:15:00 in STAGING TABLE
[2025-01-28T09:10:43.882+0000] {subprocess.py:93} INFO - INFO:__main__:Inserted 5min data for symbol: AAPL, timestamp: 2025-01-27 19:10:00 in RAW TABLE
[2025-01-28T09:10:43.883+0000] {subprocess.py:93} INFO - INFO:__main__:Inserted 5min data for symbol: AAPL, timestamp: 2025-01-27 19:10:00 in STAGING TABLE
[2025-01-28T09:10:43.884+0000] {subprocess.py:93} INFO - INFO:__main__:Inserted 5min data for symbol: AAPL, timestamp: 2025-01-27 19:05:00 in RAW TABLE
[2025-01-28T09:10:43.885+0000] {subprocess.py:93} INFO - INFO:__main__:Inserted 5min data for symbol: AAPL, timestamp: 2025-01-27 19:05:00 in STAGING TABLE
[2025-01-28T09:10:43.886+0000] {subprocess.py:93} INFO - INFO:__main__:Inserted 5min data for symbol: AAPL, timestamp: 2025-01-27 19:00:00 in RAW TABLE
[2025-01-28T09:10:43.887+0000] {subprocess.py:93} INFO - INFO:__main__:Inserted 5min data for symbol: AAPL, timestamp: 2025-01-27 19:00:00 in STAGING TABLE
[2025-01-28T09:10:43.888+0000] {subprocess.py:93} INFO - INFO:__main__:Inserted 5min data for symbol: AAPL, timestamp: 2025-01-27 18:55:00 in RAW TABLE
[2025-01-28T09:10:43.889+0000] {subprocess.py:93} INFO - INFO:__main__:Inserted 5min data for symbol: AAPL, timestamp: 2025-01-27 18:55:00 in STAGING TABLE
[2025-01-28T09:10:43.890+0000] {subprocess.py:93} INFO - INFO:__main__:Inserted 5min data for symbol: AAPL, timestamp: 2025-01-27 18:50:00 in RAW TABLE
[2025-01-28T09:10:43.891+0000] {subprocess.py:93} INFO - INFO:__main__:Inserted 5min data for symbol: AAPL, timestamp: 2025-01-27 18:50:00 in STAGING TABLE
[2025-01-28T09:10:43.892+0000] {subprocess.py:93} INFO - INFO:__main__:Inserted 5min data for symbol: AAPL, timestamp: 2025-01-27 18:45:00 in RAW TABLE
[2025-01-28T09:10:43.892+0000] {subprocess.py:93} INFO - INFO:__main__:Inserted 5min data for symbol: AAPL, timestamp: 2025-01-27 18:45:00 in STAGING TABLE
[2025-01-28T09:10:43.893+0000] {subprocess.py:93} INFO - INFO:__main__:Inserted 5min data for symbol: AAPL, timestamp: 2025-01-27 18:40:00 in RAW TABLE
[2025-01-28T09:10:43.894+0000] {subprocess.py:93} INFO - INFO:__main__:Inserted 5min data for symbol: AAPL, timestamp: 2025-01-27 18:40:00 in STAGING TABLE
[2025-01-28T09:10:43.896+0000] {subprocess.py:93} INFO - INFO:__main__:Inserted 5min data for symbol: AAPL, timestamp: 2025-01-27 18:35:00 in RAW TABLE
[2025-01-28T09:10:43.896+0000] {subprocess.py:93} INFO - INFO:__main__:Inserted 5min data for symbol: AAPL, timestamp: 2025-01-27 18:35:00 in STAGING TABLE
[2025-01-28T09:10:43.897+0000] {subprocess.py:93} INFO - INFO:__main__:Inserted 5min data for symbol: AAPL, timestamp: 2025-01-27 18:30:00 in RAW TABLE
[2025-01-28T09:10:43.898+0000] {subprocess.py:93} INFO - INFO:__main__:Inserted 5min data for symbol: AAPL, timestamp: 2025-01-27 18:30:00 in STAGING TABLE
[2025-01-28T09:10:43.899+0000] {subprocess.py:93} INFO - INFO:__main__:Inserted 5min data for symbol: AAPL, timestamp: 2025-01-27 18:25:00 in RAW TABLE
[2025-01-28T09:10:43.900+0000] {subprocess.py:93} INFO - INFO:__main__:Inserted 5min data for symbol: AAPL, timestamp: 2025-01-27 18:25:00 in STAGING TABLE
[2025-01-28T09:10:43.901+0000] {subprocess.py:93} INFO - INFO:__main__:Inserted 5min data for symbol: AAPL, timestamp: 2025-01-27 18:20:00 in RAW TABLE
[2025-01-28T09:10:43.902+0000] {subprocess.py:93} INFO - INFO:__main__:Inserted 5min data for symbol: AAPL, timestamp: 2025-01-27 18:20:00 in STAGING TABLE
[2025-01-28T09:10:43.904+0000] {subprocess.py:93} INFO - INFO:__main__:Inserted 5min data for symbol: AAPL, timestamp: 2025-01-27 18:15:00 in RAW TABLE
[2025-01-28T09:10:43.905+0000] {subprocess.py:93} INFO - INFO:__main__:Inserted 5min data for symbol: AAPL, timestamp: 2025-01-27 18:15:00 in STAGING TABLE
[2025-01-28T09:10:43.906+0000] {subprocess.py:93} INFO - INFO:__main__:Inserted 5min data for symbol: AAPL, timestamp: 2025-01-27 18:10:00 in RAW TABLE
[2025-01-28T09:10:43.907+0000] {subprocess.py:93} INFO - INFO:__main__:Inserted 5min data for symbol: AAPL, timestamp: 2025-01-27 18:10:00 in STAGING TABLE
[2025-01-28T09:10:43.908+0000] {subprocess.py:93} INFO - INFO:__main__:Inserted 5min data for symbol: AAPL, timestamp: 2025-01-27 18:05:00 in RAW TABLE
[2025-01-28T09:10:43.909+0000] {subprocess.py:93} INFO - INFO:__main__:Inserted 5min data for symbol: AAPL, timestamp: 2025-01-27 18:05:00 in STAGING TABLE
[2025-01-28T09:10:43.910+0000] {subprocess.py:93} INFO - INFO:__main__:Inserted 5min data for symbol: AAPL, timestamp: 2025-01-27 18:00:00 in RAW TABLE
[2025-01-28T09:10:43.911+0000] {subprocess.py:93} INFO - INFO:__main__:Inserted 5min data for symbol: AAPL, timestamp: 2025-01-27 18:00:00 in STAGING TABLE
[2025-01-28T09:10:43.913+0000] {subprocess.py:93} INFO - INFO:__main__:Inserted 5min data for symbol: AAPL, timestamp: 2025-01-27 17:55:00 in RAW TABLE
[2025-01-28T09:10:43.914+0000] {subprocess.py:93} INFO - INFO:__main__:Inserted 5min data for symbol: AAPL, timestamp: 2025-01-27 17:55:00 in STAGING TABLE
[2025-01-28T09:10:43.915+0000] {subprocess.py:93} INFO - INFO:__main__:Inserted 5min data for symbol: AAPL, timestamp: 2025-01-27 17:50:00 in RAW TABLE
[2025-01-28T09:10:43.916+0000] {subprocess.py:93} INFO - INFO:__main__:Inserted 5min data for symbol: AAPL, timestamp: 2025-01-27 17:50:00 in STAGING TABLE
[2025-01-28T09:10:43.917+0000] {subprocess.py:93} INFO - INFO:__main__:Inserted 5min data for symbol: AAPL, timestamp: 2025-01-27 17:45:00 in RAW TABLE
[2025-01-28T09:10:43.918+0000] {subprocess.py:93} INFO - INFO:__main__:Inserted 5min data for symbol: AAPL, timestamp: 2025-01-27 17:45:00 in STAGING TABLE
[2025-01-28T09:10:43.919+0000] {subprocess.py:93} INFO - INFO:__main__:Inserted 5min data for symbol: AAPL, timestamp: 2025-01-27 17:40:00 in RAW TABLE
[2025-01-28T09:10:43.920+0000] {subprocess.py:93} INFO - INFO:__main__:Inserted 5min data for symbol: AAPL, timestamp: 2025-01-27 17:40:00 in STAGING TABLE
[2025-01-28T09:10:43.921+0000] {subprocess.py:93} INFO - INFO:__main__:Inserted 5min data for symbol: AAPL, timestamp: 2025-01-27 17:35:00 in RAW TABLE
[2025-01-28T09:10:43.922+0000] {subprocess.py:93} INFO - INFO:__main__:Inserted 5min data for symbol: AAPL, timestamp: 2025-01-27 17:35:00 in STAGING TABLE
[2025-01-28T09:10:43.923+0000] {subprocess.py:93} INFO - INFO:__main__:Inserted 5min data for symbol: AAPL, timestamp: 2025-01-27 17:30:00 in RAW TABLE
[2025-01-28T09:10:43.924+0000] {subprocess.py:93} INFO - INFO:__main__:Inserted 5min data for symbol: AAPL, timestamp: 2025-01-27 17:30:00 in STAGING TABLE
[2025-01-28T09:10:43.926+0000] {subprocess.py:93} INFO - INFO:__main__:Inserted 5min data for symbol: AAPL, timestamp: 2025-01-27 17:25:00 in RAW TABLE
[2025-01-28T09:10:43.927+0000] {subprocess.py:93} INFO - INFO:__main__:Inserted 5min data for symbol: AAPL, timestamp: 2025-01-27 17:25:00 in STAGING TABLE
[2025-01-28T09:10:43.929+0000] {subprocess.py:93} INFO - INFO:__main__:Inserted 5min data for symbol: AAPL, timestamp: 2025-01-27 17:20:00 in RAW TABLE
[2025-01-28T09:10:43.929+0000] {subprocess.py:93} INFO - INFO:__main__:Inserted 5min data for symbol: AAPL, timestamp: 2025-01-27 17:20:00 in STAGING TABLE
[2025-01-28T09:10:43.930+0000] {subprocess.py:93} INFO - INFO:__main__:Inserted 5min data for symbol: AAPL, timestamp: 2025-01-27 17:15:00 in RAW TABLE
[2025-01-28T09:10:43.931+0000] {subprocess.py:93} INFO - INFO:__main__:Inserted 5min data for symbol: AAPL, timestamp: 2025-01-27 17:15:00 in STAGING TABLE
[2025-01-28T09:10:43.933+0000] {subprocess.py:93} INFO - INFO:__main__:Inserted 5min data for symbol: AAPL, timestamp: 2025-01-27 17:10:00 in RAW TABLE
[2025-01-28T09:10:43.934+0000] {subprocess.py:93} INFO - INFO:__main__:Inserted 5min data for symbol: AAPL, timestamp: 2025-01-27 17:10:00 in STAGING TABLE
[2025-01-28T09:10:43.935+0000] {subprocess.py:93} INFO - INFO:__main__:Inserted 5min data for symbol: AAPL, timestamp: 2025-01-27 17:05:00 in RAW TABLE
[2025-01-28T09:10:43.937+0000] {subprocess.py:93} INFO - INFO:__main__:Inserted 5min data for symbol: AAPL, timestamp: 2025-01-27 17:05:00 in STAGING TABLE
[2025-01-28T09:10:43.938+0000] {subprocess.py:93} INFO - INFO:__main__:Inserted 5min data for symbol: AAPL, timestamp: 2025-01-27 17:00:00 in RAW TABLE
[2025-01-28T09:10:43.939+0000] {subprocess.py:93} INFO - INFO:__main__:Inserted 5min data for symbol: AAPL, timestamp: 2025-01-27 17:00:00 in STAGING TABLE
[2025-01-28T09:10:43.941+0000] {subprocess.py:93} INFO - INFO:__main__:Inserted 5min data for symbol: AAPL, timestamp: 2025-01-27 16:55:00 in RAW TABLE
[2025-01-28T09:10:43.942+0000] {subprocess.py:93} INFO - INFO:__main__:Inserted 5min data for symbol: AAPL, timestamp: 2025-01-27 16:55:00 in STAGING TABLE
[2025-01-28T09:10:43.943+0000] {subprocess.py:93} INFO - INFO:__main__:Inserted 5min data for symbol: AAPL, timestamp: 2025-01-27 16:50:00 in RAW TABLE
[2025-01-28T09:10:43.945+0000] {subprocess.py:93} INFO - INFO:__main__:Inserted 5min data for symbol: AAPL, timestamp: 2025-01-27 16:50:00 in STAGING TABLE
[2025-01-28T09:10:43.946+0000] {subprocess.py:93} INFO - INFO:__main__:Inserted 5min data for symbol: AAPL, timestamp: 2025-01-27 16:45:00 in RAW TABLE
[2025-01-28T09:10:43.947+0000] {subprocess.py:93} INFO - INFO:__main__:Inserted 5min data for symbol: AAPL, timestamp: 2025-01-27 16:45:00 in STAGING TABLE
[2025-01-28T09:10:43.948+0000] {subprocess.py:93} INFO - INFO:__main__:Inserted 5min data for symbol: AAPL, timestamp: 2025-01-27 16:40:00 in RAW TABLE
[2025-01-28T09:10:43.950+0000] {subprocess.py:93} INFO - INFO:__main__:Inserted 5min data for symbol: AAPL, timestamp: 2025-01-27 16:40:00 in STAGING TABLE
[2025-01-28T09:10:43.951+0000] {subprocess.py:93} INFO - INFO:__main__:Inserted 5min data for symbol: AAPL, timestamp: 2025-01-27 16:35:00 in RAW TABLE
[2025-01-28T09:10:43.953+0000] {subprocess.py:93} INFO - INFO:__main__:Inserted 5min data for symbol: AAPL, timestamp: 2025-01-27 16:35:00 in STAGING TABLE
[2025-01-28T09:10:43.954+0000] {subprocess.py:93} INFO - INFO:__main__:Inserted 5min data for symbol: AAPL, timestamp: 2025-01-27 16:30:00 in RAW TABLE
[2025-01-28T09:10:43.954+0000] {subprocess.py:93} INFO - INFO:__main__:Inserted 5min data for symbol: AAPL, timestamp: 2025-01-27 16:30:00 in STAGING TABLE
[2025-01-28T09:10:43.956+0000] {subprocess.py:93} INFO - INFO:__main__:Inserted 5min data for symbol: AAPL, timestamp: 2025-01-27 16:25:00 in RAW TABLE
[2025-01-28T09:10:43.957+0000] {subprocess.py:93} INFO - INFO:__main__:Inserted 5min data for symbol: AAPL, timestamp: 2025-01-27 16:25:00 in STAGING TABLE
[2025-01-28T09:10:43.958+0000] {subprocess.py:93} INFO - INFO:__main__:Inserted 5min data for symbol: AAPL, timestamp: 2025-01-27 16:20:00 in RAW TABLE
[2025-01-28T09:10:43.959+0000] {subprocess.py:93} INFO - INFO:__main__:Inserted 5min data for symbol: AAPL, timestamp: 2025-01-27 16:20:00 in STAGING TABLE
[2025-01-28T09:10:43.960+0000] {subprocess.py:93} INFO - INFO:__main__:Inserted 5min data for symbol: AAPL, timestamp: 2025-01-27 16:15:00 in RAW TABLE
[2025-01-28T09:10:43.961+0000] {subprocess.py:93} INFO - INFO:__main__:Inserted 5min data for symbol: AAPL, timestamp: 2025-01-27 16:15:00 in STAGING TABLE
[2025-01-28T09:10:43.962+0000] {subprocess.py:93} INFO - INFO:__main__:Inserted 5min data for symbol: AAPL, timestamp: 2025-01-27 16:10:00 in RAW TABLE
[2025-01-28T09:10:43.963+0000] {subprocess.py:93} INFO - INFO:__main__:Inserted 5min data for symbol: AAPL, timestamp: 2025-01-27 16:10:00 in STAGING TABLE
[2025-01-28T09:10:43.964+0000] {subprocess.py:93} INFO - INFO:__main__:Inserted 5min data for symbol: AAPL, timestamp: 2025-01-27 16:05:00 in RAW TABLE
[2025-01-28T09:10:43.965+0000] {subprocess.py:93} INFO - INFO:__main__:Inserted 5min data for symbol: AAPL, timestamp: 2025-01-27 16:05:00 in STAGING TABLE
[2025-01-28T09:10:43.967+0000] {subprocess.py:93} INFO - INFO:__main__:Inserted 5min data for symbol: AAPL, timestamp: 2025-01-27 16:00:00 in RAW TABLE
[2025-01-28T09:10:43.968+0000] {subprocess.py:93} INFO - INFO:__main__:Inserted 5min data for symbol: AAPL, timestamp: 2025-01-27 16:00:00 in STAGING TABLE
[2025-01-28T09:10:43.970+0000] {subprocess.py:93} INFO - INFO:__main__:Inserted 5min data for symbol: AAPL, timestamp: 2025-01-27 15:55:00 in RAW TABLE
[2025-01-28T09:10:43.971+0000] {subprocess.py:93} INFO - INFO:__main__:Inserted 5min data for symbol: AAPL, timestamp: 2025-01-27 15:55:00 in STAGING TABLE
[2025-01-28T09:10:43.973+0000] {subprocess.py:93} INFO - INFO:__main__:Inserted 5min data for symbol: AAPL, timestamp: 2025-01-27 15:50:00 in RAW TABLE
[2025-01-28T09:10:43.977+0000] {subprocess.py:93} INFO - INFO:__main__:Inserted 5min data for symbol: AAPL, timestamp: 2025-01-27 15:50:00 in STAGING TABLE
[2025-01-28T09:10:43.982+0000] {subprocess.py:93} INFO - INFO:__main__:Inserted 5min data for symbol: AAPL, timestamp: 2025-01-27 15:45:00 in RAW TABLE
[2025-01-28T09:10:44.075+0000] {subprocess.py:93} INFO - INFO:__main__:Inserted 5min data for symbol: AAPL, timestamp: 2025-01-27 15:45:00 in STAGING TABLE
[2025-01-28T09:10:44.076+0000] {subprocess.py:93} INFO - INFO:__main__:Inserted 5min data for symbol: AAPL, timestamp: 2025-01-27 15:40:00 in RAW TABLE
[2025-01-28T09:10:44.080+0000] {subprocess.py:93} INFO - INFO:__main__:Inserted 5min data for symbol: AAPL, timestamp: 2025-01-27 15:40:00 in STAGING TABLE
[2025-01-28T09:10:44.082+0000] {subprocess.py:93} INFO - INFO:__main__:Inserted 5min data for symbol: AAPL, timestamp: 2025-01-27 15:35:00 in RAW TABLE
[2025-01-28T09:10:44.083+0000] {subprocess.py:93} INFO - INFO:__main__:Inserted 5min data for symbol: AAPL, timestamp: 2025-01-27 15:35:00 in STAGING TABLE
[2025-01-28T09:10:44.084+0000] {subprocess.py:93} INFO - INFO:__main__:Inserted 5min data for symbol: AAPL, timestamp: 2025-01-27 15:30:00 in RAW TABLE
[2025-01-28T09:10:44.086+0000] {subprocess.py:93} INFO - INFO:__main__:Inserted 5min data for symbol: AAPL, timestamp: 2025-01-27 15:30:00 in STAGING TABLE
[2025-01-28T09:10:44.086+0000] {subprocess.py:93} INFO - INFO:__main__:Inserted 5min data for symbol: AAPL, timestamp: 2025-01-27 15:25:00 in RAW TABLE
[2025-01-28T09:10:44.088+0000] {subprocess.py:93} INFO - INFO:__main__:Inserted 5min data for symbol: AAPL, timestamp: 2025-01-27 15:25:00 in STAGING TABLE
[2025-01-28T09:10:44.090+0000] {subprocess.py:93} INFO - INFO:__main__:Inserted 5min data for symbol: AAPL, timestamp: 2025-01-27 15:20:00 in RAW TABLE
[2025-01-28T09:10:44.092+0000] {subprocess.py:93} INFO - INFO:__main__:Inserted 5min data for symbol: AAPL, timestamp: 2025-01-27 15:20:00 in STAGING TABLE
[2025-01-28T09:10:44.093+0000] {subprocess.py:93} INFO - INFO:__main__:Inserted 5min data for symbol: AAPL, timestamp: 2025-01-27 15:15:00 in RAW TABLE
[2025-01-28T09:10:44.094+0000] {subprocess.py:93} INFO - INFO:__main__:Inserted 5min data for symbol: AAPL, timestamp: 2025-01-27 15:15:00 in STAGING TABLE
[2025-01-28T09:10:44.095+0000] {subprocess.py:93} INFO - INFO:__main__:Inserted 5min data for symbol: AAPL, timestamp: 2025-01-27 15:10:00 in RAW TABLE
[2025-01-28T09:10:44.098+0000] {subprocess.py:93} INFO - INFO:__main__:Inserted 5min data for symbol: AAPL, timestamp: 2025-01-27 15:10:00 in STAGING TABLE
[2025-01-28T09:10:44.099+0000] {subprocess.py:93} INFO - INFO:__main__:Inserted 5min data for symbol: AAPL, timestamp: 2025-01-27 15:05:00 in RAW TABLE
[2025-01-28T09:10:44.100+0000] {subprocess.py:93} INFO - INFO:__main__:Inserted 5min data for symbol: AAPL, timestamp: 2025-01-27 15:05:00 in STAGING TABLE
[2025-01-28T09:10:44.101+0000] {subprocess.py:93} INFO - INFO:__main__:Inserted 5min data for symbol: AAPL, timestamp: 2025-01-27 15:00:00 in RAW TABLE
[2025-01-28T09:10:44.102+0000] {subprocess.py:93} INFO - INFO:__main__:Inserted 5min data for symbol: AAPL, timestamp: 2025-01-27 15:00:00 in STAGING TABLE
[2025-01-28T09:10:44.103+0000] {subprocess.py:93} INFO - INFO:__main__:Inserted 5min data for symbol: AAPL, timestamp: 2025-01-27 14:55:00 in RAW TABLE
[2025-01-28T09:10:44.104+0000] {subprocess.py:93} INFO - INFO:__main__:Inserted 5min data for symbol: AAPL, timestamp: 2025-01-27 14:55:00 in STAGING TABLE
[2025-01-28T09:10:44.105+0000] {subprocess.py:93} INFO - INFO:__main__:Inserted 5min data for symbol: AAPL, timestamp: 2025-01-27 14:50:00 in RAW TABLE
[2025-01-28T09:10:44.106+0000] {subprocess.py:93} INFO - INFO:__main__:Inserted 5min data for symbol: AAPL, timestamp: 2025-01-27 14:50:00 in STAGING TABLE
[2025-01-28T09:10:44.110+0000] {subprocess.py:93} INFO - INFO:__main__:Inserted 5min data for symbol: AAPL, timestamp: 2025-01-27 14:45:00 in RAW TABLE
[2025-01-28T09:10:44.111+0000] {subprocess.py:93} INFO - INFO:__main__:Inserted 5min data for symbol: AAPL, timestamp: 2025-01-27 14:45:00 in STAGING TABLE
[2025-01-28T09:10:44.112+0000] {subprocess.py:93} INFO - INFO:__main__:Inserted 5min data for symbol: AAPL, timestamp: 2025-01-27 14:40:00 in RAW TABLE
[2025-01-28T09:10:44.113+0000] {subprocess.py:93} INFO - INFO:__main__:Inserted 5min data for symbol: AAPL, timestamp: 2025-01-27 14:40:00 in STAGING TABLE
[2025-01-28T09:10:44.114+0000] {subprocess.py:93} INFO - INFO:__main__:Inserted 5min data for symbol: AAPL, timestamp: 2025-01-27 14:35:00 in RAW TABLE
[2025-01-28T09:10:44.115+0000] {subprocess.py:93} INFO - INFO:__main__:Inserted 5min data for symbol: AAPL, timestamp: 2025-01-27 14:35:00 in STAGING TABLE
[2025-01-28T09:10:44.117+0000] {subprocess.py:93} INFO - INFO:__main__:Inserted 5min data for symbol: AAPL, timestamp: 2025-01-27 14:30:00 in RAW TABLE
[2025-01-28T09:10:44.118+0000] {subprocess.py:93} INFO - INFO:__main__:Inserted 5min data for symbol: AAPL, timestamp: 2025-01-27 14:30:00 in STAGING TABLE
[2025-01-28T09:10:44.122+0000] {subprocess.py:93} INFO - INFO:__main__:Inserted 5min data for symbol: AAPL, timestamp: 2025-01-27 14:25:00 in RAW TABLE
[2025-01-28T09:10:44.125+0000] {subprocess.py:93} INFO - INFO:__main__:Inserted 5min data for symbol: AAPL, timestamp: 2025-01-27 14:25:00 in STAGING TABLE
[2025-01-28T09:10:44.128+0000] {subprocess.py:93} INFO - INFO:__main__:Inserted 5min data for symbol: AAPL, timestamp: 2025-01-27 14:20:00 in RAW TABLE
[2025-01-28T09:10:44.129+0000] {subprocess.py:93} INFO - INFO:__main__:Inserted 5min data for symbol: AAPL, timestamp: 2025-01-27 14:20:00 in STAGING TABLE
[2025-01-28T09:10:44.130+0000] {subprocess.py:93} INFO - INFO:__main__:Inserted 5min data for symbol: AAPL, timestamp: 2025-01-27 14:15:00 in RAW TABLE
[2025-01-28T09:10:44.131+0000] {subprocess.py:93} INFO - INFO:__main__:Inserted 5min data for symbol: AAPL, timestamp: 2025-01-27 14:15:00 in STAGING TABLE
[2025-01-28T09:10:44.132+0000] {subprocess.py:93} INFO - INFO:__main__:Inserted 5min data for symbol: AAPL, timestamp: 2025-01-27 14:10:00 in RAW TABLE
[2025-01-28T09:10:44.133+0000] {subprocess.py:93} INFO - INFO:__main__:Inserted 5min data for symbol: AAPL, timestamp: 2025-01-27 14:10:00 in STAGING TABLE
[2025-01-28T09:10:44.134+0000] {subprocess.py:93} INFO - INFO:__main__:Inserted 5min data for symbol: AAPL, timestamp: 2025-01-27 14:05:00 in RAW TABLE
[2025-01-28T09:10:44.135+0000] {subprocess.py:93} INFO - INFO:__main__:Inserted 5min data for symbol: AAPL, timestamp: 2025-01-27 14:05:00 in STAGING TABLE
[2025-01-28T09:10:44.136+0000] {subprocess.py:93} INFO - INFO:__main__:Inserted 5min data for symbol: AAPL, timestamp: 2025-01-27 14:00:00 in RAW TABLE
[2025-01-28T09:10:44.138+0000] {subprocess.py:93} INFO - INFO:__main__:Inserted 5min data for symbol: AAPL, timestamp: 2025-01-27 14:00:00 in STAGING TABLE
[2025-01-28T09:10:44.138+0000] {subprocess.py:93} INFO - INFO:__main__:Inserted 5min data for symbol: AAPL, timestamp: 2025-01-27 13:55:00 in RAW TABLE
[2025-01-28T09:10:44.139+0000] {subprocess.py:93} INFO - INFO:__main__:Inserted 5min data for symbol: AAPL, timestamp: 2025-01-27 13:55:00 in STAGING TABLE
[2025-01-28T09:10:44.140+0000] {subprocess.py:93} INFO - INFO:__main__:Inserted 5min data for symbol: AAPL, timestamp: 2025-01-27 13:50:00 in RAW TABLE
[2025-01-28T09:10:44.141+0000] {subprocess.py:93} INFO - INFO:__main__:Inserted 5min data for symbol: AAPL, timestamp: 2025-01-27 13:50:00 in STAGING TABLE
[2025-01-28T09:10:44.143+0000] {subprocess.py:93} INFO - INFO:__main__:Inserted 5min data for symbol: AAPL, timestamp: 2025-01-27 13:45:00 in RAW TABLE
[2025-01-28T09:10:44.144+0000] {subprocess.py:93} INFO - INFO:__main__:Inserted 5min data for symbol: AAPL, timestamp: 2025-01-27 13:45:00 in STAGING TABLE
[2025-01-28T09:10:44.147+0000] {subprocess.py:93} INFO - INFO:__main__:Inserted 5min data for symbol: AAPL, timestamp: 2025-01-27 13:40:00 in RAW TABLE
[2025-01-28T09:10:44.148+0000] {subprocess.py:93} INFO - INFO:__main__:Inserted 5min data for symbol: AAPL, timestamp: 2025-01-27 13:40:00 in STAGING TABLE
[2025-01-28T09:10:44.151+0000] {subprocess.py:93} INFO - INFO:__main__:Inserted 5min data for symbol: AAPL, timestamp: 2025-01-27 13:35:00 in RAW TABLE
[2025-01-28T09:10:44.153+0000] {subprocess.py:93} INFO - INFO:__main__:Inserted 5min data for symbol: AAPL, timestamp: 2025-01-27 13:35:00 in STAGING TABLE
[2025-01-28T09:10:44.154+0000] {subprocess.py:93} INFO - INFO:__main__:Inserted 5min data for symbol: AAPL, timestamp: 2025-01-27 13:30:00 in RAW TABLE
[2025-01-28T09:10:44.154+0000] {subprocess.py:93} INFO - INFO:__main__:Inserted 5min data for symbol: AAPL, timestamp: 2025-01-27 13:30:00 in STAGING TABLE
[2025-01-28T09:10:44.155+0000] {subprocess.py:93} INFO - INFO:__main__:Inserted 5min data for symbol: AAPL, timestamp: 2025-01-27 13:25:00 in RAW TABLE
[2025-01-28T09:10:44.155+0000] {subprocess.py:93} INFO - INFO:__main__:Inserted 5min data for symbol: AAPL, timestamp: 2025-01-27 13:25:00 in STAGING TABLE
[2025-01-28T09:10:44.156+0000] {subprocess.py:93} INFO - INFO:__main__:Inserted 5min data for symbol: AAPL, timestamp: 2025-01-27 13:20:00 in RAW TABLE
[2025-01-28T09:10:44.157+0000] {subprocess.py:93} INFO - INFO:__main__:Inserted 5min data for symbol: AAPL, timestamp: 2025-01-27 13:20:00 in STAGING TABLE
[2025-01-28T09:10:44.160+0000] {subprocess.py:93} INFO - INFO:__main__:Inserted 5min data for symbol: AAPL, timestamp: 2025-01-27 13:15:00 in RAW TABLE
[2025-01-28T09:10:44.161+0000] {subprocess.py:93} INFO - INFO:__main__:Inserted 5min data for symbol: AAPL, timestamp: 2025-01-27 13:15:00 in STAGING TABLE
[2025-01-28T09:10:44.163+0000] {subprocess.py:93} INFO - INFO:__main__:Inserted 5min data for symbol: AAPL, timestamp: 2025-01-27 13:10:00 in RAW TABLE
[2025-01-28T09:10:44.164+0000] {subprocess.py:93} INFO - INFO:__main__:Inserted 5min data for symbol: AAPL, timestamp: 2025-01-27 13:10:00 in STAGING TABLE
[2025-01-28T09:10:44.166+0000] {subprocess.py:93} INFO - INFO:__main__:Inserted 5min data for symbol: AAPL, timestamp: 2025-01-27 13:05:00 in RAW TABLE
[2025-01-28T09:10:44.169+0000] {subprocess.py:93} INFO - INFO:__main__:Inserted 5min data for symbol: AAPL, timestamp: 2025-01-27 13:05:00 in STAGING TABLE
[2025-01-28T09:10:44.171+0000] {subprocess.py:93} INFO - INFO:__main__:Inserted 5min data for symbol: AAPL, timestamp: 2025-01-27 13:00:00 in RAW TABLE
[2025-01-28T09:10:44.172+0000] {subprocess.py:93} INFO - INFO:__main__:Inserted 5min data for symbol: AAPL, timestamp: 2025-01-27 13:00:00 in STAGING TABLE
[2025-01-28T09:10:44.173+0000] {subprocess.py:93} INFO - INFO:__main__:Inserted 5min data for symbol: AAPL, timestamp: 2025-01-27 12:55:00 in RAW TABLE
[2025-01-28T09:10:44.176+0000] {subprocess.py:93} INFO - INFO:__main__:Inserted 5min data for symbol: AAPL, timestamp: 2025-01-27 12:55:00 in STAGING TABLE
[2025-01-28T09:10:44.179+0000] {subprocess.py:93} INFO - INFO:__main__:Inserted 5min data for symbol: AAPL, timestamp: 2025-01-27 12:50:00 in RAW TABLE
[2025-01-28T09:10:44.180+0000] {subprocess.py:93} INFO - INFO:__main__:Inserted 5min data for symbol: AAPL, timestamp: 2025-01-27 12:50:00 in STAGING TABLE
[2025-01-28T09:10:44.181+0000] {subprocess.py:93} INFO - INFO:__main__:Inserted 5min data for symbol: AAPL, timestamp: 2025-01-27 12:45:00 in RAW TABLE
[2025-01-28T09:10:44.182+0000] {subprocess.py:93} INFO - INFO:__main__:Inserted 5min data for symbol: AAPL, timestamp: 2025-01-27 12:45:00 in STAGING TABLE
[2025-01-28T09:10:44.184+0000] {subprocess.py:93} INFO - INFO:__main__:Inserted 5min data for symbol: AAPL, timestamp: 2025-01-27 12:40:00 in RAW TABLE
[2025-01-28T09:10:44.185+0000] {subprocess.py:93} INFO - INFO:__main__:Inserted 5min data for symbol: AAPL, timestamp: 2025-01-27 12:40:00 in STAGING TABLE
[2025-01-28T09:10:44.185+0000] {subprocess.py:93} INFO - INFO:__main__:Inserted 5min data for symbol: AAPL, timestamp: 2025-01-27 12:35:00 in RAW TABLE
[2025-01-28T09:10:44.187+0000] {subprocess.py:93} INFO - INFO:__main__:Inserted 5min data for symbol: AAPL, timestamp: 2025-01-27 12:35:00 in STAGING TABLE
[2025-01-28T09:10:44.189+0000] {subprocess.py:93} INFO - INFO:__main__:Inserted 5min data for symbol: AAPL, timestamp: 2025-01-27 12:30:00 in RAW TABLE
[2025-01-28T09:10:44.191+0000] {subprocess.py:93} INFO - INFO:__main__:Inserted 5min data for symbol: AAPL, timestamp: 2025-01-27 12:30:00 in STAGING TABLE
[2025-01-28T09:10:44.192+0000] {subprocess.py:93} INFO - INFO:__main__:Inserted 5min data for symbol: AAPL, timestamp: 2025-01-27 12:25:00 in RAW TABLE
[2025-01-28T09:10:44.194+0000] {subprocess.py:93} INFO - INFO:__main__:Inserted 5min data for symbol: AAPL, timestamp: 2025-01-27 12:25:00 in STAGING TABLE
[2025-01-28T09:10:44.195+0000] {subprocess.py:93} INFO - INFO:__main__:Inserted 5min data for symbol: AAPL, timestamp: 2025-01-27 12:20:00 in RAW TABLE
[2025-01-28T09:10:44.197+0000] {subprocess.py:93} INFO - INFO:__main__:Inserted 5min data for symbol: AAPL, timestamp: 2025-01-27 12:20:00 in STAGING TABLE
[2025-01-28T09:10:44.199+0000] {subprocess.py:93} INFO - INFO:__main__:Inserted 5min data for symbol: AAPL, timestamp: 2025-01-27 12:15:00 in RAW TABLE
[2025-01-28T09:10:44.200+0000] {subprocess.py:93} INFO - INFO:__main__:Inserted 5min data for symbol: AAPL, timestamp: 2025-01-27 12:15:00 in STAGING TABLE
[2025-01-28T09:10:44.200+0000] {subprocess.py:93} INFO - INFO:__main__:Inserted 5min data for symbol: AAPL, timestamp: 2025-01-27 12:10:00 in RAW TABLE
[2025-01-28T09:10:44.202+0000] {subprocess.py:93} INFO - INFO:__main__:Inserted 5min data for symbol: AAPL, timestamp: 2025-01-27 12:10:00 in STAGING TABLE
[2025-01-28T09:10:44.204+0000] {subprocess.py:93} INFO - INFO:__main__:Inserted 5min data for symbol: AAPL, timestamp: 2025-01-27 12:05:00 in RAW TABLE
[2025-01-28T09:10:44.204+0000] {subprocess.py:93} INFO - INFO:__main__:Inserted 5min data for symbol: AAPL, timestamp: 2025-01-27 12:05:00 in STAGING TABLE
[2025-01-28T09:10:44.206+0000] {subprocess.py:93} INFO - INFO:__main__:Inserted 5min data for symbol: AAPL, timestamp: 2025-01-27 12:00:00 in RAW TABLE
[2025-01-28T09:10:44.207+0000] {subprocess.py:93} INFO - INFO:__main__:Inserted 5min data for symbol: AAPL, timestamp: 2025-01-27 12:00:00 in STAGING TABLE
[2025-01-28T09:10:44.208+0000] {subprocess.py:93} INFO - INFO:__main__:Inserted 5min data for symbol: AAPL, timestamp: 2025-01-27 11:55:00 in RAW TABLE
[2025-01-28T09:10:44.209+0000] {subprocess.py:93} INFO - INFO:__main__:Inserted 5min data for symbol: AAPL, timestamp: 2025-01-27 11:55:00 in STAGING TABLE
[2025-01-28T09:10:44.210+0000] {subprocess.py:93} INFO - INFO:__main__:Inserted 5min data for symbol: AAPL, timestamp: 2025-01-27 11:50:00 in RAW TABLE
[2025-01-28T09:10:44.211+0000] {subprocess.py:93} INFO - INFO:__main__:Inserted 5min data for symbol: AAPL, timestamp: 2025-01-27 11:50:00 in STAGING TABLE
[2025-01-28T09:10:44.214+0000] {subprocess.py:93} INFO - INFO:__main__:Inserted 5min data for symbol: AAPL, timestamp: 2025-01-27 11:45:00 in RAW TABLE
[2025-01-28T09:10:44.216+0000] {subprocess.py:93} INFO - INFO:__main__:Inserted 5min data for symbol: AAPL, timestamp: 2025-01-27 11:45:00 in STAGING TABLE
[2025-01-28T09:10:44.217+0000] {subprocess.py:93} INFO - INFO:__main__:Inserted 5min data for symbol: AAPL, timestamp: 2025-01-27 11:40:00 in RAW TABLE
[2025-01-28T09:10:44.218+0000] {subprocess.py:93} INFO - INFO:__main__:Inserted 5min data for symbol: AAPL, timestamp: 2025-01-27 11:40:00 in STAGING TABLE
[2025-01-28T09:10:44.223+0000] {subprocess.py:93} INFO - INFO:__main__:Processed data for symbol: AAPL
[2025-01-28T09:10:44.237+0000] {subprocess.py:93} INFO - INFO:__main__:Inserted 5min data for symbol: GOOGL, timestamp: 2025-01-27 19:55:00 in RAW TABLE
[2025-01-28T09:10:44.239+0000] {subprocess.py:93} INFO - INFO:__main__:Inserted 5min data for symbol: GOOGL, timestamp: 2025-01-27 19:55:00 in STAGING TABLE
[2025-01-28T09:10:44.240+0000] {subprocess.py:93} INFO - INFO:__main__:Inserted 5min data for symbol: GOOGL, timestamp: 2025-01-27 19:50:00 in RAW TABLE
[2025-01-28T09:10:44.242+0000] {subprocess.py:93} INFO - INFO:__main__:Inserted 5min data for symbol: GOOGL, timestamp: 2025-01-27 19:50:00 in STAGING TABLE
[2025-01-28T09:10:44.243+0000] {subprocess.py:93} INFO - INFO:__main__:Inserted 5min data for symbol: GOOGL, timestamp: 2025-01-27 19:45:00 in RAW TABLE
[2025-01-28T09:10:44.245+0000] {subprocess.py:93} INFO - INFO:__main__:Inserted 5min data for symbol: GOOGL, timestamp: 2025-01-27 19:45:00 in STAGING TABLE
[2025-01-28T09:10:44.246+0000] {subprocess.py:93} INFO - INFO:__main__:Inserted 5min data for symbol: GOOGL, timestamp: 2025-01-27 19:40:00 in RAW TABLE
[2025-01-28T09:10:44.247+0000] {subprocess.py:93} INFO - INFO:__main__:Inserted 5min data for symbol: GOOGL, timestamp: 2025-01-27 19:40:00 in STAGING TABLE
[2025-01-28T09:10:44.248+0000] {subprocess.py:93} INFO - INFO:__main__:Inserted 5min data for symbol: GOOGL, timestamp: 2025-01-27 19:35:00 in RAW TABLE
[2025-01-28T09:10:44.249+0000] {subprocess.py:93} INFO - INFO:__main__:Inserted 5min data for symbol: GOOGL, timestamp: 2025-01-27 19:35:00 in STAGING TABLE
[2025-01-28T09:10:44.251+0000] {subprocess.py:93} INFO - INFO:__main__:Inserted 5min data for symbol: GOOGL, timestamp: 2025-01-27 19:30:00 in RAW TABLE
[2025-01-28T09:10:44.251+0000] {subprocess.py:93} INFO - INFO:__main__:Inserted 5min data for symbol: GOOGL, timestamp: 2025-01-27 19:30:00 in STAGING TABLE
[2025-01-28T09:10:44.254+0000] {subprocess.py:93} INFO - INFO:__main__:Inserted 5min data for symbol: GOOGL, timestamp: 2025-01-27 19:25:00 in RAW TABLE
[2025-01-28T09:10:44.255+0000] {subprocess.py:93} INFO - INFO:__main__:Inserted 5min data for symbol: GOOGL, timestamp: 2025-01-27 19:25:00 in STAGING TABLE
[2025-01-28T09:10:44.257+0000] {subprocess.py:93} INFO - INFO:__main__:Inserted 5min data for symbol: GOOGL, timestamp: 2025-01-27 19:20:00 in RAW TABLE
[2025-01-28T09:10:44.258+0000] {subprocess.py:93} INFO - INFO:__main__:Inserted 5min data for symbol: GOOGL, timestamp: 2025-01-27 19:20:00 in STAGING TABLE
[2025-01-28T09:10:44.259+0000] {subprocess.py:93} INFO - INFO:__main__:Inserted 5min data for symbol: GOOGL, timestamp: 2025-01-27 19:15:00 in RAW TABLE
[2025-01-28T09:10:44.260+0000] {subprocess.py:93} INFO - INFO:__main__:Inserted 5min data for symbol: GOOGL, timestamp: 2025-01-27 19:15:00 in STAGING TABLE
[2025-01-28T09:10:44.262+0000] {subprocess.py:93} INFO - INFO:__main__:Inserted 5min data for symbol: GOOGL, timestamp: 2025-01-27 19:10:00 in RAW TABLE
[2025-01-28T09:10:44.264+0000] {subprocess.py:93} INFO - INFO:__main__:Inserted 5min data for symbol: GOOGL, timestamp: 2025-01-27 19:10:00 in STAGING TABLE
[2025-01-28T09:10:44.265+0000] {subprocess.py:93} INFO - INFO:__main__:Inserted 5min data for symbol: GOOGL, timestamp: 2025-01-27 19:05:00 in RAW TABLE
[2025-01-28T09:10:44.266+0000] {subprocess.py:93} INFO - INFO:__main__:Inserted 5min data for symbol: GOOGL, timestamp: 2025-01-27 19:05:00 in STAGING TABLE
[2025-01-28T09:10:44.267+0000] {subprocess.py:93} INFO - INFO:__main__:Inserted 5min data for symbol: GOOGL, timestamp: 2025-01-27 19:00:00 in RAW TABLE
[2025-01-28T09:10:44.268+0000] {subprocess.py:93} INFO - INFO:__main__:Inserted 5min data for symbol: GOOGL, timestamp: 2025-01-27 19:00:00 in STAGING TABLE
[2025-01-28T09:10:44.268+0000] {subprocess.py:93} INFO - INFO:__main__:Inserted 5min data for symbol: GOOGL, timestamp: 2025-01-27 18:55:00 in RAW TABLE
[2025-01-28T09:10:44.274+0000] {subprocess.py:93} INFO - INFO:__main__:Inserted 5min data for symbol: GOOGL, timestamp: 2025-01-27 18:55:00 in STAGING TABLE
[2025-01-28T09:10:44.275+0000] {subprocess.py:93} INFO - INFO:__main__:Inserted 5min data for symbol: GOOGL, timestamp: 2025-01-27 18:50:00 in RAW TABLE
[2025-01-28T09:10:44.275+0000] {subprocess.py:93} INFO - INFO:__main__:Inserted 5min data for symbol: GOOGL, timestamp: 2025-01-27 18:50:00 in STAGING TABLE
[2025-01-28T09:10:44.276+0000] {subprocess.py:93} INFO - INFO:__main__:Inserted 5min data for symbol: GOOGL, timestamp: 2025-01-27 18:45:00 in RAW TABLE
[2025-01-28T09:10:44.277+0000] {subprocess.py:93} INFO - INFO:__main__:Inserted 5min data for symbol: GOOGL, timestamp: 2025-01-27 18:45:00 in STAGING TABLE
[2025-01-28T09:10:44.279+0000] {subprocess.py:93} INFO - INFO:__main__:Inserted 5min data for symbol: GOOGL, timestamp: 2025-01-27 18:40:00 in RAW TABLE
[2025-01-28T09:10:44.280+0000] {subprocess.py:93} INFO - INFO:__main__:Inserted 5min data for symbol: GOOGL, timestamp: 2025-01-27 18:40:00 in STAGING TABLE
[2025-01-28T09:10:44.281+0000] {subprocess.py:93} INFO - INFO:__main__:Inserted 5min data for symbol: GOOGL, timestamp: 2025-01-27 18:35:00 in RAW TABLE
[2025-01-28T09:10:44.282+0000] {subprocess.py:93} INFO - INFO:__main__:Inserted 5min data for symbol: GOOGL, timestamp: 2025-01-27 18:35:00 in STAGING TABLE
[2025-01-28T09:10:44.283+0000] {subprocess.py:93} INFO - INFO:__main__:Inserted 5min data for symbol: GOOGL, timestamp: 2025-01-27 18:30:00 in RAW TABLE
[2025-01-28T09:10:44.284+0000] {subprocess.py:93} INFO - INFO:__main__:Inserted 5min data for symbol: GOOGL, timestamp: 2025-01-27 18:30:00 in STAGING TABLE
[2025-01-28T09:10:44.285+0000] {subprocess.py:93} INFO - INFO:__main__:Inserted 5min data for symbol: GOOGL, timestamp: 2025-01-27 18:25:00 in RAW TABLE
[2025-01-28T09:10:44.286+0000] {subprocess.py:93} INFO - INFO:__main__:Inserted 5min data for symbol: GOOGL, timestamp: 2025-01-27 18:25:00 in STAGING TABLE
[2025-01-28T09:10:44.288+0000] {subprocess.py:93} INFO - INFO:__main__:Inserted 5min data for symbol: GOOGL, timestamp: 2025-01-27 18:20:00 in RAW TABLE
[2025-01-28T09:10:44.289+0000] {subprocess.py:93} INFO - INFO:__main__:Inserted 5min data for symbol: GOOGL, timestamp: 2025-01-27 18:20:00 in STAGING TABLE
[2025-01-28T09:10:44.290+0000] {subprocess.py:93} INFO - INFO:__main__:Inserted 5min data for symbol: GOOGL, timestamp: 2025-01-27 18:15:00 in RAW TABLE
[2025-01-28T09:10:44.291+0000] {subprocess.py:93} INFO - INFO:__main__:Inserted 5min data for symbol: GOOGL, timestamp: 2025-01-27 18:15:00 in STAGING TABLE
[2025-01-28T09:10:44.292+0000] {subprocess.py:93} INFO - INFO:__main__:Inserted 5min data for symbol: GOOGL, timestamp: 2025-01-27 18:10:00 in RAW TABLE
[2025-01-28T09:10:44.294+0000] {subprocess.py:93} INFO - INFO:__main__:Inserted 5min data for symbol: GOOGL, timestamp: 2025-01-27 18:10:00 in STAGING TABLE
[2025-01-28T09:10:44.295+0000] {subprocess.py:93} INFO - INFO:__main__:Inserted 5min data for symbol: GOOGL, timestamp: 2025-01-27 18:05:00 in RAW TABLE
[2025-01-28T09:10:44.296+0000] {subprocess.py:93} INFO - INFO:__main__:Inserted 5min data for symbol: GOOGL, timestamp: 2025-01-27 18:05:00 in STAGING TABLE
[2025-01-28T09:10:44.297+0000] {subprocess.py:93} INFO - INFO:__main__:Inserted 5min data for symbol: GOOGL, timestamp: 2025-01-27 18:00:00 in RAW TABLE
[2025-01-28T09:10:44.298+0000] {subprocess.py:93} INFO - INFO:__main__:Inserted 5min data for symbol: GOOGL, timestamp: 2025-01-27 18:00:00 in STAGING TABLE
[2025-01-28T09:10:44.299+0000] {subprocess.py:93} INFO - INFO:__main__:Inserted 5min data for symbol: GOOGL, timestamp: 2025-01-27 17:55:00 in RAW TABLE
[2025-01-28T09:10:44.300+0000] {subprocess.py:93} INFO - INFO:__main__:Inserted 5min data for symbol: GOOGL, timestamp: 2025-01-27 17:55:00 in STAGING TABLE
[2025-01-28T09:10:44.301+0000] {subprocess.py:93} INFO - INFO:__main__:Inserted 5min data for symbol: GOOGL, timestamp: 2025-01-27 17:50:00 in RAW TABLE
[2025-01-28T09:10:44.302+0000] {subprocess.py:93} INFO - INFO:__main__:Inserted 5min data for symbol: GOOGL, timestamp: 2025-01-27 17:50:00 in STAGING TABLE
[2025-01-28T09:10:44.304+0000] {subprocess.py:93} INFO - INFO:__main__:Inserted 5min data for symbol: GOOGL, timestamp: 2025-01-27 17:45:00 in RAW TABLE
[2025-01-28T09:10:44.305+0000] {subprocess.py:93} INFO - INFO:__main__:Inserted 5min data for symbol: GOOGL, timestamp: 2025-01-27 17:45:00 in STAGING TABLE
[2025-01-28T09:10:44.305+0000] {subprocess.py:93} INFO - INFO:__main__:Inserted 5min data for symbol: GOOGL, timestamp: 2025-01-27 17:40:00 in RAW TABLE
[2025-01-28T09:10:44.306+0000] {subprocess.py:93} INFO - INFO:__main__:Inserted 5min data for symbol: GOOGL, timestamp: 2025-01-27 17:40:00 in STAGING TABLE
[2025-01-28T09:10:44.308+0000] {subprocess.py:93} INFO - INFO:__main__:Inserted 5min data for symbol: GOOGL, timestamp: 2025-01-27 17:35:00 in RAW TABLE
[2025-01-28T09:10:44.309+0000] {subprocess.py:93} INFO - INFO:__main__:Inserted 5min data for symbol: GOOGL, timestamp: 2025-01-27 17:35:00 in STAGING TABLE
[2025-01-28T09:10:44.309+0000] {subprocess.py:93} INFO - INFO:__main__:Inserted 5min data for symbol: GOOGL, timestamp: 2025-01-27 17:30:00 in RAW TABLE
[2025-01-28T09:10:44.312+0000] {subprocess.py:93} INFO - INFO:__main__:Inserted 5min data for symbol: GOOGL, timestamp: 2025-01-27 17:30:00 in STAGING TABLE
[2025-01-28T09:10:44.313+0000] {subprocess.py:93} INFO - INFO:__main__:Inserted 5min data for symbol: GOOGL, timestamp: 2025-01-27 17:25:00 in RAW TABLE
[2025-01-28T09:10:44.313+0000] {subprocess.py:93} INFO - INFO:__main__:Inserted 5min data for symbol: GOOGL, timestamp: 2025-01-27 17:25:00 in STAGING TABLE
[2025-01-28T09:10:44.315+0000] {subprocess.py:93} INFO - INFO:__main__:Inserted 5min data for symbol: GOOGL, timestamp: 2025-01-27 17:20:00 in RAW TABLE
[2025-01-28T09:10:44.316+0000] {subprocess.py:93} INFO - INFO:__main__:Inserted 5min data for symbol: GOOGL, timestamp: 2025-01-27 17:20:00 in STAGING TABLE
[2025-01-28T09:10:44.318+0000] {subprocess.py:93} INFO - INFO:__main__:Inserted 5min data for symbol: GOOGL, timestamp: 2025-01-27 17:15:00 in RAW TABLE
[2025-01-28T09:10:44.319+0000] {subprocess.py:93} INFO - INFO:__main__:Inserted 5min data for symbol: GOOGL, timestamp: 2025-01-27 17:15:00 in STAGING TABLE
[2025-01-28T09:10:44.321+0000] {subprocess.py:93} INFO - INFO:__main__:Inserted 5min data for symbol: GOOGL, timestamp: 2025-01-27 17:10:00 in RAW TABLE
[2025-01-28T09:10:44.322+0000] {subprocess.py:93} INFO - INFO:__main__:Inserted 5min data for symbol: GOOGL, timestamp: 2025-01-27 17:10:00 in STAGING TABLE
[2025-01-28T09:10:44.323+0000] {subprocess.py:93} INFO - INFO:__main__:Inserted 5min data for symbol: GOOGL, timestamp: 2025-01-27 17:05:00 in RAW TABLE
[2025-01-28T09:10:44.325+0000] {subprocess.py:93} INFO - INFO:__main__:Inserted 5min data for symbol: GOOGL, timestamp: 2025-01-27 17:05:00 in STAGING TABLE
[2025-01-28T09:10:44.325+0000] {subprocess.py:93} INFO - INFO:__main__:Inserted 5min data for symbol: GOOGL, timestamp: 2025-01-27 17:00:00 in RAW TABLE
[2025-01-28T09:10:44.327+0000] {subprocess.py:93} INFO - INFO:__main__:Inserted 5min data for symbol: GOOGL, timestamp: 2025-01-27 17:00:00 in STAGING TABLE
[2025-01-28T09:10:44.328+0000] {subprocess.py:93} INFO - INFO:__main__:Inserted 5min data for symbol: GOOGL, timestamp: 2025-01-27 16:55:00 in RAW TABLE
[2025-01-28T09:10:44.339+0000] {subprocess.py:93} INFO - INFO:__main__:Inserted 5min data for symbol: GOOGL, timestamp: 2025-01-27 16:55:00 in STAGING TABLE
[2025-01-28T09:10:44.340+0000] {subprocess.py:93} INFO - INFO:__main__:Inserted 5min data for symbol: GOOGL, timestamp: 2025-01-27 16:50:00 in RAW TABLE
[2025-01-28T09:10:44.341+0000] {subprocess.py:93} INFO - INFO:__main__:Inserted 5min data for symbol: GOOGL, timestamp: 2025-01-27 16:50:00 in STAGING TABLE
[2025-01-28T09:10:44.342+0000] {subprocess.py:93} INFO - INFO:__main__:Inserted 5min data for symbol: GOOGL, timestamp: 2025-01-27 16:45:00 in RAW TABLE
[2025-01-28T09:10:44.344+0000] {subprocess.py:93} INFO - INFO:__main__:Inserted 5min data for symbol: GOOGL, timestamp: 2025-01-27 16:45:00 in STAGING TABLE
[2025-01-28T09:10:44.347+0000] {subprocess.py:93} INFO - INFO:__main__:Inserted 5min data for symbol: GOOGL, timestamp: 2025-01-27 16:40:00 in RAW TABLE
[2025-01-28T09:10:44.348+0000] {subprocess.py:93} INFO - INFO:__main__:Inserted 5min data for symbol: GOOGL, timestamp: 2025-01-27 16:40:00 in STAGING TABLE
[2025-01-28T09:10:44.350+0000] {subprocess.py:93} INFO - INFO:__main__:Inserted 5min data for symbol: GOOGL, timestamp: 2025-01-27 16:35:00 in RAW TABLE
[2025-01-28T09:10:44.352+0000] {subprocess.py:93} INFO - INFO:__main__:Inserted 5min data for symbol: GOOGL, timestamp: 2025-01-27 16:35:00 in STAGING TABLE
[2025-01-28T09:10:44.353+0000] {subprocess.py:93} INFO - INFO:__main__:Inserted 5min data for symbol: GOOGL, timestamp: 2025-01-27 16:30:00 in RAW TABLE
[2025-01-28T09:10:44.354+0000] {subprocess.py:93} INFO - INFO:__main__:Inserted 5min data for symbol: GOOGL, timestamp: 2025-01-27 16:30:00 in STAGING TABLE
[2025-01-28T09:10:44.355+0000] {subprocess.py:93} INFO - INFO:__main__:Inserted 5min data for symbol: GOOGL, timestamp: 2025-01-27 16:25:00 in RAW TABLE
[2025-01-28T09:10:44.357+0000] {subprocess.py:93} INFO - INFO:__main__:Inserted 5min data for symbol: GOOGL, timestamp: 2025-01-27 16:25:00 in STAGING TABLE
[2025-01-28T09:10:44.358+0000] {subprocess.py:93} INFO - INFO:__main__:Inserted 5min data for symbol: GOOGL, timestamp: 2025-01-27 16:20:00 in RAW TABLE
[2025-01-28T09:10:44.359+0000] {subprocess.py:93} INFO - INFO:__main__:Inserted 5min data for symbol: GOOGL, timestamp: 2025-01-27 16:20:00 in STAGING TABLE
[2025-01-28T09:10:44.362+0000] {subprocess.py:93} INFO - INFO:__main__:Inserted 5min data for symbol: GOOGL, timestamp: 2025-01-27 16:15:00 in RAW TABLE
[2025-01-28T09:10:44.365+0000] {subprocess.py:93} INFO - INFO:__main__:Inserted 5min data for symbol: GOOGL, timestamp: 2025-01-27 16:15:00 in STAGING TABLE
[2025-01-28T09:10:44.368+0000] {subprocess.py:93} INFO - INFO:__main__:Inserted 5min data for symbol: GOOGL, timestamp: 2025-01-27 16:10:00 in RAW TABLE
[2025-01-28T09:10:44.370+0000] {subprocess.py:93} INFO - INFO:__main__:Inserted 5min data for symbol: GOOGL, timestamp: 2025-01-27 16:10:00 in STAGING TABLE
[2025-01-28T09:10:44.371+0000] {subprocess.py:93} INFO - INFO:__main__:Inserted 5min data for symbol: GOOGL, timestamp: 2025-01-27 16:05:00 in RAW TABLE
[2025-01-28T09:10:44.372+0000] {subprocess.py:93} INFO - INFO:__main__:Inserted 5min data for symbol: GOOGL, timestamp: 2025-01-27 16:05:00 in STAGING TABLE
[2025-01-28T09:10:44.373+0000] {subprocess.py:93} INFO - INFO:__main__:Inserted 5min data for symbol: GOOGL, timestamp: 2025-01-27 16:00:00 in RAW TABLE
[2025-01-28T09:10:44.374+0000] {subprocess.py:93} INFO - INFO:__main__:Inserted 5min data for symbol: GOOGL, timestamp: 2025-01-27 16:00:00 in STAGING TABLE
[2025-01-28T09:10:44.376+0000] {subprocess.py:93} INFO - INFO:__main__:Inserted 5min data for symbol: GOOGL, timestamp: 2025-01-27 15:55:00 in RAW TABLE
[2025-01-28T09:10:44.377+0000] {subprocess.py:93} INFO - INFO:__main__:Inserted 5min data for symbol: GOOGL, timestamp: 2025-01-27 15:55:00 in STAGING TABLE
[2025-01-28T09:10:44.379+0000] {subprocess.py:93} INFO - INFO:__main__:Inserted 5min data for symbol: GOOGL, timestamp: 2025-01-27 15:50:00 in RAW TABLE
[2025-01-28T09:10:44.380+0000] {subprocess.py:93} INFO - INFO:__main__:Inserted 5min data for symbol: GOOGL, timestamp: 2025-01-27 15:50:00 in STAGING TABLE
[2025-01-28T09:10:44.384+0000] {subprocess.py:93} INFO - INFO:__main__:Inserted 5min data for symbol: GOOGL, timestamp: 2025-01-27 15:45:00 in RAW TABLE
[2025-01-28T09:10:44.385+0000] {subprocess.py:93} INFO - INFO:__main__:Inserted 5min data for symbol: GOOGL, timestamp: 2025-01-27 15:45:00 in STAGING TABLE
[2025-01-28T09:10:44.388+0000] {subprocess.py:93} INFO - INFO:__main__:Inserted 5min data for symbol: GOOGL, timestamp: 2025-01-27 15:40:00 in RAW TABLE
[2025-01-28T09:10:44.389+0000] {subprocess.py:93} INFO - INFO:__main__:Inserted 5min data for symbol: GOOGL, timestamp: 2025-01-27 15:40:00 in STAGING TABLE
[2025-01-28T09:10:44.392+0000] {subprocess.py:93} INFO - INFO:__main__:Inserted 5min data for symbol: GOOGL, timestamp: 2025-01-27 15:35:00 in RAW TABLE
[2025-01-28T09:10:44.393+0000] {subprocess.py:93} INFO - INFO:__main__:Inserted 5min data for symbol: GOOGL, timestamp: 2025-01-27 15:35:00 in STAGING TABLE
[2025-01-28T09:10:44.394+0000] {subprocess.py:93} INFO - INFO:__main__:Inserted 5min data for symbol: GOOGL, timestamp: 2025-01-27 15:30:00 in RAW TABLE
[2025-01-28T09:10:44.395+0000] {subprocess.py:93} INFO - INFO:__main__:Inserted 5min data for symbol: GOOGL, timestamp: 2025-01-27 15:30:00 in STAGING TABLE
[2025-01-28T09:10:44.397+0000] {subprocess.py:93} INFO - INFO:__main__:Inserted 5min data for symbol: GOOGL, timestamp: 2025-01-27 15:25:00 in RAW TABLE
[2025-01-28T09:10:44.400+0000] {subprocess.py:93} INFO - INFO:__main__:Inserted 5min data for symbol: GOOGL, timestamp: 2025-01-27 15:25:00 in STAGING TABLE
[2025-01-28T09:10:44.402+0000] {subprocess.py:93} INFO - INFO:__main__:Inserted 5min data for symbol: GOOGL, timestamp: 2025-01-27 15:20:00 in RAW TABLE
[2025-01-28T09:10:44.403+0000] {subprocess.py:93} INFO - INFO:__main__:Inserted 5min data for symbol: GOOGL, timestamp: 2025-01-27 15:20:00 in STAGING TABLE
[2025-01-28T09:10:44.405+0000] {subprocess.py:93} INFO - INFO:__main__:Inserted 5min data for symbol: GOOGL, timestamp: 2025-01-27 15:15:00 in RAW TABLE
[2025-01-28T09:10:44.406+0000] {subprocess.py:93} INFO - INFO:__main__:Inserted 5min data for symbol: GOOGL, timestamp: 2025-01-27 15:15:00 in STAGING TABLE
[2025-01-28T09:10:44.408+0000] {subprocess.py:93} INFO - INFO:__main__:Inserted 5min data for symbol: GOOGL, timestamp: 2025-01-27 15:10:00 in RAW TABLE
[2025-01-28T09:10:44.410+0000] {subprocess.py:93} INFO - INFO:__main__:Inserted 5min data for symbol: GOOGL, timestamp: 2025-01-27 15:10:00 in STAGING TABLE
[2025-01-28T09:10:44.411+0000] {subprocess.py:93} INFO - INFO:__main__:Inserted 5min data for symbol: GOOGL, timestamp: 2025-01-27 15:05:00 in RAW TABLE
[2025-01-28T09:10:44.412+0000] {subprocess.py:93} INFO - INFO:__main__:Inserted 5min data for symbol: GOOGL, timestamp: 2025-01-27 15:05:00 in STAGING TABLE
[2025-01-28T09:10:44.413+0000] {subprocess.py:93} INFO - INFO:__main__:Inserted 5min data for symbol: GOOGL, timestamp: 2025-01-27 15:00:00 in RAW TABLE
[2025-01-28T09:10:44.415+0000] {subprocess.py:93} INFO - INFO:__main__:Inserted 5min data for symbol: GOOGL, timestamp: 2025-01-27 15:00:00 in STAGING TABLE
[2025-01-28T09:10:44.416+0000] {subprocess.py:93} INFO - INFO:__main__:Inserted 5min data for symbol: GOOGL, timestamp: 2025-01-27 14:55:00 in RAW TABLE
[2025-01-28T09:10:44.418+0000] {subprocess.py:93} INFO - INFO:__main__:Inserted 5min data for symbol: GOOGL, timestamp: 2025-01-27 14:55:00 in STAGING TABLE
[2025-01-28T09:10:44.418+0000] {subprocess.py:93} INFO - INFO:__main__:Inserted 5min data for symbol: GOOGL, timestamp: 2025-01-27 14:50:00 in RAW TABLE
[2025-01-28T09:10:44.419+0000] {subprocess.py:93} INFO - INFO:__main__:Inserted 5min data for symbol: GOOGL, timestamp: 2025-01-27 14:50:00 in STAGING TABLE
[2025-01-28T09:10:44.421+0000] {subprocess.py:93} INFO - INFO:__main__:Inserted 5min data for symbol: GOOGL, timestamp: 2025-01-27 14:45:00 in RAW TABLE
[2025-01-28T09:10:44.422+0000] {subprocess.py:93} INFO - INFO:__main__:Inserted 5min data for symbol: GOOGL, timestamp: 2025-01-27 14:45:00 in STAGING TABLE
[2025-01-28T09:10:44.425+0000] {subprocess.py:93} INFO - INFO:__main__:Inserted 5min data for symbol: GOOGL, timestamp: 2025-01-27 14:40:00 in RAW TABLE
[2025-01-28T09:10:44.426+0000] {subprocess.py:93} INFO - INFO:__main__:Inserted 5min data for symbol: GOOGL, timestamp: 2025-01-27 14:40:00 in STAGING TABLE
[2025-01-28T09:10:44.428+0000] {subprocess.py:93} INFO - INFO:__main__:Inserted 5min data for symbol: GOOGL, timestamp: 2025-01-27 14:35:00 in RAW TABLE
[2025-01-28T09:10:44.429+0000] {subprocess.py:93} INFO - INFO:__main__:Inserted 5min data for symbol: GOOGL, timestamp: 2025-01-27 14:35:00 in STAGING TABLE
[2025-01-28T09:10:44.431+0000] {subprocess.py:93} INFO - INFO:__main__:Inserted 5min data for symbol: GOOGL, timestamp: 2025-01-27 14:30:00 in RAW TABLE
[2025-01-28T09:10:44.432+0000] {subprocess.py:93} INFO - INFO:__main__:Inserted 5min data for symbol: GOOGL, timestamp: 2025-01-27 14:30:00 in STAGING TABLE
[2025-01-28T09:10:44.434+0000] {subprocess.py:93} INFO - INFO:__main__:Inserted 5min data for symbol: GOOGL, timestamp: 2025-01-27 14:25:00 in RAW TABLE
[2025-01-28T09:10:44.434+0000] {subprocess.py:93} INFO - INFO:__main__:Inserted 5min data for symbol: GOOGL, timestamp: 2025-01-27 14:25:00 in STAGING TABLE
[2025-01-28T09:10:44.436+0000] {subprocess.py:93} INFO - INFO:__main__:Inserted 5min data for symbol: GOOGL, timestamp: 2025-01-27 14:20:00 in RAW TABLE
[2025-01-28T09:10:44.437+0000] {subprocess.py:93} INFO - INFO:__main__:Inserted 5min data for symbol: GOOGL, timestamp: 2025-01-27 14:20:00 in STAGING TABLE
[2025-01-28T09:10:44.438+0000] {subprocess.py:93} INFO - INFO:__main__:Inserted 5min data for symbol: GOOGL, timestamp: 2025-01-27 14:15:00 in RAW TABLE
[2025-01-28T09:10:44.440+0000] {subprocess.py:93} INFO - INFO:__main__:Inserted 5min data for symbol: GOOGL, timestamp: 2025-01-27 14:15:00 in STAGING TABLE
[2025-01-28T09:10:44.441+0000] {subprocess.py:93} INFO - INFO:__main__:Inserted 5min data for symbol: GOOGL, timestamp: 2025-01-27 14:10:00 in RAW TABLE
[2025-01-28T09:10:44.443+0000] {subprocess.py:93} INFO - INFO:__main__:Inserted 5min data for symbol: GOOGL, timestamp: 2025-01-27 14:10:00 in STAGING TABLE
[2025-01-28T09:10:44.444+0000] {subprocess.py:93} INFO - INFO:__main__:Inserted 5min data for symbol: GOOGL, timestamp: 2025-01-27 14:05:00 in RAW TABLE
[2025-01-28T09:10:44.445+0000] {subprocess.py:93} INFO - INFO:__main__:Inserted 5min data for symbol: GOOGL, timestamp: 2025-01-27 14:05:00 in STAGING TABLE
[2025-01-28T09:10:44.446+0000] {subprocess.py:93} INFO - INFO:__main__:Inserted 5min data for symbol: GOOGL, timestamp: 2025-01-27 14:00:00 in RAW TABLE
[2025-01-28T09:10:44.448+0000] {subprocess.py:93} INFO - INFO:__main__:Inserted 5min data for symbol: GOOGL, timestamp: 2025-01-27 14:00:00 in STAGING TABLE
[2025-01-28T09:10:44.450+0000] {subprocess.py:93} INFO - INFO:__main__:Inserted 5min data for symbol: GOOGL, timestamp: 2025-01-27 13:55:00 in RAW TABLE
[2025-01-28T09:10:44.451+0000] {subprocess.py:93} INFO - INFO:__main__:Inserted 5min data for symbol: GOOGL, timestamp: 2025-01-27 13:55:00 in STAGING TABLE
[2025-01-28T09:10:44.453+0000] {subprocess.py:93} INFO - INFO:__main__:Inserted 5min data for symbol: GOOGL, timestamp: 2025-01-27 13:50:00 in RAW TABLE
[2025-01-28T09:10:44.455+0000] {subprocess.py:93} INFO - INFO:__main__:Inserted 5min data for symbol: GOOGL, timestamp: 2025-01-27 13:50:00 in STAGING TABLE
[2025-01-28T09:10:44.456+0000] {subprocess.py:93} INFO - INFO:__main__:Inserted 5min data for symbol: GOOGL, timestamp: 2025-01-27 13:45:00 in RAW TABLE
[2025-01-28T09:10:44.457+0000] {subprocess.py:93} INFO - INFO:__main__:Inserted 5min data for symbol: GOOGL, timestamp: 2025-01-27 13:45:00 in STAGING TABLE
[2025-01-28T09:10:44.458+0000] {subprocess.py:93} INFO - INFO:__main__:Inserted 5min data for symbol: GOOGL, timestamp: 2025-01-27 13:40:00 in RAW TABLE
[2025-01-28T09:10:44.459+0000] {subprocess.py:93} INFO - INFO:__main__:Inserted 5min data for symbol: GOOGL, timestamp: 2025-01-27 13:40:00 in STAGING TABLE
[2025-01-28T09:10:44.464+0000] {subprocess.py:93} INFO - INFO:__main__:Inserted 5min data for symbol: GOOGL, timestamp: 2025-01-27 13:35:00 in RAW TABLE
[2025-01-28T09:10:44.465+0000] {subprocess.py:93} INFO - INFO:__main__:Inserted 5min data for symbol: GOOGL, timestamp: 2025-01-27 13:35:00 in STAGING TABLE
[2025-01-28T09:10:44.468+0000] {subprocess.py:93} INFO - INFO:__main__:Inserted 5min data for symbol: GOOGL, timestamp: 2025-01-27 13:30:00 in RAW TABLE
[2025-01-28T09:10:44.468+0000] {subprocess.py:93} INFO - INFO:__main__:Inserted 5min data for symbol: GOOGL, timestamp: 2025-01-27 13:30:00 in STAGING TABLE
[2025-01-28T09:10:44.469+0000] {subprocess.py:93} INFO - INFO:__main__:Inserted 5min data for symbol: GOOGL, timestamp: 2025-01-27 13:25:00 in RAW TABLE
[2025-01-28T09:10:44.470+0000] {subprocess.py:93} INFO - INFO:__main__:Inserted 5min data for symbol: GOOGL, timestamp: 2025-01-27 13:25:00 in STAGING TABLE
[2025-01-28T09:10:44.471+0000] {subprocess.py:93} INFO - INFO:__main__:Inserted 5min data for symbol: GOOGL, timestamp: 2025-01-27 13:20:00 in RAW TABLE
[2025-01-28T09:10:44.472+0000] {subprocess.py:93} INFO - INFO:__main__:Inserted 5min data for symbol: GOOGL, timestamp: 2025-01-27 13:20:00 in STAGING TABLE
[2025-01-28T09:10:44.473+0000] {subprocess.py:93} INFO - INFO:__main__:Inserted 5min data for symbol: GOOGL, timestamp: 2025-01-27 13:15:00 in RAW TABLE
[2025-01-28T09:10:44.474+0000] {subprocess.py:93} INFO - INFO:__main__:Inserted 5min data for symbol: GOOGL, timestamp: 2025-01-27 13:15:00 in STAGING TABLE
[2025-01-28T09:10:44.475+0000] {subprocess.py:93} INFO - INFO:__main__:Inserted 5min data for symbol: GOOGL, timestamp: 2025-01-27 13:10:00 in RAW TABLE
[2025-01-28T09:10:44.476+0000] {subprocess.py:93} INFO - INFO:__main__:Inserted 5min data for symbol: GOOGL, timestamp: 2025-01-27 13:10:00 in STAGING TABLE
[2025-01-28T09:10:44.477+0000] {subprocess.py:93} INFO - INFO:__main__:Inserted 5min data for symbol: GOOGL, timestamp: 2025-01-27 13:05:00 in RAW TABLE
[2025-01-28T09:10:44.478+0000] {subprocess.py:93} INFO - INFO:__main__:Inserted 5min data for symbol: GOOGL, timestamp: 2025-01-27 13:05:00 in STAGING TABLE
[2025-01-28T09:10:44.480+0000] {subprocess.py:93} INFO - INFO:__main__:Inserted 5min data for symbol: GOOGL, timestamp: 2025-01-27 13:00:00 in RAW TABLE
[2025-01-28T09:10:44.482+0000] {subprocess.py:93} INFO - INFO:__main__:Inserted 5min data for symbol: GOOGL, timestamp: 2025-01-27 13:00:00 in STAGING TABLE
[2025-01-28T09:10:44.483+0000] {subprocess.py:93} INFO - INFO:__main__:Inserted 5min data for symbol: GOOGL, timestamp: 2025-01-27 12:55:00 in RAW TABLE
[2025-01-28T09:10:44.484+0000] {subprocess.py:93} INFO - INFO:__main__:Inserted 5min data for symbol: GOOGL, timestamp: 2025-01-27 12:55:00 in STAGING TABLE
[2025-01-28T09:10:44.485+0000] {subprocess.py:93} INFO - INFO:__main__:Inserted 5min data for symbol: GOOGL, timestamp: 2025-01-27 12:50:00 in RAW TABLE
[2025-01-28T09:10:44.487+0000] {subprocess.py:93} INFO - INFO:__main__:Inserted 5min data for symbol: GOOGL, timestamp: 2025-01-27 12:50:00 in STAGING TABLE
[2025-01-28T09:10:44.488+0000] {subprocess.py:93} INFO - INFO:__main__:Inserted 5min data for symbol: GOOGL, timestamp: 2025-01-27 12:45:00 in RAW TABLE
[2025-01-28T09:10:44.489+0000] {subprocess.py:93} INFO - INFO:__main__:Inserted 5min data for symbol: GOOGL, timestamp: 2025-01-27 12:45:00 in STAGING TABLE
[2025-01-28T09:10:44.490+0000] {subprocess.py:93} INFO - INFO:__main__:Inserted 5min data for symbol: GOOGL, timestamp: 2025-01-27 12:40:00 in RAW TABLE
[2025-01-28T09:10:44.491+0000] {subprocess.py:93} INFO - INFO:__main__:Inserted 5min data for symbol: GOOGL, timestamp: 2025-01-27 12:40:00 in STAGING TABLE
[2025-01-28T09:10:44.492+0000] {subprocess.py:93} INFO - INFO:__main__:Inserted 5min data for symbol: GOOGL, timestamp: 2025-01-27 12:35:00 in RAW TABLE
[2025-01-28T09:10:44.493+0000] {subprocess.py:93} INFO - INFO:__main__:Inserted 5min data for symbol: GOOGL, timestamp: 2025-01-27 12:35:00 in STAGING TABLE
[2025-01-28T09:10:44.496+0000] {subprocess.py:93} INFO - INFO:__main__:Inserted 5min data for symbol: GOOGL, timestamp: 2025-01-27 12:30:00 in RAW TABLE
[2025-01-28T09:10:44.497+0000] {subprocess.py:93} INFO - INFO:__main__:Inserted 5min data for symbol: GOOGL, timestamp: 2025-01-27 12:30:00 in STAGING TABLE
[2025-01-28T09:10:44.498+0000] {subprocess.py:93} INFO - INFO:__main__:Inserted 5min data for symbol: GOOGL, timestamp: 2025-01-27 12:25:00 in RAW TABLE
[2025-01-28T09:10:44.499+0000] {subprocess.py:93} INFO - INFO:__main__:Inserted 5min data for symbol: GOOGL, timestamp: 2025-01-27 12:25:00 in STAGING TABLE
[2025-01-28T09:10:44.500+0000] {subprocess.py:93} INFO - INFO:__main__:Inserted 5min data for symbol: GOOGL, timestamp: 2025-01-27 12:20:00 in RAW TABLE
[2025-01-28T09:10:44.501+0000] {subprocess.py:93} INFO - INFO:__main__:Inserted 5min data for symbol: GOOGL, timestamp: 2025-01-27 12:20:00 in STAGING TABLE
[2025-01-28T09:10:44.502+0000] {subprocess.py:93} INFO - INFO:__main__:Inserted 5min data for symbol: GOOGL, timestamp: 2025-01-27 12:15:00 in RAW TABLE
[2025-01-28T09:10:44.504+0000] {subprocess.py:93} INFO - INFO:__main__:Inserted 5min data for symbol: GOOGL, timestamp: 2025-01-27 12:15:00 in STAGING TABLE
[2025-01-28T09:10:44.505+0000] {subprocess.py:93} INFO - INFO:__main__:Inserted 5min data for symbol: GOOGL, timestamp: 2025-01-27 12:10:00 in RAW TABLE
[2025-01-28T09:10:44.506+0000] {subprocess.py:93} INFO - INFO:__main__:Inserted 5min data for symbol: GOOGL, timestamp: 2025-01-27 12:10:00 in STAGING TABLE
[2025-01-28T09:10:44.508+0000] {subprocess.py:93} INFO - INFO:__main__:Inserted 5min data for symbol: GOOGL, timestamp: 2025-01-27 12:05:00 in RAW TABLE
[2025-01-28T09:10:44.509+0000] {subprocess.py:93} INFO - INFO:__main__:Inserted 5min data for symbol: GOOGL, timestamp: 2025-01-27 12:05:00 in STAGING TABLE
[2025-01-28T09:10:44.510+0000] {subprocess.py:93} INFO - INFO:__main__:Inserted 5min data for symbol: GOOGL, timestamp: 2025-01-27 12:00:00 in RAW TABLE
[2025-01-28T09:10:44.511+0000] {subprocess.py:93} INFO - INFO:__main__:Inserted 5min data for symbol: GOOGL, timestamp: 2025-01-27 12:00:00 in STAGING TABLE
[2025-01-28T09:10:44.513+0000] {subprocess.py:93} INFO - INFO:__main__:Inserted 5min data for symbol: GOOGL, timestamp: 2025-01-27 11:55:00 in RAW TABLE
[2025-01-28T09:10:44.514+0000] {subprocess.py:93} INFO - INFO:__main__:Inserted 5min data for symbol: GOOGL, timestamp: 2025-01-27 11:55:00 in STAGING TABLE
[2025-01-28T09:10:44.515+0000] {subprocess.py:93} INFO - INFO:__main__:Inserted 5min data for symbol: GOOGL, timestamp: 2025-01-27 11:50:00 in RAW TABLE
[2025-01-28T09:10:44.516+0000] {subprocess.py:93} INFO - INFO:__main__:Inserted 5min data for symbol: GOOGL, timestamp: 2025-01-27 11:50:00 in STAGING TABLE
[2025-01-28T09:10:44.517+0000] {subprocess.py:93} INFO - INFO:__main__:Inserted 5min data for symbol: GOOGL, timestamp: 2025-01-27 11:45:00 in RAW TABLE
[2025-01-28T09:10:44.518+0000] {subprocess.py:93} INFO - INFO:__main__:Inserted 5min data for symbol: GOOGL, timestamp: 2025-01-27 11:45:00 in STAGING TABLE
[2025-01-28T09:10:44.519+0000] {subprocess.py:93} INFO - INFO:__main__:Inserted 5min data for symbol: GOOGL, timestamp: 2025-01-27 11:40:00 in RAW TABLE
[2025-01-28T09:10:44.520+0000] {subprocess.py:93} INFO - INFO:__main__:Inserted 5min data for symbol: GOOGL, timestamp: 2025-01-27 11:40:00 in STAGING TABLE
[2025-01-28T09:10:44.522+0000] {subprocess.py:93} INFO - INFO:__main__:Processed data for symbol: GOOGL
[2025-01-28T09:10:44.537+0000] {subprocess.py:93} INFO - INFO:__main__:Inserted 5min data for symbol: MSFT, timestamp: 2025-01-27 19:55:00 in RAW TABLE
[2025-01-28T09:10:44.537+0000] {subprocess.py:93} INFO - INFO:__main__:Inserted 5min data for symbol: MSFT, timestamp: 2025-01-27 19:55:00 in STAGING TABLE
[2025-01-28T09:10:44.538+0000] {subprocess.py:93} INFO - INFO:__main__:Inserted 5min data for symbol: MSFT, timestamp: 2025-01-27 19:50:00 in RAW TABLE
[2025-01-28T09:10:44.539+0000] {subprocess.py:93} INFO - INFO:__main__:Inserted 5min data for symbol: MSFT, timestamp: 2025-01-27 19:50:00 in STAGING TABLE
[2025-01-28T09:10:44.540+0000] {subprocess.py:93} INFO - INFO:__main__:Inserted 5min data for symbol: MSFT, timestamp: 2025-01-27 19:45:00 in RAW TABLE
[2025-01-28T09:10:44.541+0000] {subprocess.py:93} INFO - INFO:__main__:Inserted 5min data for symbol: MSFT, timestamp: 2025-01-27 19:45:00 in STAGING TABLE
[2025-01-28T09:10:44.542+0000] {subprocess.py:93} INFO - INFO:__main__:Inserted 5min data for symbol: MSFT, timestamp: 2025-01-27 19:40:00 in RAW TABLE
[2025-01-28T09:10:44.543+0000] {subprocess.py:93} INFO - INFO:__main__:Inserted 5min data for symbol: MSFT, timestamp: 2025-01-27 19:40:00 in STAGING TABLE
[2025-01-28T09:10:44.544+0000] {subprocess.py:93} INFO - INFO:__main__:Inserted 5min data for symbol: MSFT, timestamp: 2025-01-27 19:35:00 in RAW TABLE
[2025-01-28T09:10:44.545+0000] {subprocess.py:93} INFO - INFO:__main__:Inserted 5min data for symbol: MSFT, timestamp: 2025-01-27 19:35:00 in STAGING TABLE
[2025-01-28T09:10:44.546+0000] {subprocess.py:93} INFO - INFO:__main__:Inserted 5min data for symbol: MSFT, timestamp: 2025-01-27 19:30:00 in RAW TABLE
[2025-01-28T09:10:44.547+0000] {subprocess.py:93} INFO - INFO:__main__:Inserted 5min data for symbol: MSFT, timestamp: 2025-01-27 19:30:00 in STAGING TABLE
[2025-01-28T09:10:44.547+0000] {subprocess.py:93} INFO - INFO:__main__:Inserted 5min data for symbol: MSFT, timestamp: 2025-01-27 19:25:00 in RAW TABLE
[2025-01-28T09:10:44.548+0000] {subprocess.py:93} INFO - INFO:__main__:Inserted 5min data for symbol: MSFT, timestamp: 2025-01-27 19:25:00 in STAGING TABLE
[2025-01-28T09:10:44.549+0000] {subprocess.py:93} INFO - INFO:__main__:Inserted 5min data for symbol: MSFT, timestamp: 2025-01-27 19:20:00 in RAW TABLE
[2025-01-28T09:10:44.549+0000] {subprocess.py:93} INFO - INFO:__main__:Inserted 5min data for symbol: MSFT, timestamp: 2025-01-27 19:20:00 in STAGING TABLE
[2025-01-28T09:10:44.550+0000] {subprocess.py:93} INFO - INFO:__main__:Inserted 5min data for symbol: MSFT, timestamp: 2025-01-27 19:15:00 in RAW TABLE
[2025-01-28T09:10:44.552+0000] {subprocess.py:93} INFO - INFO:__main__:Inserted 5min data for symbol: MSFT, timestamp: 2025-01-27 19:15:00 in STAGING TABLE
[2025-01-28T09:10:44.553+0000] {subprocess.py:93} INFO - INFO:__main__:Inserted 5min data for symbol: MSFT, timestamp: 2025-01-27 19:10:00 in RAW TABLE
[2025-01-28T09:10:44.554+0000] {subprocess.py:93} INFO - INFO:__main__:Inserted 5min data for symbol: MSFT, timestamp: 2025-01-27 19:10:00 in STAGING TABLE
[2025-01-28T09:10:44.555+0000] {subprocess.py:93} INFO - INFO:__main__:Inserted 5min data for symbol: MSFT, timestamp: 2025-01-27 19:05:00 in RAW TABLE
[2025-01-28T09:10:44.556+0000] {subprocess.py:93} INFO - INFO:__main__:Inserted 5min data for symbol: MSFT, timestamp: 2025-01-27 19:05:00 in STAGING TABLE
[2025-01-28T09:10:44.557+0000] {subprocess.py:93} INFO - INFO:__main__:Inserted 5min data for symbol: MSFT, timestamp: 2025-01-27 19:00:00 in RAW TABLE
[2025-01-28T09:10:44.558+0000] {subprocess.py:93} INFO - INFO:__main__:Inserted 5min data for symbol: MSFT, timestamp: 2025-01-27 19:00:00 in STAGING TABLE
[2025-01-28T09:10:44.559+0000] {subprocess.py:93} INFO - INFO:__main__:Inserted 5min data for symbol: MSFT, timestamp: 2025-01-27 18:55:00 in RAW TABLE
[2025-01-28T09:10:44.560+0000] {subprocess.py:93} INFO - INFO:__main__:Inserted 5min data for symbol: MSFT, timestamp: 2025-01-27 18:55:00 in STAGING TABLE
[2025-01-28T09:10:44.562+0000] {subprocess.py:93} INFO - INFO:__main__:Inserted 5min data for symbol: MSFT, timestamp: 2025-01-27 18:50:00 in RAW TABLE
[2025-01-28T09:10:44.563+0000] {subprocess.py:93} INFO - INFO:__main__:Inserted 5min data for symbol: MSFT, timestamp: 2025-01-27 18:50:00 in STAGING TABLE
[2025-01-28T09:10:44.564+0000] {subprocess.py:93} INFO - INFO:__main__:Inserted 5min data for symbol: MSFT, timestamp: 2025-01-27 18:45:00 in RAW TABLE
[2025-01-28T09:10:44.567+0000] {subprocess.py:93} INFO - INFO:__main__:Inserted 5min data for symbol: MSFT, timestamp: 2025-01-27 18:45:00 in STAGING TABLE
[2025-01-28T09:10:44.568+0000] {subprocess.py:93} INFO - INFO:__main__:Inserted 5min data for symbol: MSFT, timestamp: 2025-01-27 18:40:00 in RAW TABLE
[2025-01-28T09:10:44.568+0000] {subprocess.py:93} INFO - INFO:__main__:Inserted 5min data for symbol: MSFT, timestamp: 2025-01-27 18:40:00 in STAGING TABLE
[2025-01-28T09:10:44.569+0000] {subprocess.py:93} INFO - INFO:__main__:Inserted 5min data for symbol: MSFT, timestamp: 2025-01-27 18:35:00 in RAW TABLE
[2025-01-28T09:10:44.570+0000] {subprocess.py:93} INFO - INFO:__main__:Inserted 5min data for symbol: MSFT, timestamp: 2025-01-27 18:35:00 in STAGING TABLE
[2025-01-28T09:10:44.571+0000] {subprocess.py:93} INFO - INFO:__main__:Inserted 5min data for symbol: MSFT, timestamp: 2025-01-27 18:30:00 in RAW TABLE
[2025-01-28T09:10:44.572+0000] {subprocess.py:93} INFO - INFO:__main__:Inserted 5min data for symbol: MSFT, timestamp: 2025-01-27 18:30:00 in STAGING TABLE
[2025-01-28T09:10:44.573+0000] {subprocess.py:93} INFO - INFO:__main__:Inserted 5min data for symbol: MSFT, timestamp: 2025-01-27 18:25:00 in RAW TABLE
[2025-01-28T09:10:44.574+0000] {subprocess.py:93} INFO - INFO:__main__:Inserted 5min data for symbol: MSFT, timestamp: 2025-01-27 18:25:00 in STAGING TABLE
[2025-01-28T09:10:44.577+0000] {subprocess.py:93} INFO - INFO:__main__:Inserted 5min data for symbol: MSFT, timestamp: 2025-01-27 18:20:00 in RAW TABLE
[2025-01-28T09:10:44.579+0000] {subprocess.py:93} INFO - INFO:__main__:Inserted 5min data for symbol: MSFT, timestamp: 2025-01-27 18:20:00 in STAGING TABLE
[2025-01-28T09:10:44.580+0000] {subprocess.py:93} INFO - INFO:__main__:Inserted 5min data for symbol: MSFT, timestamp: 2025-01-27 18:15:00 in RAW TABLE
[2025-01-28T09:10:44.584+0000] {subprocess.py:93} INFO - INFO:__main__:Inserted 5min data for symbol: MSFT, timestamp: 2025-01-27 18:15:00 in STAGING TABLE
[2025-01-28T09:10:44.589+0000] {subprocess.py:93} INFO - INFO:__main__:Inserted 5min data for symbol: MSFT, timestamp: 2025-01-27 18:10:00 in RAW TABLE
[2025-01-28T09:10:44.601+0000] {subprocess.py:93} INFO - INFO:__main__:Inserted 5min data for symbol: MSFT, timestamp: 2025-01-27 18:10:00 in STAGING TABLE
[2025-01-28T09:10:44.605+0000] {subprocess.py:93} INFO - INFO:__main__:Inserted 5min data for symbol: MSFT, timestamp: 2025-01-27 18:05:00 in RAW TABLE
[2025-01-28T09:10:44.606+0000] {subprocess.py:93} INFO - INFO:__main__:Inserted 5min data for symbol: MSFT, timestamp: 2025-01-27 18:05:00 in STAGING TABLE
[2025-01-28T09:10:44.607+0000] {subprocess.py:93} INFO - INFO:__main__:Inserted 5min data for symbol: MSFT, timestamp: 2025-01-27 18:00:00 in RAW TABLE
[2025-01-28T09:10:44.608+0000] {subprocess.py:93} INFO - INFO:__main__:Inserted 5min data for symbol: MSFT, timestamp: 2025-01-27 18:00:00 in STAGING TABLE
[2025-01-28T09:10:44.608+0000] {subprocess.py:93} INFO - INFO:__main__:Inserted 5min data for symbol: MSFT, timestamp: 2025-01-27 17:55:00 in RAW TABLE
[2025-01-28T09:10:44.609+0000] {subprocess.py:93} INFO - INFO:__main__:Inserted 5min data for symbol: MSFT, timestamp: 2025-01-27 17:55:00 in STAGING TABLE
[2025-01-28T09:10:44.611+0000] {subprocess.py:93} INFO - INFO:__main__:Inserted 5min data for symbol: MSFT, timestamp: 2025-01-27 17:50:00 in RAW TABLE
[2025-01-28T09:10:44.612+0000] {subprocess.py:93} INFO - INFO:__main__:Inserted 5min data for symbol: MSFT, timestamp: 2025-01-27 17:50:00 in STAGING TABLE
[2025-01-28T09:10:44.613+0000] {subprocess.py:93} INFO - INFO:__main__:Inserted 5min data for symbol: MSFT, timestamp: 2025-01-27 17:45:00 in RAW TABLE
[2025-01-28T09:10:44.614+0000] {subprocess.py:93} INFO - INFO:__main__:Inserted 5min data for symbol: MSFT, timestamp: 2025-01-27 17:45:00 in STAGING TABLE
[2025-01-28T09:10:44.615+0000] {subprocess.py:93} INFO - INFO:__main__:Inserted 5min data for symbol: MSFT, timestamp: 2025-01-27 17:40:00 in RAW TABLE
[2025-01-28T09:10:44.616+0000] {subprocess.py:93} INFO - INFO:__main__:Inserted 5min data for symbol: MSFT, timestamp: 2025-01-27 17:40:00 in STAGING TABLE
[2025-01-28T09:10:44.617+0000] {subprocess.py:93} INFO - INFO:__main__:Inserted 5min data for symbol: MSFT, timestamp: 2025-01-27 17:35:00 in RAW TABLE
[2025-01-28T09:10:44.618+0000] {subprocess.py:93} INFO - INFO:__main__:Inserted 5min data for symbol: MSFT, timestamp: 2025-01-27 17:35:00 in STAGING TABLE
[2025-01-28T09:10:44.619+0000] {subprocess.py:93} INFO - INFO:__main__:Inserted 5min data for symbol: MSFT, timestamp: 2025-01-27 17:30:00 in RAW TABLE
[2025-01-28T09:10:44.622+0000] {subprocess.py:93} INFO - INFO:__main__:Inserted 5min data for symbol: MSFT, timestamp: 2025-01-27 17:30:00 in STAGING TABLE
[2025-01-28T09:10:44.623+0000] {subprocess.py:93} INFO - INFO:__main__:Inserted 5min data for symbol: MSFT, timestamp: 2025-01-27 17:25:00 in RAW TABLE
[2025-01-28T09:10:44.624+0000] {subprocess.py:93} INFO - INFO:__main__:Inserted 5min data for symbol: MSFT, timestamp: 2025-01-27 17:25:00 in STAGING TABLE
[2025-01-28T09:10:44.625+0000] {subprocess.py:93} INFO - INFO:__main__:Inserted 5min data for symbol: MSFT, timestamp: 2025-01-27 17:20:00 in RAW TABLE
[2025-01-28T09:10:44.625+0000] {subprocess.py:93} INFO - INFO:__main__:Inserted 5min data for symbol: MSFT, timestamp: 2025-01-27 17:20:00 in STAGING TABLE
[2025-01-28T09:10:44.626+0000] {subprocess.py:93} INFO - INFO:__main__:Inserted 5min data for symbol: MSFT, timestamp: 2025-01-27 17:15:00 in RAW TABLE
[2025-01-28T09:10:44.627+0000] {subprocess.py:93} INFO - INFO:__main__:Inserted 5min data for symbol: MSFT, timestamp: 2025-01-27 17:15:00 in STAGING TABLE
[2025-01-28T09:10:44.628+0000] {subprocess.py:93} INFO - INFO:__main__:Inserted 5min data for symbol: MSFT, timestamp: 2025-01-27 17:10:00 in RAW TABLE
[2025-01-28T09:10:44.629+0000] {subprocess.py:93} INFO - INFO:__main__:Inserted 5min data for symbol: MSFT, timestamp: 2025-01-27 17:10:00 in STAGING TABLE
[2025-01-28T09:10:44.630+0000] {subprocess.py:93} INFO - INFO:__main__:Inserted 5min data for symbol: MSFT, timestamp: 2025-01-27 17:05:00 in RAW TABLE
[2025-01-28T09:10:44.631+0000] {subprocess.py:93} INFO - INFO:__main__:Inserted 5min data for symbol: MSFT, timestamp: 2025-01-27 17:05:00 in STAGING TABLE
[2025-01-28T09:10:44.631+0000] {subprocess.py:93} INFO - INFO:__main__:Inserted 5min data for symbol: MSFT, timestamp: 2025-01-27 17:00:00 in RAW TABLE
[2025-01-28T09:10:44.632+0000] {subprocess.py:93} INFO - INFO:__main__:Inserted 5min data for symbol: MSFT, timestamp: 2025-01-27 17:00:00 in STAGING TABLE
[2025-01-28T09:10:44.633+0000] {subprocess.py:93} INFO - INFO:__main__:Inserted 5min data for symbol: MSFT, timestamp: 2025-01-27 16:55:00 in RAW TABLE
[2025-01-28T09:10:44.635+0000] {subprocess.py:93} INFO - INFO:__main__:Inserted 5min data for symbol: MSFT, timestamp: 2025-01-27 16:55:00 in STAGING TABLE
[2025-01-28T09:10:44.636+0000] {subprocess.py:93} INFO - INFO:__main__:Inserted 5min data for symbol: MSFT, timestamp: 2025-01-27 16:50:00 in RAW TABLE
[2025-01-28T09:10:44.637+0000] {subprocess.py:93} INFO - INFO:__main__:Inserted 5min data for symbol: MSFT, timestamp: 2025-01-27 16:50:00 in STAGING TABLE
[2025-01-28T09:10:44.638+0000] {subprocess.py:93} INFO - INFO:__main__:Inserted 5min data for symbol: MSFT, timestamp: 2025-01-27 16:45:00 in RAW TABLE
[2025-01-28T09:10:44.639+0000] {subprocess.py:93} INFO - INFO:__main__:Inserted 5min data for symbol: MSFT, timestamp: 2025-01-27 16:45:00 in STAGING TABLE
[2025-01-28T09:10:44.640+0000] {subprocess.py:93} INFO - INFO:__main__:Inserted 5min data for symbol: MSFT, timestamp: 2025-01-27 16:40:00 in RAW TABLE
[2025-01-28T09:10:44.641+0000] {subprocess.py:93} INFO - INFO:__main__:Inserted 5min data for symbol: MSFT, timestamp: 2025-01-27 16:40:00 in STAGING TABLE
[2025-01-28T09:10:44.642+0000] {subprocess.py:93} INFO - INFO:__main__:Inserted 5min data for symbol: MSFT, timestamp: 2025-01-27 16:35:00 in RAW TABLE
[2025-01-28T09:10:44.646+0000] {subprocess.py:93} INFO - INFO:__main__:Inserted 5min data for symbol: MSFT, timestamp: 2025-01-27 16:35:00 in STAGING TABLE
[2025-01-28T09:10:44.647+0000] {subprocess.py:93} INFO - INFO:__main__:Inserted 5min data for symbol: MSFT, timestamp: 2025-01-27 16:30:00 in RAW TABLE
[2025-01-28T09:10:44.649+0000] {subprocess.py:93} INFO - INFO:__main__:Inserted 5min data for symbol: MSFT, timestamp: 2025-01-27 16:30:00 in STAGING TABLE
[2025-01-28T09:10:44.650+0000] {subprocess.py:93} INFO - INFO:__main__:Inserted 5min data for symbol: MSFT, timestamp: 2025-01-27 16:25:00 in RAW TABLE
[2025-01-28T09:10:44.651+0000] {subprocess.py:93} INFO - INFO:__main__:Inserted 5min data for symbol: MSFT, timestamp: 2025-01-27 16:25:00 in STAGING TABLE
[2025-01-28T09:10:44.653+0000] {subprocess.py:93} INFO - INFO:__main__:Inserted 5min data for symbol: MSFT, timestamp: 2025-01-27 16:20:00 in RAW TABLE
[2025-01-28T09:10:44.655+0000] {subprocess.py:93} INFO - INFO:__main__:Inserted 5min data for symbol: MSFT, timestamp: 2025-01-27 16:20:00 in STAGING TABLE
[2025-01-28T09:10:44.656+0000] {subprocess.py:93} INFO - INFO:__main__:Inserted 5min data for symbol: MSFT, timestamp: 2025-01-27 16:15:00 in RAW TABLE
[2025-01-28T09:10:44.657+0000] {subprocess.py:93} INFO - INFO:__main__:Inserted 5min data for symbol: MSFT, timestamp: 2025-01-27 16:15:00 in STAGING TABLE
[2025-01-28T09:10:44.658+0000] {subprocess.py:93} INFO - INFO:__main__:Inserted 5min data for symbol: MSFT, timestamp: 2025-01-27 16:10:00 in RAW TABLE
[2025-01-28T09:10:44.659+0000] {subprocess.py:93} INFO - INFO:__main__:Inserted 5min data for symbol: MSFT, timestamp: 2025-01-27 16:10:00 in STAGING TABLE
[2025-01-28T09:10:44.660+0000] {subprocess.py:93} INFO - INFO:__main__:Inserted 5min data for symbol: MSFT, timestamp: 2025-01-27 16:05:00 in RAW TABLE
[2025-01-28T09:10:44.661+0000] {subprocess.py:93} INFO - INFO:__main__:Inserted 5min data for symbol: MSFT, timestamp: 2025-01-27 16:05:00 in STAGING TABLE
[2025-01-28T09:10:44.663+0000] {subprocess.py:93} INFO - INFO:__main__:Inserted 5min data for symbol: MSFT, timestamp: 2025-01-27 16:00:00 in RAW TABLE
[2025-01-28T09:10:44.664+0000] {subprocess.py:93} INFO - INFO:__main__:Inserted 5min data for symbol: MSFT, timestamp: 2025-01-27 16:00:00 in STAGING TABLE
[2025-01-28T09:10:44.665+0000] {subprocess.py:93} INFO - INFO:__main__:Inserted 5min data for symbol: MSFT, timestamp: 2025-01-27 15:55:00 in RAW TABLE
[2025-01-28T09:10:44.666+0000] {subprocess.py:93} INFO - INFO:__main__:Inserted 5min data for symbol: MSFT, timestamp: 2025-01-27 15:55:00 in STAGING TABLE
[2025-01-28T09:10:44.667+0000] {subprocess.py:93} INFO - INFO:__main__:Inserted 5min data for symbol: MSFT, timestamp: 2025-01-27 15:50:00 in RAW TABLE
[2025-01-28T09:10:44.668+0000] {subprocess.py:93} INFO - INFO:__main__:Inserted 5min data for symbol: MSFT, timestamp: 2025-01-27 15:50:00 in STAGING TABLE
[2025-01-28T09:10:44.669+0000] {subprocess.py:93} INFO - INFO:__main__:Inserted 5min data for symbol: MSFT, timestamp: 2025-01-27 15:45:00 in RAW TABLE
[2025-01-28T09:10:44.670+0000] {subprocess.py:93} INFO - INFO:__main__:Inserted 5min data for symbol: MSFT, timestamp: 2025-01-27 15:45:00 in STAGING TABLE
[2025-01-28T09:10:44.672+0000] {subprocess.py:93} INFO - INFO:__main__:Inserted 5min data for symbol: MSFT, timestamp: 2025-01-27 15:40:00 in RAW TABLE
[2025-01-28T09:10:44.672+0000] {subprocess.py:93} INFO - INFO:__main__:Inserted 5min data for symbol: MSFT, timestamp: 2025-01-27 15:40:00 in STAGING TABLE
[2025-01-28T09:10:44.674+0000] {subprocess.py:93} INFO - INFO:__main__:Inserted 5min data for symbol: MSFT, timestamp: 2025-01-27 15:35:00 in RAW TABLE
[2025-01-28T09:10:44.674+0000] {subprocess.py:93} INFO - INFO:__main__:Inserted 5min data for symbol: MSFT, timestamp: 2025-01-27 15:35:00 in STAGING TABLE
[2025-01-28T09:10:44.675+0000] {subprocess.py:93} INFO - INFO:__main__:Inserted 5min data for symbol: MSFT, timestamp: 2025-01-27 15:30:00 in RAW TABLE
[2025-01-28T09:10:44.677+0000] {subprocess.py:93} INFO - INFO:__main__:Inserted 5min data for symbol: MSFT, timestamp: 2025-01-27 15:30:00 in STAGING TABLE
[2025-01-28T09:10:44.678+0000] {subprocess.py:93} INFO - INFO:__main__:Inserted 5min data for symbol: MSFT, timestamp: 2025-01-27 15:25:00 in RAW TABLE
[2025-01-28T09:10:44.678+0000] {subprocess.py:93} INFO - INFO:__main__:Inserted 5min data for symbol: MSFT, timestamp: 2025-01-27 15:25:00 in STAGING TABLE
[2025-01-28T09:10:44.679+0000] {subprocess.py:93} INFO - INFO:__main__:Inserted 5min data for symbol: MSFT, timestamp: 2025-01-27 15:20:00 in RAW TABLE
[2025-01-28T09:10:44.680+0000] {subprocess.py:93} INFO - INFO:__main__:Inserted 5min data for symbol: MSFT, timestamp: 2025-01-27 15:20:00 in STAGING TABLE
[2025-01-28T09:10:44.682+0000] {subprocess.py:93} INFO - INFO:__main__:Inserted 5min data for symbol: MSFT, timestamp: 2025-01-27 15:15:00 in RAW TABLE
[2025-01-28T09:10:44.682+0000] {subprocess.py:93} INFO - INFO:__main__:Inserted 5min data for symbol: MSFT, timestamp: 2025-01-27 15:15:00 in STAGING TABLE
[2025-01-28T09:10:44.684+0000] {subprocess.py:93} INFO - INFO:__main__:Inserted 5min data for symbol: MSFT, timestamp: 2025-01-27 15:10:00 in RAW TABLE
[2025-01-28T09:10:44.685+0000] {subprocess.py:93} INFO - INFO:__main__:Inserted 5min data for symbol: MSFT, timestamp: 2025-01-27 15:10:00 in STAGING TABLE
[2025-01-28T09:10:44.686+0000] {subprocess.py:93} INFO - INFO:__main__:Inserted 5min data for symbol: MSFT, timestamp: 2025-01-27 15:05:00 in RAW TABLE
[2025-01-28T09:10:44.687+0000] {subprocess.py:93} INFO - INFO:__main__:Inserted 5min data for symbol: MSFT, timestamp: 2025-01-27 15:05:00 in STAGING TABLE
[2025-01-28T09:10:44.688+0000] {subprocess.py:93} INFO - INFO:__main__:Inserted 5min data for symbol: MSFT, timestamp: 2025-01-27 15:00:00 in RAW TABLE
[2025-01-28T09:10:44.689+0000] {subprocess.py:93} INFO - INFO:__main__:Inserted 5min data for symbol: MSFT, timestamp: 2025-01-27 15:00:00 in STAGING TABLE
[2025-01-28T09:10:44.690+0000] {subprocess.py:93} INFO - INFO:__main__:Inserted 5min data for symbol: MSFT, timestamp: 2025-01-27 14:55:00 in RAW TABLE
[2025-01-28T09:10:44.691+0000] {subprocess.py:93} INFO - INFO:__main__:Inserted 5min data for symbol: MSFT, timestamp: 2025-01-27 14:55:00 in STAGING TABLE
[2025-01-28T09:10:44.692+0000] {subprocess.py:93} INFO - INFO:__main__:Inserted 5min data for symbol: MSFT, timestamp: 2025-01-27 14:50:00 in RAW TABLE
[2025-01-28T09:10:44.694+0000] {subprocess.py:93} INFO - INFO:__main__:Inserted 5min data for symbol: MSFT, timestamp: 2025-01-27 14:50:00 in STAGING TABLE
[2025-01-28T09:10:44.695+0000] {subprocess.py:93} INFO - INFO:__main__:Inserted 5min data for symbol: MSFT, timestamp: 2025-01-27 14:45:00 in RAW TABLE
[2025-01-28T09:10:44.696+0000] {subprocess.py:93} INFO - INFO:__main__:Inserted 5min data for symbol: MSFT, timestamp: 2025-01-27 14:45:00 in STAGING TABLE
[2025-01-28T09:10:44.696+0000] {subprocess.py:93} INFO - INFO:__main__:Inserted 5min data for symbol: MSFT, timestamp: 2025-01-27 14:40:00 in RAW TABLE
[2025-01-28T09:10:44.697+0000] {subprocess.py:93} INFO - INFO:__main__:Inserted 5min data for symbol: MSFT, timestamp: 2025-01-27 14:40:00 in STAGING TABLE
[2025-01-28T09:10:44.698+0000] {subprocess.py:93} INFO - INFO:__main__:Inserted 5min data for symbol: MSFT, timestamp: 2025-01-27 14:35:00 in RAW TABLE
[2025-01-28T09:10:44.699+0000] {subprocess.py:93} INFO - INFO:__main__:Inserted 5min data for symbol: MSFT, timestamp: 2025-01-27 14:35:00 in STAGING TABLE
[2025-01-28T09:10:44.700+0000] {subprocess.py:93} INFO - INFO:__main__:Inserted 5min data for symbol: MSFT, timestamp: 2025-01-27 14:30:00 in RAW TABLE
[2025-01-28T09:10:44.700+0000] {subprocess.py:93} INFO - INFO:__main__:Inserted 5min data for symbol: MSFT, timestamp: 2025-01-27 14:30:00 in STAGING TABLE
[2025-01-28T09:10:44.701+0000] {subprocess.py:93} INFO - INFO:__main__:Inserted 5min data for symbol: MSFT, timestamp: 2025-01-27 14:25:00 in RAW TABLE
[2025-01-28T09:10:44.702+0000] {subprocess.py:93} INFO - INFO:__main__:Inserted 5min data for symbol: MSFT, timestamp: 2025-01-27 14:25:00 in STAGING TABLE
[2025-01-28T09:10:44.703+0000] {subprocess.py:93} INFO - INFO:__main__:Inserted 5min data for symbol: MSFT, timestamp: 2025-01-27 14:20:00 in RAW TABLE
[2025-01-28T09:10:44.703+0000] {subprocess.py:93} INFO - INFO:__main__:Inserted 5min data for symbol: MSFT, timestamp: 2025-01-27 14:20:00 in STAGING TABLE
[2025-01-28T09:10:44.704+0000] {subprocess.py:93} INFO - INFO:__main__:Inserted 5min data for symbol: MSFT, timestamp: 2025-01-27 14:15:00 in RAW TABLE
[2025-01-28T09:10:44.705+0000] {subprocess.py:93} INFO - INFO:__main__:Inserted 5min data for symbol: MSFT, timestamp: 2025-01-27 14:15:00 in STAGING TABLE
[2025-01-28T09:10:44.706+0000] {subprocess.py:93} INFO - INFO:__main__:Inserted 5min data for symbol: MSFT, timestamp: 2025-01-27 14:10:00 in RAW TABLE
[2025-01-28T09:10:44.707+0000] {subprocess.py:93} INFO - INFO:__main__:Inserted 5min data for symbol: MSFT, timestamp: 2025-01-27 14:10:00 in STAGING TABLE
[2025-01-28T09:10:44.708+0000] {subprocess.py:93} INFO - INFO:__main__:Inserted 5min data for symbol: MSFT, timestamp: 2025-01-27 14:05:00 in RAW TABLE
[2025-01-28T09:10:44.709+0000] {subprocess.py:93} INFO - INFO:__main__:Inserted 5min data for symbol: MSFT, timestamp: 2025-01-27 14:05:00 in STAGING TABLE
[2025-01-28T09:10:44.709+0000] {subprocess.py:93} INFO - INFO:__main__:Inserted 5min data for symbol: MSFT, timestamp: 2025-01-27 14:00:00 in RAW TABLE
[2025-01-28T09:10:44.710+0000] {subprocess.py:93} INFO - INFO:__main__:Inserted 5min data for symbol: MSFT, timestamp: 2025-01-27 14:00:00 in STAGING TABLE
[2025-01-28T09:10:44.711+0000] {subprocess.py:93} INFO - INFO:__main__:Inserted 5min data for symbol: MSFT, timestamp: 2025-01-27 13:55:00 in RAW TABLE
[2025-01-28T09:10:44.711+0000] {subprocess.py:93} INFO - INFO:__main__:Inserted 5min data for symbol: MSFT, timestamp: 2025-01-27 13:55:00 in STAGING TABLE
[2025-01-28T09:10:44.712+0000] {subprocess.py:93} INFO - INFO:__main__:Inserted 5min data for symbol: MSFT, timestamp: 2025-01-27 13:50:00 in RAW TABLE
[2025-01-28T09:10:44.713+0000] {subprocess.py:93} INFO - INFO:__main__:Inserted 5min data for symbol: MSFT, timestamp: 2025-01-27 13:50:00 in STAGING TABLE
[2025-01-28T09:10:44.714+0000] {subprocess.py:93} INFO - INFO:__main__:Inserted 5min data for symbol: MSFT, timestamp: 2025-01-27 13:45:00 in RAW TABLE
[2025-01-28T09:10:44.714+0000] {subprocess.py:93} INFO - INFO:__main__:Inserted 5min data for symbol: MSFT, timestamp: 2025-01-27 13:45:00 in STAGING TABLE
[2025-01-28T09:10:44.715+0000] {subprocess.py:93} INFO - INFO:__main__:Inserted 5min data for symbol: MSFT, timestamp: 2025-01-27 13:40:00 in RAW TABLE
[2025-01-28T09:10:44.716+0000] {subprocess.py:93} INFO - INFO:__main__:Inserted 5min data for symbol: MSFT, timestamp: 2025-01-27 13:40:00 in STAGING TABLE
[2025-01-28T09:10:44.717+0000] {subprocess.py:93} INFO - INFO:__main__:Inserted 5min data for symbol: MSFT, timestamp: 2025-01-27 13:35:00 in RAW TABLE
[2025-01-28T09:10:44.718+0000] {subprocess.py:93} INFO - INFO:__main__:Inserted 5min data for symbol: MSFT, timestamp: 2025-01-27 13:35:00 in STAGING TABLE
[2025-01-28T09:10:44.719+0000] {subprocess.py:93} INFO - INFO:__main__:Inserted 5min data for symbol: MSFT, timestamp: 2025-01-27 13:30:00 in RAW TABLE
[2025-01-28T09:10:44.719+0000] {subprocess.py:93} INFO - INFO:__main__:Inserted 5min data for symbol: MSFT, timestamp: 2025-01-27 13:30:00 in STAGING TABLE
[2025-01-28T09:10:44.721+0000] {subprocess.py:93} INFO - INFO:__main__:Inserted 5min data for symbol: MSFT, timestamp: 2025-01-27 13:25:00 in RAW TABLE
[2025-01-28T09:10:44.721+0000] {subprocess.py:93} INFO - INFO:__main__:Inserted 5min data for symbol: MSFT, timestamp: 2025-01-27 13:25:00 in STAGING TABLE
[2025-01-28T09:10:44.722+0000] {subprocess.py:93} INFO - INFO:__main__:Inserted 5min data for symbol: MSFT, timestamp: 2025-01-27 13:20:00 in RAW TABLE
[2025-01-28T09:10:44.723+0000] {subprocess.py:93} INFO - INFO:__main__:Inserted 5min data for symbol: MSFT, timestamp: 2025-01-27 13:20:00 in STAGING TABLE
[2025-01-28T09:10:44.723+0000] {subprocess.py:93} INFO - INFO:__main__:Inserted 5min data for symbol: MSFT, timestamp: 2025-01-27 13:15:00 in RAW TABLE
[2025-01-28T09:10:44.724+0000] {subprocess.py:93} INFO - INFO:__main__:Inserted 5min data for symbol: MSFT, timestamp: 2025-01-27 13:15:00 in STAGING TABLE
[2025-01-28T09:10:44.725+0000] {subprocess.py:93} INFO - INFO:__main__:Inserted 5min data for symbol: MSFT, timestamp: 2025-01-27 13:10:00 in RAW TABLE
[2025-01-28T09:10:44.726+0000] {subprocess.py:93} INFO - INFO:__main__:Inserted 5min data for symbol: MSFT, timestamp: 2025-01-27 13:10:00 in STAGING TABLE
[2025-01-28T09:10:44.727+0000] {subprocess.py:93} INFO - INFO:__main__:Inserted 5min data for symbol: MSFT, timestamp: 2025-01-27 13:05:00 in RAW TABLE
[2025-01-28T09:10:44.727+0000] {subprocess.py:93} INFO - INFO:__main__:Inserted 5min data for symbol: MSFT, timestamp: 2025-01-27 13:05:00 in STAGING TABLE
[2025-01-28T09:10:44.729+0000] {subprocess.py:93} INFO - INFO:__main__:Inserted 5min data for symbol: MSFT, timestamp: 2025-01-27 13:00:00 in RAW TABLE
[2025-01-28T09:10:44.729+0000] {subprocess.py:93} INFO - INFO:__main__:Inserted 5min data for symbol: MSFT, timestamp: 2025-01-27 13:00:00 in STAGING TABLE
[2025-01-28T09:10:44.730+0000] {subprocess.py:93} INFO - INFO:__main__:Inserted 5min data for symbol: MSFT, timestamp: 2025-01-27 12:55:00 in RAW TABLE
[2025-01-28T09:10:44.730+0000] {subprocess.py:93} INFO - INFO:__main__:Inserted 5min data for symbol: MSFT, timestamp: 2025-01-27 12:55:00 in STAGING TABLE
[2025-01-28T09:10:44.731+0000] {subprocess.py:93} INFO - INFO:__main__:Inserted 5min data for symbol: MSFT, timestamp: 2025-01-27 12:50:00 in RAW TABLE
[2025-01-28T09:10:44.732+0000] {subprocess.py:93} INFO - INFO:__main__:Inserted 5min data for symbol: MSFT, timestamp: 2025-01-27 12:50:00 in STAGING TABLE
[2025-01-28T09:10:44.733+0000] {subprocess.py:93} INFO - INFO:__main__:Inserted 5min data for symbol: MSFT, timestamp: 2025-01-27 12:45:00 in RAW TABLE
[2025-01-28T09:10:44.734+0000] {subprocess.py:93} INFO - INFO:__main__:Inserted 5min data for symbol: MSFT, timestamp: 2025-01-27 12:45:00 in STAGING TABLE
[2025-01-28T09:10:44.735+0000] {subprocess.py:93} INFO - INFO:__main__:Inserted 5min data for symbol: MSFT, timestamp: 2025-01-27 12:40:00 in RAW TABLE
[2025-01-28T09:10:44.736+0000] {subprocess.py:93} INFO - INFO:__main__:Inserted 5min data for symbol: MSFT, timestamp: 2025-01-27 12:40:00 in STAGING TABLE
[2025-01-28T09:10:44.736+0000] {subprocess.py:93} INFO - INFO:__main__:Inserted 5min data for symbol: MSFT, timestamp: 2025-01-27 12:35:00 in RAW TABLE
[2025-01-28T09:10:44.737+0000] {subprocess.py:93} INFO - INFO:__main__:Inserted 5min data for symbol: MSFT, timestamp: 2025-01-27 12:35:00 in STAGING TABLE
[2025-01-28T09:10:44.737+0000] {subprocess.py:93} INFO - INFO:__main__:Inserted 5min data for symbol: MSFT, timestamp: 2025-01-27 12:30:00 in RAW TABLE
[2025-01-28T09:10:44.738+0000] {subprocess.py:93} INFO - INFO:__main__:Inserted 5min data for symbol: MSFT, timestamp: 2025-01-27 12:30:00 in STAGING TABLE
[2025-01-28T09:10:44.739+0000] {subprocess.py:93} INFO - INFO:__main__:Inserted 5min data for symbol: MSFT, timestamp: 2025-01-27 12:25:00 in RAW TABLE
[2025-01-28T09:10:44.740+0000] {subprocess.py:93} INFO - INFO:__main__:Inserted 5min data for symbol: MSFT, timestamp: 2025-01-27 12:25:00 in STAGING TABLE
[2025-01-28T09:10:44.741+0000] {subprocess.py:93} INFO - INFO:__main__:Inserted 5min data for symbol: MSFT, timestamp: 2025-01-27 12:20:00 in RAW TABLE
[2025-01-28T09:10:44.742+0000] {subprocess.py:93} INFO - INFO:__main__:Inserted 5min data for symbol: MSFT, timestamp: 2025-01-27 12:20:00 in STAGING TABLE
[2025-01-28T09:10:44.743+0000] {subprocess.py:93} INFO - INFO:__main__:Inserted 5min data for symbol: MSFT, timestamp: 2025-01-27 12:15:00 in RAW TABLE
[2025-01-28T09:10:44.744+0000] {subprocess.py:93} INFO - INFO:__main__:Inserted 5min data for symbol: MSFT, timestamp: 2025-01-27 12:15:00 in STAGING TABLE
[2025-01-28T09:10:44.744+0000] {subprocess.py:93} INFO - INFO:__main__:Inserted 5min data for symbol: MSFT, timestamp: 2025-01-27 12:10:00 in RAW TABLE
[2025-01-28T09:10:44.745+0000] {subprocess.py:93} INFO - INFO:__main__:Inserted 5min data for symbol: MSFT, timestamp: 2025-01-27 12:10:00 in STAGING TABLE
[2025-01-28T09:10:44.746+0000] {subprocess.py:93} INFO - INFO:__main__:Inserted 5min data for symbol: MSFT, timestamp: 2025-01-27 12:05:00 in RAW TABLE
[2025-01-28T09:10:44.746+0000] {subprocess.py:93} INFO - INFO:__main__:Inserted 5min data for symbol: MSFT, timestamp: 2025-01-27 12:05:00 in STAGING TABLE
[2025-01-28T09:10:44.748+0000] {subprocess.py:93} INFO - INFO:__main__:Inserted 5min data for symbol: MSFT, timestamp: 2025-01-27 12:00:00 in RAW TABLE
[2025-01-28T09:10:44.749+0000] {subprocess.py:93} INFO - INFO:__main__:Inserted 5min data for symbol: MSFT, timestamp: 2025-01-27 12:00:00 in STAGING TABLE
[2025-01-28T09:10:44.750+0000] {subprocess.py:93} INFO - INFO:__main__:Inserted 5min data for symbol: MSFT, timestamp: 2025-01-27 11:55:00 in RAW TABLE
[2025-01-28T09:10:44.750+0000] {subprocess.py:93} INFO - INFO:__main__:Inserted 5min data for symbol: MSFT, timestamp: 2025-01-27 11:55:00 in STAGING TABLE
[2025-01-28T09:10:44.751+0000] {subprocess.py:93} INFO - INFO:__main__:Inserted 5min data for symbol: MSFT, timestamp: 2025-01-27 11:50:00 in RAW TABLE
[2025-01-28T09:10:44.752+0000] {subprocess.py:93} INFO - INFO:__main__:Inserted 5min data for symbol: MSFT, timestamp: 2025-01-27 11:50:00 in STAGING TABLE
[2025-01-28T09:10:44.753+0000] {subprocess.py:93} INFO - INFO:__main__:Inserted 5min data for symbol: MSFT, timestamp: 2025-01-27 11:45:00 in RAW TABLE
[2025-01-28T09:10:44.754+0000] {subprocess.py:93} INFO - INFO:__main__:Inserted 5min data for symbol: MSFT, timestamp: 2025-01-27 11:45:00 in STAGING TABLE
[2025-01-28T09:10:44.754+0000] {subprocess.py:93} INFO - INFO:__main__:Inserted 5min data for symbol: MSFT, timestamp: 2025-01-27 11:40:00 in RAW TABLE
[2025-01-28T09:10:44.755+0000] {subprocess.py:93} INFO - INFO:__main__:Inserted 5min data for symbol: MSFT, timestamp: 2025-01-27 11:40:00 in STAGING TABLE
[2025-01-28T09:10:44.758+0000] {subprocess.py:93} INFO - INFO:__main__:Processed data for symbol: MSFT
[2025-01-28T09:55:14.421+0000] {local_task_job_runner.py:294} WARNING - State of this instance has been externally set to success. Terminating instance.
[2025-01-28T09:55:14.424+0000] {process_utils.py:131} INFO - Sending Signals.SIGTERM to group 82. PIDs of all processes in the group: [83, 82]
[2025-01-28T09:55:14.425+0000] {process_utils.py:86} INFO - Sending the signal Signals.SIGTERM to group 82
[2025-01-28T09:55:14.427+0000] {taskinstance.py:1632} ERROR - Received SIGTERM. Terminating subprocesses.
[2025-01-28T09:55:14.428+0000] {subprocess.py:104} INFO - Sending SIGTERM signal to process group
[2025-01-28T09:55:14.485+0000] {process_utils.py:79} INFO - Process psutil.Process(pid=82, status='terminated', exitcode=0, started='09:10:37') (82) terminated with exit code 0
[2025-01-28T09:55:14.486+0000] {process_utils.py:79} INFO - Process psutil.Process(pid=83, status='terminated', started='09:10:38') (83) terminated with exit code None
