[2025-01-31T11:29:09.842+0000] {taskinstance.py:1159} INFO - Dependencies all met for dep_context=non-requeueable deps ti=<TaskInstance: stock_price_pipeline_intraday.start_consumer_intraday manual__2025-01-31T11:28:47.008523+00:00 [queued]>
[2025-01-31T11:29:09.852+0000] {taskinstance.py:1159} INFO - Dependencies all met for dep_context=requeueable deps ti=<TaskInstance: stock_price_pipeline_intraday.start_consumer_intraday manual__2025-01-31T11:28:47.008523+00:00 [queued]>
[2025-01-31T11:29:09.852+0000] {taskinstance.py:1361} INFO - Starting attempt 1 of 2
[2025-01-31T11:29:09.874+0000] {taskinstance.py:1382} INFO - Executing <Task(BashOperator): start_consumer_intraday> on 2025-01-31 11:28:47.008523+00:00
[2025-01-31T11:29:09.878+0000] {standard_task_runner.py:57} INFO - Started process 99 to run task
[2025-01-31T11:29:09.885+0000] {standard_task_runner.py:84} INFO - Running: ['airflow', 'tasks', 'run', 'stock_price_pipeline_intraday', 'start_consumer_intraday', 'manual__2025-01-31T11:28:47.008523+00:00', '--job-id', '4', '--raw', '--subdir', 'DAGS_FOLDER/stock_pipeline_dag.py', '--cfg-path', '/tmp/tmpptey2te0']
[2025-01-31T11:29:09.887+0000] {standard_task_runner.py:85} INFO - Job 4: Subtask start_consumer_intraday
[2025-01-31T11:29:09.938+0000] {task_command.py:415} INFO - Running <TaskInstance: stock_price_pipeline_intraday.start_consumer_intraday manual__2025-01-31T11:28:47.008523+00:00 [running]> on host 7ab75990c697
[2025-01-31T11:29:10.588+0000] {taskinstance.py:1660} INFO - Exporting env vars: AIRFLOW_CTX_DAG_OWNER='airflow' AIRFLOW_CTX_DAG_ID='stock_price_pipeline_intraday' AIRFLOW_CTX_TASK_ID='start_consumer_intraday' AIRFLOW_CTX_EXECUTION_DATE='2025-01-31T11:28:47.008523+00:00' AIRFLOW_CTX_TRY_NUMBER='1' AIRFLOW_CTX_DAG_RUN_ID='manual__2025-01-31T11:28:47.008523+00:00'
[2025-01-31T11:29:10.590+0000] {subprocess.py:63} INFO - Tmp dir root location: /tmp
[2025-01-31T11:29:10.590+0000] {subprocess.py:75} INFO - Running command: ['/bin/bash', '-c', 'docker exec consumer-5min python kafka_consumer_5min.py']
[2025-01-31T11:29:10.600+0000] {subprocess.py:86} INFO - Output:
[2025-01-31T11:29:12.763+0000] {subprocess.py:93} INFO - INFO:kafka.conn:<BrokerConnection node_id=bootstrap-0 host=kafka:9092 <connecting> [IPv4 ('172.18.0.4', 9092)]>: connecting to kafka:9092 [('172.18.0.4', 9092) IPv4]
[2025-01-31T11:29:12.765+0000] {subprocess.py:93} INFO - INFO:kafka.conn:Probing node bootstrap-0 broker version
[2025-01-31T11:29:12.766+0000] {subprocess.py:93} INFO - INFO:kafka.conn:<BrokerConnection node_id=bootstrap-0 host=kafka:9092 <connecting> [IPv4 ('172.18.0.4', 9092)]>: Connection complete.
[2025-01-31T11:29:12.873+0000] {subprocess.py:93} INFO - INFO:kafka.conn:Broker version identified as 2.5.0
[2025-01-31T11:29:12.874+0000] {subprocess.py:93} INFO - INFO:kafka.conn:Set configuration api_version=(2, 5, 0) to skip auto check_version requests on startup
[2025-01-31T11:29:12.874+0000] {subprocess.py:93} INFO - INFO:kafka.consumer.subscription_state:Updating subscribed topics to: ('stock_prices_5min',)
[2025-01-31T11:29:13.144+0000] {subprocess.py:93} INFO - INFO:kafka.conn:<BrokerConnection node_id=1001 host=kafka:9092 <connecting> [IPv4 ('172.18.0.4', 9092)]>: connecting to kafka:9092 [('172.18.0.4', 9092) IPv4]
[2025-01-31T11:29:13.145+0000] {subprocess.py:93} INFO - INFO:kafka.conn:<BrokerConnection node_id=1001 host=kafka:9092 <connecting> [IPv4 ('172.18.0.4', 9092)]>: Connection complete.
[2025-01-31T11:29:13.146+0000] {subprocess.py:93} INFO - INFO:kafka.conn:<BrokerConnection node_id=bootstrap-0 host=kafka:9092 <connected> [IPv4 ('172.18.0.4', 9092)]>: Closing connection.
[2025-01-31T11:29:14.548+0000] {subprocess.py:93} INFO - INFO:kafka.cluster:Group coordinator for stock_pipeline_5min is BrokerMetadata(nodeId='coordinator-1001', host='kafka', port=9092, rack=None)
[2025-01-31T11:29:14.549+0000] {subprocess.py:93} INFO - INFO:kafka.coordinator:Discovered coordinator coordinator-1001 for group stock_pipeline_5min
[2025-01-31T11:29:14.550+0000] {subprocess.py:93} INFO - INFO:kafka.coordinator:Starting new heartbeat thread
[2025-01-31T11:29:14.551+0000] {subprocess.py:93} INFO - INFO:kafka.coordinator.consumer:Revoking previously assigned partitions set() for group stock_pipeline_5min
[2025-01-31T11:29:14.552+0000] {subprocess.py:93} INFO - INFO:kafka.conn:<BrokerConnection node_id=coordinator-1001 host=kafka:9092 <connecting> [IPv4 ('172.18.0.4', 9092)]>: connecting to kafka:9092 [('172.18.0.4', 9092) IPv4]
[2025-01-31T11:29:14.552+0000] {subprocess.py:93} INFO - INFO:kafka.conn:<BrokerConnection node_id=coordinator-1001 host=kafka:9092 <connecting> [IPv4 ('172.18.0.4', 9092)]>: Connection complete.
[2025-01-31T11:29:14.655+0000] {subprocess.py:93} INFO - INFO:kafka.coordinator:(Re-)joining group stock_pipeline_5min
[2025-01-31T11:29:17.704+0000] {subprocess.py:93} INFO - INFO:kafka.coordinator:Elected group leader -- performing partition assignments using range
[2025-01-31T11:29:17.745+0000] {subprocess.py:93} INFO - INFO:kafka.coordinator:Successfully joined group stock_pipeline_5min with generation 1
[2025-01-31T11:29:17.746+0000] {subprocess.py:93} INFO - INFO:kafka.consumer.subscription_state:Updated partition assignment: [TopicPartition(topic='stock_prices_5min', partition=0)]
[2025-01-31T11:29:17.747+0000] {subprocess.py:93} INFO - INFO:kafka.coordinator.consumer:Setting newly assigned partitions {TopicPartition(topic='stock_prices_5min', partition=0)} for group stock_pipeline_5min
[2025-01-31T11:29:25.845+0000] {subprocess.py:93} INFO - ERROR:__main__:Error processing message: RetryError[<Future at 0x7f532f099eb0 state=finished raised AttributeError>]
[2025-01-31T11:29:33.855+0000] {subprocess.py:93} INFO - ERROR:__main__:Error processing message: RetryError[<Future at 0x7f532f024310 state=finished raised AttributeError>]
[2025-01-31T11:29:41.865+0000] {subprocess.py:93} INFO - ERROR:__main__:Error processing message: RetryError[<Future at 0x7f532f0244c0 state=finished raised AttributeError>]
[2025-01-31T11:29:49.874+0000] {subprocess.py:93} INFO - ERROR:__main__:Error processing message: RetryError[<Future at 0x7f532f0248b0 state=finished raised AttributeError>]
[2025-01-31T11:29:57.882+0000] {subprocess.py:93} INFO - ERROR:__main__:Error processing message: RetryError[<Future at 0x7f532f0247f0 state=finished raised AttributeError>]
[2025-01-31T11:30:05.892+0000] {subprocess.py:93} INFO - ERROR:__main__:Error processing message: RetryError[<Future at 0x7f532f02c370 state=finished raised AttributeError>]
[2025-01-31T11:30:13.899+0000] {subprocess.py:93} INFO - ERROR:__main__:Error processing message: RetryError[<Future at 0x7f532f02c5e0 state=finished raised AttributeError>]
[2025-01-31T11:30:21.910+0000] {subprocess.py:93} INFO - ERROR:__main__:Error processing message: RetryError[<Future at 0x7f532f024730 state=finished raised AttributeError>]
[2025-01-31T11:30:29.922+0000] {subprocess.py:93} INFO - ERROR:__main__:Error processing message: RetryError[<Future at 0x7f532f024430 state=finished raised AttributeError>]
[2025-01-31T11:30:37.932+0000] {subprocess.py:93} INFO - ERROR:__main__:Error processing message: RetryError[<Future at 0x7f532f024400 state=finished raised AttributeError>]
[2025-01-31T11:30:45.940+0000] {subprocess.py:93} INFO - ERROR:__main__:Error processing message: RetryError[<Future at 0x7f532f024550 state=finished raised AttributeError>]
[2025-01-31T11:30:53.948+0000] {subprocess.py:93} INFO - ERROR:__main__:Error processing message: RetryError[<Future at 0x7f532f024280 state=finished raised AttributeError>]
[2025-01-31T11:31:01.959+0000] {subprocess.py:93} INFO - ERROR:__main__:Error processing message: RetryError[<Future at 0x7f532f02c3a0 state=finished raised AttributeError>]
[2025-01-31T11:31:09.965+0000] {subprocess.py:93} INFO - ERROR:__main__:Error processing message: RetryError[<Future at 0x7f532f02c400 state=finished raised AttributeError>]
[2025-01-31T11:31:17.975+0000] {subprocess.py:93} INFO - ERROR:__main__:Error processing message: RetryError[<Future at 0x7f532f02c190 state=finished raised AttributeError>]
[2025-01-31T11:31:25.981+0000] {subprocess.py:93} INFO - ERROR:__main__:Error processing message: RetryError[<Future at 0x7f532f02ca90 state=finished raised AttributeError>]
[2025-01-31T11:31:33.993+0000] {subprocess.py:93} INFO - ERROR:__main__:Error processing message: RetryError[<Future at 0x7f532f02cc70 state=finished raised AttributeError>]
[2025-01-31T11:31:42.004+0000] {subprocess.py:93} INFO - ERROR:__main__:Error processing message: RetryError[<Future at 0x7f532f02cb50 state=finished raised AttributeError>]
[2025-01-31T11:31:50.013+0000] {subprocess.py:93} INFO - ERROR:__main__:Error processing message: RetryError[<Future at 0x7f532f02cee0 state=finished raised AttributeError>]
[2025-01-31T11:31:58.024+0000] {subprocess.py:93} INFO - ERROR:__main__:Error processing message: RetryError[<Future at 0x7f532f03a490 state=finished raised AttributeError>]
[2025-01-31T11:32:06.033+0000] {subprocess.py:93} INFO - ERROR:__main__:Error processing message: RetryError[<Future at 0x7f532f02cf70 state=finished raised AttributeError>]
[2025-01-31T11:32:14.045+0000] {subprocess.py:93} INFO - ERROR:__main__:Error processing message: RetryError[<Future at 0x7f532f02c8b0 state=finished raised AttributeError>]
[2025-01-31T11:32:22.050+0000] {subprocess.py:93} INFO - ERROR:__main__:Error processing message: RetryError[<Future at 0x7f532f02cc10 state=finished raised AttributeError>]
[2025-01-31T11:32:30.061+0000] {subprocess.py:93} INFO - ERROR:__main__:Error processing message: RetryError[<Future at 0x7f532f02c430 state=finished raised AttributeError>]
[2025-01-31T11:32:38.071+0000] {subprocess.py:93} INFO - ERROR:__main__:Error processing message: RetryError[<Future at 0x7f532f02c610 state=finished raised AttributeError>]
[2025-01-31T11:32:46.079+0000] {subprocess.py:93} INFO - ERROR:__main__:Error processing message: RetryError[<Future at 0x7f532f913160 state=finished raised AttributeError>]
[2025-01-31T11:32:54.083+0000] {subprocess.py:93} INFO - ERROR:__main__:Error processing message: RetryError[<Future at 0x7f532f02c6a0 state=finished raised AttributeError>]
[2025-01-31T11:33:02.084+0000] {subprocess.py:93} INFO - ERROR:__main__:Error processing message: RetryError[<Future at 0x7f532f099fa0 state=finished raised AttributeError>]
[2025-01-31T11:33:10.085+0000] {subprocess.py:93} INFO - ERROR:__main__:Error processing message: RetryError[<Future at 0x7f532f024190 state=finished raised AttributeError>]
[2025-01-31T11:33:18.087+0000] {subprocess.py:93} INFO - ERROR:__main__:Error processing message: RetryError[<Future at 0x7f532f0248b0 state=finished raised AttributeError>]
[2025-01-31T11:33:26.098+0000] {subprocess.py:93} INFO - ERROR:__main__:Error processing message: RetryError[<Future at 0x7f532f024df0 state=finished raised AttributeError>]
[2025-01-31T11:33:34.107+0000] {subprocess.py:93} INFO - ERROR:__main__:Error processing message: RetryError[<Future at 0x7f532f03a820 state=finished raised AttributeError>]
[2025-01-31T11:33:42.110+0000] {subprocess.py:93} INFO - ERROR:__main__:Error processing message: RetryError[<Future at 0x7f532f03a220 state=finished raised AttributeError>]
[2025-01-31T11:33:50.114+0000] {subprocess.py:93} INFO - ERROR:__main__:Error processing message: RetryError[<Future at 0x7f532f03a850 state=finished raised AttributeError>]
[2025-01-31T11:33:58.124+0000] {subprocess.py:93} INFO - ERROR:__main__:Error processing message: RetryError[<Future at 0x7f532f024610 state=finished raised AttributeError>]
[2025-01-31T11:34:06.134+0000] {subprocess.py:93} INFO - ERROR:__main__:Error processing message: RetryError[<Future at 0x7f532f0240d0 state=finished raised AttributeError>]
[2025-01-31T11:34:14.146+0000] {subprocess.py:93} INFO - ERROR:__main__:Error processing message: RetryError[<Future at 0x7f532f90ee80 state=finished raised AttributeError>]
[2025-01-31T11:34:17.866+0000] {subprocess.py:93} INFO - WARNING:kafka.coordinator:Heartbeat poll expired, leaving group
[2025-01-31T11:34:17.867+0000] {subprocess.py:93} INFO - INFO:kafka.coordinator:Leaving consumer group (stock_pipeline_5min).
[2025-01-31T11:34:22.156+0000] {subprocess.py:93} INFO - ERROR:__main__:Error processing message: RetryError[<Future at 0x7f532f024250 state=finished raised AttributeError>]
[2025-01-31T11:34:30.163+0000] {subprocess.py:93} INFO - ERROR:__main__:Error processing message: RetryError[<Future at 0x7f532f02c2b0 state=finished raised AttributeError>]
[2025-01-31T11:34:38.169+0000] {subprocess.py:93} INFO - ERROR:__main__:Error processing message: RetryError[<Future at 0x7f532f02c7c0 state=finished raised AttributeError>]
[2025-01-31T11:34:46.179+0000] {subprocess.py:93} INFO - ERROR:__main__:Error processing message: RetryError[<Future at 0x7f532f02cca0 state=finished raised AttributeError>]
[2025-01-31T11:34:54.189+0000] {subprocess.py:93} INFO - ERROR:__main__:Error processing message: RetryError[<Future at 0x7f532f02cc40 state=finished raised AttributeError>]
[2025-01-31T11:35:02.196+0000] {subprocess.py:93} INFO - ERROR:__main__:Error processing message: RetryError[<Future at 0x7f532f02cd00 state=finished raised AttributeError>]
[2025-01-31T11:35:10.204+0000] {subprocess.py:93} INFO - ERROR:__main__:Error processing message: RetryError[<Future at 0x7f532f03ab20 state=finished raised AttributeError>]
[2025-01-31T11:35:18.209+0000] {subprocess.py:93} INFO - ERROR:__main__:Error processing message: RetryError[<Future at 0x7f532f03a1f0 state=finished raised AttributeError>]
[2025-01-31T11:35:26.220+0000] {subprocess.py:93} INFO - ERROR:__main__:Error processing message: RetryError[<Future at 0x7f532f03a610 state=finished raised AttributeError>]
[2025-01-31T11:35:34.275+0000] {subprocess.py:93} INFO - ERROR:__main__:Error processing message: RetryError[<Future at 0x7f532f03abb0 state=finished raised AttributeError>]
[2025-01-31T11:35:42.265+0000] {subprocess.py:93} INFO - ERROR:__main__:Error processing message: RetryError[<Future at 0x7f532f03adc0 state=finished raised AttributeError>]
[2025-01-31T11:35:50.278+0000] {subprocess.py:93} INFO - ERROR:__main__:Error processing message: RetryError[<Future at 0x7f532f03afd0 state=finished raised AttributeError>]
[2025-01-31T11:35:58.285+0000] {subprocess.py:93} INFO - ERROR:__main__:Error processing message: RetryError[<Future at 0x7f532f90ee80 state=finished raised AttributeError>]
[2025-01-31T11:36:06.295+0000] {subprocess.py:93} INFO - ERROR:__main__:Error processing message: RetryError[<Future at 0x7f532f03ad60 state=finished raised AttributeError>]
[2025-01-31T11:36:14.307+0000] {subprocess.py:93} INFO - ERROR:__main__:Error processing message: RetryError[<Future at 0x7f532f03ab80 state=finished raised AttributeError>]
[2025-01-31T11:36:22.313+0000] {subprocess.py:93} INFO - ERROR:__main__:Error processing message: RetryError[<Future at 0x7f532f03a340 state=finished raised AttributeError>]
[2025-01-31T11:36:30.325+0000] {subprocess.py:93} INFO - ERROR:__main__:Error processing message: RetryError[<Future at 0x7f532f03a910 state=finished raised AttributeError>]
[2025-01-31T11:36:38.335+0000] {subprocess.py:93} INFO - ERROR:__main__:Error processing message: RetryError[<Future at 0x7f532f03abe0 state=finished raised AttributeError>]
[2025-01-31T11:36:46.345+0000] {subprocess.py:93} INFO - ERROR:__main__:Error processing message: RetryError[<Future at 0x7f532f03aac0 state=finished raised AttributeError>]
[2025-01-31T11:36:54.355+0000] {subprocess.py:93} INFO - ERROR:__main__:Error processing message: RetryError[<Future at 0x7f532f02cd90 state=finished raised AttributeError>]
[2025-01-31T11:37:02.366+0000] {subprocess.py:93} INFO - ERROR:__main__:Error processing message: RetryError[<Future at 0x7f532f02c9d0 state=finished raised AttributeError>]
[2025-01-31T11:37:10.366+0000] {subprocess.py:93} INFO - ERROR:__main__:Error processing message: RetryError[<Future at 0x7f532f02c850 state=finished raised AttributeError>]
[2025-01-31T11:37:18.376+0000] {subprocess.py:93} INFO - ERROR:__main__:Error processing message: RetryError[<Future at 0x7f532f02c910 state=finished raised AttributeError>]
[2025-01-31T11:37:26.384+0000] {subprocess.py:93} INFO - ERROR:__main__:Error processing message: RetryError[<Future at 0x7f532f02c1c0 state=finished raised AttributeError>]
[2025-01-31T11:37:34.392+0000] {subprocess.py:93} INFO - ERROR:__main__:Error processing message: RetryError[<Future at 0x7f532f02ca30 state=finished raised AttributeError>]
[2025-01-31T11:37:42.401+0000] {subprocess.py:93} INFO - ERROR:__main__:Error processing message: RetryError[<Future at 0x7f532f024820 state=finished raised AttributeError>]
[2025-01-31T11:37:50.413+0000] {subprocess.py:93} INFO - ERROR:__main__:Error processing message: RetryError[<Future at 0x7f532f024190 state=finished raised AttributeError>]
[2025-01-31T11:37:58.420+0000] {subprocess.py:93} INFO - ERROR:__main__:Error processing message: RetryError[<Future at 0x7f532f0245b0 state=finished raised AttributeError>]
[2025-01-31T11:38:06.431+0000] {subprocess.py:93} INFO - ERROR:__main__:Error processing message: RetryError[<Future at 0x7f532f024490 state=finished raised AttributeError>]
[2025-01-31T11:38:14.441+0000] {subprocess.py:93} INFO - ERROR:__main__:Error processing message: RetryError[<Future at 0x7f532f024730 state=finished raised AttributeError>]
[2025-01-31T11:38:22.451+0000] {subprocess.py:93} INFO - ERROR:__main__:Error processing message: RetryError[<Future at 0x7f532f024520 state=finished raised AttributeError>]
[2025-01-31T11:38:30.458+0000] {subprocess.py:93} INFO - ERROR:__main__:Error processing message: RetryError[<Future at 0x7f532f0245e0 state=finished raised AttributeError>]
[2025-01-31T11:38:38.467+0000] {subprocess.py:93} INFO - ERROR:__main__:Error processing message: RetryError[<Future at 0x7f532f0244c0 state=finished raised AttributeError>]
[2025-01-31T11:38:46.473+0000] {subprocess.py:93} INFO - ERROR:__main__:Error processing message: RetryError[<Future at 0x7f532f02cf70 state=finished raised AttributeError>]
[2025-01-31T11:38:54.484+0000] {subprocess.py:93} INFO - ERROR:__main__:Error processing message: RetryError[<Future at 0x7f532f02c880 state=finished raised AttributeError>]
[2025-01-31T11:39:02.493+0000] {subprocess.py:93} INFO - ERROR:__main__:Error processing message: RetryError[<Future at 0x7f532f02cd60 state=finished raised AttributeError>]
[2025-01-31T11:39:10.503+0000] {subprocess.py:93} INFO - ERROR:__main__:Error processing message: RetryError[<Future at 0x7f532f02cbb0 state=finished raised AttributeError>]
[2025-01-31T11:39:18.545+0000] {subprocess.py:93} INFO - ERROR:__main__:Error processing message: RetryError[<Future at 0x7f532f02cac0 state=finished raised AttributeError>]
[2025-01-31T11:39:26.535+0000] {subprocess.py:93} INFO - ERROR:__main__:Error processing message: RetryError[<Future at 0x7f532f02ce80 state=finished raised AttributeError>]
[2025-01-31T11:39:34.546+0000] {subprocess.py:93} INFO - ERROR:__main__:Error processing message: RetryError[<Future at 0x7f532f03a040 state=finished raised AttributeError>]
[2025-01-31T11:39:42.556+0000] {subprocess.py:93} INFO - ERROR:__main__:Error processing message: RetryError[<Future at 0x7f532f03a2e0 state=finished raised AttributeError>]
[2025-01-31T11:39:50.566+0000] {subprocess.py:93} INFO - ERROR:__main__:Error processing message: RetryError[<Future at 0x7f532f03a760 state=finished raised AttributeError>]
[2025-01-31T11:39:58.577+0000] {subprocess.py:93} INFO - ERROR:__main__:Error processing message: RetryError[<Future at 0x7f532f03ac10 state=finished raised AttributeError>]
[2025-01-31T11:40:06.586+0000] {subprocess.py:93} INFO - ERROR:__main__:Error processing message: RetryError[<Future at 0x7f532f03adf0 state=finished raised AttributeError>]
[2025-01-31T11:40:14.597+0000] {subprocess.py:93} INFO - ERROR:__main__:Error processing message: RetryError[<Future at 0x7f532f03ab50 state=finished raised AttributeError>]
[2025-01-31T11:40:22.604+0000] {subprocess.py:93} INFO - ERROR:__main__:Error processing message: RetryError[<Future at 0x7f532f044100 state=finished raised AttributeError>]
[2025-01-31T11:40:30.616+0000] {subprocess.py:93} INFO - ERROR:__main__:Error processing message: RetryError[<Future at 0x7f532f03ad30 state=finished raised AttributeError>]
[2025-01-31T11:40:38.627+0000] {subprocess.py:93} INFO - ERROR:__main__:Error processing message: RetryError[<Future at 0x7f532f03ae20 state=finished raised AttributeError>]
[2025-01-31T11:40:46.639+0000] {subprocess.py:93} INFO - ERROR:__main__:Error processing message: RetryError[<Future at 0x7f532f03ae50 state=finished raised AttributeError>]
[2025-01-31T11:40:54.645+0000] {subprocess.py:93} INFO - ERROR:__main__:Error processing message: RetryError[<Future at 0x7f532f03ac70 state=finished raised AttributeError>]
[2025-01-31T11:41:02.652+0000] {subprocess.py:93} INFO - ERROR:__main__:Error processing message: RetryError[<Future at 0x7f532f03a400 state=finished raised AttributeError>]
[2025-01-31T11:41:10.663+0000] {subprocess.py:93} INFO - ERROR:__main__:Error processing message: RetryError[<Future at 0x7f532f03a220 state=finished raised AttributeError>]
[2025-01-31T11:41:18.675+0000] {subprocess.py:93} INFO - ERROR:__main__:Error processing message: RetryError[<Future at 0x7f532f02ccd0 state=finished raised AttributeError>]
[2025-01-31T11:41:26.683+0000] {subprocess.py:93} INFO - ERROR:__main__:Error processing message: RetryError[<Future at 0x7f532f02c8b0 state=finished raised AttributeError>]
[2025-01-31T11:41:34.688+0000] {subprocess.py:93} INFO - ERROR:__main__:Error processing message: RetryError[<Future at 0x7f532f02cf40 state=finished raised AttributeError>]
[2025-01-31T11:41:42.694+0000] {subprocess.py:93} INFO - ERROR:__main__:Error processing message: RetryError[<Future at 0x7f532f02c940 state=finished raised AttributeError>]
[2025-01-31T11:41:50.701+0000] {subprocess.py:93} INFO - ERROR:__main__:Error processing message: RetryError[<Future at 0x7f532f02c9a0 state=finished raised AttributeError>]
[2025-01-31T11:41:58.712+0000] {subprocess.py:93} INFO - ERROR:__main__:Error processing message: RetryError[<Future at 0x7f532f02c190 state=finished raised AttributeError>]
[2025-01-31T11:42:06.723+0000] {subprocess.py:93} INFO - ERROR:__main__:Error processing message: RetryError[<Future at 0x7f532f024040 state=finished raised AttributeError>]
[2025-01-31T11:42:14.729+0000] {subprocess.py:93} INFO - ERROR:__main__:Error processing message: RetryError[<Future at 0x7f532f024370 state=finished raised AttributeError>]
[2025-01-31T11:42:22.737+0000] {subprocess.py:93} INFO - ERROR:__main__:Error processing message: RetryError[<Future at 0x7f532f0248b0 state=finished raised AttributeError>]
[2025-01-31T11:42:30.747+0000] {subprocess.py:93} INFO - ERROR:__main__:Error processing message: RetryError[<Future at 0x7f532f0440d0 state=finished raised AttributeError>]
[2025-01-31T11:42:38.758+0000] {subprocess.py:93} INFO - ERROR:__main__:Error processing message: RetryError[<Future at 0x7f532f044670 state=finished raised AttributeError>]
[2025-01-31T11:42:46.766+0000] {subprocess.py:93} INFO - ERROR:__main__:Error processing message: RetryError[<Future at 0x7f532f0245b0 state=finished raised AttributeError>]
[2025-01-31T11:42:54.776+0000] {subprocess.py:93} INFO - ERROR:__main__:Error processing message: RetryError[<Future at 0x7f532f024550 state=finished raised AttributeError>]
[2025-01-31T11:43:02.787+0000] {subprocess.py:93} INFO - ERROR:__main__:Error processing message: RetryError[<Future at 0x7f532f024280 state=finished raised AttributeError>]
[2025-01-31T11:43:10.791+0000] {subprocess.py:93} INFO - ERROR:__main__:Error processing message: RetryError[<Future at 0x7f532f02c520 state=finished raised AttributeError>]
[2025-01-31T11:43:18.802+0000] {subprocess.py:93} INFO - ERROR:__main__:Error processing message: RetryError[<Future at 0x7f532f02c250 state=finished raised AttributeError>]
[2025-01-31T11:43:26.814+0000] {subprocess.py:93} INFO - ERROR:__main__:Error processing message: RetryError[<Future at 0x7f532f02c400 state=finished raised AttributeError>]
[2025-01-31T11:43:34.823+0000] {subprocess.py:93} INFO - ERROR:__main__:Error processing message: RetryError[<Future at 0x7f532f02ca60 state=finished raised AttributeError>]
[2025-01-31T11:43:42.833+0000] {subprocess.py:93} INFO - ERROR:__main__:Error processing message: RetryError[<Future at 0x7f532f02cfd0 state=finished raised AttributeError>]
[2025-01-31T11:43:50.844+0000] {subprocess.py:93} INFO - ERROR:__main__:Error processing message: RetryError[<Future at 0x7f532f02c8e0 state=finished raised AttributeError>]
[2025-01-31T11:43:58.855+0000] {subprocess.py:93} INFO - ERROR:__main__:Error processing message: RetryError[<Future at 0x7f532f03a2b0 state=finished raised AttributeError>]
[2025-01-31T11:44:06.862+0000] {subprocess.py:93} INFO - ERROR:__main__:Error processing message: RetryError[<Future at 0x7f532f03a580 state=finished raised AttributeError>]
[2025-01-31T11:44:14.869+0000] {subprocess.py:93} INFO - ERROR:__main__:Error processing message: RetryError[<Future at 0x7f532f03a9d0 state=finished raised AttributeError>]
[2025-01-31T11:44:22.878+0000] {subprocess.py:93} INFO - ERROR:__main__:Error processing message: RetryError[<Future at 0x7f532f03a7c0 state=finished raised AttributeError>]
[2025-01-31T11:44:30.888+0000] {subprocess.py:93} INFO - ERROR:__main__:Error processing message: RetryError[<Future at 0x7f532f03ab80 state=finished raised AttributeError>]
[2025-01-31T11:44:38.899+0000] {subprocess.py:93} INFO - ERROR:__main__:Error processing message: RetryError[<Future at 0x7f532f03adc0 state=finished raised AttributeError>]
[2025-01-31T11:44:46.906+0000] {subprocess.py:93} INFO - ERROR:__main__:Error processing message: RetryError[<Future at 0x7f532f044640 state=finished raised AttributeError>]
[2025-01-31T11:44:54.920+0000] {subprocess.py:93} INFO - ERROR:__main__:Error processing message: RetryError[<Future at 0x7f532f099fa0 state=finished raised AttributeError>]
[2025-01-31T11:45:02.930+0000] {subprocess.py:93} INFO - ERROR:__main__:Error processing message: RetryError[<Future at 0x7f532f03a370 state=finished raised AttributeError>]
[2025-01-31T11:45:10.941+0000] {subprocess.py:93} INFO - ERROR:__main__:Error processing message: RetryError[<Future at 0x7f532f03a8e0 state=finished raised AttributeError>]
[2025-01-31T11:45:18.949+0000] {subprocess.py:93} INFO - ERROR:__main__:Error processing message: RetryError[<Future at 0x7f532f03a850 state=finished raised AttributeError>]
[2025-01-31T11:45:26.955+0000] {subprocess.py:93} INFO - ERROR:__main__:Error processing message: RetryError[<Future at 0x7f532f03a0d0 state=finished raised AttributeError>]
[2025-01-31T11:45:34.963+0000] {subprocess.py:93} INFO - ERROR:__main__:Error processing message: RetryError[<Future at 0x7f532f03a070 state=finished raised AttributeError>]
[2025-01-31T11:45:42.973+0000] {subprocess.py:93} INFO - ERROR:__main__:Error processing message: RetryError[<Future at 0x7f532f02caf0 state=finished raised AttributeError>]
[2025-01-31T11:45:50.984+0000] {subprocess.py:93} INFO - ERROR:__main__:Error processing message: RetryError[<Future at 0x7f532f02c9d0 state=finished raised AttributeError>]
[2025-01-31T11:45:58.997+0000] {subprocess.py:93} INFO - ERROR:__main__:Error processing message: RetryError[<Future at 0x7f532f02c850 state=finished raised AttributeError>]
[2025-01-31T11:46:07.050+0000] {subprocess.py:93} INFO - ERROR:__main__:Error processing message: RetryError[<Future at 0x7f532f02c910 state=finished raised AttributeError>]
[2025-01-31T11:46:15.038+0000] {subprocess.py:93} INFO - ERROR:__main__:Error processing message: RetryError[<Future at 0x7f532f02c1c0 state=finished raised AttributeError>]
[2025-01-31T11:46:23.046+0000] {subprocess.py:93} INFO - ERROR:__main__:Error processing message: RetryError[<Future at 0x7f532f02c160 state=finished raised AttributeError>]
[2025-01-31T11:46:31.074+0000] {subprocess.py:93} INFO - ERROR:__main__:Error processing message: RetryError[<Future at 0x7f532f024820 state=finished raised AttributeError>]
[2025-01-31T11:46:39.082+0000] {subprocess.py:93} INFO - ERROR:__main__:Error processing message: RetryError[<Future at 0x7f532f024190 state=finished raised AttributeError>]
[2025-01-31T11:46:47.089+0000] {subprocess.py:93} INFO - ERROR:__main__:Error processing message: RetryError[<Future at 0x7f532f0245b0 state=finished raised AttributeError>]
[2025-01-31T11:46:55.101+0000] {subprocess.py:93} INFO - ERROR:__main__:Error processing message: RetryError[<Future at 0x7f532f0443a0 state=finished raised AttributeError>]
[2025-01-31T11:47:03.112+0000] {subprocess.py:93} INFO - ERROR:__main__:Error processing message: RetryError[<Future at 0x7f532f044100 state=finished raised AttributeError>]
[2025-01-31T11:47:11.122+0000] {subprocess.py:93} INFO - ERROR:__main__:Error processing message: RetryError[<Future at 0x7f532f024520 state=finished raised AttributeError>]
[2025-01-31T11:47:19.126+0000] {subprocess.py:93} INFO - ERROR:__main__:Error processing message: RetryError[<Future at 0x7f532f024700 state=finished raised AttributeError>]
[2025-01-31T11:47:27.137+0000] {subprocess.py:93} INFO - ERROR:__main__:Error processing message: RetryError[<Future at 0x7f532f024ee0 state=finished raised AttributeError>]
[2025-01-31T11:47:35.143+0000] {subprocess.py:93} INFO - ERROR:__main__:Error processing message: RetryError[<Future at 0x7f532f02cdc0 state=finished raised AttributeError>]
[2025-01-31T11:47:43.153+0000] {subprocess.py:93} INFO - ERROR:__main__:Error processing message: RetryError[<Future at 0x7f532f02ca90 state=finished raised AttributeError>]
[2025-01-31T11:47:51.164+0000] {subprocess.py:93} INFO - ERROR:__main__:Error processing message: RetryError[<Future at 0x7f532f02c580 state=finished raised AttributeError>]
[2025-01-31T11:47:59.171+0000] {subprocess.py:93} INFO - ERROR:__main__:Error processing message: RetryError[<Future at 0x7f532f02cb80 state=finished raised AttributeError>]
[2025-01-31T11:48:07.182+0000] {subprocess.py:93} INFO - ERROR:__main__:Error processing message: RetryError[<Future at 0x7f532f02ce80 state=finished raised AttributeError>]
[2025-01-31T11:48:15.190+0000] {subprocess.py:93} INFO - ERROR:__main__:Error processing message: RetryError[<Future at 0x7f532f02caf0 state=finished raised AttributeError>]
[2025-01-31T11:48:23.199+0000] {subprocess.py:93} INFO - ERROR:__main__:Error processing message: RetryError[<Future at 0x7f532f03a4f0 state=finished raised AttributeError>]
[2025-01-31T11:48:31.207+0000] {subprocess.py:93} INFO - ERROR:__main__:Error processing message: RetryError[<Future at 0x7f532f03ab20 state=finished raised AttributeError>]
[2025-01-31T11:48:39.214+0000] {subprocess.py:93} INFO - ERROR:__main__:Error processing message: RetryError[<Future at 0x7f532f03a640 state=finished raised AttributeError>]
[2025-01-31T11:48:47.224+0000] {subprocess.py:93} INFO - ERROR:__main__:Error processing message: RetryError[<Future at 0x7f532f03a5e0 state=finished raised AttributeError>]
[2025-01-31T11:48:55.233+0000] {subprocess.py:93} INFO - ERROR:__main__:Error processing message: RetryError[<Future at 0x7f532f03aca0 state=finished raised AttributeError>]
[2025-01-31T11:49:03.243+0000] {subprocess.py:93} INFO - ERROR:__main__:Error processing message: RetryError[<Future at 0x7f532f044100 state=finished raised AttributeError>]
[2025-01-31T11:49:11.255+0000] {subprocess.py:93} INFO - ERROR:__main__:Error processing message: RetryError[<Future at 0x7f532f044640 state=finished raised AttributeError>]
[2025-01-31T11:49:19.265+0000] {subprocess.py:93} INFO - ERROR:__main__:Error processing message: RetryError[<Future at 0x7f532f044ca0 state=finished raised AttributeError>]
[2025-01-31T11:49:27.275+0000] {subprocess.py:93} INFO - ERROR:__main__:Error processing message: RetryError[<Future at 0x7f532f03aca0 state=finished raised AttributeError>]
[2025-01-31T11:49:35.280+0000] {subprocess.py:93} INFO - ERROR:__main__:Error processing message: RetryError[<Future at 0x7f532f03a5e0 state=finished raised AttributeError>]
[2025-01-31T11:49:43.291+0000] {subprocess.py:93} INFO - ERROR:__main__:Error processing message: RetryError[<Future at 0x7f532f03a640 state=finished raised AttributeError>]
[2025-01-31T11:49:51.298+0000] {subprocess.py:93} INFO - ERROR:__main__:Error processing message: RetryError[<Future at 0x7f532f03ab20 state=finished raised AttributeError>]
[2025-01-31T11:49:59.306+0000] {subprocess.py:93} INFO - ERROR:__main__:Error processing message: RetryError[<Future at 0x7f532f03a040 state=finished raised AttributeError>]
[2025-01-31T11:50:07.316+0000] {subprocess.py:93} INFO - ERROR:__main__:Error processing message: RetryError[<Future at 0x7f532f02c9d0 state=finished raised AttributeError>]
[2025-01-31T11:50:15.320+0000] {subprocess.py:93} INFO - ERROR:__main__:Error processing message: RetryError[<Future at 0x7f532f02ce80 state=finished raised AttributeError>]
[2025-01-31T11:50:23.329+0000] {subprocess.py:93} INFO - ERROR:__main__:Error processing message: RetryError[<Future at 0x7f532f02cb80 state=finished raised AttributeError>]
[2025-01-31T11:50:31.336+0000] {subprocess.py:93} INFO - ERROR:__main__:Error processing message: RetryError[<Future at 0x7f532f02c580 state=finished raised AttributeError>]
[2025-01-31T11:50:39.344+0000] {subprocess.py:93} INFO - ERROR:__main__:Error processing message: RetryError[<Future at 0x7f532f02ca90 state=finished raised AttributeError>]
[2025-01-31T11:50:47.352+0000] {subprocess.py:93} INFO - ERROR:__main__:Error processing message: RetryError[<Future at 0x7f532f02c490 state=finished raised AttributeError>]
[2025-01-31T11:50:55.360+0000] {subprocess.py:93} INFO - ERROR:__main__:Error processing message: RetryError[<Future at 0x7f532f024040 state=finished raised AttributeError>]
[2025-01-31T11:51:03.370+0000] {subprocess.py:93} INFO - ERROR:__main__:Error processing message: RetryError[<Future at 0x7f532f024700 state=finished raised AttributeError>]
[2025-01-31T11:51:11.377+0000] {subprocess.py:93} INFO - ERROR:__main__:Error processing message: RetryError[<Future at 0x7f532f024100 state=finished raised AttributeError>]
[2025-01-31T11:51:19.387+0000] {subprocess.py:93} INFO - ERROR:__main__:Error processing message: RetryError[<Future at 0x7f532f0447f0 state=finished raised AttributeError>]
[2025-01-31T11:51:27.399+0000] {subprocess.py:93} INFO - ERROR:__main__:Error processing message: RetryError[<Future at 0x7f532f044c70 state=finished raised AttributeError>]
[2025-01-31T11:51:35.404+0000] {subprocess.py:93} INFO - ERROR:__main__:Error processing message: RetryError[<Future at 0x7f532f044c70 state=finished raised AttributeError>]
[2025-01-31T11:51:43.412+0000] {subprocess.py:93} INFO - ERROR:__main__:Error processing message: RetryError[<Future at 0x7f532f044a00 state=finished raised AttributeError>]
[2025-01-31T11:51:51.419+0000] {subprocess.py:93} INFO - ERROR:__main__:Error processing message: RetryError[<Future at 0x7f532f0447c0 state=finished raised AttributeError>]
[2025-01-31T11:51:59.429+0000] {subprocess.py:93} INFO - ERROR:__main__:Error processing message: RetryError[<Future at 0x7f532f024190 state=finished raised AttributeError>]
[2025-01-31T11:52:07.439+0000] {subprocess.py:93} INFO - ERROR:__main__:Error processing message: RetryError[<Future at 0x7f532f024040 state=finished raised AttributeError>]
[2025-01-31T11:52:15.449+0000] {subprocess.py:93} INFO - ERROR:__main__:Error processing message: RetryError[<Future at 0x7f532f02c0a0 state=finished raised AttributeError>]
[2025-01-31T11:52:23.456+0000] {subprocess.py:93} INFO - ERROR:__main__:Error processing message: RetryError[<Future at 0x7f532f02c4f0 state=finished raised AttributeError>]
[2025-01-31T11:52:31.462+0000] {subprocess.py:93} INFO - ERROR:__main__:Error processing message: RetryError[<Future at 0x7f532f02ca00 state=finished raised AttributeError>]
[2025-01-31T11:52:39.472+0000] {subprocess.py:93} INFO - ERROR:__main__:Error processing message: RetryError[<Future at 0x7f532f02c8e0 state=finished raised AttributeError>]
[2025-01-31T11:52:47.484+0000] {subprocess.py:93} INFO - ERROR:__main__:Error processing message: RetryError[<Future at 0x7f532f02cee0 state=finished raised AttributeError>]
[2025-01-31T11:52:55.493+0000] {subprocess.py:93} INFO - ERROR:__main__:Error processing message: RetryError[<Future at 0x7f532f02c970 state=finished raised AttributeError>]
[2025-01-31T11:53:03.504+0000] {subprocess.py:93} INFO - ERROR:__main__:Error processing message: RetryError[<Future at 0x7f532f03a9d0 state=finished raised AttributeError>]
