[2025-01-27T14:20:03.530+0000] {taskinstance.py:1159} INFO - Dependencies all met for dep_context=non-requeueable deps ti=<TaskInstance: stock_price_pipeline_intraday.update_stock_analytics_intraday manual__2025-01-27T14:19:52.308154+00:00 [queued]>
[2025-01-27T14:20:03.536+0000] {taskinstance.py:1159} INFO - Dependencies all met for dep_context=requeueable deps ti=<TaskInstance: stock_price_pipeline_intraday.update_stock_analytics_intraday manual__2025-01-27T14:19:52.308154+00:00 [queued]>
[2025-01-27T14:20:03.537+0000] {taskinstance.py:1361} INFO - Starting attempt 1 of 2
[2025-01-27T14:20:03.555+0000] {taskinstance.py:1382} INFO - Executing <Task(SQLExecuteQueryOperator): update_stock_analytics_intraday> on 2025-01-27 14:19:52.308154+00:00
[2025-01-27T14:20:03.558+0000] {standard_task_runner.py:57} INFO - Started process 99 to run task
[2025-01-27T14:20:03.562+0000] {standard_task_runner.py:84} INFO - Running: ['airflow', 'tasks', 'run', 'stock_price_pipeline_intraday', 'update_stock_analytics_intraday', 'manual__2025-01-27T14:19:52.308154+00:00', '--job-id', '4', '--raw', '--subdir', 'DAGS_FOLDER/stock_pipeline_dag.py', '--cfg-path', '/tmp/tmpvqzaecry']
[2025-01-27T14:20:03.564+0000] {standard_task_runner.py:85} INFO - Job 4: Subtask update_stock_analytics_intraday
[2025-01-27T14:20:03.602+0000] {task_command.py:415} INFO - Running <TaskInstance: stock_price_pipeline_intraday.update_stock_analytics_intraday manual__2025-01-27T14:19:52.308154+00:00 [running]> on host 5b265dbfb0e9
[2025-01-27T14:20:04.064+0000] {taskinstance.py:1660} INFO - Exporting env vars: AIRFLOW_CTX_DAG_OWNER='airflow' AIRFLOW_CTX_DAG_ID='stock_price_pipeline_intraday' AIRFLOW_CTX_TASK_ID='update_stock_analytics_intraday' AIRFLOW_CTX_EXECUTION_DATE='2025-01-27T14:19:52.308154+00:00' AIRFLOW_CTX_TRY_NUMBER='1' AIRFLOW_CTX_DAG_RUN_ID='manual__2025-01-27T14:19:52.308154+00:00'
[2025-01-27T14:20:04.065+0000] {sql.py:274} INFO - Executing: INSERT INTO final.intraday_analytics (
    symbol, timestamp, open, high, low, close, volume, prev_close, price_change_pct, vwap, last_refreshed
)
SELECT
    symbol,
    timestamp,
    open,
    high,
    low,
    close,
    volume::BIGINT,
    LAG(close) OVER (PARTITION BY symbol ORDER BY timestamp) AS prev_close,
    ROUND(((close - LAG(close) OVER (PARTITION BY symbol ORDER BY timestamp)) / 
        NULLIF(LAG(close) OVER (PARTITION BY symbol ORDER BY timestamp), 0)) * 100, 2) AS price_change_pct,
    ROUND(SUM(close * volume) OVER (PARTITION BY symbol, DATE(timestamp)) / 
        NULLIF(SUM(volume) OVER (PARTITION BY symbol, DATE(timestamp)), 0), 2) AS vwap,
    timestamp AS last_refreshed
FROM staging.stock_prices_5min
ON CONFLICT (symbol, timestamp) DO UPDATE SET
    open = EXCLUDED.open,
    high = EXCLUDED.high,
    low = EXCLUDED.low,
    close = EXCLUDED.close,
    volume = EXCLUDED.volume,
    prev_close = EXCLUDED.prev_close,
    price_change_pct = EXCLUDED.price_change_pct,
    vwap = EXCLUDED.vwap,
    last_refreshed = EXCLUDED.last_refreshed;
[2025-01-27T14:20:04.066+0000] {crypto.py:82} WARNING - empty cryptography key - values will not be stored encrypted.
[2025-01-27T14:20:04.067+0000] {base.py:73} INFO - Using connection ID 'postgres_default' for task execution.
[2025-01-27T14:20:04.258+0000] {base.py:73} INFO - Using connection ID 'postgres_default' for task execution.
[2025-01-27T14:20:04.291+0000] {sql.py:418} INFO - Running statement: INSERT INTO final.intraday_analytics (
    symbol, timestamp, open, high, low, close, volume, prev_close, price_change_pct, vwap, last_refreshed
)
SELECT
    symbol,
    timestamp,
    open,
    high,
    low,
    close,
    volume::BIGINT,
    LAG(close) OVER (PARTITION BY symbol ORDER BY timestamp) AS prev_close,
    ROUND(((close - LAG(close) OVER (PARTITION BY symbol ORDER BY timestamp)) / 
        NULLIF(LAG(close) OVER (PARTITION BY symbol ORDER BY timestamp), 0)) * 100, 2) AS price_change_pct,
    ROUND(SUM(close * volume) OVER (PARTITION BY symbol, DATE(timestamp)) / 
        NULLIF(SUM(volume) OVER (PARTITION BY symbol, DATE(timestamp)), 0), 2) AS vwap,
    timestamp AS last_refreshed
FROM staging.stock_prices_5min
ON CONFLICT (symbol, timestamp) DO UPDATE SET
    open = EXCLUDED.open,
    high = EXCLUDED.high,
    low = EXCLUDED.low,
    close = EXCLUDED.close,
    volume = EXCLUDED.volume,
    prev_close = EXCLUDED.prev_close,
    price_change_pct = EXCLUDED.price_change_pct,
    vwap = EXCLUDED.vwap,
    last_refreshed = EXCLUDED.last_refreshed;, parameters: None
[2025-01-27T14:20:04.293+0000] {taskinstance.py:1943} ERROR - Task failed with exception
Traceback (most recent call last):
  File "/home/airflow/.local/lib/python3.8/site-packages/airflow/providers/common/sql/operators/sql.py", line 280, in execute
    output = hook.run(
  File "/home/airflow/.local/lib/python3.8/site-packages/airflow/providers/common/sql/hooks/sql.py", line 392, in run
    self._run_command(cur, sql_statement, parameters)
  File "/home/airflow/.local/lib/python3.8/site-packages/airflow/providers/common/sql/hooks/sql.py", line 423, in _run_command
    cur.execute(sql_statement)
psycopg2.errors.UndefinedColumn: column "open" does not exist
LINE 7:     open,
            ^
HINT:  There is a column named "open" in table "intraday_analytics", but it cannot be referenced from this part of the query.

[2025-01-27T14:20:04.307+0000] {taskinstance.py:1400} INFO - Marking task as UP_FOR_RETRY. dag_id=stock_price_pipeline_intraday, task_id=update_stock_analytics_intraday, execution_date=20250127T141952, start_date=20250127T142003, end_date=20250127T142004
[2025-01-27T14:20:04.326+0000] {standard_task_runner.py:104} ERROR - Failed to execute job 4 for task update_stock_analytics_intraday (column "open" does not exist
LINE 7:     open,
            ^
HINT:  There is a column named "open" in table "intraday_analytics", but it cannot be referenced from this part of the query.
; 99)
[2025-01-27T14:20:04.363+0000] {local_task_job_runner.py:228} INFO - Task exited with return code 1
[2025-01-27T14:20:04.378+0000] {taskinstance.py:2784} INFO - 0 downstream tasks scheduled from follow-on schedule check
